[2024-11-16T18:59:16.983+0000] {processor.py:186} INFO - Started process (PID=90) to work on /home/airflow/.local/lib/python3.12/site-packages/airflow/example_dags/example_subdag_operator.py
[2024-11-16T18:59:16.999+0000] {processor.py:914} INFO - Processing file /home/airflow/.local/lib/python3.12/site-packages/airflow/example_dags/example_subdag_operator.py for tasks to queue
[2024-11-16T18:59:17.005+0000] {logging_mixin.py:190} INFO - [2024-11-16T18:59:17.004+0000] {dagbag.py:588} INFO - Filling up the DagBag from /home/airflow/.local/lib/python3.12/site-packages/airflow/example_dags/example_subdag_operator.py
[2024-11-16T18:59:17.154+0000] {processor.py:925} INFO - DAG(s) 'example_subdag_operator.section-1', 'example_subdag_operator.section-2', 'example_subdag_operator' retrieved from /home/airflow/.local/lib/python3.12/site-packages/airflow/example_dags/example_subdag_operator.py
[2024-11-16T18:59:17.874+0000] {logging_mixin.py:190} INFO - [2024-11-16T18:59:17.873+0000] {override.py:1911} INFO - Created Permission View: can delete on DAG:example_subdag_operator
[2024-11-16T18:59:17.949+0000] {logging_mixin.py:190} INFO - [2024-11-16T18:59:17.948+0000] {override.py:1911} INFO - Created Permission View: can edit on DAG:example_subdag_operator
[2024-11-16T18:59:18.011+0000] {logging_mixin.py:190} INFO - [2024-11-16T18:59:18.008+0000] {override.py:1911} INFO - Created Permission View: can read on DAG:example_subdag_operator
[2024-11-16T18:59:18.075+0000] {logging_mixin.py:190} INFO - [2024-11-16T18:59:18.073+0000] {override.py:1911} INFO - Created Permission View: menu access on DAG Run:example_subdag_operator
[2024-11-16T18:59:18.133+0000] {logging_mixin.py:190} INFO - [2024-11-16T18:59:18.132+0000] {override.py:1911} INFO - Created Permission View: can delete on DAG Run:example_subdag_operator
[2024-11-16T18:59:18.209+0000] {logging_mixin.py:190} INFO - [2024-11-16T18:59:18.209+0000] {override.py:1911} INFO - Created Permission View: can read on DAG Run:example_subdag_operator
[2024-11-16T18:59:18.269+0000] {logging_mixin.py:190} INFO - [2024-11-16T18:59:18.268+0000] {override.py:1911} INFO - Created Permission View: can create on DAG Run:example_subdag_operator
[2024-11-16T18:59:18.277+0000] {logging_mixin.py:190} INFO - [2024-11-16T18:59:18.272+0000] {dag.py:3239} INFO - Sync 3 DAGs
[2024-11-16T18:59:18.433+0000] {logging_mixin.py:190} INFO - [2024-11-16T18:59:18.432+0000] {dag.py:3262} INFO - Creating ORM DAG for example_subdag_operator.section-2
[2024-11-16T18:59:18.436+0000] {logging_mixin.py:190} INFO - [2024-11-16T18:59:18.436+0000] {dag.py:3262} INFO - Creating ORM DAG for example_subdag_operator.section-1
[2024-11-16T18:59:18.440+0000] {logging_mixin.py:190} INFO - [2024-11-16T18:59:18.439+0000] {dag.py:3262} INFO - Creating ORM DAG for example_subdag_operator
[2024-11-16T18:59:18.499+0000] {logging_mixin.py:190} INFO - [2024-11-16T18:59:18.498+0000] {dag.py:4180} INFO - Setting next_dagrun for example_subdag_operator to 2022-01-01 00:00:00+00:00, run_after=2022-01-01 00:00:00+00:00
[2024-11-16T18:59:18.503+0000] {logging_mixin.py:190} INFO - [2024-11-16T18:59:18.502+0000] {dag.py:4180} INFO - Setting next_dagrun for example_subdag_operator.section-1 to None, run_after=None
[2024-11-16T18:59:18.506+0000] {logging_mixin.py:190} INFO - [2024-11-16T18:59:18.505+0000] {dag.py:4180} INFO - Setting next_dagrun for example_subdag_operator.section-2 to None, run_after=None
[2024-11-16T18:59:18.553+0000] {logging_mixin.py:190} INFO - [2024-11-16T18:59:18.552+0000] {dag.py:3239} INFO - Sync 2 DAGs
[2024-11-16T18:59:18.601+0000] {logging_mixin.py:190} INFO - [2024-11-16T18:59:18.600+0000] {dag.py:4180} INFO - Setting next_dagrun for example_subdag_operator.section-1 to None, run_after=None
[2024-11-16T18:59:18.625+0000] {logging_mixin.py:190} INFO - [2024-11-16T18:59:18.624+0000] {dag.py:4180} INFO - Setting next_dagrun for example_subdag_operator.section-2 to None, run_after=None
[2024-11-16T18:59:18.706+0000] {processor.py:208} INFO - Processing /home/airflow/.local/lib/python3.12/site-packages/airflow/example_dags/example_subdag_operator.py took 1.789 seconds
[2024-11-16T19:00:28.059+0000] {processor.py:186} INFO - Started process (PID=158) to work on /home/airflow/.local/lib/python3.12/site-packages/airflow/example_dags/example_subdag_operator.py
[2024-11-16T19:00:28.063+0000] {processor.py:914} INFO - Processing file /home/airflow/.local/lib/python3.12/site-packages/airflow/example_dags/example_subdag_operator.py for tasks to queue
[2024-11-16T19:00:28.072+0000] {logging_mixin.py:190} INFO - [2024-11-16T19:00:28.071+0000] {dagbag.py:588} INFO - Filling up the DagBag from /home/airflow/.local/lib/python3.12/site-packages/airflow/example_dags/example_subdag_operator.py
[2024-11-16T19:00:28.151+0000] {processor.py:925} INFO - DAG(s) 'example_subdag_operator.section-1', 'example_subdag_operator.section-2', 'example_subdag_operator' retrieved from /home/airflow/.local/lib/python3.12/site-packages/airflow/example_dags/example_subdag_operator.py
[2024-11-16T19:00:28.227+0000] {logging_mixin.py:190} INFO - [2024-11-16T19:00:28.226+0000] {dag.py:3239} INFO - Sync 3 DAGs
[2024-11-16T19:00:28.359+0000] {logging_mixin.py:190} INFO - [2024-11-16T19:00:28.358+0000] {dag.py:4180} INFO - Setting next_dagrun for example_subdag_operator to 2022-01-01 00:00:00+00:00, run_after=2022-01-01 00:00:00+00:00
[2024-11-16T19:00:28.381+0000] {logging_mixin.py:190} INFO - [2024-11-16T19:00:28.375+0000] {dag.py:4180} INFO - Setting next_dagrun for example_subdag_operator.section-1 to None, run_after=None
[2024-11-16T19:00:28.386+0000] {logging_mixin.py:190} INFO - [2024-11-16T19:00:28.385+0000] {dag.py:4180} INFO - Setting next_dagrun for example_subdag_operator.section-2 to None, run_after=None
[2024-11-16T19:00:28.416+0000] {logging_mixin.py:190} INFO - [2024-11-16T19:00:28.415+0000] {dag.py:3239} INFO - Sync 2 DAGs
[2024-11-16T19:00:28.437+0000] {logging_mixin.py:190} INFO - [2024-11-16T19:00:28.437+0000] {dag.py:4180} INFO - Setting next_dagrun for example_subdag_operator.section-1 to None, run_after=None
[2024-11-16T19:00:28.438+0000] {logging_mixin.py:190} INFO - [2024-11-16T19:00:28.438+0000] {dag.py:4180} INFO - Setting next_dagrun for example_subdag_operator.section-2 to None, run_after=None
[2024-11-16T19:00:28.482+0000] {processor.py:208} INFO - Processing /home/airflow/.local/lib/python3.12/site-packages/airflow/example_dags/example_subdag_operator.py took 0.441 seconds
[2024-11-16T19:01:00.500+0000] {processor.py:186} INFO - Started process (PID=221) to work on /home/airflow/.local/lib/python3.12/site-packages/airflow/example_dags/example_subdag_operator.py
[2024-11-16T19:01:00.510+0000] {processor.py:914} INFO - Processing file /home/airflow/.local/lib/python3.12/site-packages/airflow/example_dags/example_subdag_operator.py for tasks to queue
[2024-11-16T19:01:00.528+0000] {logging_mixin.py:190} INFO - [2024-11-16T19:01:00.518+0000] {dagbag.py:588} INFO - Filling up the DagBag from /home/airflow/.local/lib/python3.12/site-packages/airflow/example_dags/example_subdag_operator.py
[2024-11-16T19:01:00.617+0000] {processor.py:925} INFO - DAG(s) 'example_subdag_operator.section-1', 'example_subdag_operator.section-2', 'example_subdag_operator' retrieved from /home/airflow/.local/lib/python3.12/site-packages/airflow/example_dags/example_subdag_operator.py
[2024-11-16T19:01:00.676+0000] {logging_mixin.py:190} INFO - [2024-11-16T19:01:00.675+0000] {dag.py:3239} INFO - Sync 3 DAGs
[2024-11-16T19:01:00.778+0000] {logging_mixin.py:190} INFO - [2024-11-16T19:01:00.776+0000] {dag.py:4180} INFO - Setting next_dagrun for example_subdag_operator to 2022-01-01 00:00:00+00:00, run_after=2022-01-01 00:00:00+00:00
[2024-11-16T19:01:00.788+0000] {logging_mixin.py:190} INFO - [2024-11-16T19:01:00.787+0000] {dag.py:4180} INFO - Setting next_dagrun for example_subdag_operator.section-1 to None, run_after=None
[2024-11-16T19:01:00.793+0000] {logging_mixin.py:190} INFO - [2024-11-16T19:01:00.792+0000] {dag.py:4180} INFO - Setting next_dagrun for example_subdag_operator.section-2 to None, run_after=None
[2024-11-16T19:01:00.828+0000] {logging_mixin.py:190} INFO - [2024-11-16T19:01:00.828+0000] {dag.py:3239} INFO - Sync 2 DAGs
[2024-11-16T19:01:00.850+0000] {logging_mixin.py:190} INFO - [2024-11-16T19:01:00.850+0000] {dag.py:4180} INFO - Setting next_dagrun for example_subdag_operator.section-1 to None, run_after=None
[2024-11-16T19:01:00.851+0000] {logging_mixin.py:190} INFO - [2024-11-16T19:01:00.851+0000] {dag.py:4180} INFO - Setting next_dagrun for example_subdag_operator.section-2 to None, run_after=None
[2024-11-16T19:01:00.888+0000] {processor.py:208} INFO - Processing /home/airflow/.local/lib/python3.12/site-packages/airflow/example_dags/example_subdag_operator.py took 0.426 seconds
[2024-11-16T19:01:40.042+0000] {processor.py:186} INFO - Started process (PID=289) to work on /home/airflow/.local/lib/python3.12/site-packages/airflow/example_dags/example_subdag_operator.py
[2024-11-16T19:01:40.059+0000] {processor.py:914} INFO - Processing file /home/airflow/.local/lib/python3.12/site-packages/airflow/example_dags/example_subdag_operator.py for tasks to queue
[2024-11-16T19:01:40.093+0000] {logging_mixin.py:190} INFO - [2024-11-16T19:01:40.092+0000] {dagbag.py:588} INFO - Filling up the DagBag from /home/airflow/.local/lib/python3.12/site-packages/airflow/example_dags/example_subdag_operator.py
[2024-11-16T19:01:40.353+0000] {processor.py:925} INFO - DAG(s) 'example_subdag_operator.section-1', 'example_subdag_operator.section-2', 'example_subdag_operator' retrieved from /home/airflow/.local/lib/python3.12/site-packages/airflow/example_dags/example_subdag_operator.py
[2024-11-16T19:01:40.544+0000] {logging_mixin.py:190} INFO - [2024-11-16T19:01:40.533+0000] {dag.py:3239} INFO - Sync 3 DAGs
[2024-11-16T19:01:40.774+0000] {logging_mixin.py:190} INFO - [2024-11-16T19:01:40.773+0000] {dag.py:4180} INFO - Setting next_dagrun for example_subdag_operator to 2022-01-01 00:00:00+00:00, run_after=2022-01-01 00:00:00+00:00
[2024-11-16T19:01:40.837+0000] {logging_mixin.py:190} INFO - [2024-11-16T19:01:40.836+0000] {dag.py:4180} INFO - Setting next_dagrun for example_subdag_operator.section-1 to None, run_after=None
[2024-11-16T19:01:40.852+0000] {logging_mixin.py:190} INFO - [2024-11-16T19:01:40.852+0000] {dag.py:4180} INFO - Setting next_dagrun for example_subdag_operator.section-2 to None, run_after=None
[2024-11-16T19:01:40.932+0000] {logging_mixin.py:190} INFO - [2024-11-16T19:01:40.931+0000] {dag.py:3239} INFO - Sync 2 DAGs
[2024-11-16T19:01:40.984+0000] {logging_mixin.py:190} INFO - [2024-11-16T19:01:40.983+0000] {dag.py:4180} INFO - Setting next_dagrun for example_subdag_operator.section-1 to None, run_after=None
[2024-11-16T19:01:40.986+0000] {logging_mixin.py:190} INFO - [2024-11-16T19:01:40.985+0000] {dag.py:4180} INFO - Setting next_dagrun for example_subdag_operator.section-2 to None, run_after=None
[2024-11-16T19:01:41.096+0000] {processor.py:208} INFO - Processing /home/airflow/.local/lib/python3.12/site-packages/airflow/example_dags/example_subdag_operator.py took 1.106 seconds
[2024-11-16T19:02:30.412+0000] {processor.py:186} INFO - Started process (PID=349) to work on /home/airflow/.local/lib/python3.12/site-packages/airflow/example_dags/example_subdag_operator.py
[2024-11-16T19:02:30.414+0000] {processor.py:914} INFO - Processing file /home/airflow/.local/lib/python3.12/site-packages/airflow/example_dags/example_subdag_operator.py for tasks to queue
[2024-11-16T19:02:30.422+0000] {logging_mixin.py:190} INFO - [2024-11-16T19:02:30.421+0000] {dagbag.py:588} INFO - Filling up the DagBag from /home/airflow/.local/lib/python3.12/site-packages/airflow/example_dags/example_subdag_operator.py
[2024-11-16T19:02:30.504+0000] {processor.py:925} INFO - DAG(s) 'example_subdag_operator.section-1', 'example_subdag_operator.section-2', 'example_subdag_operator' retrieved from /home/airflow/.local/lib/python3.12/site-packages/airflow/example_dags/example_subdag_operator.py
[2024-11-16T19:02:30.584+0000] {logging_mixin.py:190} INFO - [2024-11-16T19:02:30.582+0000] {dag.py:3239} INFO - Sync 3 DAGs
[2024-11-16T19:02:30.712+0000] {logging_mixin.py:190} INFO - [2024-11-16T19:02:30.711+0000] {dag.py:4180} INFO - Setting next_dagrun for example_subdag_operator to 2022-01-01 00:00:00+00:00, run_after=2022-01-01 00:00:00+00:00
[2024-11-16T19:02:30.761+0000] {logging_mixin.py:190} INFO - [2024-11-16T19:02:30.760+0000] {dag.py:4180} INFO - Setting next_dagrun for example_subdag_operator.section-1 to None, run_after=None
[2024-11-16T19:02:30.771+0000] {logging_mixin.py:190} INFO - [2024-11-16T19:02:30.770+0000] {dag.py:4180} INFO - Setting next_dagrun for example_subdag_operator.section-2 to None, run_after=None
[2024-11-16T19:02:30.826+0000] {logging_mixin.py:190} INFO - [2024-11-16T19:02:30.826+0000] {dag.py:3239} INFO - Sync 2 DAGs
[2024-11-16T19:02:30.848+0000] {logging_mixin.py:190} INFO - [2024-11-16T19:02:30.848+0000] {dag.py:4180} INFO - Setting next_dagrun for example_subdag_operator.section-1 to None, run_after=None
[2024-11-16T19:02:30.851+0000] {logging_mixin.py:190} INFO - [2024-11-16T19:02:30.851+0000] {dag.py:4180} INFO - Setting next_dagrun for example_subdag_operator.section-2 to None, run_after=None
[2024-11-16T19:02:30.887+0000] {processor.py:208} INFO - Processing /home/airflow/.local/lib/python3.12/site-packages/airflow/example_dags/example_subdag_operator.py took 0.501 seconds
[2024-11-16T19:03:01.958+0000] {processor.py:186} INFO - Started process (PID=412) to work on /home/airflow/.local/lib/python3.12/site-packages/airflow/example_dags/example_subdag_operator.py
[2024-11-16T19:03:01.962+0000] {processor.py:914} INFO - Processing file /home/airflow/.local/lib/python3.12/site-packages/airflow/example_dags/example_subdag_operator.py for tasks to queue
[2024-11-16T19:03:01.982+0000] {logging_mixin.py:190} INFO - [2024-11-16T19:03:01.981+0000] {dagbag.py:588} INFO - Filling up the DagBag from /home/airflow/.local/lib/python3.12/site-packages/airflow/example_dags/example_subdag_operator.py
[2024-11-16T19:03:02.084+0000] {processor.py:925} INFO - DAG(s) 'example_subdag_operator.section-1', 'example_subdag_operator.section-2', 'example_subdag_operator' retrieved from /home/airflow/.local/lib/python3.12/site-packages/airflow/example_dags/example_subdag_operator.py
[2024-11-16T19:03:02.138+0000] {logging_mixin.py:190} INFO - [2024-11-16T19:03:02.137+0000] {dag.py:3239} INFO - Sync 3 DAGs
[2024-11-16T19:03:02.225+0000] {logging_mixin.py:190} INFO - [2024-11-16T19:03:02.224+0000] {dag.py:4180} INFO - Setting next_dagrun for example_subdag_operator to 2022-01-01 00:00:00+00:00, run_after=2022-01-01 00:00:00+00:00
[2024-11-16T19:03:02.250+0000] {logging_mixin.py:190} INFO - [2024-11-16T19:03:02.249+0000] {dag.py:4180} INFO - Setting next_dagrun for example_subdag_operator.section-1 to None, run_after=None
[2024-11-16T19:03:02.255+0000] {logging_mixin.py:190} INFO - [2024-11-16T19:03:02.254+0000] {dag.py:4180} INFO - Setting next_dagrun for example_subdag_operator.section-2 to None, run_after=None
[2024-11-16T19:03:02.293+0000] {logging_mixin.py:190} INFO - [2024-11-16T19:03:02.292+0000] {dag.py:3239} INFO - Sync 2 DAGs
[2024-11-16T19:03:02.317+0000] {logging_mixin.py:190} INFO - [2024-11-16T19:03:02.317+0000] {dag.py:4180} INFO - Setting next_dagrun for example_subdag_operator.section-1 to None, run_after=None
[2024-11-16T19:03:02.319+0000] {logging_mixin.py:190} INFO - [2024-11-16T19:03:02.319+0000] {dag.py:4180} INFO - Setting next_dagrun for example_subdag_operator.section-2 to None, run_after=None
[2024-11-16T19:03:02.385+0000] {processor.py:208} INFO - Processing /home/airflow/.local/lib/python3.12/site-packages/airflow/example_dags/example_subdag_operator.py took 0.457 seconds
[2024-11-16T19:03:33.464+0000] {processor.py:186} INFO - Started process (PID=474) to work on /home/airflow/.local/lib/python3.12/site-packages/airflow/example_dags/example_subdag_operator.py
[2024-11-16T19:03:33.467+0000] {processor.py:914} INFO - Processing file /home/airflow/.local/lib/python3.12/site-packages/airflow/example_dags/example_subdag_operator.py for tasks to queue
[2024-11-16T19:03:33.474+0000] {logging_mixin.py:190} INFO - [2024-11-16T19:03:33.472+0000] {dagbag.py:588} INFO - Filling up the DagBag from /home/airflow/.local/lib/python3.12/site-packages/airflow/example_dags/example_subdag_operator.py
[2024-11-16T19:03:33.559+0000] {processor.py:925} INFO - DAG(s) 'example_subdag_operator.section-1', 'example_subdag_operator.section-2', 'example_subdag_operator' retrieved from /home/airflow/.local/lib/python3.12/site-packages/airflow/example_dags/example_subdag_operator.py
[2024-11-16T19:03:33.606+0000] {logging_mixin.py:190} INFO - [2024-11-16T19:03:33.606+0000] {dag.py:3239} INFO - Sync 3 DAGs
[2024-11-16T19:03:33.683+0000] {logging_mixin.py:190} INFO - [2024-11-16T19:03:33.682+0000] {dag.py:4180} INFO - Setting next_dagrun for example_subdag_operator to 2022-01-01 00:00:00+00:00, run_after=2022-01-01 00:00:00+00:00
[2024-11-16T19:03:33.692+0000] {logging_mixin.py:190} INFO - [2024-11-16T19:03:33.692+0000] {dag.py:4180} INFO - Setting next_dagrun for example_subdag_operator.section-1 to None, run_after=None
[2024-11-16T19:03:33.697+0000] {logging_mixin.py:190} INFO - [2024-11-16T19:03:33.695+0000] {dag.py:4180} INFO - Setting next_dagrun for example_subdag_operator.section-2 to None, run_after=None
[2024-11-16T19:03:33.717+0000] {logging_mixin.py:190} INFO - [2024-11-16T19:03:33.717+0000] {dag.py:3239} INFO - Sync 2 DAGs
[2024-11-16T19:03:33.734+0000] {logging_mixin.py:190} INFO - [2024-11-16T19:03:33.733+0000] {dag.py:4180} INFO - Setting next_dagrun for example_subdag_operator.section-1 to None, run_after=None
[2024-11-16T19:03:33.735+0000] {logging_mixin.py:190} INFO - [2024-11-16T19:03:33.735+0000] {dag.py:4180} INFO - Setting next_dagrun for example_subdag_operator.section-2 to None, run_after=None
[2024-11-16T19:03:33.764+0000] {processor.py:208} INFO - Processing /home/airflow/.local/lib/python3.12/site-packages/airflow/example_dags/example_subdag_operator.py took 0.325 seconds
[2024-11-16T19:04:11.018+0000] {processor.py:186} INFO - Started process (PID=544) to work on /home/airflow/.local/lib/python3.12/site-packages/airflow/example_dags/example_subdag_operator.py
[2024-11-16T19:04:11.030+0000] {processor.py:914} INFO - Processing file /home/airflow/.local/lib/python3.12/site-packages/airflow/example_dags/example_subdag_operator.py for tasks to queue
[2024-11-16T19:04:11.037+0000] {logging_mixin.py:190} INFO - [2024-11-16T19:04:11.036+0000] {dagbag.py:588} INFO - Filling up the DagBag from /home/airflow/.local/lib/python3.12/site-packages/airflow/example_dags/example_subdag_operator.py
[2024-11-16T19:04:11.140+0000] {processor.py:925} INFO - DAG(s) 'example_subdag_operator.section-1', 'example_subdag_operator.section-2', 'example_subdag_operator' retrieved from /home/airflow/.local/lib/python3.12/site-packages/airflow/example_dags/example_subdag_operator.py
[2024-11-16T19:04:11.216+0000] {logging_mixin.py:190} INFO - [2024-11-16T19:04:11.215+0000] {dag.py:3239} INFO - Sync 3 DAGs
[2024-11-16T19:04:11.318+0000] {logging_mixin.py:190} INFO - [2024-11-16T19:04:11.317+0000] {dag.py:4180} INFO - Setting next_dagrun for example_subdag_operator to 2022-01-01 00:00:00+00:00, run_after=2022-01-01 00:00:00+00:00
[2024-11-16T19:04:11.334+0000] {logging_mixin.py:190} INFO - [2024-11-16T19:04:11.334+0000] {dag.py:4180} INFO - Setting next_dagrun for example_subdag_operator.section-1 to None, run_after=None
[2024-11-16T19:04:11.339+0000] {logging_mixin.py:190} INFO - [2024-11-16T19:04:11.339+0000] {dag.py:4180} INFO - Setting next_dagrun for example_subdag_operator.section-2 to None, run_after=None
[2024-11-16T19:04:11.371+0000] {logging_mixin.py:190} INFO - [2024-11-16T19:04:11.371+0000] {dag.py:3239} INFO - Sync 2 DAGs
[2024-11-16T19:04:11.414+0000] {logging_mixin.py:190} INFO - [2024-11-16T19:04:11.414+0000] {dag.py:4180} INFO - Setting next_dagrun for example_subdag_operator.section-1 to None, run_after=None
[2024-11-16T19:04:11.416+0000] {logging_mixin.py:190} INFO - [2024-11-16T19:04:11.416+0000] {dag.py:4180} INFO - Setting next_dagrun for example_subdag_operator.section-2 to None, run_after=None
[2024-11-16T19:04:11.484+0000] {processor.py:208} INFO - Processing /home/airflow/.local/lib/python3.12/site-packages/airflow/example_dags/example_subdag_operator.py took 0.523 seconds
[2024-11-16T19:04:49.493+0000] {processor.py:186} INFO - Started process (PID=601) to work on /home/airflow/.local/lib/python3.12/site-packages/airflow/example_dags/example_subdag_operator.py
[2024-11-16T19:04:49.505+0000] {processor.py:914} INFO - Processing file /home/airflow/.local/lib/python3.12/site-packages/airflow/example_dags/example_subdag_operator.py for tasks to queue
[2024-11-16T19:04:49.526+0000] {logging_mixin.py:190} INFO - [2024-11-16T19:04:49.525+0000] {dagbag.py:588} INFO - Filling up the DagBag from /home/airflow/.local/lib/python3.12/site-packages/airflow/example_dags/example_subdag_operator.py
[2024-11-16T19:04:49.874+0000] {processor.py:925} INFO - DAG(s) 'example_subdag_operator.section-1', 'example_subdag_operator.section-2', 'example_subdag_operator' retrieved from /home/airflow/.local/lib/python3.12/site-packages/airflow/example_dags/example_subdag_operator.py
[2024-11-16T19:04:50.453+0000] {logging_mixin.py:190} INFO - [2024-11-16T19:04:50.452+0000] {dag.py:3239} INFO - Sync 3 DAGs
[2024-11-16T19:04:50.876+0000] {logging_mixin.py:190} INFO - [2024-11-16T19:04:50.876+0000] {dag.py:4180} INFO - Setting next_dagrun for example_subdag_operator to 2022-01-01 00:00:00+00:00, run_after=2022-01-01 00:00:00+00:00
[2024-11-16T19:04:50.981+0000] {logging_mixin.py:190} INFO - [2024-11-16T19:04:50.980+0000] {dag.py:4180} INFO - Setting next_dagrun for example_subdag_operator.section-1 to None, run_after=None
[2024-11-16T19:04:51.033+0000] {logging_mixin.py:190} INFO - [2024-11-16T19:04:51.032+0000] {dag.py:4180} INFO - Setting next_dagrun for example_subdag_operator.section-2 to None, run_after=None
[2024-11-16T19:04:51.115+0000] {logging_mixin.py:190} INFO - [2024-11-16T19:04:51.115+0000] {dag.py:3239} INFO - Sync 2 DAGs
[2024-11-16T19:04:51.182+0000] {logging_mixin.py:190} INFO - [2024-11-16T19:04:51.182+0000] {dag.py:4180} INFO - Setting next_dagrun for example_subdag_operator.section-1 to None, run_after=None
[2024-11-16T19:04:51.230+0000] {logging_mixin.py:190} INFO - [2024-11-16T19:04:51.229+0000] {dag.py:4180} INFO - Setting next_dagrun for example_subdag_operator.section-2 to None, run_after=None
[2024-11-16T19:04:51.653+0000] {processor.py:208} INFO - Processing /home/airflow/.local/lib/python3.12/site-packages/airflow/example_dags/example_subdag_operator.py took 2.243 seconds
[2024-11-16T19:06:55.647+0000] {processor.py:186} INFO - Started process (PID=687) to work on /home/airflow/.local/lib/python3.12/site-packages/airflow/example_dags/example_subdag_operator.py
[2024-11-16T19:06:55.677+0000] {processor.py:914} INFO - Processing file /home/airflow/.local/lib/python3.12/site-packages/airflow/example_dags/example_subdag_operator.py for tasks to queue
[2024-11-16T19:06:55.812+0000] {logging_mixin.py:190} INFO - [2024-11-16T19:06:55.811+0000] {dagbag.py:588} INFO - Filling up the DagBag from /home/airflow/.local/lib/python3.12/site-packages/airflow/example_dags/example_subdag_operator.py
[2024-11-16T19:06:56.603+0000] {processor.py:925} INFO - DAG(s) 'example_subdag_operator.section-1', 'example_subdag_operator.section-2', 'example_subdag_operator' retrieved from /home/airflow/.local/lib/python3.12/site-packages/airflow/example_dags/example_subdag_operator.py
[2024-11-16T19:06:56.984+0000] {logging_mixin.py:190} INFO - [2024-11-16T19:06:56.984+0000] {dag.py:3239} INFO - Sync 3 DAGs
[2024-11-16T19:06:57.937+0000] {logging_mixin.py:190} INFO - [2024-11-16T19:06:57.935+0000] {dag.py:4180} INFO - Setting next_dagrun for example_subdag_operator to 2022-01-01 00:00:00+00:00, run_after=2022-01-01 00:00:00+00:00
[2024-11-16T19:06:57.987+0000] {logging_mixin.py:190} INFO - [2024-11-16T19:06:57.986+0000] {dag.py:4180} INFO - Setting next_dagrun for example_subdag_operator.section-1 to None, run_after=None
[2024-11-16T19:06:58.004+0000] {logging_mixin.py:190} INFO - [2024-11-16T19:06:58.004+0000] {dag.py:4180} INFO - Setting next_dagrun for example_subdag_operator.section-2 to None, run_after=None
[2024-11-16T19:06:58.134+0000] {logging_mixin.py:190} INFO - [2024-11-16T19:06:58.122+0000] {dag.py:3239} INFO - Sync 2 DAGs
[2024-11-16T19:06:58.203+0000] {logging_mixin.py:190} INFO - [2024-11-16T19:06:58.202+0000] {dag.py:4180} INFO - Setting next_dagrun for example_subdag_operator.section-1 to None, run_after=None
[2024-11-16T19:06:58.227+0000] {logging_mixin.py:190} INFO - [2024-11-16T19:06:58.226+0000] {dag.py:4180} INFO - Setting next_dagrun for example_subdag_operator.section-2 to None, run_after=None
[2024-11-16T19:06:58.385+0000] {processor.py:208} INFO - Processing /home/airflow/.local/lib/python3.12/site-packages/airflow/example_dags/example_subdag_operator.py took 2.853 seconds
[2024-11-16T19:08:17.967+0000] {processor.py:186} INFO - Started process (PID=745) to work on /home/airflow/.local/lib/python3.12/site-packages/airflow/example_dags/example_subdag_operator.py
[2024-11-16T19:08:18.056+0000] {processor.py:914} INFO - Processing file /home/airflow/.local/lib/python3.12/site-packages/airflow/example_dags/example_subdag_operator.py for tasks to queue
[2024-11-16T19:08:18.106+0000] {logging_mixin.py:190} INFO - [2024-11-16T19:08:18.105+0000] {dagbag.py:588} INFO - Filling up the DagBag from /home/airflow/.local/lib/python3.12/site-packages/airflow/example_dags/example_subdag_operator.py
[2024-11-16T19:08:18.600+0000] {processor.py:925} INFO - DAG(s) 'example_subdag_operator.section-1', 'example_subdag_operator.section-2', 'example_subdag_operator' retrieved from /home/airflow/.local/lib/python3.12/site-packages/airflow/example_dags/example_subdag_operator.py
[2024-11-16T19:08:19.010+0000] {logging_mixin.py:190} INFO - [2024-11-16T19:08:19.010+0000] {dag.py:3239} INFO - Sync 3 DAGs
[2024-11-16T19:08:19.476+0000] {logging_mixin.py:190} INFO - [2024-11-16T19:08:19.462+0000] {dag.py:4180} INFO - Setting next_dagrun for example_subdag_operator to 2022-01-01 00:00:00+00:00, run_after=2022-01-01 00:00:00+00:00
[2024-11-16T19:08:19.604+0000] {logging_mixin.py:190} INFO - [2024-11-16T19:08:19.576+0000] {dag.py:4180} INFO - Setting next_dagrun for example_subdag_operator.section-1 to None, run_after=None
[2024-11-16T19:08:19.687+0000] {logging_mixin.py:190} INFO - [2024-11-16T19:08:19.686+0000] {dag.py:4180} INFO - Setting next_dagrun for example_subdag_operator.section-2 to None, run_after=None
[2024-11-16T19:08:19.852+0000] {logging_mixin.py:190} INFO - [2024-11-16T19:08:19.851+0000] {dag.py:3239} INFO - Sync 2 DAGs
[2024-11-16T19:08:19.930+0000] {logging_mixin.py:190} INFO - [2024-11-16T19:08:19.929+0000] {dag.py:4180} INFO - Setting next_dagrun for example_subdag_operator.section-1 to None, run_after=None
[2024-11-16T19:08:19.945+0000] {logging_mixin.py:190} INFO - [2024-11-16T19:08:19.945+0000] {dag.py:4180} INFO - Setting next_dagrun for example_subdag_operator.section-2 to None, run_after=None
[2024-11-16T19:08:20.315+0000] {processor.py:208} INFO - Processing /home/airflow/.local/lib/python3.12/site-packages/airflow/example_dags/example_subdag_operator.py took 2.470 seconds
[2024-11-16T19:09:31.270+0000] {processor.py:186} INFO - Started process (PID=805) to work on /home/airflow/.local/lib/python3.12/site-packages/airflow/example_dags/example_subdag_operator.py
[2024-11-16T19:09:31.287+0000] {processor.py:914} INFO - Processing file /home/airflow/.local/lib/python3.12/site-packages/airflow/example_dags/example_subdag_operator.py for tasks to queue
[2024-11-16T19:09:31.322+0000] {logging_mixin.py:190} INFO - [2024-11-16T19:09:31.321+0000] {dagbag.py:588} INFO - Filling up the DagBag from /home/airflow/.local/lib/python3.12/site-packages/airflow/example_dags/example_subdag_operator.py
[2024-11-16T19:09:31.678+0000] {processor.py:925} INFO - DAG(s) 'example_subdag_operator.section-1', 'example_subdag_operator.section-2', 'example_subdag_operator' retrieved from /home/airflow/.local/lib/python3.12/site-packages/airflow/example_dags/example_subdag_operator.py
[2024-11-16T19:09:31.988+0000] {logging_mixin.py:190} INFO - [2024-11-16T19:09:31.988+0000] {dag.py:3239} INFO - Sync 3 DAGs
[2024-11-16T19:09:32.451+0000] {logging_mixin.py:190} INFO - [2024-11-16T19:09:32.451+0000] {dag.py:4180} INFO - Setting next_dagrun for example_subdag_operator to 2022-01-01 00:00:00+00:00, run_after=2022-01-01 00:00:00+00:00
[2024-11-16T19:09:32.537+0000] {logging_mixin.py:190} INFO - [2024-11-16T19:09:32.536+0000] {dag.py:4180} INFO - Setting next_dagrun for example_subdag_operator.section-1 to None, run_after=None
[2024-11-16T19:09:32.583+0000] {logging_mixin.py:190} INFO - [2024-11-16T19:09:32.578+0000] {dag.py:4180} INFO - Setting next_dagrun for example_subdag_operator.section-2 to None, run_after=None
[2024-11-16T19:09:32.692+0000] {logging_mixin.py:190} INFO - [2024-11-16T19:09:32.690+0000] {dag.py:3239} INFO - Sync 2 DAGs
[2024-11-16T19:09:32.788+0000] {logging_mixin.py:190} INFO - [2024-11-16T19:09:32.788+0000] {dag.py:4180} INFO - Setting next_dagrun for example_subdag_operator.section-1 to None, run_after=None
[2024-11-16T19:09:32.825+0000] {logging_mixin.py:190} INFO - [2024-11-16T19:09:32.825+0000] {dag.py:4180} INFO - Setting next_dagrun for example_subdag_operator.section-2 to None, run_after=None
[2024-11-16T19:09:33.119+0000] {processor.py:208} INFO - Processing /home/airflow/.local/lib/python3.12/site-packages/airflow/example_dags/example_subdag_operator.py took 1.944 seconds
[2024-11-16T19:10:32.298+0000] {processor.py:186} INFO - Started process (PID=856) to work on /home/airflow/.local/lib/python3.12/site-packages/airflow/example_dags/example_subdag_operator.py
[2024-11-16T19:10:32.313+0000] {processor.py:914} INFO - Processing file /home/airflow/.local/lib/python3.12/site-packages/airflow/example_dags/example_subdag_operator.py for tasks to queue
[2024-11-16T19:10:32.338+0000] {logging_mixin.py:190} INFO - [2024-11-16T19:10:32.337+0000] {dagbag.py:588} INFO - Filling up the DagBag from /home/airflow/.local/lib/python3.12/site-packages/airflow/example_dags/example_subdag_operator.py
[2024-11-16T19:10:32.782+0000] {processor.py:925} INFO - DAG(s) 'example_subdag_operator.section-1', 'example_subdag_operator.section-2', 'example_subdag_operator' retrieved from /home/airflow/.local/lib/python3.12/site-packages/airflow/example_dags/example_subdag_operator.py
[2024-11-16T19:10:32.975+0000] {logging_mixin.py:190} INFO - [2024-11-16T19:10:32.975+0000] {dag.py:3239} INFO - Sync 3 DAGs
[2024-11-16T19:10:33.347+0000] {logging_mixin.py:190} INFO - [2024-11-16T19:10:33.318+0000] {dag.py:4180} INFO - Setting next_dagrun for example_subdag_operator to 2022-01-01 00:00:00+00:00, run_after=2022-01-01 00:00:00+00:00
[2024-11-16T19:10:33.413+0000] {logging_mixin.py:190} INFO - [2024-11-16T19:10:33.413+0000] {dag.py:4180} INFO - Setting next_dagrun for example_subdag_operator.section-1 to None, run_after=None
[2024-11-16T19:10:33.481+0000] {logging_mixin.py:190} INFO - [2024-11-16T19:10:33.468+0000] {dag.py:4180} INFO - Setting next_dagrun for example_subdag_operator.section-2 to None, run_after=None
[2024-11-16T19:10:33.594+0000] {logging_mixin.py:190} INFO - [2024-11-16T19:10:33.593+0000] {dag.py:3239} INFO - Sync 2 DAGs
[2024-11-16T19:10:33.676+0000] {logging_mixin.py:190} INFO - [2024-11-16T19:10:33.675+0000] {dag.py:4180} INFO - Setting next_dagrun for example_subdag_operator.section-1 to None, run_after=None
[2024-11-16T19:10:33.690+0000] {logging_mixin.py:190} INFO - [2024-11-16T19:10:33.689+0000] {dag.py:4180} INFO - Setting next_dagrun for example_subdag_operator.section-2 to None, run_after=None
[2024-11-16T19:10:33.824+0000] {processor.py:208} INFO - Processing /home/airflow/.local/lib/python3.12/site-packages/airflow/example_dags/example_subdag_operator.py took 1.600 seconds
[2024-11-16T19:11:28.948+0000] {processor.py:186} INFO - Started process (PID=909) to work on /home/airflow/.local/lib/python3.12/site-packages/airflow/example_dags/example_subdag_operator.py
[2024-11-16T19:11:28.966+0000] {processor.py:914} INFO - Processing file /home/airflow/.local/lib/python3.12/site-packages/airflow/example_dags/example_subdag_operator.py for tasks to queue
[2024-11-16T19:11:28.986+0000] {logging_mixin.py:190} INFO - [2024-11-16T19:11:28.983+0000] {dagbag.py:588} INFO - Filling up the DagBag from /home/airflow/.local/lib/python3.12/site-packages/airflow/example_dags/example_subdag_operator.py
[2024-11-16T19:11:29.309+0000] {processor.py:925} INFO - DAG(s) 'example_subdag_operator.section-1', 'example_subdag_operator.section-2', 'example_subdag_operator' retrieved from /home/airflow/.local/lib/python3.12/site-packages/airflow/example_dags/example_subdag_operator.py
[2024-11-16T19:11:29.640+0000] {logging_mixin.py:190} INFO - [2024-11-16T19:11:29.640+0000] {dag.py:3239} INFO - Sync 3 DAGs
[2024-11-16T19:11:30.136+0000] {logging_mixin.py:190} INFO - [2024-11-16T19:11:30.136+0000] {dag.py:4180} INFO - Setting next_dagrun for example_subdag_operator to 2022-01-01 00:00:00+00:00, run_after=2022-01-01 00:00:00+00:00
[2024-11-16T19:11:30.207+0000] {logging_mixin.py:190} INFO - [2024-11-16T19:11:30.206+0000] {dag.py:4180} INFO - Setting next_dagrun for example_subdag_operator.section-1 to None, run_after=None
[2024-11-16T19:11:30.247+0000] {logging_mixin.py:190} INFO - [2024-11-16T19:11:30.247+0000] {dag.py:4180} INFO - Setting next_dagrun for example_subdag_operator.section-2 to None, run_after=None
[2024-11-16T19:11:30.458+0000] {logging_mixin.py:190} INFO - [2024-11-16T19:11:30.457+0000] {dag.py:3239} INFO - Sync 2 DAGs
[2024-11-16T19:11:30.538+0000] {logging_mixin.py:190} INFO - [2024-11-16T19:11:30.527+0000] {dag.py:4180} INFO - Setting next_dagrun for example_subdag_operator.section-1 to None, run_after=None
[2024-11-16T19:11:30.553+0000] {logging_mixin.py:190} INFO - [2024-11-16T19:11:30.552+0000] {dag.py:4180} INFO - Setting next_dagrun for example_subdag_operator.section-2 to None, run_after=None
[2024-11-16T19:11:30.781+0000] {processor.py:208} INFO - Processing /home/airflow/.local/lib/python3.12/site-packages/airflow/example_dags/example_subdag_operator.py took 1.933 seconds
[2024-11-16T19:12:35.164+0000] {processor.py:186} INFO - Started process (PID=980) to work on /home/airflow/.local/lib/python3.12/site-packages/airflow/example_dags/example_subdag_operator.py
[2024-11-16T19:12:35.188+0000] {processor.py:914} INFO - Processing file /home/airflow/.local/lib/python3.12/site-packages/airflow/example_dags/example_subdag_operator.py for tasks to queue
[2024-11-16T19:12:35.233+0000] {logging_mixin.py:190} INFO - [2024-11-16T19:12:35.222+0000] {dagbag.py:588} INFO - Filling up the DagBag from /home/airflow/.local/lib/python3.12/site-packages/airflow/example_dags/example_subdag_operator.py
[2024-11-16T19:12:35.694+0000] {processor.py:925} INFO - DAG(s) 'example_subdag_operator.section-1', 'example_subdag_operator.section-2', 'example_subdag_operator' retrieved from /home/airflow/.local/lib/python3.12/site-packages/airflow/example_dags/example_subdag_operator.py
[2024-11-16T19:12:35.979+0000] {logging_mixin.py:190} INFO - [2024-11-16T19:12:35.965+0000] {dag.py:3239} INFO - Sync 3 DAGs
[2024-11-16T19:12:36.286+0000] {logging_mixin.py:190} INFO - [2024-11-16T19:12:36.285+0000] {dag.py:4180} INFO - Setting next_dagrun for example_subdag_operator to 2022-01-01 00:00:00+00:00, run_after=2022-01-01 00:00:00+00:00
[2024-11-16T19:12:36.345+0000] {logging_mixin.py:190} INFO - [2024-11-16T19:12:36.333+0000] {dag.py:4180} INFO - Setting next_dagrun for example_subdag_operator.section-1 to None, run_after=None
[2024-11-16T19:12:36.393+0000] {logging_mixin.py:190} INFO - [2024-11-16T19:12:36.392+0000] {dag.py:4180} INFO - Setting next_dagrun for example_subdag_operator.section-2 to None, run_after=None
[2024-11-16T19:12:36.454+0000] {logging_mixin.py:190} INFO - [2024-11-16T19:12:36.453+0000] {dag.py:3239} INFO - Sync 2 DAGs
[2024-11-16T19:12:36.518+0000] {logging_mixin.py:190} INFO - [2024-11-16T19:12:36.517+0000] {dag.py:4180} INFO - Setting next_dagrun for example_subdag_operator.section-1 to None, run_after=None
[2024-11-16T19:12:36.522+0000] {logging_mixin.py:190} INFO - [2024-11-16T19:12:36.522+0000] {dag.py:4180} INFO - Setting next_dagrun for example_subdag_operator.section-2 to None, run_after=None
[2024-11-16T19:12:36.651+0000] {processor.py:208} INFO - Processing /home/airflow/.local/lib/python3.12/site-packages/airflow/example_dags/example_subdag_operator.py took 1.567 seconds
[2024-11-16T19:13:08.796+0000] {processor.py:186} INFO - Started process (PID=1043) to work on /home/airflow/.local/lib/python3.12/site-packages/airflow/example_dags/example_subdag_operator.py
[2024-11-16T19:13:08.804+0000] {processor.py:914} INFO - Processing file /home/airflow/.local/lib/python3.12/site-packages/airflow/example_dags/example_subdag_operator.py for tasks to queue
[2024-11-16T19:13:08.831+0000] {logging_mixin.py:190} INFO - [2024-11-16T19:13:08.830+0000] {dagbag.py:588} INFO - Filling up the DagBag from /home/airflow/.local/lib/python3.12/site-packages/airflow/example_dags/example_subdag_operator.py
[2024-11-16T19:13:09.025+0000] {processor.py:925} INFO - DAG(s) 'example_subdag_operator.section-1', 'example_subdag_operator.section-2', 'example_subdag_operator' retrieved from /home/airflow/.local/lib/python3.12/site-packages/airflow/example_dags/example_subdag_operator.py
[2024-11-16T19:13:09.173+0000] {logging_mixin.py:190} INFO - [2024-11-16T19:13:09.172+0000] {dag.py:3239} INFO - Sync 3 DAGs
[2024-11-16T19:13:09.375+0000] {logging_mixin.py:190} INFO - [2024-11-16T19:13:09.374+0000] {dag.py:4180} INFO - Setting next_dagrun for example_subdag_operator to 2022-01-01 00:00:00+00:00, run_after=2022-01-01 00:00:00+00:00
[2024-11-16T19:13:09.417+0000] {logging_mixin.py:190} INFO - [2024-11-16T19:13:09.416+0000] {dag.py:4180} INFO - Setting next_dagrun for example_subdag_operator.section-1 to None, run_after=None
[2024-11-16T19:13:09.452+0000] {logging_mixin.py:190} INFO - [2024-11-16T19:13:09.451+0000] {dag.py:4180} INFO - Setting next_dagrun for example_subdag_operator.section-2 to None, run_after=None
[2024-11-16T19:13:09.506+0000] {logging_mixin.py:190} INFO - [2024-11-16T19:13:09.505+0000] {dag.py:3239} INFO - Sync 2 DAGs
[2024-11-16T19:13:09.543+0000] {logging_mixin.py:190} INFO - [2024-11-16T19:13:09.541+0000] {dag.py:4180} INFO - Setting next_dagrun for example_subdag_operator.section-1 to None, run_after=None
[2024-11-16T19:13:09.551+0000] {logging_mixin.py:190} INFO - [2024-11-16T19:13:09.550+0000] {dag.py:4180} INFO - Setting next_dagrun for example_subdag_operator.section-2 to None, run_after=None
[2024-11-16T19:13:09.629+0000] {processor.py:208} INFO - Processing /home/airflow/.local/lib/python3.12/site-packages/airflow/example_dags/example_subdag_operator.py took 0.895 seconds
[2024-11-16T19:13:44.602+0000] {processor.py:186} INFO - Started process (PID=1089) to work on /home/airflow/.local/lib/python3.12/site-packages/airflow/example_dags/example_subdag_operator.py
[2024-11-16T19:13:44.616+0000] {processor.py:914} INFO - Processing file /home/airflow/.local/lib/python3.12/site-packages/airflow/example_dags/example_subdag_operator.py for tasks to queue
[2024-11-16T19:13:44.635+0000] {logging_mixin.py:190} INFO - [2024-11-16T19:13:44.634+0000] {dagbag.py:588} INFO - Filling up the DagBag from /home/airflow/.local/lib/python3.12/site-packages/airflow/example_dags/example_subdag_operator.py
[2024-11-16T19:13:44.842+0000] {processor.py:925} INFO - DAG(s) 'example_subdag_operator.section-1', 'example_subdag_operator.section-2', 'example_subdag_operator' retrieved from /home/airflow/.local/lib/python3.12/site-packages/airflow/example_dags/example_subdag_operator.py
[2024-11-16T19:13:45.040+0000] {logging_mixin.py:190} INFO - [2024-11-16T19:13:45.039+0000] {dag.py:3239} INFO - Sync 3 DAGs
[2024-11-16T19:13:45.264+0000] {logging_mixin.py:190} INFO - [2024-11-16T19:13:45.264+0000] {dag.py:4180} INFO - Setting next_dagrun for example_subdag_operator to 2022-01-01 00:00:00+00:00, run_after=2022-01-01 00:00:00+00:00
[2024-11-16T19:13:45.391+0000] {logging_mixin.py:190} INFO - [2024-11-16T19:13:45.390+0000] {dag.py:4180} INFO - Setting next_dagrun for example_subdag_operator.section-1 to None, run_after=None
[2024-11-16T19:13:45.439+0000] {logging_mixin.py:190} INFO - [2024-11-16T19:13:45.439+0000] {dag.py:4180} INFO - Setting next_dagrun for example_subdag_operator.section-2 to None, run_after=None
[2024-11-16T19:13:45.535+0000] {logging_mixin.py:190} INFO - [2024-11-16T19:13:45.534+0000] {dag.py:3239} INFO - Sync 2 DAGs
[2024-11-16T19:13:45.615+0000] {logging_mixin.py:190} INFO - [2024-11-16T19:13:45.615+0000] {dag.py:4180} INFO - Setting next_dagrun for example_subdag_operator.section-1 to None, run_after=None
[2024-11-16T19:13:45.629+0000] {logging_mixin.py:190} INFO - [2024-11-16T19:13:45.628+0000] {dag.py:4180} INFO - Setting next_dagrun for example_subdag_operator.section-2 to None, run_after=None
[2024-11-16T19:13:45.777+0000] {processor.py:208} INFO - Processing /home/airflow/.local/lib/python3.12/site-packages/airflow/example_dags/example_subdag_operator.py took 1.225 seconds
[2024-11-16T19:14:17.715+0000] {processor.py:186} INFO - Started process (PID=1153) to work on /home/airflow/.local/lib/python3.12/site-packages/airflow/example_dags/example_subdag_operator.py
[2024-11-16T19:14:17.739+0000] {processor.py:914} INFO - Processing file /home/airflow/.local/lib/python3.12/site-packages/airflow/example_dags/example_subdag_operator.py for tasks to queue
[2024-11-16T19:14:17.754+0000] {logging_mixin.py:190} INFO - [2024-11-16T19:14:17.753+0000] {dagbag.py:588} INFO - Filling up the DagBag from /home/airflow/.local/lib/python3.12/site-packages/airflow/example_dags/example_subdag_operator.py
[2024-11-16T19:14:17.858+0000] {processor.py:925} INFO - DAG(s) 'example_subdag_operator.section-1', 'example_subdag_operator.section-2', 'example_subdag_operator' retrieved from /home/airflow/.local/lib/python3.12/site-packages/airflow/example_dags/example_subdag_operator.py
[2024-11-16T19:14:17.937+0000] {logging_mixin.py:190} INFO - [2024-11-16T19:14:17.937+0000] {dag.py:3239} INFO - Sync 3 DAGs
[2024-11-16T19:14:18.093+0000] {logging_mixin.py:190} INFO - [2024-11-16T19:14:18.092+0000] {dag.py:4180} INFO - Setting next_dagrun for example_subdag_operator to 2022-01-01 00:00:00+00:00, run_after=2022-01-01 00:00:00+00:00
[2024-11-16T19:14:18.113+0000] {logging_mixin.py:190} INFO - [2024-11-16T19:14:18.112+0000] {dag.py:4180} INFO - Setting next_dagrun for example_subdag_operator.section-1 to None, run_after=None
[2024-11-16T19:14:18.121+0000] {logging_mixin.py:190} INFO - [2024-11-16T19:14:18.118+0000] {dag.py:4180} INFO - Setting next_dagrun for example_subdag_operator.section-2 to None, run_after=None
[2024-11-16T19:14:18.146+0000] {logging_mixin.py:190} INFO - [2024-11-16T19:14:18.145+0000] {dag.py:3239} INFO - Sync 2 DAGs
[2024-11-16T19:14:18.177+0000] {logging_mixin.py:190} INFO - [2024-11-16T19:14:18.176+0000] {dag.py:4180} INFO - Setting next_dagrun for example_subdag_operator.section-1 to None, run_after=None
[2024-11-16T19:14:18.182+0000] {logging_mixin.py:190} INFO - [2024-11-16T19:14:18.181+0000] {dag.py:4180} INFO - Setting next_dagrun for example_subdag_operator.section-2 to None, run_after=None
[2024-11-16T19:14:18.227+0000] {processor.py:208} INFO - Processing /home/airflow/.local/lib/python3.12/site-packages/airflow/example_dags/example_subdag_operator.py took 0.543 seconds
[2024-11-16T19:14:48.462+0000] {processor.py:186} INFO - Started process (PID=1217) to work on /home/airflow/.local/lib/python3.12/site-packages/airflow/example_dags/example_subdag_operator.py
[2024-11-16T19:14:48.465+0000] {processor.py:914} INFO - Processing file /home/airflow/.local/lib/python3.12/site-packages/airflow/example_dags/example_subdag_operator.py for tasks to queue
[2024-11-16T19:14:48.473+0000] {logging_mixin.py:190} INFO - [2024-11-16T19:14:48.472+0000] {dagbag.py:588} INFO - Filling up the DagBag from /home/airflow/.local/lib/python3.12/site-packages/airflow/example_dags/example_subdag_operator.py
[2024-11-16T19:14:48.567+0000] {processor.py:925} INFO - DAG(s) 'example_subdag_operator.section-1', 'example_subdag_operator.section-2', 'example_subdag_operator' retrieved from /home/airflow/.local/lib/python3.12/site-packages/airflow/example_dags/example_subdag_operator.py
[2024-11-16T19:14:48.627+0000] {logging_mixin.py:190} INFO - [2024-11-16T19:14:48.626+0000] {dag.py:3239} INFO - Sync 3 DAGs
[2024-11-16T19:14:48.758+0000] {logging_mixin.py:190} INFO - [2024-11-16T19:14:48.758+0000] {dag.py:4180} INFO - Setting next_dagrun for example_subdag_operator to 2022-01-01 00:00:00+00:00, run_after=2022-01-01 00:00:00+00:00
[2024-11-16T19:14:48.776+0000] {logging_mixin.py:190} INFO - [2024-11-16T19:14:48.776+0000] {dag.py:4180} INFO - Setting next_dagrun for example_subdag_operator.section-1 to None, run_after=None
[2024-11-16T19:14:48.791+0000] {logging_mixin.py:190} INFO - [2024-11-16T19:14:48.791+0000] {dag.py:4180} INFO - Setting next_dagrun for example_subdag_operator.section-2 to None, run_after=None
[2024-11-16T19:14:48.834+0000] {logging_mixin.py:190} INFO - [2024-11-16T19:14:48.833+0000] {dag.py:3239} INFO - Sync 2 DAGs
[2024-11-16T19:14:48.872+0000] {logging_mixin.py:190} INFO - [2024-11-16T19:14:48.871+0000] {dag.py:4180} INFO - Setting next_dagrun for example_subdag_operator.section-1 to None, run_after=None
[2024-11-16T19:14:48.874+0000] {logging_mixin.py:190} INFO - [2024-11-16T19:14:48.873+0000] {dag.py:4180} INFO - Setting next_dagrun for example_subdag_operator.section-2 to None, run_after=None
[2024-11-16T19:14:48.938+0000] {processor.py:208} INFO - Processing /home/airflow/.local/lib/python3.12/site-packages/airflow/example_dags/example_subdag_operator.py took 0.498 seconds
[2024-11-16T19:15:19.215+0000] {processor.py:186} INFO - Started process (PID=1280) to work on /home/airflow/.local/lib/python3.12/site-packages/airflow/example_dags/example_subdag_operator.py
[2024-11-16T19:15:19.217+0000] {processor.py:914} INFO - Processing file /home/airflow/.local/lib/python3.12/site-packages/airflow/example_dags/example_subdag_operator.py for tasks to queue
[2024-11-16T19:15:19.224+0000] {logging_mixin.py:190} INFO - [2024-11-16T19:15:19.223+0000] {dagbag.py:588} INFO - Filling up the DagBag from /home/airflow/.local/lib/python3.12/site-packages/airflow/example_dags/example_subdag_operator.py
[2024-11-16T19:15:19.330+0000] {processor.py:925} INFO - DAG(s) 'example_subdag_operator.section-1', 'example_subdag_operator.section-2', 'example_subdag_operator' retrieved from /home/airflow/.local/lib/python3.12/site-packages/airflow/example_dags/example_subdag_operator.py
[2024-11-16T19:15:19.411+0000] {logging_mixin.py:190} INFO - [2024-11-16T19:15:19.408+0000] {dag.py:3239} INFO - Sync 3 DAGs
[2024-11-16T19:15:19.527+0000] {logging_mixin.py:190} INFO - [2024-11-16T19:15:19.526+0000] {dag.py:4180} INFO - Setting next_dagrun for example_subdag_operator to 2022-01-01 00:00:00+00:00, run_after=2022-01-01 00:00:00+00:00
[2024-11-16T19:15:19.549+0000] {logging_mixin.py:190} INFO - [2024-11-16T19:15:19.548+0000] {dag.py:4180} INFO - Setting next_dagrun for example_subdag_operator.section-1 to None, run_after=None
[2024-11-16T19:15:19.556+0000] {logging_mixin.py:190} INFO - [2024-11-16T19:15:19.555+0000] {dag.py:4180} INFO - Setting next_dagrun for example_subdag_operator.section-2 to None, run_after=None
[2024-11-16T19:15:19.602+0000] {logging_mixin.py:190} INFO - [2024-11-16T19:15:19.601+0000] {dag.py:3239} INFO - Sync 2 DAGs
[2024-11-16T19:15:19.623+0000] {logging_mixin.py:190} INFO - [2024-11-16T19:15:19.622+0000] {dag.py:4180} INFO - Setting next_dagrun for example_subdag_operator.section-1 to None, run_after=None
[2024-11-16T19:15:19.627+0000] {logging_mixin.py:190} INFO - [2024-11-16T19:15:19.625+0000] {dag.py:4180} INFO - Setting next_dagrun for example_subdag_operator.section-2 to None, run_after=None
[2024-11-16T19:15:19.671+0000] {processor.py:208} INFO - Processing /home/airflow/.local/lib/python3.12/site-packages/airflow/example_dags/example_subdag_operator.py took 0.470 seconds
[2024-11-16T19:15:50.105+0000] {processor.py:186} INFO - Started process (PID=1344) to work on /home/airflow/.local/lib/python3.12/site-packages/airflow/example_dags/example_subdag_operator.py
[2024-11-16T19:15:50.107+0000] {processor.py:914} INFO - Processing file /home/airflow/.local/lib/python3.12/site-packages/airflow/example_dags/example_subdag_operator.py for tasks to queue
[2024-11-16T19:15:50.113+0000] {logging_mixin.py:190} INFO - [2024-11-16T19:15:50.112+0000] {dagbag.py:588} INFO - Filling up the DagBag from /home/airflow/.local/lib/python3.12/site-packages/airflow/example_dags/example_subdag_operator.py
[2024-11-16T19:15:50.180+0000] {processor.py:925} INFO - DAG(s) 'example_subdag_operator.section-1', 'example_subdag_operator.section-2', 'example_subdag_operator' retrieved from /home/airflow/.local/lib/python3.12/site-packages/airflow/example_dags/example_subdag_operator.py
[2024-11-16T19:15:50.222+0000] {logging_mixin.py:190} INFO - [2024-11-16T19:15:50.221+0000] {dag.py:3239} INFO - Sync 3 DAGs
[2024-11-16T19:15:50.306+0000] {logging_mixin.py:190} INFO - [2024-11-16T19:15:50.305+0000] {dag.py:4180} INFO - Setting next_dagrun for example_subdag_operator to 2022-01-01 00:00:00+00:00, run_after=2022-01-01 00:00:00+00:00
[2024-11-16T19:15:50.316+0000] {logging_mixin.py:190} INFO - [2024-11-16T19:15:50.315+0000] {dag.py:4180} INFO - Setting next_dagrun for example_subdag_operator.section-1 to None, run_after=None
[2024-11-16T19:15:50.320+0000] {logging_mixin.py:190} INFO - [2024-11-16T19:15:50.319+0000] {dag.py:4180} INFO - Setting next_dagrun for example_subdag_operator.section-2 to None, run_after=None
[2024-11-16T19:15:50.333+0000] {logging_mixin.py:190} INFO - [2024-11-16T19:15:50.333+0000] {dag.py:3239} INFO - Sync 2 DAGs
[2024-11-16T19:15:50.344+0000] {logging_mixin.py:190} INFO - [2024-11-16T19:15:50.344+0000] {dag.py:4180} INFO - Setting next_dagrun for example_subdag_operator.section-1 to None, run_after=None
[2024-11-16T19:15:50.346+0000] {logging_mixin.py:190} INFO - [2024-11-16T19:15:50.345+0000] {dag.py:4180} INFO - Setting next_dagrun for example_subdag_operator.section-2 to None, run_after=None
[2024-11-16T19:15:50.367+0000] {processor.py:208} INFO - Processing /home/airflow/.local/lib/python3.12/site-packages/airflow/example_dags/example_subdag_operator.py took 0.283 seconds
[2024-11-16T19:16:21.202+0000] {processor.py:186} INFO - Started process (PID=1408) to work on /home/airflow/.local/lib/python3.12/site-packages/airflow/example_dags/example_subdag_operator.py
[2024-11-16T19:16:21.205+0000] {processor.py:914} INFO - Processing file /home/airflow/.local/lib/python3.12/site-packages/airflow/example_dags/example_subdag_operator.py for tasks to queue
[2024-11-16T19:16:21.210+0000] {logging_mixin.py:190} INFO - [2024-11-16T19:16:21.209+0000] {dagbag.py:588} INFO - Filling up the DagBag from /home/airflow/.local/lib/python3.12/site-packages/airflow/example_dags/example_subdag_operator.py
[2024-11-16T19:16:21.268+0000] {processor.py:925} INFO - DAG(s) 'example_subdag_operator.section-1', 'example_subdag_operator.section-2', 'example_subdag_operator' retrieved from /home/airflow/.local/lib/python3.12/site-packages/airflow/example_dags/example_subdag_operator.py
[2024-11-16T19:16:21.314+0000] {logging_mixin.py:190} INFO - [2024-11-16T19:16:21.313+0000] {dag.py:3239} INFO - Sync 3 DAGs
[2024-11-16T19:16:21.399+0000] {logging_mixin.py:190} INFO - [2024-11-16T19:16:21.398+0000] {dag.py:4180} INFO - Setting next_dagrun for example_subdag_operator to 2022-01-01 00:00:00+00:00, run_after=2022-01-01 00:00:00+00:00
[2024-11-16T19:16:21.412+0000] {logging_mixin.py:190} INFO - [2024-11-16T19:16:21.411+0000] {dag.py:4180} INFO - Setting next_dagrun for example_subdag_operator.section-1 to None, run_after=None
[2024-11-16T19:16:21.415+0000] {logging_mixin.py:190} INFO - [2024-11-16T19:16:21.415+0000] {dag.py:4180} INFO - Setting next_dagrun for example_subdag_operator.section-2 to None, run_after=None
[2024-11-16T19:16:21.430+0000] {logging_mixin.py:190} INFO - [2024-11-16T19:16:21.429+0000] {dag.py:3239} INFO - Sync 2 DAGs
[2024-11-16T19:16:21.442+0000] {logging_mixin.py:190} INFO - [2024-11-16T19:16:21.441+0000] {dag.py:4180} INFO - Setting next_dagrun for example_subdag_operator.section-1 to None, run_after=None
[2024-11-16T19:16:21.443+0000] {logging_mixin.py:190} INFO - [2024-11-16T19:16:21.443+0000] {dag.py:4180} INFO - Setting next_dagrun for example_subdag_operator.section-2 to None, run_after=None
[2024-11-16T19:16:21.467+0000] {processor.py:208} INFO - Processing /home/airflow/.local/lib/python3.12/site-packages/airflow/example_dags/example_subdag_operator.py took 0.281 seconds
[2024-11-16T19:16:55.530+0000] {processor.py:186} INFO - Started process (PID=1470) to work on /home/airflow/.local/lib/python3.12/site-packages/airflow/example_dags/example_subdag_operator.py
[2024-11-16T19:16:55.539+0000] {processor.py:914} INFO - Processing file /home/airflow/.local/lib/python3.12/site-packages/airflow/example_dags/example_subdag_operator.py for tasks to queue
[2024-11-16T19:16:55.546+0000] {logging_mixin.py:190} INFO - [2024-11-16T19:16:55.545+0000] {dagbag.py:588} INFO - Filling up the DagBag from /home/airflow/.local/lib/python3.12/site-packages/airflow/example_dags/example_subdag_operator.py
[2024-11-16T19:16:55.634+0000] {processor.py:925} INFO - DAG(s) 'example_subdag_operator.section-1', 'example_subdag_operator.section-2', 'example_subdag_operator' retrieved from /home/airflow/.local/lib/python3.12/site-packages/airflow/example_dags/example_subdag_operator.py
[2024-11-16T19:16:55.702+0000] {logging_mixin.py:190} INFO - [2024-11-16T19:16:55.701+0000] {dag.py:3239} INFO - Sync 3 DAGs
[2024-11-16T19:16:55.843+0000] {logging_mixin.py:190} INFO - [2024-11-16T19:16:55.839+0000] {dag.py:4180} INFO - Setting next_dagrun for example_subdag_operator to 2022-01-01 00:00:00+00:00, run_after=2022-01-01 00:00:00+00:00
[2024-11-16T19:16:55.866+0000] {logging_mixin.py:190} INFO - [2024-11-16T19:16:55.864+0000] {dag.py:4180} INFO - Setting next_dagrun for example_subdag_operator.section-1 to None, run_after=None
[2024-11-16T19:16:55.873+0000] {logging_mixin.py:190} INFO - [2024-11-16T19:16:55.873+0000] {dag.py:4180} INFO - Setting next_dagrun for example_subdag_operator.section-2 to None, run_after=None
[2024-11-16T19:16:55.909+0000] {logging_mixin.py:190} INFO - [2024-11-16T19:16:55.909+0000] {dag.py:3239} INFO - Sync 2 DAGs
[2024-11-16T19:16:55.962+0000] {logging_mixin.py:190} INFO - [2024-11-16T19:16:55.961+0000] {dag.py:4180} INFO - Setting next_dagrun for example_subdag_operator.section-1 to None, run_after=None
[2024-11-16T19:16:55.967+0000] {logging_mixin.py:190} INFO - [2024-11-16T19:16:55.966+0000] {dag.py:4180} INFO - Setting next_dagrun for example_subdag_operator.section-2 to None, run_after=None
[2024-11-16T19:16:56.011+0000] {processor.py:208} INFO - Processing /home/airflow/.local/lib/python3.12/site-packages/airflow/example_dags/example_subdag_operator.py took 0.539 seconds
[2024-11-16T19:17:27.150+0000] {processor.py:186} INFO - Started process (PID=1534) to work on /home/airflow/.local/lib/python3.12/site-packages/airflow/example_dags/example_subdag_operator.py
[2024-11-16T19:17:27.158+0000] {processor.py:914} INFO - Processing file /home/airflow/.local/lib/python3.12/site-packages/airflow/example_dags/example_subdag_operator.py for tasks to queue
[2024-11-16T19:17:27.169+0000] {logging_mixin.py:190} INFO - [2024-11-16T19:17:27.168+0000] {dagbag.py:588} INFO - Filling up the DagBag from /home/airflow/.local/lib/python3.12/site-packages/airflow/example_dags/example_subdag_operator.py
[2024-11-16T19:17:27.300+0000] {processor.py:925} INFO - DAG(s) 'example_subdag_operator.section-1', 'example_subdag_operator.section-2', 'example_subdag_operator' retrieved from /home/airflow/.local/lib/python3.12/site-packages/airflow/example_dags/example_subdag_operator.py
[2024-11-16T19:17:27.380+0000] {logging_mixin.py:190} INFO - [2024-11-16T19:17:27.379+0000] {dag.py:3239} INFO - Sync 3 DAGs
[2024-11-16T19:17:27.489+0000] {logging_mixin.py:190} INFO - [2024-11-16T19:17:27.488+0000] {dag.py:4180} INFO - Setting next_dagrun for example_subdag_operator to 2022-01-01 00:00:00+00:00, run_after=2022-01-01 00:00:00+00:00
[2024-11-16T19:17:27.516+0000] {logging_mixin.py:190} INFO - [2024-11-16T19:17:27.515+0000] {dag.py:4180} INFO - Setting next_dagrun for example_subdag_operator.section-1 to None, run_after=None
[2024-11-16T19:17:27.523+0000] {logging_mixin.py:190} INFO - [2024-11-16T19:17:27.522+0000] {dag.py:4180} INFO - Setting next_dagrun for example_subdag_operator.section-2 to None, run_after=None
[2024-11-16T19:17:27.558+0000] {logging_mixin.py:190} INFO - [2024-11-16T19:17:27.557+0000] {dag.py:3239} INFO - Sync 2 DAGs
[2024-11-16T19:17:27.608+0000] {logging_mixin.py:190} INFO - [2024-11-16T19:17:27.608+0000] {dag.py:4180} INFO - Setting next_dagrun for example_subdag_operator.section-1 to None, run_after=None
[2024-11-16T19:17:27.638+0000] {logging_mixin.py:190} INFO - [2024-11-16T19:17:27.635+0000] {dag.py:4180} INFO - Setting next_dagrun for example_subdag_operator.section-2 to None, run_after=None
[2024-11-16T19:17:27.709+0000] {processor.py:208} INFO - Processing /home/airflow/.local/lib/python3.12/site-packages/airflow/example_dags/example_subdag_operator.py took 0.597 seconds
