[2024-11-16T18:59:22.672+0000] {processor.py:186} INFO - Started process (PID=97) to work on /home/airflow/.local/lib/python3.12/site-packages/airflow/example_dags/example_sensors.py
[2024-11-16T18:59:22.696+0000] {processor.py:914} INFO - Processing file /home/airflow/.local/lib/python3.12/site-packages/airflow/example_dags/example_sensors.py for tasks to queue
[2024-11-16T18:59:22.732+0000] {logging_mixin.py:190} INFO - [2024-11-16T18:59:22.731+0000] {dagbag.py:588} INFO - Filling up the DagBag from /home/airflow/.local/lib/python3.12/site-packages/airflow/example_dags/example_sensors.py
[2024-11-16T18:59:22.881+0000] {processor.py:925} INFO - DAG(s) 'example_sensors' retrieved from /home/airflow/.local/lib/python3.12/site-packages/airflow/example_dags/example_sensors.py
[2024-11-16T18:59:23.420+0000] {logging_mixin.py:190} INFO - [2024-11-16T18:59:23.419+0000] {override.py:1911} INFO - Created Permission View: can delete on DAG:example_sensors
[2024-11-16T18:59:23.473+0000] {logging_mixin.py:190} INFO - [2024-11-16T18:59:23.472+0000] {override.py:1911} INFO - Created Permission View: can edit on DAG:example_sensors
[2024-11-16T18:59:23.529+0000] {logging_mixin.py:190} INFO - [2024-11-16T18:59:23.528+0000] {override.py:1911} INFO - Created Permission View: can read on DAG:example_sensors
[2024-11-16T18:59:23.578+0000] {logging_mixin.py:190} INFO - [2024-11-16T18:59:23.577+0000] {override.py:1911} INFO - Created Permission View: menu access on DAG Run:example_sensors
[2024-11-16T18:59:23.635+0000] {logging_mixin.py:190} INFO - [2024-11-16T18:59:23.635+0000] {override.py:1911} INFO - Created Permission View: can delete on DAG Run:example_sensors
[2024-11-16T18:59:23.679+0000] {logging_mixin.py:190} INFO - [2024-11-16T18:59:23.678+0000] {override.py:1911} INFO - Created Permission View: can read on DAG Run:example_sensors
[2024-11-16T18:59:23.725+0000] {logging_mixin.py:190} INFO - [2024-11-16T18:59:23.724+0000] {override.py:1911} INFO - Created Permission View: can create on DAG Run:example_sensors
[2024-11-16T18:59:23.727+0000] {logging_mixin.py:190} INFO - [2024-11-16T18:59:23.726+0000] {dag.py:3239} INFO - Sync 1 DAGs
[2024-11-16T18:59:23.793+0000] {logging_mixin.py:190} INFO - [2024-11-16T18:59:23.793+0000] {dag.py:3262} INFO - Creating ORM DAG for example_sensors
[2024-11-16T18:59:23.809+0000] {logging_mixin.py:190} INFO - [2024-11-16T18:59:23.809+0000] {dag.py:4180} INFO - Setting next_dagrun for example_sensors to None, run_after=None
[2024-11-16T18:59:23.900+0000] {processor.py:208} INFO - Processing /home/airflow/.local/lib/python3.12/site-packages/airflow/example_dags/example_sensors.py took 1.276 seconds
[2024-11-16T19:00:29.381+0000] {processor.py:186} INFO - Started process (PID=165) to work on /home/airflow/.local/lib/python3.12/site-packages/airflow/example_dags/example_sensors.py
[2024-11-16T19:00:29.385+0000] {processor.py:914} INFO - Processing file /home/airflow/.local/lib/python3.12/site-packages/airflow/example_dags/example_sensors.py for tasks to queue
[2024-11-16T19:00:29.392+0000] {logging_mixin.py:190} INFO - [2024-11-16T19:00:29.391+0000] {dagbag.py:588} INFO - Filling up the DagBag from /home/airflow/.local/lib/python3.12/site-packages/airflow/example_dags/example_sensors.py
[2024-11-16T19:00:29.428+0000] {processor.py:925} INFO - DAG(s) 'example_sensors' retrieved from /home/airflow/.local/lib/python3.12/site-packages/airflow/example_dags/example_sensors.py
[2024-11-16T19:00:29.524+0000] {logging_mixin.py:190} INFO - [2024-11-16T19:00:29.523+0000] {dag.py:3239} INFO - Sync 1 DAGs
[2024-11-16T19:00:29.585+0000] {logging_mixin.py:190} INFO - [2024-11-16T19:00:29.584+0000] {dag.py:4180} INFO - Setting next_dagrun for example_sensors to None, run_after=None
[2024-11-16T19:00:29.651+0000] {processor.py:208} INFO - Processing /home/airflow/.local/lib/python3.12/site-packages/airflow/example_dags/example_sensors.py took 0.293 seconds
[2024-11-16T19:01:03.456+0000] {processor.py:186} INFO - Started process (PID=228) to work on /home/airflow/.local/lib/python3.12/site-packages/airflow/example_dags/example_sensors.py
[2024-11-16T19:01:03.461+0000] {processor.py:914} INFO - Processing file /home/airflow/.local/lib/python3.12/site-packages/airflow/example_dags/example_sensors.py for tasks to queue
[2024-11-16T19:01:03.469+0000] {logging_mixin.py:190} INFO - [2024-11-16T19:01:03.469+0000] {dagbag.py:588} INFO - Filling up the DagBag from /home/airflow/.local/lib/python3.12/site-packages/airflow/example_dags/example_sensors.py
[2024-11-16T19:01:03.513+0000] {processor.py:925} INFO - DAG(s) 'example_sensors' retrieved from /home/airflow/.local/lib/python3.12/site-packages/airflow/example_dags/example_sensors.py
[2024-11-16T19:01:03.688+0000] {logging_mixin.py:190} INFO - [2024-11-16T19:01:03.687+0000] {dag.py:3239} INFO - Sync 1 DAGs
[2024-11-16T19:01:03.847+0000] {logging_mixin.py:190} INFO - [2024-11-16T19:01:03.846+0000] {dag.py:4180} INFO - Setting next_dagrun for example_sensors to None, run_after=None
[2024-11-16T19:01:03.977+0000] {processor.py:208} INFO - Processing /home/airflow/.local/lib/python3.12/site-packages/airflow/example_dags/example_sensors.py took 0.542 seconds
[2024-11-16T19:01:47.872+0000] {processor.py:186} INFO - Started process (PID=296) to work on /home/airflow/.local/lib/python3.12/site-packages/airflow/example_dags/example_sensors.py
[2024-11-16T19:01:47.881+0000] {processor.py:914} INFO - Processing file /home/airflow/.local/lib/python3.12/site-packages/airflow/example_dags/example_sensors.py for tasks to queue
[2024-11-16T19:01:47.896+0000] {logging_mixin.py:190} INFO - [2024-11-16T19:01:47.895+0000] {dagbag.py:588} INFO - Filling up the DagBag from /home/airflow/.local/lib/python3.12/site-packages/airflow/example_dags/example_sensors.py
[2024-11-16T19:01:47.955+0000] {processor.py:925} INFO - DAG(s) 'example_sensors' retrieved from /home/airflow/.local/lib/python3.12/site-packages/airflow/example_dags/example_sensors.py
[2024-11-16T19:01:48.064+0000] {logging_mixin.py:190} INFO - [2024-11-16T19:01:48.063+0000] {dag.py:3239} INFO - Sync 1 DAGs
[2024-11-16T19:01:48.158+0000] {logging_mixin.py:190} INFO - [2024-11-16T19:01:48.157+0000] {dag.py:4180} INFO - Setting next_dagrun for example_sensors to None, run_after=None
[2024-11-16T19:01:48.305+0000] {processor.py:208} INFO - Processing /home/airflow/.local/lib/python3.12/site-packages/airflow/example_dags/example_sensors.py took 0.454 seconds
[2024-11-16T19:02:32.187+0000] {processor.py:186} INFO - Started process (PID=356) to work on /home/airflow/.local/lib/python3.12/site-packages/airflow/example_dags/example_sensors.py
[2024-11-16T19:02:32.191+0000] {processor.py:914} INFO - Processing file /home/airflow/.local/lib/python3.12/site-packages/airflow/example_dags/example_sensors.py for tasks to queue
[2024-11-16T19:02:32.198+0000] {logging_mixin.py:190} INFO - [2024-11-16T19:02:32.198+0000] {dagbag.py:588} INFO - Filling up the DagBag from /home/airflow/.local/lib/python3.12/site-packages/airflow/example_dags/example_sensors.py
[2024-11-16T19:02:32.245+0000] {processor.py:925} INFO - DAG(s) 'example_sensors' retrieved from /home/airflow/.local/lib/python3.12/site-packages/airflow/example_dags/example_sensors.py
[2024-11-16T19:02:32.375+0000] {logging_mixin.py:190} INFO - [2024-11-16T19:02:32.373+0000] {dag.py:3239} INFO - Sync 1 DAGs
[2024-11-16T19:02:32.444+0000] {logging_mixin.py:190} INFO - [2024-11-16T19:02:32.443+0000] {dag.py:4180} INFO - Setting next_dagrun for example_sensors to None, run_after=None
[2024-11-16T19:02:32.508+0000] {processor.py:208} INFO - Processing /home/airflow/.local/lib/python3.12/site-packages/airflow/example_dags/example_sensors.py took 0.347 seconds
[2024-11-16T19:03:06.159+0000] {processor.py:186} INFO - Started process (PID=419) to work on /home/airflow/.local/lib/python3.12/site-packages/airflow/example_dags/example_sensors.py
[2024-11-16T19:03:06.162+0000] {processor.py:914} INFO - Processing file /home/airflow/.local/lib/python3.12/site-packages/airflow/example_dags/example_sensors.py for tasks to queue
[2024-11-16T19:03:06.170+0000] {logging_mixin.py:190} INFO - [2024-11-16T19:03:06.170+0000] {dagbag.py:588} INFO - Filling up the DagBag from /home/airflow/.local/lib/python3.12/site-packages/airflow/example_dags/example_sensors.py
[2024-11-16T19:03:06.204+0000] {processor.py:925} INFO - DAG(s) 'example_sensors' retrieved from /home/airflow/.local/lib/python3.12/site-packages/airflow/example_dags/example_sensors.py
[2024-11-16T19:03:06.299+0000] {logging_mixin.py:190} INFO - [2024-11-16T19:03:06.299+0000] {dag.py:3239} INFO - Sync 1 DAGs
[2024-11-16T19:03:06.347+0000] {logging_mixin.py:190} INFO - [2024-11-16T19:03:06.346+0000] {dag.py:4180} INFO - Setting next_dagrun for example_sensors to None, run_after=None
[2024-11-16T19:03:06.405+0000] {processor.py:208} INFO - Processing /home/airflow/.local/lib/python3.12/site-packages/airflow/example_dags/example_sensors.py took 0.264 seconds
[2024-11-16T19:03:37.403+0000] {processor.py:186} INFO - Started process (PID=482) to work on /home/airflow/.local/lib/python3.12/site-packages/airflow/example_dags/example_sensors.py
[2024-11-16T19:03:37.407+0000] {processor.py:914} INFO - Processing file /home/airflow/.local/lib/python3.12/site-packages/airflow/example_dags/example_sensors.py for tasks to queue
[2024-11-16T19:03:37.422+0000] {logging_mixin.py:190} INFO - [2024-11-16T19:03:37.420+0000] {dagbag.py:588} INFO - Filling up the DagBag from /home/airflow/.local/lib/python3.12/site-packages/airflow/example_dags/example_sensors.py
[2024-11-16T19:03:37.495+0000] {processor.py:925} INFO - DAG(s) 'example_sensors' retrieved from /home/airflow/.local/lib/python3.12/site-packages/airflow/example_dags/example_sensors.py
[2024-11-16T19:03:37.652+0000] {logging_mixin.py:190} INFO - [2024-11-16T19:03:37.651+0000] {dag.py:3239} INFO - Sync 1 DAGs
[2024-11-16T19:03:37.712+0000] {logging_mixin.py:190} INFO - [2024-11-16T19:03:37.711+0000] {dag.py:4180} INFO - Setting next_dagrun for example_sensors to None, run_after=None
[2024-11-16T19:03:37.776+0000] {processor.py:208} INFO - Processing /home/airflow/.local/lib/python3.12/site-packages/airflow/example_dags/example_sensors.py took 0.414 seconds
[2024-11-16T19:04:13.824+0000] {processor.py:186} INFO - Started process (PID=551) to work on /home/airflow/.local/lib/python3.12/site-packages/airflow/example_dags/example_sensors.py
[2024-11-16T19:04:13.830+0000] {processor.py:914} INFO - Processing file /home/airflow/.local/lib/python3.12/site-packages/airflow/example_dags/example_sensors.py for tasks to queue
[2024-11-16T19:04:13.836+0000] {logging_mixin.py:190} INFO - [2024-11-16T19:04:13.835+0000] {dagbag.py:588} INFO - Filling up the DagBag from /home/airflow/.local/lib/python3.12/site-packages/airflow/example_dags/example_sensors.py
[2024-11-16T19:04:13.882+0000] {processor.py:925} INFO - DAG(s) 'example_sensors' retrieved from /home/airflow/.local/lib/python3.12/site-packages/airflow/example_dags/example_sensors.py
[2024-11-16T19:04:13.974+0000] {logging_mixin.py:190} INFO - [2024-11-16T19:04:13.973+0000] {dag.py:3239} INFO - Sync 1 DAGs
[2024-11-16T19:04:14.049+0000] {logging_mixin.py:190} INFO - [2024-11-16T19:04:14.049+0000] {dag.py:4180} INFO - Setting next_dagrun for example_sensors to None, run_after=None
[2024-11-16T19:04:14.130+0000] {processor.py:208} INFO - Processing /home/airflow/.local/lib/python3.12/site-packages/airflow/example_dags/example_sensors.py took 0.326 seconds
[2024-11-16T19:05:37.497+0000] {processor.py:186} INFO - Started process (PID=626) to work on /home/airflow/.local/lib/python3.12/site-packages/airflow/example_dags/example_sensors.py
[2024-11-16T19:05:37.504+0000] {processor.py:914} INFO - Processing file /home/airflow/.local/lib/python3.12/site-packages/airflow/example_dags/example_sensors.py for tasks to queue
[2024-11-16T19:05:37.541+0000] {logging_mixin.py:190} INFO - [2024-11-16T19:05:37.540+0000] {dagbag.py:588} INFO - Filling up the DagBag from /home/airflow/.local/lib/python3.12/site-packages/airflow/example_dags/example_sensors.py
[2024-11-16T19:05:37.671+0000] {processor.py:925} INFO - DAG(s) 'example_sensors' retrieved from /home/airflow/.local/lib/python3.12/site-packages/airflow/example_dags/example_sensors.py
[2024-11-16T19:05:38.130+0000] {logging_mixin.py:190} INFO - [2024-11-16T19:05:38.073+0000] {dag.py:3239} INFO - Sync 1 DAGs
[2024-11-16T19:05:38.344+0000] {logging_mixin.py:190} INFO - [2024-11-16T19:05:38.333+0000] {dag.py:4180} INFO - Setting next_dagrun for example_sensors to None, run_after=None
[2024-11-16T19:05:38.635+0000] {processor.py:208} INFO - Processing /home/airflow/.local/lib/python3.12/site-packages/airflow/example_dags/example_sensors.py took 1.322 seconds
[2024-11-16T19:07:05.014+0000] {processor.py:186} INFO - Started process (PID=694) to work on /home/airflow/.local/lib/python3.12/site-packages/airflow/example_dags/example_sensors.py
[2024-11-16T19:07:05.045+0000] {processor.py:914} INFO - Processing file /home/airflow/.local/lib/python3.12/site-packages/airflow/example_dags/example_sensors.py for tasks to queue
[2024-11-16T19:07:05.063+0000] {logging_mixin.py:190} INFO - [2024-11-16T19:07:05.062+0000] {dagbag.py:588} INFO - Filling up the DagBag from /home/airflow/.local/lib/python3.12/site-packages/airflow/example_dags/example_sensors.py
[2024-11-16T19:07:05.321+0000] {processor.py:925} INFO - DAG(s) 'example_sensors' retrieved from /home/airflow/.local/lib/python3.12/site-packages/airflow/example_dags/example_sensors.py
[2024-11-16T19:07:05.735+0000] {logging_mixin.py:190} INFO - [2024-11-16T19:07:05.734+0000] {dag.py:3239} INFO - Sync 1 DAGs
[2024-11-16T19:07:05.989+0000] {logging_mixin.py:190} INFO - [2024-11-16T19:07:05.988+0000] {dag.py:4180} INFO - Setting next_dagrun for example_sensors to None, run_after=None
[2024-11-16T19:07:06.240+0000] {processor.py:208} INFO - Processing /home/airflow/.local/lib/python3.12/site-packages/airflow/example_dags/example_sensors.py took 1.308 seconds
[2024-11-16T19:08:28.451+0000] {processor.py:186} INFO - Started process (PID=752) to work on /home/airflow/.local/lib/python3.12/site-packages/airflow/example_dags/example_sensors.py
[2024-11-16T19:08:28.499+0000] {processor.py:914} INFO - Processing file /home/airflow/.local/lib/python3.12/site-packages/airflow/example_dags/example_sensors.py for tasks to queue
[2024-11-16T19:08:28.592+0000] {logging_mixin.py:190} INFO - [2024-11-16T19:08:28.591+0000] {dagbag.py:588} INFO - Filling up the DagBag from /home/airflow/.local/lib/python3.12/site-packages/airflow/example_dags/example_sensors.py
[2024-11-16T19:08:28.723+0000] {processor.py:925} INFO - DAG(s) 'example_sensors' retrieved from /home/airflow/.local/lib/python3.12/site-packages/airflow/example_dags/example_sensors.py
[2024-11-16T19:08:29.008+0000] {logging_mixin.py:190} INFO - [2024-11-16T19:08:29.007+0000] {dag.py:3239} INFO - Sync 1 DAGs
[2024-11-16T19:08:29.231+0000] {logging_mixin.py:190} INFO - [2024-11-16T19:08:29.231+0000] {dag.py:4180} INFO - Setting next_dagrun for example_sensors to None, run_after=None
[2024-11-16T19:08:29.642+0000] {processor.py:208} INFO - Processing /home/airflow/.local/lib/python3.12/site-packages/airflow/example_dags/example_sensors.py took 1.260 seconds
[2024-11-16T19:09:40.044+0000] {processor.py:186} INFO - Started process (PID=812) to work on /home/airflow/.local/lib/python3.12/site-packages/airflow/example_dags/example_sensors.py
[2024-11-16T19:09:40.087+0000] {processor.py:914} INFO - Processing file /home/airflow/.local/lib/python3.12/site-packages/airflow/example_dags/example_sensors.py for tasks to queue
[2024-11-16T19:09:40.121+0000] {logging_mixin.py:190} INFO - [2024-11-16T19:09:40.120+0000] {dagbag.py:588} INFO - Filling up the DagBag from /home/airflow/.local/lib/python3.12/site-packages/airflow/example_dags/example_sensors.py
[2024-11-16T19:09:40.526+0000] {processor.py:925} INFO - DAG(s) 'example_sensors' retrieved from /home/airflow/.local/lib/python3.12/site-packages/airflow/example_dags/example_sensors.py
[2024-11-16T19:09:41.177+0000] {logging_mixin.py:190} INFO - [2024-11-16T19:09:41.176+0000] {dag.py:3239} INFO - Sync 1 DAGs
[2024-11-16T19:09:41.388+0000] {logging_mixin.py:190} INFO - [2024-11-16T19:09:41.387+0000] {dag.py:4180} INFO - Setting next_dagrun for example_sensors to None, run_after=None
[2024-11-16T19:09:41.690+0000] {processor.py:208} INFO - Processing /home/airflow/.local/lib/python3.12/site-packages/airflow/example_dags/example_sensors.py took 1.779 seconds
[2024-11-16T19:10:39.809+0000] {processor.py:186} INFO - Started process (PID=863) to work on /home/airflow/.local/lib/python3.12/site-packages/airflow/example_dags/example_sensors.py
[2024-11-16T19:10:39.842+0000] {processor.py:914} INFO - Processing file /home/airflow/.local/lib/python3.12/site-packages/airflow/example_dags/example_sensors.py for tasks to queue
[2024-11-16T19:10:39.920+0000] {logging_mixin.py:190} INFO - [2024-11-16T19:10:39.890+0000] {dagbag.py:588} INFO - Filling up the DagBag from /home/airflow/.local/lib/python3.12/site-packages/airflow/example_dags/example_sensors.py
[2024-11-16T19:10:40.114+0000] {processor.py:925} INFO - DAG(s) 'example_sensors' retrieved from /home/airflow/.local/lib/python3.12/site-packages/airflow/example_dags/example_sensors.py
[2024-11-16T19:10:40.675+0000] {logging_mixin.py:190} INFO - [2024-11-16T19:10:40.674+0000] {dag.py:3239} INFO - Sync 1 DAGs
[2024-11-16T19:10:41.039+0000] {logging_mixin.py:190} INFO - [2024-11-16T19:10:41.027+0000] {dag.py:4180} INFO - Setting next_dagrun for example_sensors to None, run_after=None
[2024-11-16T19:10:41.351+0000] {processor.py:208} INFO - Processing /home/airflow/.local/lib/python3.12/site-packages/airflow/example_dags/example_sensors.py took 1.655 seconds
[2024-11-16T19:11:36.947+0000] {processor.py:186} INFO - Started process (PID=916) to work on /home/airflow/.local/lib/python3.12/site-packages/airflow/example_dags/example_sensors.py
[2024-11-16T19:11:36.968+0000] {processor.py:914} INFO - Processing file /home/airflow/.local/lib/python3.12/site-packages/airflow/example_dags/example_sensors.py for tasks to queue
[2024-11-16T19:11:37.044+0000] {logging_mixin.py:190} INFO - [2024-11-16T19:11:37.043+0000] {dagbag.py:588} INFO - Filling up the DagBag from /home/airflow/.local/lib/python3.12/site-packages/airflow/example_dags/example_sensors.py
[2024-11-16T19:11:37.239+0000] {processor.py:925} INFO - DAG(s) 'example_sensors' retrieved from /home/airflow/.local/lib/python3.12/site-packages/airflow/example_dags/example_sensors.py
[2024-11-16T19:11:37.568+0000] {logging_mixin.py:190} INFO - [2024-11-16T19:11:37.568+0000] {dag.py:3239} INFO - Sync 1 DAGs
[2024-11-16T19:11:37.772+0000] {logging_mixin.py:190} INFO - [2024-11-16T19:11:37.772+0000] {dag.py:4180} INFO - Setting next_dagrun for example_sensors to None, run_after=None
[2024-11-16T19:11:38.076+0000] {processor.py:208} INFO - Processing /home/airflow/.local/lib/python3.12/site-packages/airflow/example_dags/example_sensors.py took 1.179 seconds
[2024-11-16T19:12:41.249+0000] {processor.py:186} INFO - Started process (PID=987) to work on /home/airflow/.local/lib/python3.12/site-packages/airflow/example_dags/example_sensors.py
[2024-11-16T19:12:41.273+0000] {processor.py:914} INFO - Processing file /home/airflow/.local/lib/python3.12/site-packages/airflow/example_dags/example_sensors.py for tasks to queue
[2024-11-16T19:12:41.289+0000] {logging_mixin.py:190} INFO - [2024-11-16T19:12:41.282+0000] {dagbag.py:588} INFO - Filling up the DagBag from /home/airflow/.local/lib/python3.12/site-packages/airflow/example_dags/example_sensors.py
[2024-11-16T19:12:41.402+0000] {processor.py:925} INFO - DAG(s) 'example_sensors' retrieved from /home/airflow/.local/lib/python3.12/site-packages/airflow/example_dags/example_sensors.py
[2024-11-16T19:12:41.652+0000] {logging_mixin.py:190} INFO - [2024-11-16T19:12:41.652+0000] {dag.py:3239} INFO - Sync 1 DAGs
[2024-11-16T19:12:41.807+0000] {logging_mixin.py:190} INFO - [2024-11-16T19:12:41.806+0000] {dag.py:4180} INFO - Setting next_dagrun for example_sensors to None, run_after=None
[2024-11-16T19:12:42.007+0000] {processor.py:208} INFO - Processing /home/airflow/.local/lib/python3.12/site-packages/airflow/example_dags/example_sensors.py took 0.795 seconds
[2024-11-16T19:13:12.941+0000] {processor.py:186} INFO - Started process (PID=1050) to work on /home/airflow/.local/lib/python3.12/site-packages/airflow/example_dags/example_sensors.py
[2024-11-16T19:13:12.978+0000] {processor.py:914} INFO - Processing file /home/airflow/.local/lib/python3.12/site-packages/airflow/example_dags/example_sensors.py for tasks to queue
[2024-11-16T19:13:12.993+0000] {logging_mixin.py:190} INFO - [2024-11-16T19:13:12.992+0000] {dagbag.py:588} INFO - Filling up the DagBag from /home/airflow/.local/lib/python3.12/site-packages/airflow/example_dags/example_sensors.py
[2024-11-16T19:13:13.089+0000] {processor.py:925} INFO - DAG(s) 'example_sensors' retrieved from /home/airflow/.local/lib/python3.12/site-packages/airflow/example_dags/example_sensors.py
[2024-11-16T19:13:13.288+0000] {logging_mixin.py:190} INFO - [2024-11-16T19:13:13.287+0000] {dag.py:3239} INFO - Sync 1 DAGs
[2024-11-16T19:13:13.420+0000] {logging_mixin.py:190} INFO - [2024-11-16T19:13:13.419+0000] {dag.py:4180} INFO - Setting next_dagrun for example_sensors to None, run_after=None
[2024-11-16T19:13:13.570+0000] {processor.py:208} INFO - Processing /home/airflow/.local/lib/python3.12/site-packages/airflow/example_dags/example_sensors.py took 0.667 seconds
[2024-11-16T19:13:57.013+0000] {processor.py:186} INFO - Started process (PID=1119) to work on /home/airflow/.local/lib/python3.12/site-packages/airflow/example_dags/example_sensors.py
[2024-11-16T19:13:57.016+0000] {processor.py:914} INFO - Processing file /home/airflow/.local/lib/python3.12/site-packages/airflow/example_dags/example_sensors.py for tasks to queue
[2024-11-16T19:13:57.023+0000] {logging_mixin.py:190} INFO - [2024-11-16T19:13:57.022+0000] {dagbag.py:588} INFO - Filling up the DagBag from /home/airflow/.local/lib/python3.12/site-packages/airflow/example_dags/example_sensors.py
[2024-11-16T19:13:57.071+0000] {processor.py:925} INFO - DAG(s) 'example_sensors' retrieved from /home/airflow/.local/lib/python3.12/site-packages/airflow/example_dags/example_sensors.py
[2024-11-16T19:13:57.180+0000] {logging_mixin.py:190} INFO - [2024-11-16T19:13:57.175+0000] {dag.py:3239} INFO - Sync 1 DAGs
[2024-11-16T19:13:57.228+0000] {logging_mixin.py:190} INFO - [2024-11-16T19:13:57.227+0000] {dag.py:4180} INFO - Setting next_dagrun for example_sensors to None, run_after=None
[2024-11-16T19:13:57.302+0000] {processor.py:208} INFO - Processing /home/airflow/.local/lib/python3.12/site-packages/airflow/example_dags/example_sensors.py took 0.307 seconds
[2024-11-16T19:14:29.311+0000] {processor.py:186} INFO - Started process (PID=1184) to work on /home/airflow/.local/lib/python3.12/site-packages/airflow/example_dags/example_sensors.py
[2024-11-16T19:14:29.333+0000] {processor.py:914} INFO - Processing file /home/airflow/.local/lib/python3.12/site-packages/airflow/example_dags/example_sensors.py for tasks to queue
[2024-11-16T19:14:29.341+0000] {logging_mixin.py:190} INFO - [2024-11-16T19:14:29.340+0000] {dagbag.py:588} INFO - Filling up the DagBag from /home/airflow/.local/lib/python3.12/site-packages/airflow/example_dags/example_sensors.py
[2024-11-16T19:14:29.416+0000] {processor.py:925} INFO - DAG(s) 'example_sensors' retrieved from /home/airflow/.local/lib/python3.12/site-packages/airflow/example_dags/example_sensors.py
[2024-11-16T19:14:29.601+0000] {logging_mixin.py:190} INFO - [2024-11-16T19:14:29.600+0000] {dag.py:3239} INFO - Sync 1 DAGs
[2024-11-16T19:14:29.743+0000] {logging_mixin.py:190} INFO - [2024-11-16T19:14:29.742+0000] {dag.py:4180} INFO - Setting next_dagrun for example_sensors to None, run_after=None
[2024-11-16T19:14:29.809+0000] {processor.py:208} INFO - Processing /home/airflow/.local/lib/python3.12/site-packages/airflow/example_dags/example_sensors.py took 0.537 seconds
[2024-11-16T19:15:06.395+0000] {processor.py:186} INFO - Started process (PID=1246) to work on /home/airflow/.local/lib/python3.12/site-packages/airflow/example_dags/example_sensors.py
[2024-11-16T19:15:06.408+0000] {processor.py:914} INFO - Processing file /home/airflow/.local/lib/python3.12/site-packages/airflow/example_dags/example_sensors.py for tasks to queue
[2024-11-16T19:15:06.415+0000] {logging_mixin.py:190} INFO - [2024-11-16T19:15:06.414+0000] {dagbag.py:588} INFO - Filling up the DagBag from /home/airflow/.local/lib/python3.12/site-packages/airflow/example_dags/example_sensors.py
[2024-11-16T19:15:06.453+0000] {processor.py:925} INFO - DAG(s) 'example_sensors' retrieved from /home/airflow/.local/lib/python3.12/site-packages/airflow/example_dags/example_sensors.py
[2024-11-16T19:15:06.534+0000] {logging_mixin.py:190} INFO - [2024-11-16T19:15:06.533+0000] {dag.py:3239} INFO - Sync 1 DAGs
[2024-11-16T19:15:06.619+0000] {logging_mixin.py:190} INFO - [2024-11-16T19:15:06.618+0000] {dag.py:4180} INFO - Setting next_dagrun for example_sensors to None, run_after=None
[2024-11-16T19:15:06.673+0000] {processor.py:208} INFO - Processing /home/airflow/.local/lib/python3.12/site-packages/airflow/example_dags/example_sensors.py took 0.331 seconds
[2024-11-16T19:15:37.353+0000] {processor.py:186} INFO - Started process (PID=1310) to work on /home/airflow/.local/lib/python3.12/site-packages/airflow/example_dags/example_sensors.py
[2024-11-16T19:15:37.355+0000] {processor.py:914} INFO - Processing file /home/airflow/.local/lib/python3.12/site-packages/airflow/example_dags/example_sensors.py for tasks to queue
[2024-11-16T19:15:37.361+0000] {logging_mixin.py:190} INFO - [2024-11-16T19:15:37.360+0000] {dagbag.py:588} INFO - Filling up the DagBag from /home/airflow/.local/lib/python3.12/site-packages/airflow/example_dags/example_sensors.py
[2024-11-16T19:15:37.396+0000] {processor.py:925} INFO - DAG(s) 'example_sensors' retrieved from /home/airflow/.local/lib/python3.12/site-packages/airflow/example_dags/example_sensors.py
[2024-11-16T19:15:37.501+0000] {logging_mixin.py:190} INFO - [2024-11-16T19:15:37.499+0000] {dag.py:3239} INFO - Sync 1 DAGs
[2024-11-16T19:15:37.560+0000] {logging_mixin.py:190} INFO - [2024-11-16T19:15:37.560+0000] {dag.py:4180} INFO - Setting next_dagrun for example_sensors to None, run_after=None
[2024-11-16T19:15:37.615+0000] {processor.py:208} INFO - Processing /home/airflow/.local/lib/python3.12/site-packages/airflow/example_dags/example_sensors.py took 0.275 seconds
[2024-11-16T19:16:07.865+0000] {processor.py:186} INFO - Started process (PID=1373) to work on /home/airflow/.local/lib/python3.12/site-packages/airflow/example_dags/example_sensors.py
[2024-11-16T19:16:07.876+0000] {processor.py:914} INFO - Processing file /home/airflow/.local/lib/python3.12/site-packages/airflow/example_dags/example_sensors.py for tasks to queue
[2024-11-16T19:16:07.895+0000] {logging_mixin.py:190} INFO - [2024-11-16T19:16:07.882+0000] {dagbag.py:588} INFO - Filling up the DagBag from /home/airflow/.local/lib/python3.12/site-packages/airflow/example_dags/example_sensors.py
[2024-11-16T19:16:07.999+0000] {processor.py:925} INFO - DAG(s) 'example_sensors' retrieved from /home/airflow/.local/lib/python3.12/site-packages/airflow/example_dags/example_sensors.py
[2024-11-16T19:16:08.097+0000] {logging_mixin.py:190} INFO - [2024-11-16T19:16:08.096+0000] {dag.py:3239} INFO - Sync 1 DAGs
[2024-11-16T19:16:08.138+0000] {logging_mixin.py:190} INFO - [2024-11-16T19:16:08.137+0000] {dag.py:4180} INFO - Setting next_dagrun for example_sensors to None, run_after=None
[2024-11-16T19:16:08.180+0000] {processor.py:208} INFO - Processing /home/airflow/.local/lib/python3.12/site-packages/airflow/example_dags/example_sensors.py took 0.334 seconds
[2024-11-16T19:16:39.171+0000] {processor.py:186} INFO - Started process (PID=1437) to work on /home/airflow/.local/lib/python3.12/site-packages/airflow/example_dags/example_sensors.py
[2024-11-16T19:16:39.174+0000] {processor.py:914} INFO - Processing file /home/airflow/.local/lib/python3.12/site-packages/airflow/example_dags/example_sensors.py for tasks to queue
[2024-11-16T19:16:39.181+0000] {logging_mixin.py:190} INFO - [2024-11-16T19:16:39.180+0000] {dagbag.py:588} INFO - Filling up the DagBag from /home/airflow/.local/lib/python3.12/site-packages/airflow/example_dags/example_sensors.py
[2024-11-16T19:16:39.210+0000] {processor.py:925} INFO - DAG(s) 'example_sensors' retrieved from /home/airflow/.local/lib/python3.12/site-packages/airflow/example_dags/example_sensors.py
[2024-11-16T19:16:39.280+0000] {logging_mixin.py:190} INFO - [2024-11-16T19:16:39.279+0000] {dag.py:3239} INFO - Sync 1 DAGs
[2024-11-16T19:16:39.423+0000] {logging_mixin.py:190} INFO - [2024-11-16T19:16:39.423+0000] {dag.py:4180} INFO - Setting next_dagrun for example_sensors to None, run_after=None
[2024-11-16T19:16:39.604+0000] {processor.py:208} INFO - Processing /home/airflow/.local/lib/python3.12/site-packages/airflow/example_dags/example_sensors.py took 0.453 seconds
[2024-11-16T19:17:10.704+0000] {processor.py:186} INFO - Started process (PID=1500) to work on /home/airflow/.local/lib/python3.12/site-packages/airflow/example_dags/example_sensors.py
[2024-11-16T19:17:10.707+0000] {processor.py:914} INFO - Processing file /home/airflow/.local/lib/python3.12/site-packages/airflow/example_dags/example_sensors.py for tasks to queue
[2024-11-16T19:17:10.713+0000] {logging_mixin.py:190} INFO - [2024-11-16T19:17:10.712+0000] {dagbag.py:588} INFO - Filling up the DagBag from /home/airflow/.local/lib/python3.12/site-packages/airflow/example_dags/example_sensors.py
[2024-11-16T19:17:10.784+0000] {processor.py:925} INFO - DAG(s) 'example_sensors' retrieved from /home/airflow/.local/lib/python3.12/site-packages/airflow/example_dags/example_sensors.py
[2024-11-16T19:17:10.875+0000] {logging_mixin.py:190} INFO - [2024-11-16T19:17:10.874+0000] {dag.py:3239} INFO - Sync 1 DAGs
[2024-11-16T19:17:10.929+0000] {logging_mixin.py:190} INFO - [2024-11-16T19:17:10.928+0000] {dag.py:4180} INFO - Setting next_dagrun for example_sensors to None, run_after=None
[2024-11-16T19:17:11.004+0000] {processor.py:208} INFO - Processing /home/airflow/.local/lib/python3.12/site-packages/airflow/example_dags/example_sensors.py took 0.331 seconds
[2024-11-16T19:17:52.018+0000] {processor.py:186} INFO - Started process (PID=1559) to work on /home/airflow/.local/lib/python3.12/site-packages/airflow/example_dags/example_sensors.py
[2024-11-16T19:17:52.021+0000] {processor.py:914} INFO - Processing file /home/airflow/.local/lib/python3.12/site-packages/airflow/example_dags/example_sensors.py for tasks to queue
[2024-11-16T19:17:52.038+0000] {logging_mixin.py:190} INFO - [2024-11-16T19:17:52.037+0000] {dagbag.py:588} INFO - Filling up the DagBag from /home/airflow/.local/lib/python3.12/site-packages/airflow/example_dags/example_sensors.py
[2024-11-16T19:17:52.148+0000] {processor.py:925} INFO - DAG(s) 'example_sensors' retrieved from /home/airflow/.local/lib/python3.12/site-packages/airflow/example_dags/example_sensors.py
[2024-11-16T19:17:52.519+0000] {logging_mixin.py:190} INFO - [2024-11-16T19:17:52.518+0000] {dag.py:3239} INFO - Sync 1 DAGs
[2024-11-16T19:17:52.671+0000] {logging_mixin.py:190} INFO - [2024-11-16T19:17:52.670+0000] {dag.py:4180} INFO - Setting next_dagrun for example_sensors to None, run_after=None
[2024-11-16T19:17:52.991+0000] {processor.py:208} INFO - Processing /home/airflow/.local/lib/python3.12/site-packages/airflow/example_dags/example_sensors.py took 1.026 seconds
