[2024-11-16T18:59:06.207+0000] {processor.py:186} INFO - Started process (PID=77) to work on /home/airflow/.local/lib/python3.12/site-packages/airflow/example_dags/example_external_task_marker_dag.py
[2024-11-16T18:59:06.210+0000] {processor.py:914} INFO - Processing file /home/airflow/.local/lib/python3.12/site-packages/airflow/example_dags/example_external_task_marker_dag.py for tasks to queue
[2024-11-16T18:59:06.220+0000] {logging_mixin.py:190} INFO - [2024-11-16T18:59:06.219+0000] {dagbag.py:588} INFO - Filling up the DagBag from /home/airflow/.local/lib/python3.12/site-packages/airflow/example_dags/example_external_task_marker_dag.py
[2024-11-16T18:59:06.271+0000] {processor.py:925} INFO - DAG(s) 'example_external_task_marker_parent', 'example_external_task_marker_child' retrieved from /home/airflow/.local/lib/python3.12/site-packages/airflow/example_dags/example_external_task_marker_dag.py
[2024-11-16T18:59:07.343+0000] {logging_mixin.py:190} INFO - [2024-11-16T18:59:07.342+0000] {override.py:1911} INFO - Created Permission View: can delete on DAG:example_external_task_marker_parent
[2024-11-16T18:59:07.373+0000] {logging_mixin.py:190} INFO - [2024-11-16T18:59:07.372+0000] {override.py:1911} INFO - Created Permission View: can edit on DAG:example_external_task_marker_parent
[2024-11-16T18:59:07.391+0000] {logging_mixin.py:190} INFO - [2024-11-16T18:59:07.390+0000] {override.py:1911} INFO - Created Permission View: can read on DAG:example_external_task_marker_parent
[2024-11-16T18:59:07.411+0000] {logging_mixin.py:190} INFO - [2024-11-16T18:59:07.410+0000] {override.py:1911} INFO - Created Permission View: menu access on DAG Run:example_external_task_marker_parent
[2024-11-16T18:59:07.429+0000] {logging_mixin.py:190} INFO - [2024-11-16T18:59:07.429+0000] {override.py:1911} INFO - Created Permission View: can delete on DAG Run:example_external_task_marker_parent
[2024-11-16T18:59:07.459+0000] {logging_mixin.py:190} INFO - [2024-11-16T18:59:07.458+0000] {override.py:1911} INFO - Created Permission View: can read on DAG Run:example_external_task_marker_parent
[2024-11-16T18:59:07.493+0000] {logging_mixin.py:190} INFO - [2024-11-16T18:59:07.492+0000] {override.py:1911} INFO - Created Permission View: can create on DAG Run:example_external_task_marker_parent
[2024-11-16T18:59:07.545+0000] {logging_mixin.py:190} INFO - [2024-11-16T18:59:07.542+0000] {override.py:1911} INFO - Created Permission View: can delete on DAG:example_external_task_marker_child
[2024-11-16T18:59:07.562+0000] {logging_mixin.py:190} INFO - [2024-11-16T18:59:07.562+0000] {override.py:1911} INFO - Created Permission View: can edit on DAG:example_external_task_marker_child
[2024-11-16T18:59:07.580+0000] {logging_mixin.py:190} INFO - [2024-11-16T18:59:07.579+0000] {override.py:1911} INFO - Created Permission View: can read on DAG:example_external_task_marker_child
[2024-11-16T18:59:07.602+0000] {logging_mixin.py:190} INFO - [2024-11-16T18:59:07.601+0000] {override.py:1911} INFO - Created Permission View: menu access on DAG Run:example_external_task_marker_child
[2024-11-16T18:59:07.622+0000] {logging_mixin.py:190} INFO - [2024-11-16T18:59:07.620+0000] {override.py:1911} INFO - Created Permission View: can delete on DAG Run:example_external_task_marker_child
[2024-11-16T18:59:07.642+0000] {logging_mixin.py:190} INFO - [2024-11-16T18:59:07.642+0000] {override.py:1911} INFO - Created Permission View: can read on DAG Run:example_external_task_marker_child
[2024-11-16T18:59:07.664+0000] {logging_mixin.py:190} INFO - [2024-11-16T18:59:07.663+0000] {override.py:1911} INFO - Created Permission View: can create on DAG Run:example_external_task_marker_child
[2024-11-16T18:59:07.665+0000] {logging_mixin.py:190} INFO - [2024-11-16T18:59:07.665+0000] {dag.py:3239} INFO - Sync 2 DAGs
[2024-11-16T18:59:07.711+0000] {logging_mixin.py:190} INFO - [2024-11-16T18:59:07.711+0000] {dag.py:3262} INFO - Creating ORM DAG for example_external_task_marker_parent
[2024-11-16T18:59:07.714+0000] {logging_mixin.py:190} INFO - [2024-11-16T18:59:07.713+0000] {dag.py:3262} INFO - Creating ORM DAG for example_external_task_marker_child
[2024-11-16T18:59:07.717+0000] {logging_mixin.py:190} INFO - [2024-11-16T18:59:07.716+0000] {dag.py:4180} INFO - Setting next_dagrun for example_external_task_marker_child to None, run_after=None
[2024-11-16T18:59:07.719+0000] {logging_mixin.py:190} INFO - [2024-11-16T18:59:07.718+0000] {dag.py:4180} INFO - Setting next_dagrun for example_external_task_marker_parent to None, run_after=None
[2024-11-16T18:59:07.785+0000] {processor.py:208} INFO - Processing /home/airflow/.local/lib/python3.12/site-packages/airflow/example_dags/example_external_task_marker_dag.py took 1.596 seconds
[2024-11-16T19:00:18.000+0000] {processor.py:186} INFO - Started process (PID=145) to work on /home/airflow/.local/lib/python3.12/site-packages/airflow/example_dags/example_external_task_marker_dag.py
[2024-11-16T19:00:18.008+0000] {processor.py:914} INFO - Processing file /home/airflow/.local/lib/python3.12/site-packages/airflow/example_dags/example_external_task_marker_dag.py for tasks to queue
[2024-11-16T19:00:18.020+0000] {logging_mixin.py:190} INFO - [2024-11-16T19:00:18.020+0000] {dagbag.py:588} INFO - Filling up the DagBag from /home/airflow/.local/lib/python3.12/site-packages/airflow/example_dags/example_external_task_marker_dag.py
[2024-11-16T19:00:18.151+0000] {processor.py:925} INFO - DAG(s) 'example_external_task_marker_parent', 'example_external_task_marker_child' retrieved from /home/airflow/.local/lib/python3.12/site-packages/airflow/example_dags/example_external_task_marker_dag.py
[2024-11-16T19:00:18.960+0000] {logging_mixin.py:190} INFO - [2024-11-16T19:00:18.959+0000] {dag.py:3239} INFO - Sync 2 DAGs
[2024-11-16T19:00:19.220+0000] {logging_mixin.py:190} INFO - [2024-11-16T19:00:19.219+0000] {dag.py:4180} INFO - Setting next_dagrun for example_external_task_marker_child to None, run_after=None
[2024-11-16T19:00:19.505+0000] {logging_mixin.py:190} INFO - [2024-11-16T19:00:19.495+0000] {dag.py:4180} INFO - Setting next_dagrun for example_external_task_marker_parent to None, run_after=None
[2024-11-16T19:00:19.948+0000] {processor.py:208} INFO - Processing /home/airflow/.local/lib/python3.12/site-packages/airflow/example_dags/example_external_task_marker_dag.py took 1.988 seconds
[2024-11-16T19:00:52.494+0000] {processor.py:186} INFO - Started process (PID=205) to work on /home/airflow/.local/lib/python3.12/site-packages/airflow/example_dags/example_external_task_marker_dag.py
[2024-11-16T19:00:52.522+0000] {processor.py:914} INFO - Processing file /home/airflow/.local/lib/python3.12/site-packages/airflow/example_dags/example_external_task_marker_dag.py for tasks to queue
[2024-11-16T19:00:52.542+0000] {logging_mixin.py:190} INFO - [2024-11-16T19:00:52.541+0000] {dagbag.py:588} INFO - Filling up the DagBag from /home/airflow/.local/lib/python3.12/site-packages/airflow/example_dags/example_external_task_marker_dag.py
[2024-11-16T19:00:52.608+0000] {processor.py:925} INFO - DAG(s) 'example_external_task_marker_child', 'example_external_task_marker_parent' retrieved from /home/airflow/.local/lib/python3.12/site-packages/airflow/example_dags/example_external_task_marker_dag.py
[2024-11-16T19:00:52.707+0000] {logging_mixin.py:190} INFO - [2024-11-16T19:00:52.706+0000] {dag.py:3239} INFO - Sync 2 DAGs
[2024-11-16T19:00:52.784+0000] {logging_mixin.py:190} INFO - [2024-11-16T19:00:52.783+0000] {dag.py:4180} INFO - Setting next_dagrun for example_external_task_marker_child to None, run_after=None
[2024-11-16T19:00:52.801+0000] {logging_mixin.py:190} INFO - [2024-11-16T19:00:52.801+0000] {dag.py:4180} INFO - Setting next_dagrun for example_external_task_marker_parent to None, run_after=None
[2024-11-16T19:00:52.881+0000] {processor.py:208} INFO - Processing /home/airflow/.local/lib/python3.12/site-packages/airflow/example_dags/example_external_task_marker_dag.py took 0.430 seconds
[2024-11-16T19:01:26.261+0000] {processor.py:186} INFO - Started process (PID=266) to work on /home/airflow/.local/lib/python3.12/site-packages/airflow/example_dags/example_external_task_marker_dag.py
[2024-11-16T19:01:26.547+0000] {processor.py:914} INFO - Processing file /home/airflow/.local/lib/python3.12/site-packages/airflow/example_dags/example_external_task_marker_dag.py for tasks to queue
[2024-11-16T19:01:26.594+0000] {logging_mixin.py:190} INFO - [2024-11-16T19:01:26.593+0000] {dagbag.py:588} INFO - Filling up the DagBag from /home/airflow/.local/lib/python3.12/site-packages/airflow/example_dags/example_external_task_marker_dag.py
[2024-11-16T19:01:26.709+0000] {processor.py:925} INFO - DAG(s) 'example_external_task_marker_parent', 'example_external_task_marker_child' retrieved from /home/airflow/.local/lib/python3.12/site-packages/airflow/example_dags/example_external_task_marker_dag.py
[2024-11-16T19:01:26.949+0000] {logging_mixin.py:190} INFO - [2024-11-16T19:01:26.948+0000] {dag.py:3239} INFO - Sync 2 DAGs
[2024-11-16T19:01:27.128+0000] {logging_mixin.py:190} INFO - [2024-11-16T19:01:27.128+0000] {dag.py:4180} INFO - Setting next_dagrun for example_external_task_marker_child to None, run_after=None
[2024-11-16T19:01:27.175+0000] {logging_mixin.py:190} INFO - [2024-11-16T19:01:27.175+0000] {dag.py:4180} INFO - Setting next_dagrun for example_external_task_marker_parent to None, run_after=None
[2024-11-16T19:01:27.352+0000] {processor.py:208} INFO - Processing /home/airflow/.local/lib/python3.12/site-packages/airflow/example_dags/example_external_task_marker_dag.py took 1.143 seconds
[2024-11-16T19:02:06.686+0000] {processor.py:186} INFO - Started process (PID=323) to work on /home/airflow/.local/lib/python3.12/site-packages/airflow/example_dags/example_external_task_marker_dag.py
[2024-11-16T19:02:06.701+0000] {processor.py:914} INFO - Processing file /home/airflow/.local/lib/python3.12/site-packages/airflow/example_dags/example_external_task_marker_dag.py for tasks to queue
[2024-11-16T19:02:06.741+0000] {logging_mixin.py:190} INFO - [2024-11-16T19:02:06.739+0000] {dagbag.py:588} INFO - Filling up the DagBag from /home/airflow/.local/lib/python3.12/site-packages/airflow/example_dags/example_external_task_marker_dag.py
[2024-11-16T19:02:06.810+0000] {processor.py:925} INFO - DAG(s) 'example_external_task_marker_child', 'example_external_task_marker_parent' retrieved from /home/airflow/.local/lib/python3.12/site-packages/airflow/example_dags/example_external_task_marker_dag.py
[2024-11-16T19:02:06.969+0000] {logging_mixin.py:190} INFO - [2024-11-16T19:02:06.969+0000] {dag.py:3239} INFO - Sync 2 DAGs
[2024-11-16T19:02:07.086+0000] {logging_mixin.py:190} INFO - [2024-11-16T19:02:07.085+0000] {dag.py:4180} INFO - Setting next_dagrun for example_external_task_marker_child to None, run_after=None
[2024-11-16T19:02:07.112+0000] {logging_mixin.py:190} INFO - [2024-11-16T19:02:07.111+0000] {dag.py:4180} INFO - Setting next_dagrun for example_external_task_marker_parent to None, run_after=None
[2024-11-16T19:02:07.177+0000] {processor.py:208} INFO - Processing /home/airflow/.local/lib/python3.12/site-packages/airflow/example_dags/example_external_task_marker_dag.py took 0.678 seconds
[2024-11-16T19:02:41.133+0000] {processor.py:186} INFO - Started process (PID=378) to work on /home/airflow/.local/lib/python3.12/site-packages/airflow/example_dags/example_external_task_marker_dag.py
[2024-11-16T19:02:41.136+0000] {processor.py:914} INFO - Processing file /home/airflow/.local/lib/python3.12/site-packages/airflow/example_dags/example_external_task_marker_dag.py for tasks to queue
[2024-11-16T19:02:41.143+0000] {logging_mixin.py:190} INFO - [2024-11-16T19:02:41.141+0000] {dagbag.py:588} INFO - Filling up the DagBag from /home/airflow/.local/lib/python3.12/site-packages/airflow/example_dags/example_external_task_marker_dag.py
[2024-11-16T19:02:41.163+0000] {processor.py:925} INFO - DAG(s) 'example_external_task_marker_parent', 'example_external_task_marker_child' retrieved from /home/airflow/.local/lib/python3.12/site-packages/airflow/example_dags/example_external_task_marker_dag.py
[2024-11-16T19:02:41.233+0000] {logging_mixin.py:190} INFO - [2024-11-16T19:02:41.232+0000] {dag.py:3239} INFO - Sync 2 DAGs
[2024-11-16T19:02:41.280+0000] {logging_mixin.py:190} INFO - [2024-11-16T19:02:41.280+0000] {dag.py:4180} INFO - Setting next_dagrun for example_external_task_marker_child to None, run_after=None
[2024-11-16T19:02:41.290+0000] {logging_mixin.py:190} INFO - [2024-11-16T19:02:41.290+0000] {dag.py:4180} INFO - Setting next_dagrun for example_external_task_marker_parent to None, run_after=None
[2024-11-16T19:02:41.340+0000] {processor.py:208} INFO - Processing /home/airflow/.local/lib/python3.12/site-packages/airflow/example_dags/example_external_task_marker_dag.py took 0.227 seconds
[2024-11-16T19:03:11.531+0000] {processor.py:186} INFO - Started process (PID=441) to work on /home/airflow/.local/lib/python3.12/site-packages/airflow/example_dags/example_external_task_marker_dag.py
[2024-11-16T19:03:11.536+0000] {processor.py:914} INFO - Processing file /home/airflow/.local/lib/python3.12/site-packages/airflow/example_dags/example_external_task_marker_dag.py for tasks to queue
[2024-11-16T19:03:11.541+0000] {logging_mixin.py:190} INFO - [2024-11-16T19:03:11.541+0000] {dagbag.py:588} INFO - Filling up the DagBag from /home/airflow/.local/lib/python3.12/site-packages/airflow/example_dags/example_external_task_marker_dag.py
[2024-11-16T19:03:11.562+0000] {processor.py:925} INFO - DAG(s) 'example_external_task_marker_child', 'example_external_task_marker_parent' retrieved from /home/airflow/.local/lib/python3.12/site-packages/airflow/example_dags/example_external_task_marker_dag.py
[2024-11-16T19:03:11.639+0000] {logging_mixin.py:190} INFO - [2024-11-16T19:03:11.639+0000] {dag.py:3239} INFO - Sync 2 DAGs
[2024-11-16T19:03:11.689+0000] {logging_mixin.py:190} INFO - [2024-11-16T19:03:11.689+0000] {dag.py:4180} INFO - Setting next_dagrun for example_external_task_marker_child to None, run_after=None
[2024-11-16T19:03:11.698+0000] {logging_mixin.py:190} INFO - [2024-11-16T19:03:11.697+0000] {dag.py:4180} INFO - Setting next_dagrun for example_external_task_marker_parent to None, run_after=None
[2024-11-16T19:03:11.744+0000] {processor.py:208} INFO - Processing /home/airflow/.local/lib/python3.12/site-packages/airflow/example_dags/example_external_task_marker_dag.py took 0.228 seconds
[2024-11-16T19:03:41.869+0000] {processor.py:186} INFO - Started process (PID=499) to work on /home/airflow/.local/lib/python3.12/site-packages/airflow/example_dags/example_external_task_marker_dag.py
[2024-11-16T19:03:41.872+0000] {processor.py:914} INFO - Processing file /home/airflow/.local/lib/python3.12/site-packages/airflow/example_dags/example_external_task_marker_dag.py for tasks to queue
[2024-11-16T19:03:41.884+0000] {logging_mixin.py:190} INFO - [2024-11-16T19:03:41.883+0000] {dagbag.py:588} INFO - Filling up the DagBag from /home/airflow/.local/lib/python3.12/site-packages/airflow/example_dags/example_external_task_marker_dag.py
[2024-11-16T19:03:41.915+0000] {processor.py:925} INFO - DAG(s) 'example_external_task_marker_child', 'example_external_task_marker_parent' retrieved from /home/airflow/.local/lib/python3.12/site-packages/airflow/example_dags/example_external_task_marker_dag.py
[2024-11-16T19:03:41.979+0000] {logging_mixin.py:190} INFO - [2024-11-16T19:03:41.979+0000] {dag.py:3239} INFO - Sync 2 DAGs
[2024-11-16T19:03:42.027+0000] {logging_mixin.py:190} INFO - [2024-11-16T19:03:42.027+0000] {dag.py:4180} INFO - Setting next_dagrun for example_external_task_marker_child to None, run_after=None
[2024-11-16T19:03:42.039+0000] {logging_mixin.py:190} INFO - [2024-11-16T19:03:42.038+0000] {dag.py:4180} INFO - Setting next_dagrun for example_external_task_marker_parent to None, run_after=None
[2024-11-16T19:03:42.077+0000] {processor.py:208} INFO - Processing /home/airflow/.local/lib/python3.12/site-packages/airflow/example_dags/example_external_task_marker_dag.py took 0.240 seconds
[2024-11-16T19:04:15.804+0000] {processor.py:186} INFO - Started process (PID=560) to work on /home/airflow/.local/lib/python3.12/site-packages/airflow/example_dags/example_external_task_marker_dag.py
[2024-11-16T19:04:15.806+0000] {processor.py:914} INFO - Processing file /home/airflow/.local/lib/python3.12/site-packages/airflow/example_dags/example_external_task_marker_dag.py for tasks to queue
[2024-11-16T19:04:15.818+0000] {logging_mixin.py:190} INFO - [2024-11-16T19:04:15.817+0000] {dagbag.py:588} INFO - Filling up the DagBag from /home/airflow/.local/lib/python3.12/site-packages/airflow/example_dags/example_external_task_marker_dag.py
[2024-11-16T19:04:15.851+0000] {processor.py:925} INFO - DAG(s) 'example_external_task_marker_parent', 'example_external_task_marker_child' retrieved from /home/airflow/.local/lib/python3.12/site-packages/airflow/example_dags/example_external_task_marker_dag.py
[2024-11-16T19:04:15.919+0000] {logging_mixin.py:190} INFO - [2024-11-16T19:04:15.918+0000] {dag.py:3239} INFO - Sync 2 DAGs
[2024-11-16T19:04:15.966+0000] {logging_mixin.py:190} INFO - [2024-11-16T19:04:15.965+0000] {dag.py:4180} INFO - Setting next_dagrun for example_external_task_marker_child to None, run_after=None
[2024-11-16T19:04:15.981+0000] {logging_mixin.py:190} INFO - [2024-11-16T19:04:15.981+0000] {dag.py:4180} INFO - Setting next_dagrun for example_external_task_marker_parent to None, run_after=None
[2024-11-16T19:04:16.024+0000] {processor.py:208} INFO - Processing /home/airflow/.local/lib/python3.12/site-packages/airflow/example_dags/example_external_task_marker_dag.py took 0.239 seconds
[2024-11-16T19:05:01.143+0000] {processor.py:186} INFO - Started process (PID=607) to work on /home/airflow/.local/lib/python3.12/site-packages/airflow/example_dags/example_external_task_marker_dag.py
[2024-11-16T19:05:01.194+0000] {processor.py:914} INFO - Processing file /home/airflow/.local/lib/python3.12/site-packages/airflow/example_dags/example_external_task_marker_dag.py for tasks to queue
[2024-11-16T19:05:01.238+0000] {logging_mixin.py:190} INFO - [2024-11-16T19:05:01.237+0000] {dagbag.py:588} INFO - Filling up the DagBag from /home/airflow/.local/lib/python3.12/site-packages/airflow/example_dags/example_external_task_marker_dag.py
[2024-11-16T19:05:01.306+0000] {processor.py:925} INFO - DAG(s) 'example_external_task_marker_child', 'example_external_task_marker_parent' retrieved from /home/airflow/.local/lib/python3.12/site-packages/airflow/example_dags/example_external_task_marker_dag.py
[2024-11-16T19:05:01.696+0000] {logging_mixin.py:190} INFO - [2024-11-16T19:05:01.696+0000] {dag.py:3239} INFO - Sync 2 DAGs
[2024-11-16T19:05:01.957+0000] {logging_mixin.py:190} INFO - [2024-11-16T19:05:01.956+0000] {dag.py:4180} INFO - Setting next_dagrun for example_external_task_marker_child to None, run_after=None
[2024-11-16T19:05:02.046+0000] {logging_mixin.py:190} INFO - [2024-11-16T19:05:02.038+0000] {dag.py:4180} INFO - Setting next_dagrun for example_external_task_marker_parent to None, run_after=None
[2024-11-16T19:05:02.327+0000] {processor.py:208} INFO - Processing /home/airflow/.local/lib/python3.12/site-packages/airflow/example_dags/example_external_task_marker_dag.py took 1.214 seconds
[2024-11-16T19:06:29.953+0000] {processor.py:186} INFO - Started process (PID=668) to work on /home/airflow/.local/lib/python3.12/site-packages/airflow/example_dags/example_external_task_marker_dag.py
[2024-11-16T19:06:29.975+0000] {processor.py:914} INFO - Processing file /home/airflow/.local/lib/python3.12/site-packages/airflow/example_dags/example_external_task_marker_dag.py for tasks to queue
[2024-11-16T19:06:29.993+0000] {logging_mixin.py:190} INFO - [2024-11-16T19:06:29.992+0000] {dagbag.py:588} INFO - Filling up the DagBag from /home/airflow/.local/lib/python3.12/site-packages/airflow/example_dags/example_external_task_marker_dag.py
[2024-11-16T19:06:30.080+0000] {processor.py:925} INFO - DAG(s) 'example_external_task_marker_child', 'example_external_task_marker_parent' retrieved from /home/airflow/.local/lib/python3.12/site-packages/airflow/example_dags/example_external_task_marker_dag.py
[2024-11-16T19:06:30.401+0000] {logging_mixin.py:190} INFO - [2024-11-16T19:06:30.400+0000] {dag.py:3239} INFO - Sync 2 DAGs
[2024-11-16T19:06:30.639+0000] {logging_mixin.py:190} INFO - [2024-11-16T19:06:30.626+0000] {dag.py:4180} INFO - Setting next_dagrun for example_external_task_marker_child to None, run_after=None
[2024-11-16T19:06:30.745+0000] {logging_mixin.py:190} INFO - [2024-11-16T19:06:30.744+0000] {dag.py:4180} INFO - Setting next_dagrun for example_external_task_marker_parent to None, run_after=None
[2024-11-16T19:06:30.983+0000] {processor.py:208} INFO - Processing /home/airflow/.local/lib/python3.12/site-packages/airflow/example_dags/example_external_task_marker_dag.py took 1.083 seconds
[2024-11-16T19:07:52.622+0000] {processor.py:186} INFO - Started process (PID=726) to work on /home/airflow/.local/lib/python3.12/site-packages/airflow/example_dags/example_external_task_marker_dag.py
[2024-11-16T19:07:52.636+0000] {processor.py:914} INFO - Processing file /home/airflow/.local/lib/python3.12/site-packages/airflow/example_dags/example_external_task_marker_dag.py for tasks to queue
[2024-11-16T19:07:52.670+0000] {logging_mixin.py:190} INFO - [2024-11-16T19:07:52.669+0000] {dagbag.py:588} INFO - Filling up the DagBag from /home/airflow/.local/lib/python3.12/site-packages/airflow/example_dags/example_external_task_marker_dag.py
[2024-11-16T19:07:52.799+0000] {processor.py:925} INFO - DAG(s) 'example_external_task_marker_child', 'example_external_task_marker_parent' retrieved from /home/airflow/.local/lib/python3.12/site-packages/airflow/example_dags/example_external_task_marker_dag.py
[2024-11-16T19:07:53.344+0000] {logging_mixin.py:190} INFO - [2024-11-16T19:07:53.338+0000] {dag.py:3239} INFO - Sync 2 DAGs
[2024-11-16T19:07:53.754+0000] {logging_mixin.py:190} INFO - [2024-11-16T19:07:53.754+0000] {dag.py:4180} INFO - Setting next_dagrun for example_external_task_marker_child to None, run_after=None
[2024-11-16T19:07:53.848+0000] {logging_mixin.py:190} INFO - [2024-11-16T19:07:53.847+0000] {dag.py:4180} INFO - Setting next_dagrun for example_external_task_marker_parent to None, run_after=None
[2024-11-16T19:07:54.056+0000] {processor.py:208} INFO - Processing /home/airflow/.local/lib/python3.12/site-packages/airflow/example_dags/example_external_task_marker_dag.py took 1.511 seconds
[2024-11-16T19:09:10.878+0000] {processor.py:186} INFO - Started process (PID=786) to work on /home/airflow/.local/lib/python3.12/site-packages/airflow/example_dags/example_external_task_marker_dag.py
[2024-11-16T19:09:10.890+0000] {processor.py:914} INFO - Processing file /home/airflow/.local/lib/python3.12/site-packages/airflow/example_dags/example_external_task_marker_dag.py for tasks to queue
[2024-11-16T19:09:10.915+0000] {logging_mixin.py:190} INFO - [2024-11-16T19:09:10.914+0000] {dagbag.py:588} INFO - Filling up the DagBag from /home/airflow/.local/lib/python3.12/site-packages/airflow/example_dags/example_external_task_marker_dag.py
[2024-11-16T19:09:11.000+0000] {processor.py:925} INFO - DAG(s) 'example_external_task_marker_parent', 'example_external_task_marker_child' retrieved from /home/airflow/.local/lib/python3.12/site-packages/airflow/example_dags/example_external_task_marker_dag.py
[2024-11-16T19:09:11.320+0000] {logging_mixin.py:190} INFO - [2024-11-16T19:09:11.320+0000] {dag.py:3239} INFO - Sync 2 DAGs
[2024-11-16T19:09:11.585+0000] {logging_mixin.py:190} INFO - [2024-11-16T19:09:11.584+0000] {dag.py:4180} INFO - Setting next_dagrun for example_external_task_marker_child to None, run_after=None
[2024-11-16T19:09:11.678+0000] {logging_mixin.py:190} INFO - [2024-11-16T19:09:11.671+0000] {dag.py:4180} INFO - Setting next_dagrun for example_external_task_marker_parent to None, run_after=None
[2024-11-16T19:09:11.934+0000] {processor.py:208} INFO - Processing /home/airflow/.local/lib/python3.12/site-packages/airflow/example_dags/example_external_task_marker_dag.py took 1.144 seconds
[2024-11-16T19:10:15.385+0000] {processor.py:186} INFO - Started process (PID=837) to work on /home/airflow/.local/lib/python3.12/site-packages/airflow/example_dags/example_external_task_marker_dag.py
[2024-11-16T19:10:15.388+0000] {processor.py:914} INFO - Processing file /home/airflow/.local/lib/python3.12/site-packages/airflow/example_dags/example_external_task_marker_dag.py for tasks to queue
[2024-11-16T19:10:15.417+0000] {logging_mixin.py:190} INFO - [2024-11-16T19:10:15.416+0000] {dagbag.py:588} INFO - Filling up the DagBag from /home/airflow/.local/lib/python3.12/site-packages/airflow/example_dags/example_external_task_marker_dag.py
[2024-11-16T19:10:15.529+0000] {processor.py:925} INFO - DAG(s) 'example_external_task_marker_child', 'example_external_task_marker_parent' retrieved from /home/airflow/.local/lib/python3.12/site-packages/airflow/example_dags/example_external_task_marker_dag.py
[2024-11-16T19:10:15.920+0000] {logging_mixin.py:190} INFO - [2024-11-16T19:10:15.919+0000] {dag.py:3239} INFO - Sync 2 DAGs
[2024-11-16T19:10:16.329+0000] {logging_mixin.py:190} INFO - [2024-11-16T19:10:16.328+0000] {dag.py:4180} INFO - Setting next_dagrun for example_external_task_marker_child to None, run_after=None
[2024-11-16T19:10:16.447+0000] {logging_mixin.py:190} INFO - [2024-11-16T19:10:16.445+0000] {dag.py:4180} INFO - Setting next_dagrun for example_external_task_marker_parent to None, run_after=None
[2024-11-16T19:10:16.669+0000] {processor.py:208} INFO - Processing /home/airflow/.local/lib/python3.12/site-packages/airflow/example_dags/example_external_task_marker_dag.py took 1.379 seconds
[2024-11-16T19:11:12.124+0000] {processor.py:186} INFO - Started process (PID=890) to work on /home/airflow/.local/lib/python3.12/site-packages/airflow/example_dags/example_external_task_marker_dag.py
[2024-11-16T19:11:12.140+0000] {processor.py:914} INFO - Processing file /home/airflow/.local/lib/python3.12/site-packages/airflow/example_dags/example_external_task_marker_dag.py for tasks to queue
[2024-11-16T19:11:12.192+0000] {logging_mixin.py:190} INFO - [2024-11-16T19:11:12.191+0000] {dagbag.py:588} INFO - Filling up the DagBag from /home/airflow/.local/lib/python3.12/site-packages/airflow/example_dags/example_external_task_marker_dag.py
[2024-11-16T19:11:12.293+0000] {processor.py:925} INFO - DAG(s) 'example_external_task_marker_parent', 'example_external_task_marker_child' retrieved from /home/airflow/.local/lib/python3.12/site-packages/airflow/example_dags/example_external_task_marker_dag.py
[2024-11-16T19:11:12.428+0000] {logging_mixin.py:190} INFO - [2024-11-16T19:11:12.427+0000] {dag.py:3239} INFO - Sync 2 DAGs
[2024-11-16T19:11:12.595+0000] {logging_mixin.py:190} INFO - [2024-11-16T19:11:12.583+0000] {dag.py:4180} INFO - Setting next_dagrun for example_external_task_marker_child to None, run_after=None
[2024-11-16T19:11:12.653+0000] {logging_mixin.py:190} INFO - [2024-11-16T19:11:12.653+0000] {dag.py:4180} INFO - Setting next_dagrun for example_external_task_marker_parent to None, run_after=None
[2024-11-16T19:11:12.824+0000] {processor.py:208} INFO - Processing /home/airflow/.local/lib/python3.12/site-packages/airflow/example_dags/example_external_task_marker_dag.py took 0.761 seconds
[2024-11-16T19:11:57.904+0000] {processor.py:186} INFO - Started process (PID=939) to work on /home/airflow/.local/lib/python3.12/site-packages/airflow/example_dags/example_external_task_marker_dag.py
[2024-11-16T19:11:57.928+0000] {processor.py:914} INFO - Processing file /home/airflow/.local/lib/python3.12/site-packages/airflow/example_dags/example_external_task_marker_dag.py for tasks to queue
[2024-11-16T19:11:58.058+0000] {logging_mixin.py:190} INFO - [2024-11-16T19:11:58.057+0000] {dagbag.py:588} INFO - Filling up the DagBag from /home/airflow/.local/lib/python3.12/site-packages/airflow/example_dags/example_external_task_marker_dag.py
[2024-11-16T19:11:58.137+0000] {processor.py:925} INFO - DAG(s) 'example_external_task_marker_child', 'example_external_task_marker_parent' retrieved from /home/airflow/.local/lib/python3.12/site-packages/airflow/example_dags/example_external_task_marker_dag.py
[2024-11-16T19:11:58.310+0000] {logging_mixin.py:190} INFO - [2024-11-16T19:11:58.310+0000] {dag.py:3239} INFO - Sync 2 DAGs
[2024-11-16T19:11:58.507+0000] {logging_mixin.py:190} INFO - [2024-11-16T19:11:58.506+0000] {dag.py:4180} INFO - Setting next_dagrun for example_external_task_marker_child to None, run_after=None
[2024-11-16T19:11:58.556+0000] {logging_mixin.py:190} INFO - [2024-11-16T19:11:58.556+0000] {dag.py:4180} INFO - Setting next_dagrun for example_external_task_marker_parent to None, run_after=None
[2024-11-16T19:11:58.714+0000] {processor.py:208} INFO - Processing /home/airflow/.local/lib/python3.12/site-packages/airflow/example_dags/example_external_task_marker_dag.py took 0.860 seconds
[2024-11-16T19:12:31.109+0000] {processor.py:186} INFO - Started process (PID=975) to work on /home/airflow/.local/lib/python3.12/site-packages/airflow/example_dags/example_external_task_marker_dag.py
[2024-11-16T19:12:31.122+0000] {processor.py:914} INFO - Processing file /home/airflow/.local/lib/python3.12/site-packages/airflow/example_dags/example_external_task_marker_dag.py for tasks to queue
[2024-11-16T19:12:31.141+0000] {logging_mixin.py:190} INFO - [2024-11-16T19:12:31.140+0000] {dagbag.py:588} INFO - Filling up the DagBag from /home/airflow/.local/lib/python3.12/site-packages/airflow/example_dags/example_external_task_marker_dag.py
[2024-11-16T19:12:31.206+0000] {processor.py:925} INFO - DAG(s) 'example_external_task_marker_child', 'example_external_task_marker_parent' retrieved from /home/airflow/.local/lib/python3.12/site-packages/airflow/example_dags/example_external_task_marker_dag.py
[2024-11-16T19:12:31.418+0000] {logging_mixin.py:190} INFO - [2024-11-16T19:12:31.417+0000] {dag.py:3239} INFO - Sync 2 DAGs
[2024-11-16T19:12:31.529+0000] {logging_mixin.py:190} INFO - [2024-11-16T19:12:31.529+0000] {dag.py:4180} INFO - Setting next_dagrun for example_external_task_marker_child to None, run_after=None
[2024-11-16T19:12:31.622+0000] {logging_mixin.py:190} INFO - [2024-11-16T19:12:31.621+0000] {dag.py:4180} INFO - Setting next_dagrun for example_external_task_marker_parent to None, run_after=None
[2024-11-16T19:12:31.944+0000] {processor.py:208} INFO - Processing /home/airflow/.local/lib/python3.12/site-packages/airflow/example_dags/example_external_task_marker_dag.py took 0.894 seconds
[2024-11-16T19:13:06.748+0000] {processor.py:186} INFO - Started process (PID=1030) to work on /home/airflow/.local/lib/python3.12/site-packages/airflow/example_dags/example_external_task_marker_dag.py
[2024-11-16T19:13:06.751+0000] {processor.py:914} INFO - Processing file /home/airflow/.local/lib/python3.12/site-packages/airflow/example_dags/example_external_task_marker_dag.py for tasks to queue
[2024-11-16T19:13:06.759+0000] {logging_mixin.py:190} INFO - [2024-11-16T19:13:06.757+0000] {dagbag.py:588} INFO - Filling up the DagBag from /home/airflow/.local/lib/python3.12/site-packages/airflow/example_dags/example_external_task_marker_dag.py
[2024-11-16T19:13:06.792+0000] {processor.py:925} INFO - DAG(s) 'example_external_task_marker_parent', 'example_external_task_marker_child' retrieved from /home/airflow/.local/lib/python3.12/site-packages/airflow/example_dags/example_external_task_marker_dag.py
[2024-11-16T19:13:06.877+0000] {logging_mixin.py:190} INFO - [2024-11-16T19:13:06.877+0000] {dag.py:3239} INFO - Sync 2 DAGs
[2024-11-16T19:13:06.926+0000] {logging_mixin.py:190} INFO - [2024-11-16T19:13:06.926+0000] {dag.py:4180} INFO - Setting next_dagrun for example_external_task_marker_child to None, run_after=None
[2024-11-16T19:13:06.939+0000] {logging_mixin.py:190} INFO - [2024-11-16T19:13:06.938+0000] {dag.py:4180} INFO - Setting next_dagrun for example_external_task_marker_parent to None, run_after=None
[2024-11-16T19:13:06.982+0000] {processor.py:208} INFO - Processing /home/airflow/.local/lib/python3.12/site-packages/airflow/example_dags/example_external_task_marker_dag.py took 0.264 seconds
[2024-11-16T19:13:41.374+0000] {processor.py:186} INFO - Started process (PID=1084) to work on /home/airflow/.local/lib/python3.12/site-packages/airflow/example_dags/example_external_task_marker_dag.py
[2024-11-16T19:13:41.432+0000] {processor.py:914} INFO - Processing file /home/airflow/.local/lib/python3.12/site-packages/airflow/example_dags/example_external_task_marker_dag.py for tasks to queue
[2024-11-16T19:13:41.440+0000] {logging_mixin.py:190} INFO - [2024-11-16T19:13:41.439+0000] {dagbag.py:588} INFO - Filling up the DagBag from /home/airflow/.local/lib/python3.12/site-packages/airflow/example_dags/example_external_task_marker_dag.py
[2024-11-16T19:13:41.469+0000] {processor.py:925} INFO - DAG(s) 'example_external_task_marker_parent', 'example_external_task_marker_child' retrieved from /home/airflow/.local/lib/python3.12/site-packages/airflow/example_dags/example_external_task_marker_dag.py
[2024-11-16T19:13:41.592+0000] {logging_mixin.py:190} INFO - [2024-11-16T19:13:41.591+0000] {dag.py:3239} INFO - Sync 2 DAGs
[2024-11-16T19:13:41.657+0000] {logging_mixin.py:190} INFO - [2024-11-16T19:13:41.657+0000] {dag.py:4180} INFO - Setting next_dagrun for example_external_task_marker_child to None, run_after=None
[2024-11-16T19:13:41.673+0000] {logging_mixin.py:190} INFO - [2024-11-16T19:13:41.672+0000] {dag.py:4180} INFO - Setting next_dagrun for example_external_task_marker_parent to None, run_after=None
[2024-11-16T19:13:41.748+0000] {processor.py:208} INFO - Processing /home/airflow/.local/lib/python3.12/site-packages/airflow/example_dags/example_external_task_marker_dag.py took 0.401 seconds
[2024-11-16T19:14:15.141+0000] {processor.py:186} INFO - Started process (PID=1147) to work on /home/airflow/.local/lib/python3.12/site-packages/airflow/example_dags/example_external_task_marker_dag.py
[2024-11-16T19:14:15.144+0000] {processor.py:914} INFO - Processing file /home/airflow/.local/lib/python3.12/site-packages/airflow/example_dags/example_external_task_marker_dag.py for tasks to queue
[2024-11-16T19:14:15.172+0000] {logging_mixin.py:190} INFO - [2024-11-16T19:14:15.162+0000] {dagbag.py:588} INFO - Filling up the DagBag from /home/airflow/.local/lib/python3.12/site-packages/airflow/example_dags/example_external_task_marker_dag.py
[2024-11-16T19:14:15.230+0000] {processor.py:925} INFO - DAG(s) 'example_external_task_marker_parent', 'example_external_task_marker_child' retrieved from /home/airflow/.local/lib/python3.12/site-packages/airflow/example_dags/example_external_task_marker_dag.py
[2024-11-16T19:14:15.324+0000] {logging_mixin.py:190} INFO - [2024-11-16T19:14:15.323+0000] {dag.py:3239} INFO - Sync 2 DAGs
[2024-11-16T19:14:15.396+0000] {logging_mixin.py:190} INFO - [2024-11-16T19:14:15.395+0000] {dag.py:4180} INFO - Setting next_dagrun for example_external_task_marker_child to None, run_after=None
[2024-11-16T19:14:15.514+0000] {logging_mixin.py:190} INFO - [2024-11-16T19:14:15.513+0000] {dag.py:4180} INFO - Setting next_dagrun for example_external_task_marker_parent to None, run_after=None
[2024-11-16T19:14:15.650+0000] {processor.py:208} INFO - Processing /home/airflow/.local/lib/python3.12/site-packages/airflow/example_dags/example_external_task_marker_dag.py took 0.548 seconds
[2024-11-16T19:14:46.312+0000] {processor.py:186} INFO - Started process (PID=1211) to work on /home/airflow/.local/lib/python3.12/site-packages/airflow/example_dags/example_external_task_marker_dag.py
[2024-11-16T19:14:46.315+0000] {processor.py:914} INFO - Processing file /home/airflow/.local/lib/python3.12/site-packages/airflow/example_dags/example_external_task_marker_dag.py for tasks to queue
[2024-11-16T19:14:46.322+0000] {logging_mixin.py:190} INFO - [2024-11-16T19:14:46.320+0000] {dagbag.py:588} INFO - Filling up the DagBag from /home/airflow/.local/lib/python3.12/site-packages/airflow/example_dags/example_external_task_marker_dag.py
[2024-11-16T19:14:46.347+0000] {processor.py:925} INFO - DAG(s) 'example_external_task_marker_parent', 'example_external_task_marker_child' retrieved from /home/airflow/.local/lib/python3.12/site-packages/airflow/example_dags/example_external_task_marker_dag.py
[2024-11-16T19:14:46.439+0000] {logging_mixin.py:190} INFO - [2024-11-16T19:14:46.438+0000] {dag.py:3239} INFO - Sync 2 DAGs
[2024-11-16T19:14:46.565+0000] {logging_mixin.py:190} INFO - [2024-11-16T19:14:46.564+0000] {dag.py:4180} INFO - Setting next_dagrun for example_external_task_marker_child to None, run_after=None
[2024-11-16T19:14:46.583+0000] {logging_mixin.py:190} INFO - [2024-11-16T19:14:46.581+0000] {dag.py:4180} INFO - Setting next_dagrun for example_external_task_marker_parent to None, run_after=None
[2024-11-16T19:14:46.672+0000] {processor.py:208} INFO - Processing /home/airflow/.local/lib/python3.12/site-packages/airflow/example_dags/example_external_task_marker_dag.py took 0.377 seconds
[2024-11-16T19:15:17.002+0000] {processor.py:186} INFO - Started process (PID=1275) to work on /home/airflow/.local/lib/python3.12/site-packages/airflow/example_dags/example_external_task_marker_dag.py
[2024-11-16T19:15:17.004+0000] {processor.py:914} INFO - Processing file /home/airflow/.local/lib/python3.12/site-packages/airflow/example_dags/example_external_task_marker_dag.py for tasks to queue
[2024-11-16T19:15:17.009+0000] {logging_mixin.py:190} INFO - [2024-11-16T19:15:17.008+0000] {dagbag.py:588} INFO - Filling up the DagBag from /home/airflow/.local/lib/python3.12/site-packages/airflow/example_dags/example_external_task_marker_dag.py
[2024-11-16T19:15:17.026+0000] {processor.py:925} INFO - DAG(s) 'example_external_task_marker_child', 'example_external_task_marker_parent' retrieved from /home/airflow/.local/lib/python3.12/site-packages/airflow/example_dags/example_external_task_marker_dag.py
[2024-11-16T19:15:17.079+0000] {logging_mixin.py:190} INFO - [2024-11-16T19:15:17.079+0000] {dag.py:3239} INFO - Sync 2 DAGs
[2024-11-16T19:15:17.110+0000] {logging_mixin.py:190} INFO - [2024-11-16T19:15:17.110+0000] {dag.py:4180} INFO - Setting next_dagrun for example_external_task_marker_child to None, run_after=None
[2024-11-16T19:15:17.118+0000] {logging_mixin.py:190} INFO - [2024-11-16T19:15:17.118+0000] {dag.py:4180} INFO - Setting next_dagrun for example_external_task_marker_parent to None, run_after=None
[2024-11-16T19:15:17.165+0000] {processor.py:208} INFO - Processing /home/airflow/.local/lib/python3.12/site-packages/airflow/example_dags/example_external_task_marker_dag.py took 0.176 seconds
[2024-11-16T19:15:47.720+0000] {processor.py:186} INFO - Started process (PID=1339) to work on /home/airflow/.local/lib/python3.12/site-packages/airflow/example_dags/example_external_task_marker_dag.py
[2024-11-16T19:15:47.722+0000] {processor.py:914} INFO - Processing file /home/airflow/.local/lib/python3.12/site-packages/airflow/example_dags/example_external_task_marker_dag.py for tasks to queue
[2024-11-16T19:15:47.728+0000] {logging_mixin.py:190} INFO - [2024-11-16T19:15:47.727+0000] {dagbag.py:588} INFO - Filling up the DagBag from /home/airflow/.local/lib/python3.12/site-packages/airflow/example_dags/example_external_task_marker_dag.py
[2024-11-16T19:15:47.746+0000] {processor.py:925} INFO - DAG(s) 'example_external_task_marker_parent', 'example_external_task_marker_child' retrieved from /home/airflow/.local/lib/python3.12/site-packages/airflow/example_dags/example_external_task_marker_dag.py
[2024-11-16T19:15:47.798+0000] {logging_mixin.py:190} INFO - [2024-11-16T19:15:47.798+0000] {dag.py:3239} INFO - Sync 2 DAGs
[2024-11-16T19:15:47.836+0000] {logging_mixin.py:190} INFO - [2024-11-16T19:15:47.836+0000] {dag.py:4180} INFO - Setting next_dagrun for example_external_task_marker_child to None, run_after=None
[2024-11-16T19:15:47.845+0000] {logging_mixin.py:190} INFO - [2024-11-16T19:15:47.845+0000] {dag.py:4180} INFO - Setting next_dagrun for example_external_task_marker_parent to None, run_after=None
[2024-11-16T19:15:47.881+0000] {processor.py:208} INFO - Processing /home/airflow/.local/lib/python3.12/site-packages/airflow/example_dags/example_external_task_marker_dag.py took 0.175 seconds
[2024-11-16T19:16:20.276+0000] {processor.py:186} INFO - Started process (PID=1402) to work on /home/airflow/.local/lib/python3.12/site-packages/airflow/example_dags/example_external_task_marker_dag.py
[2024-11-16T19:16:20.279+0000] {processor.py:914} INFO - Processing file /home/airflow/.local/lib/python3.12/site-packages/airflow/example_dags/example_external_task_marker_dag.py for tasks to queue
[2024-11-16T19:16:20.290+0000] {logging_mixin.py:190} INFO - [2024-11-16T19:16:20.289+0000] {dagbag.py:588} INFO - Filling up the DagBag from /home/airflow/.local/lib/python3.12/site-packages/airflow/example_dags/example_external_task_marker_dag.py
[2024-11-16T19:16:20.318+0000] {processor.py:925} INFO - DAG(s) 'example_external_task_marker_child', 'example_external_task_marker_parent' retrieved from /home/airflow/.local/lib/python3.12/site-packages/airflow/example_dags/example_external_task_marker_dag.py
[2024-11-16T19:16:20.395+0000] {logging_mixin.py:190} INFO - [2024-11-16T19:16:20.394+0000] {dag.py:3239} INFO - Sync 2 DAGs
[2024-11-16T19:16:20.434+0000] {logging_mixin.py:190} INFO - [2024-11-16T19:16:20.433+0000] {dag.py:4180} INFO - Setting next_dagrun for example_external_task_marker_child to None, run_after=None
[2024-11-16T19:16:20.443+0000] {logging_mixin.py:190} INFO - [2024-11-16T19:16:20.443+0000] {dag.py:4180} INFO - Setting next_dagrun for example_external_task_marker_parent to None, run_after=None
[2024-11-16T19:16:20.483+0000] {processor.py:208} INFO - Processing /home/airflow/.local/lib/python3.12/site-packages/airflow/example_dags/example_external_task_marker_dag.py took 0.228 seconds
[2024-11-16T19:16:52.895+0000] {processor.py:186} INFO - Started process (PID=1465) to work on /home/airflow/.local/lib/python3.12/site-packages/airflow/example_dags/example_external_task_marker_dag.py
[2024-11-16T19:16:52.898+0000] {processor.py:914} INFO - Processing file /home/airflow/.local/lib/python3.12/site-packages/airflow/example_dags/example_external_task_marker_dag.py for tasks to queue
[2024-11-16T19:16:52.928+0000] {logging_mixin.py:190} INFO - [2024-11-16T19:16:52.927+0000] {dagbag.py:588} INFO - Filling up the DagBag from /home/airflow/.local/lib/python3.12/site-packages/airflow/example_dags/example_external_task_marker_dag.py
[2024-11-16T19:16:52.983+0000] {processor.py:925} INFO - DAG(s) 'example_external_task_marker_parent', 'example_external_task_marker_child' retrieved from /home/airflow/.local/lib/python3.12/site-packages/airflow/example_dags/example_external_task_marker_dag.py
[2024-11-16T19:16:53.164+0000] {logging_mixin.py:190} INFO - [2024-11-16T19:16:53.163+0000] {dag.py:3239} INFO - Sync 2 DAGs
[2024-11-16T19:16:53.237+0000] {logging_mixin.py:190} INFO - [2024-11-16T19:16:53.236+0000] {dag.py:4180} INFO - Setting next_dagrun for example_external_task_marker_child to None, run_after=None
[2024-11-16T19:16:53.257+0000] {logging_mixin.py:190} INFO - [2024-11-16T19:16:53.257+0000] {dag.py:4180} INFO - Setting next_dagrun for example_external_task_marker_parent to None, run_after=None
[2024-11-16T19:16:53.397+0000] {processor.py:208} INFO - Processing /home/airflow/.local/lib/python3.12/site-packages/airflow/example_dags/example_external_task_marker_dag.py took 0.537 seconds
[2024-11-16T19:17:24.141+0000] {processor.py:186} INFO - Started process (PID=1528) to work on /home/airflow/.local/lib/python3.12/site-packages/airflow/example_dags/example_external_task_marker_dag.py
[2024-11-16T19:17:24.143+0000] {processor.py:914} INFO - Processing file /home/airflow/.local/lib/python3.12/site-packages/airflow/example_dags/example_external_task_marker_dag.py for tasks to queue
[2024-11-16T19:17:24.150+0000] {logging_mixin.py:190} INFO - [2024-11-16T19:17:24.149+0000] {dagbag.py:588} INFO - Filling up the DagBag from /home/airflow/.local/lib/python3.12/site-packages/airflow/example_dags/example_external_task_marker_dag.py
[2024-11-16T19:17:24.174+0000] {processor.py:925} INFO - DAG(s) 'example_external_task_marker_child', 'example_external_task_marker_parent' retrieved from /home/airflow/.local/lib/python3.12/site-packages/airflow/example_dags/example_external_task_marker_dag.py
[2024-11-16T19:17:24.239+0000] {logging_mixin.py:190} INFO - [2024-11-16T19:17:24.238+0000] {dag.py:3239} INFO - Sync 2 DAGs
[2024-11-16T19:17:24.307+0000] {logging_mixin.py:190} INFO - [2024-11-16T19:17:24.306+0000] {dag.py:4180} INFO - Setting next_dagrun for example_external_task_marker_child to None, run_after=None
[2024-11-16T19:17:24.336+0000] {logging_mixin.py:190} INFO - [2024-11-16T19:17:24.335+0000] {dag.py:4180} INFO - Setting next_dagrun for example_external_task_marker_parent to None, run_after=None
[2024-11-16T19:17:24.479+0000] {processor.py:208} INFO - Processing /home/airflow/.local/lib/python3.12/site-packages/airflow/example_dags/example_external_task_marker_dag.py took 0.356 seconds
