[2024-11-16T18:59:12.208+0000] {processor.py:186} INFO - Started process (PID=86) to work on /home/airflow/.local/lib/python3.12/site-packages/airflow/example_dags/example_setup_teardown.py
[2024-11-16T18:59:12.212+0000] {processor.py:914} INFO - Processing file /home/airflow/.local/lib/python3.12/site-packages/airflow/example_dags/example_setup_teardown.py for tasks to queue
[2024-11-16T18:59:12.218+0000] {logging_mixin.py:190} INFO - [2024-11-16T18:59:12.217+0000] {dagbag.py:588} INFO - Filling up the DagBag from /home/airflow/.local/lib/python3.12/site-packages/airflow/example_dags/example_setup_teardown.py
[2024-11-16T18:59:12.252+0000] {processor.py:925} INFO - DAG(s) 'example_setup_teardown' retrieved from /home/airflow/.local/lib/python3.12/site-packages/airflow/example_dags/example_setup_teardown.py
[2024-11-16T18:59:12.616+0000] {logging_mixin.py:190} INFO - [2024-11-16T18:59:12.614+0000] {override.py:1911} INFO - Created Permission View: can delete on DAG:example_setup_teardown
[2024-11-16T18:59:12.644+0000] {logging_mixin.py:190} INFO - [2024-11-16T18:59:12.643+0000] {override.py:1911} INFO - Created Permission View: can edit on DAG:example_setup_teardown
[2024-11-16T18:59:12.667+0000] {logging_mixin.py:190} INFO - [2024-11-16T18:59:12.666+0000] {override.py:1911} INFO - Created Permission View: can read on DAG:example_setup_teardown
[2024-11-16T18:59:12.694+0000] {logging_mixin.py:190} INFO - [2024-11-16T18:59:12.693+0000] {override.py:1911} INFO - Created Permission View: menu access on DAG Run:example_setup_teardown
[2024-11-16T18:59:12.721+0000] {logging_mixin.py:190} INFO - [2024-11-16T18:59:12.720+0000] {override.py:1911} INFO - Created Permission View: can delete on DAG Run:example_setup_teardown
[2024-11-16T18:59:12.740+0000] {logging_mixin.py:190} INFO - [2024-11-16T18:59:12.739+0000] {override.py:1911} INFO - Created Permission View: can read on DAG Run:example_setup_teardown
[2024-11-16T18:59:12.758+0000] {logging_mixin.py:190} INFO - [2024-11-16T18:59:12.757+0000] {override.py:1911} INFO - Created Permission View: can create on DAG Run:example_setup_teardown
[2024-11-16T18:59:12.760+0000] {logging_mixin.py:190} INFO - [2024-11-16T18:59:12.759+0000] {dag.py:3239} INFO - Sync 1 DAGs
[2024-11-16T18:59:12.801+0000] {logging_mixin.py:190} INFO - [2024-11-16T18:59:12.800+0000] {dag.py:3262} INFO - Creating ORM DAG for example_setup_teardown
[2024-11-16T18:59:12.804+0000] {logging_mixin.py:190} INFO - [2024-11-16T18:59:12.803+0000] {dag.py:4180} INFO - Setting next_dagrun for example_setup_teardown to None, run_after=None
[2024-11-16T18:59:12.855+0000] {processor.py:208} INFO - Processing /home/airflow/.local/lib/python3.12/site-packages/airflow/example_dags/example_setup_teardown.py took 0.667 seconds
[2024-11-16T19:00:27.006+0000] {processor.py:186} INFO - Started process (PID=154) to work on /home/airflow/.local/lib/python3.12/site-packages/airflow/example_dags/example_setup_teardown.py
[2024-11-16T19:00:27.008+0000] {processor.py:914} INFO - Processing file /home/airflow/.local/lib/python3.12/site-packages/airflow/example_dags/example_setup_teardown.py for tasks to queue
[2024-11-16T19:00:27.017+0000] {logging_mixin.py:190} INFO - [2024-11-16T19:00:27.016+0000] {dagbag.py:588} INFO - Filling up the DagBag from /home/airflow/.local/lib/python3.12/site-packages/airflow/example_dags/example_setup_teardown.py
[2024-11-16T19:00:27.038+0000] {processor.py:925} INFO - DAG(s) 'example_setup_teardown' retrieved from /home/airflow/.local/lib/python3.12/site-packages/airflow/example_dags/example_setup_teardown.py
[2024-11-16T19:00:27.113+0000] {logging_mixin.py:190} INFO - [2024-11-16T19:00:27.112+0000] {dag.py:3239} INFO - Sync 1 DAGs
[2024-11-16T19:00:27.163+0000] {logging_mixin.py:190} INFO - [2024-11-16T19:00:27.162+0000] {dag.py:4180} INFO - Setting next_dagrun for example_setup_teardown to None, run_after=None
[2024-11-16T19:00:27.214+0000] {processor.py:208} INFO - Processing /home/airflow/.local/lib/python3.12/site-packages/airflow/example_dags/example_setup_teardown.py took 0.227 seconds
[2024-11-16T19:00:57.954+0000] {processor.py:186} INFO - Started process (PID=216) to work on /home/airflow/.local/lib/python3.12/site-packages/airflow/example_dags/example_setup_teardown.py
[2024-11-16T19:00:57.959+0000] {processor.py:914} INFO - Processing file /home/airflow/.local/lib/python3.12/site-packages/airflow/example_dags/example_setup_teardown.py for tasks to queue
[2024-11-16T19:00:57.979+0000] {logging_mixin.py:190} INFO - [2024-11-16T19:00:57.978+0000] {dagbag.py:588} INFO - Filling up the DagBag from /home/airflow/.local/lib/python3.12/site-packages/airflow/example_dags/example_setup_teardown.py
[2024-11-16T19:00:58.061+0000] {processor.py:925} INFO - DAG(s) 'example_setup_teardown' retrieved from /home/airflow/.local/lib/python3.12/site-packages/airflow/example_dags/example_setup_teardown.py
[2024-11-16T19:00:58.201+0000] {logging_mixin.py:190} INFO - [2024-11-16T19:00:58.201+0000] {dag.py:3239} INFO - Sync 1 DAGs
[2024-11-16T19:00:58.265+0000] {logging_mixin.py:190} INFO - [2024-11-16T19:00:58.264+0000] {dag.py:4180} INFO - Setting next_dagrun for example_setup_teardown to None, run_after=None
[2024-11-16T19:00:58.344+0000] {processor.py:208} INFO - Processing /home/airflow/.local/lib/python3.12/site-packages/airflow/example_dags/example_setup_teardown.py took 0.429 seconds
[2024-11-16T19:01:36.422+0000] {processor.py:186} INFO - Started process (PID=277) to work on /home/airflow/.local/lib/python3.12/site-packages/airflow/example_dags/example_setup_teardown.py
[2024-11-16T19:01:36.431+0000] {processor.py:914} INFO - Processing file /home/airflow/.local/lib/python3.12/site-packages/airflow/example_dags/example_setup_teardown.py for tasks to queue
[2024-11-16T19:01:36.443+0000] {logging_mixin.py:190} INFO - [2024-11-16T19:01:36.439+0000] {dagbag.py:588} INFO - Filling up the DagBag from /home/airflow/.local/lib/python3.12/site-packages/airflow/example_dags/example_setup_teardown.py
[2024-11-16T19:01:36.493+0000] {processor.py:925} INFO - DAG(s) 'example_setup_teardown' retrieved from /home/airflow/.local/lib/python3.12/site-packages/airflow/example_dags/example_setup_teardown.py
[2024-11-16T19:01:36.567+0000] {logging_mixin.py:190} INFO - [2024-11-16T19:01:36.566+0000] {dag.py:3239} INFO - Sync 1 DAGs
[2024-11-16T19:01:36.626+0000] {logging_mixin.py:190} INFO - [2024-11-16T19:01:36.622+0000] {dag.py:4180} INFO - Setting next_dagrun for example_setup_teardown to None, run_after=None
[2024-11-16T19:01:36.697+0000] {processor.py:208} INFO - Processing /home/airflow/.local/lib/python3.12/site-packages/airflow/example_dags/example_setup_teardown.py took 0.307 seconds
[2024-11-16T19:02:28.347+0000] {processor.py:186} INFO - Started process (PID=345) to work on /home/airflow/.local/lib/python3.12/site-packages/airflow/example_dags/example_setup_teardown.py
[2024-11-16T19:02:28.350+0000] {processor.py:914} INFO - Processing file /home/airflow/.local/lib/python3.12/site-packages/airflow/example_dags/example_setup_teardown.py for tasks to queue
[2024-11-16T19:02:28.358+0000] {logging_mixin.py:190} INFO - [2024-11-16T19:02:28.357+0000] {dagbag.py:588} INFO - Filling up the DagBag from /home/airflow/.local/lib/python3.12/site-packages/airflow/example_dags/example_setup_teardown.py
[2024-11-16T19:02:28.389+0000] {processor.py:925} INFO - DAG(s) 'example_setup_teardown' retrieved from /home/airflow/.local/lib/python3.12/site-packages/airflow/example_dags/example_setup_teardown.py
[2024-11-16T19:02:28.475+0000] {logging_mixin.py:190} INFO - [2024-11-16T19:02:28.474+0000] {dag.py:3239} INFO - Sync 1 DAGs
[2024-11-16T19:02:28.568+0000] {logging_mixin.py:190} INFO - [2024-11-16T19:02:28.567+0000] {dag.py:4180} INFO - Setting next_dagrun for example_setup_teardown to None, run_after=None
[2024-11-16T19:02:28.689+0000] {processor.py:208} INFO - Processing /home/airflow/.local/lib/python3.12/site-packages/airflow/example_dags/example_setup_teardown.py took 0.361 seconds
[2024-11-16T19:02:59.518+0000] {processor.py:186} INFO - Started process (PID=407) to work on /home/airflow/.local/lib/python3.12/site-packages/airflow/example_dags/example_setup_teardown.py
[2024-11-16T19:02:59.522+0000] {processor.py:914} INFO - Processing file /home/airflow/.local/lib/python3.12/site-packages/airflow/example_dags/example_setup_teardown.py for tasks to queue
[2024-11-16T19:02:59.528+0000] {logging_mixin.py:190} INFO - [2024-11-16T19:02:59.527+0000] {dagbag.py:588} INFO - Filling up the DagBag from /home/airflow/.local/lib/python3.12/site-packages/airflow/example_dags/example_setup_teardown.py
[2024-11-16T19:02:59.563+0000] {processor.py:925} INFO - DAG(s) 'example_setup_teardown' retrieved from /home/airflow/.local/lib/python3.12/site-packages/airflow/example_dags/example_setup_teardown.py
[2024-11-16T19:02:59.641+0000] {logging_mixin.py:190} INFO - [2024-11-16T19:02:59.640+0000] {dag.py:3239} INFO - Sync 1 DAGs
[2024-11-16T19:02:59.710+0000] {logging_mixin.py:190} INFO - [2024-11-16T19:02:59.709+0000] {dag.py:4180} INFO - Setting next_dagrun for example_setup_teardown to None, run_after=None
[2024-11-16T19:02:59.762+0000] {processor.py:208} INFO - Processing /home/airflow/.local/lib/python3.12/site-packages/airflow/example_dags/example_setup_teardown.py took 0.269 seconds
[2024-11-16T19:03:31.774+0000] {processor.py:186} INFO - Started process (PID=465) to work on /home/airflow/.local/lib/python3.12/site-packages/airflow/example_dags/example_setup_teardown.py
[2024-11-16T19:03:31.777+0000] {processor.py:914} INFO - Processing file /home/airflow/.local/lib/python3.12/site-packages/airflow/example_dags/example_setup_teardown.py for tasks to queue
[2024-11-16T19:03:31.785+0000] {logging_mixin.py:190} INFO - [2024-11-16T19:03:31.784+0000] {dagbag.py:588} INFO - Filling up the DagBag from /home/airflow/.local/lib/python3.12/site-packages/airflow/example_dags/example_setup_teardown.py
[2024-11-16T19:03:31.824+0000] {processor.py:925} INFO - DAG(s) 'example_setup_teardown' retrieved from /home/airflow/.local/lib/python3.12/site-packages/airflow/example_dags/example_setup_teardown.py
[2024-11-16T19:03:31.919+0000] {logging_mixin.py:190} INFO - [2024-11-16T19:03:31.918+0000] {dag.py:3239} INFO - Sync 1 DAGs
[2024-11-16T19:03:32.002+0000] {logging_mixin.py:190} INFO - [2024-11-16T19:03:32.001+0000] {dag.py:4180} INFO - Setting next_dagrun for example_setup_teardown to None, run_after=None
[2024-11-16T19:03:32.104+0000] {processor.py:208} INFO - Processing /home/airflow/.local/lib/python3.12/site-packages/airflow/example_dags/example_setup_teardown.py took 0.353 seconds
[2024-11-16T19:04:06.367+0000] {processor.py:186} INFO - Started process (PID=528) to work on /home/airflow/.local/lib/python3.12/site-packages/airflow/example_dags/example_setup_teardown.py
[2024-11-16T19:04:06.371+0000] {processor.py:914} INFO - Processing file /home/airflow/.local/lib/python3.12/site-packages/airflow/example_dags/example_setup_teardown.py for tasks to queue
[2024-11-16T19:04:06.382+0000] {logging_mixin.py:190} INFO - [2024-11-16T19:04:06.381+0000] {dagbag.py:588} INFO - Filling up the DagBag from /home/airflow/.local/lib/python3.12/site-packages/airflow/example_dags/example_setup_teardown.py
[2024-11-16T19:04:06.422+0000] {processor.py:925} INFO - DAG(s) 'example_setup_teardown' retrieved from /home/airflow/.local/lib/python3.12/site-packages/airflow/example_dags/example_setup_teardown.py
[2024-11-16T19:04:06.537+0000] {logging_mixin.py:190} INFO - [2024-11-16T19:04:06.537+0000] {dag.py:3239} INFO - Sync 1 DAGs
[2024-11-16T19:04:06.617+0000] {logging_mixin.py:190} INFO - [2024-11-16T19:04:06.617+0000] {dag.py:4180} INFO - Setting next_dagrun for example_setup_teardown to None, run_after=None
[2024-11-16T19:04:06.762+0000] {processor.py:208} INFO - Processing /home/airflow/.local/lib/python3.12/site-packages/airflow/example_dags/example_setup_teardown.py took 0.424 seconds
[2024-11-16T19:04:37.708+0000] {processor.py:186} INFO - Started process (PID=590) to work on /home/airflow/.local/lib/python3.12/site-packages/airflow/example_dags/example_setup_teardown.py
[2024-11-16T19:04:37.724+0000] {processor.py:914} INFO - Processing file /home/airflow/.local/lib/python3.12/site-packages/airflow/example_dags/example_setup_teardown.py for tasks to queue
[2024-11-16T19:04:37.743+0000] {logging_mixin.py:190} INFO - [2024-11-16T19:04:37.742+0000] {dagbag.py:588} INFO - Filling up the DagBag from /home/airflow/.local/lib/python3.12/site-packages/airflow/example_dags/example_setup_teardown.py
[2024-11-16T19:04:37.825+0000] {processor.py:925} INFO - DAG(s) 'example_setup_teardown' retrieved from /home/airflow/.local/lib/python3.12/site-packages/airflow/example_dags/example_setup_teardown.py
[2024-11-16T19:04:37.965+0000] {logging_mixin.py:190} INFO - [2024-11-16T19:04:37.965+0000] {dag.py:3239} INFO - Sync 1 DAGs
[2024-11-16T19:04:38.090+0000] {logging_mixin.py:190} INFO - [2024-11-16T19:04:38.089+0000] {dag.py:4180} INFO - Setting next_dagrun for example_setup_teardown to None, run_after=None
[2024-11-16T19:04:38.249+0000] {processor.py:208} INFO - Processing /home/airflow/.local/lib/python3.12/site-packages/airflow/example_dags/example_setup_teardown.py took 0.591 seconds
[2024-11-16T19:06:46.663+0000] {processor.py:186} INFO - Started process (PID=683) to work on /home/airflow/.local/lib/python3.12/site-packages/airflow/example_dags/example_setup_teardown.py
[2024-11-16T19:06:46.697+0000] {processor.py:914} INFO - Processing file /home/airflow/.local/lib/python3.12/site-packages/airflow/example_dags/example_setup_teardown.py for tasks to queue
[2024-11-16T19:06:46.763+0000] {logging_mixin.py:190} INFO - [2024-11-16T19:06:46.762+0000] {dagbag.py:588} INFO - Filling up the DagBag from /home/airflow/.local/lib/python3.12/site-packages/airflow/example_dags/example_setup_teardown.py
[2024-11-16T19:06:46.926+0000] {processor.py:925} INFO - DAG(s) 'example_setup_teardown' retrieved from /home/airflow/.local/lib/python3.12/site-packages/airflow/example_dags/example_setup_teardown.py
[2024-11-16T19:06:47.311+0000] {logging_mixin.py:190} INFO - [2024-11-16T19:06:47.310+0000] {dag.py:3239} INFO - Sync 1 DAGs
[2024-11-16T19:06:47.830+0000] {logging_mixin.py:190} INFO - [2024-11-16T19:06:47.829+0000] {dag.py:4180} INFO - Setting next_dagrun for example_setup_teardown to None, run_after=None
[2024-11-16T19:06:48.404+0000] {processor.py:208} INFO - Processing /home/airflow/.local/lib/python3.12/site-packages/airflow/example_dags/example_setup_teardown.py took 1.855 seconds
[2024-11-16T19:08:09.027+0000] {processor.py:186} INFO - Started process (PID=735) to work on /home/airflow/.local/lib/python3.12/site-packages/airflow/example_dags/example_setup_teardown.py
[2024-11-16T19:08:09.056+0000] {processor.py:914} INFO - Processing file /home/airflow/.local/lib/python3.12/site-packages/airflow/example_dags/example_setup_teardown.py for tasks to queue
[2024-11-16T19:08:09.152+0000] {logging_mixin.py:190} INFO - [2024-11-16T19:08:09.105+0000] {dagbag.py:588} INFO - Filling up the DagBag from /home/airflow/.local/lib/python3.12/site-packages/airflow/example_dags/example_setup_teardown.py
[2024-11-16T19:08:09.377+0000] {processor.py:925} INFO - DAG(s) 'example_setup_teardown' retrieved from /home/airflow/.local/lib/python3.12/site-packages/airflow/example_dags/example_setup_teardown.py
[2024-11-16T19:08:10.209+0000] {logging_mixin.py:190} INFO - [2024-11-16T19:08:10.208+0000] {dag.py:3239} INFO - Sync 1 DAGs
[2024-11-16T19:08:10.830+0000] {logging_mixin.py:190} INFO - [2024-11-16T19:08:10.828+0000] {dag.py:4180} INFO - Setting next_dagrun for example_setup_teardown to None, run_after=None
[2024-11-16T19:08:11.183+0000] {processor.py:208} INFO - Processing /home/airflow/.local/lib/python3.12/site-packages/airflow/example_dags/example_setup_teardown.py took 2.427 seconds
[2024-11-16T19:09:25.031+0000] {processor.py:186} INFO - Started process (PID=801) to work on /home/airflow/.local/lib/python3.12/site-packages/airflow/example_dags/example_setup_teardown.py
[2024-11-16T19:09:25.090+0000] {processor.py:914} INFO - Processing file /home/airflow/.local/lib/python3.12/site-packages/airflow/example_dags/example_setup_teardown.py for tasks to queue
[2024-11-16T19:09:25.139+0000] {logging_mixin.py:190} INFO - [2024-11-16T19:09:25.138+0000] {dagbag.py:588} INFO - Filling up the DagBag from /home/airflow/.local/lib/python3.12/site-packages/airflow/example_dags/example_setup_teardown.py
[2024-11-16T19:09:25.307+0000] {processor.py:925} INFO - DAG(s) 'example_setup_teardown' retrieved from /home/airflow/.local/lib/python3.12/site-packages/airflow/example_dags/example_setup_teardown.py
[2024-11-16T19:09:25.607+0000] {logging_mixin.py:190} INFO - [2024-11-16T19:09:25.606+0000] {dag.py:3239} INFO - Sync 1 DAGs
[2024-11-16T19:09:25.972+0000] {logging_mixin.py:190} INFO - [2024-11-16T19:09:25.971+0000] {dag.py:4180} INFO - Setting next_dagrun for example_setup_teardown to None, run_after=None
[2024-11-16T19:09:26.381+0000] {processor.py:208} INFO - Processing /home/airflow/.local/lib/python3.12/site-packages/airflow/example_dags/example_setup_teardown.py took 1.521 seconds
[2024-11-16T19:10:26.873+0000] {processor.py:186} INFO - Started process (PID=852) to work on /home/airflow/.local/lib/python3.12/site-packages/airflow/example_dags/example_setup_teardown.py
[2024-11-16T19:10:26.892+0000] {processor.py:914} INFO - Processing file /home/airflow/.local/lib/python3.12/site-packages/airflow/example_dags/example_setup_teardown.py for tasks to queue
[2024-11-16T19:10:26.912+0000] {logging_mixin.py:190} INFO - [2024-11-16T19:10:26.911+0000] {dagbag.py:588} INFO - Filling up the DagBag from /home/airflow/.local/lib/python3.12/site-packages/airflow/example_dags/example_setup_teardown.py
[2024-11-16T19:10:27.030+0000] {processor.py:925} INFO - DAG(s) 'example_setup_teardown' retrieved from /home/airflow/.local/lib/python3.12/site-packages/airflow/example_dags/example_setup_teardown.py
[2024-11-16T19:10:27.233+0000] {logging_mixin.py:190} INFO - [2024-11-16T19:10:27.232+0000] {dag.py:3239} INFO - Sync 1 DAGs
[2024-11-16T19:10:27.506+0000] {logging_mixin.py:190} INFO - [2024-11-16T19:10:27.500+0000] {dag.py:4180} INFO - Setting next_dagrun for example_setup_teardown to None, run_after=None
[2024-11-16T19:10:27.674+0000] {processor.py:208} INFO - Processing /home/airflow/.local/lib/python3.12/site-packages/airflow/example_dags/example_setup_teardown.py took 0.908 seconds
[2024-11-16T19:11:21.203+0000] {processor.py:186} INFO - Started process (PID=905) to work on /home/airflow/.local/lib/python3.12/site-packages/airflow/example_dags/example_setup_teardown.py
[2024-11-16T19:11:21.218+0000] {processor.py:914} INFO - Processing file /home/airflow/.local/lib/python3.12/site-packages/airflow/example_dags/example_setup_teardown.py for tasks to queue
[2024-11-16T19:11:21.249+0000] {logging_mixin.py:190} INFO - [2024-11-16T19:11:21.248+0000] {dagbag.py:588} INFO - Filling up the DagBag from /home/airflow/.local/lib/python3.12/site-packages/airflow/example_dags/example_setup_teardown.py
[2024-11-16T19:11:21.383+0000] {processor.py:925} INFO - DAG(s) 'example_setup_teardown' retrieved from /home/airflow/.local/lib/python3.12/site-packages/airflow/example_dags/example_setup_teardown.py
[2024-11-16T19:11:21.636+0000] {logging_mixin.py:190} INFO - [2024-11-16T19:11:21.635+0000] {dag.py:3239} INFO - Sync 1 DAGs
[2024-11-16T19:11:21.810+0000] {logging_mixin.py:190} INFO - [2024-11-16T19:11:21.803+0000] {dag.py:4180} INFO - Setting next_dagrun for example_setup_teardown to None, run_after=None
[2024-11-16T19:11:22.052+0000] {processor.py:208} INFO - Processing /home/airflow/.local/lib/python3.12/site-packages/airflow/example_dags/example_setup_teardown.py took 0.913 seconds
[2024-11-16T19:12:06.721+0000] {processor.py:186} INFO - Started process (PID=948) to work on /home/airflow/.local/lib/python3.12/site-packages/airflow/example_dags/example_setup_teardown.py
[2024-11-16T19:12:06.749+0000] {processor.py:914} INFO - Processing file /home/airflow/.local/lib/python3.12/site-packages/airflow/example_dags/example_setup_teardown.py for tasks to queue
[2024-11-16T19:12:06.769+0000] {logging_mixin.py:190} INFO - [2024-11-16T19:12:06.768+0000] {dagbag.py:588} INFO - Filling up the DagBag from /home/airflow/.local/lib/python3.12/site-packages/airflow/example_dags/example_setup_teardown.py
[2024-11-16T19:12:06.879+0000] {processor.py:925} INFO - DAG(s) 'example_setup_teardown' retrieved from /home/airflow/.local/lib/python3.12/site-packages/airflow/example_dags/example_setup_teardown.py
[2024-11-16T19:12:07.120+0000] {logging_mixin.py:190} INFO - [2024-11-16T19:12:07.108+0000] {dag.py:3239} INFO - Sync 1 DAGs
[2024-11-16T19:12:07.282+0000] {logging_mixin.py:190} INFO - [2024-11-16T19:12:07.282+0000] {dag.py:4180} INFO - Setting next_dagrun for example_setup_teardown to None, run_after=None
[2024-11-16T19:12:07.588+0000] {processor.py:208} INFO - Processing /home/airflow/.local/lib/python3.12/site-packages/airflow/example_dags/example_setup_teardown.py took 0.906 seconds
[2024-11-16T19:12:58.464+0000] {processor.py:186} INFO - Started process (PID=1016) to work on /home/airflow/.local/lib/python3.12/site-packages/airflow/example_dags/example_setup_teardown.py
[2024-11-16T19:12:58.466+0000] {processor.py:914} INFO - Processing file /home/airflow/.local/lib/python3.12/site-packages/airflow/example_dags/example_setup_teardown.py for tasks to queue
[2024-11-16T19:12:58.474+0000] {logging_mixin.py:190} INFO - [2024-11-16T19:12:58.473+0000] {dagbag.py:588} INFO - Filling up the DagBag from /home/airflow/.local/lib/python3.12/site-packages/airflow/example_dags/example_setup_teardown.py
[2024-11-16T19:12:58.501+0000] {processor.py:925} INFO - DAG(s) 'example_setup_teardown' retrieved from /home/airflow/.local/lib/python3.12/site-packages/airflow/example_dags/example_setup_teardown.py
[2024-11-16T19:12:58.597+0000] {logging_mixin.py:190} INFO - [2024-11-16T19:12:58.597+0000] {dag.py:3239} INFO - Sync 1 DAGs
[2024-11-16T19:12:58.662+0000] {logging_mixin.py:190} INFO - [2024-11-16T19:12:58.662+0000] {dag.py:4180} INFO - Setting next_dagrun for example_setup_teardown to None, run_after=None
[2024-11-16T19:12:58.714+0000] {processor.py:208} INFO - Processing /home/airflow/.local/lib/python3.12/site-packages/airflow/example_dags/example_setup_teardown.py took 0.268 seconds
[2024-11-16T19:13:37.115+0000] {processor.py:186} INFO - Started process (PID=1078) to work on /home/airflow/.local/lib/python3.12/site-packages/airflow/example_dags/example_setup_teardown.py
[2024-11-16T19:13:37.119+0000] {processor.py:914} INFO - Processing file /home/airflow/.local/lib/python3.12/site-packages/airflow/example_dags/example_setup_teardown.py for tasks to queue
[2024-11-16T19:13:37.145+0000] {logging_mixin.py:190} INFO - [2024-11-16T19:13:37.144+0000] {dagbag.py:588} INFO - Filling up the DagBag from /home/airflow/.local/lib/python3.12/site-packages/airflow/example_dags/example_setup_teardown.py
[2024-11-16T19:13:37.203+0000] {processor.py:925} INFO - DAG(s) 'example_setup_teardown' retrieved from /home/airflow/.local/lib/python3.12/site-packages/airflow/example_dags/example_setup_teardown.py
[2024-11-16T19:13:37.410+0000] {logging_mixin.py:190} INFO - [2024-11-16T19:13:37.409+0000] {dag.py:3239} INFO - Sync 1 DAGs
[2024-11-16T19:13:37.457+0000] {logging_mixin.py:190} INFO - [2024-11-16T19:13:37.455+0000] {dag.py:4180} INFO - Setting next_dagrun for example_setup_teardown to None, run_after=None
[2024-11-16T19:13:37.561+0000] {processor.py:208} INFO - Processing /home/airflow/.local/lib/python3.12/site-packages/airflow/example_dags/example_setup_teardown.py took 0.464 seconds
[2024-11-16T19:14:09.080+0000] {processor.py:186} INFO - Started process (PID=1141) to work on /home/airflow/.local/lib/python3.12/site-packages/airflow/example_dags/example_setup_teardown.py
[2024-11-16T19:14:09.129+0000] {processor.py:914} INFO - Processing file /home/airflow/.local/lib/python3.12/site-packages/airflow/example_dags/example_setup_teardown.py for tasks to queue
[2024-11-16T19:14:09.209+0000] {logging_mixin.py:190} INFO - [2024-11-16T19:14:09.208+0000] {dagbag.py:588} INFO - Filling up the DagBag from /home/airflow/.local/lib/python3.12/site-packages/airflow/example_dags/example_setup_teardown.py
[2024-11-16T19:14:09.327+0000] {processor.py:925} INFO - DAG(s) 'example_setup_teardown' retrieved from /home/airflow/.local/lib/python3.12/site-packages/airflow/example_dags/example_setup_teardown.py
[2024-11-16T19:14:09.590+0000] {logging_mixin.py:190} INFO - [2024-11-16T19:14:09.589+0000] {dag.py:3239} INFO - Sync 1 DAGs
[2024-11-16T19:14:09.813+0000] {logging_mixin.py:190} INFO - [2024-11-16T19:14:09.785+0000] {dag.py:4180} INFO - Setting next_dagrun for example_setup_teardown to None, run_after=None
[2024-11-16T19:14:10.200+0000] {processor.py:208} INFO - Processing /home/airflow/.local/lib/python3.12/site-packages/airflow/example_dags/example_setup_teardown.py took 1.280 seconds
[2024-11-16T19:14:41.360+0000] {processor.py:186} INFO - Started process (PID=1206) to work on /home/airflow/.local/lib/python3.12/site-packages/airflow/example_dags/example_setup_teardown.py
[2024-11-16T19:14:41.363+0000] {processor.py:914} INFO - Processing file /home/airflow/.local/lib/python3.12/site-packages/airflow/example_dags/example_setup_teardown.py for tasks to queue
[2024-11-16T19:14:41.370+0000] {logging_mixin.py:190} INFO - [2024-11-16T19:14:41.369+0000] {dagbag.py:588} INFO - Filling up the DagBag from /home/airflow/.local/lib/python3.12/site-packages/airflow/example_dags/example_setup_teardown.py
[2024-11-16T19:14:41.397+0000] {processor.py:925} INFO - DAG(s) 'example_setup_teardown' retrieved from /home/airflow/.local/lib/python3.12/site-packages/airflow/example_dags/example_setup_teardown.py
[2024-11-16T19:14:41.464+0000] {logging_mixin.py:190} INFO - [2024-11-16T19:14:41.464+0000] {dag.py:3239} INFO - Sync 1 DAGs
[2024-11-16T19:14:41.504+0000] {logging_mixin.py:190} INFO - [2024-11-16T19:14:41.504+0000] {dag.py:4180} INFO - Setting next_dagrun for example_setup_teardown to None, run_after=None
[2024-11-16T19:14:41.568+0000] {processor.py:208} INFO - Processing /home/airflow/.local/lib/python3.12/site-packages/airflow/example_dags/example_setup_teardown.py took 0.233 seconds
[2024-11-16T19:15:13.290+0000] {processor.py:186} INFO - Started process (PID=1267) to work on /home/airflow/.local/lib/python3.12/site-packages/airflow/example_dags/example_setup_teardown.py
[2024-11-16T19:15:13.295+0000] {processor.py:914} INFO - Processing file /home/airflow/.local/lib/python3.12/site-packages/airflow/example_dags/example_setup_teardown.py for tasks to queue
[2024-11-16T19:15:13.311+0000] {logging_mixin.py:190} INFO - [2024-11-16T19:15:13.309+0000] {dagbag.py:588} INFO - Filling up the DagBag from /home/airflow/.local/lib/python3.12/site-packages/airflow/example_dags/example_setup_teardown.py
[2024-11-16T19:15:13.400+0000] {processor.py:925} INFO - DAG(s) 'example_setup_teardown' retrieved from /home/airflow/.local/lib/python3.12/site-packages/airflow/example_dags/example_setup_teardown.py
[2024-11-16T19:15:13.541+0000] {logging_mixin.py:190} INFO - [2024-11-16T19:15:13.540+0000] {dag.py:3239} INFO - Sync 1 DAGs
[2024-11-16T19:15:13.604+0000] {logging_mixin.py:190} INFO - [2024-11-16T19:15:13.604+0000] {dag.py:4180} INFO - Setting next_dagrun for example_setup_teardown to None, run_after=None
[2024-11-16T19:15:13.660+0000] {processor.py:208} INFO - Processing /home/airflow/.local/lib/python3.12/site-packages/airflow/example_dags/example_setup_teardown.py took 0.423 seconds
[2024-11-16T19:15:45.234+0000] {processor.py:186} INFO - Started process (PID=1328) to work on /home/airflow/.local/lib/python3.12/site-packages/airflow/example_dags/example_setup_teardown.py
[2024-11-16T19:15:45.240+0000] {processor.py:914} INFO - Processing file /home/airflow/.local/lib/python3.12/site-packages/airflow/example_dags/example_setup_teardown.py for tasks to queue
[2024-11-16T19:15:45.258+0000] {logging_mixin.py:190} INFO - [2024-11-16T19:15:45.257+0000] {dagbag.py:588} INFO - Filling up the DagBag from /home/airflow/.local/lib/python3.12/site-packages/airflow/example_dags/example_setup_teardown.py
[2024-11-16T19:15:45.296+0000] {processor.py:925} INFO - DAG(s) 'example_setup_teardown' retrieved from /home/airflow/.local/lib/python3.12/site-packages/airflow/example_dags/example_setup_teardown.py
[2024-11-16T19:15:45.404+0000] {logging_mixin.py:190} INFO - [2024-11-16T19:15:45.403+0000] {dag.py:3239} INFO - Sync 1 DAGs
[2024-11-16T19:15:45.464+0000] {logging_mixin.py:190} INFO - [2024-11-16T19:15:45.463+0000] {dag.py:4180} INFO - Setting next_dagrun for example_setup_teardown to None, run_after=None
[2024-11-16T19:15:45.510+0000] {processor.py:208} INFO - Processing /home/airflow/.local/lib/python3.12/site-packages/airflow/example_dags/example_setup_teardown.py took 0.310 seconds
[2024-11-16T19:16:18.206+0000] {processor.py:186} INFO - Started process (PID=1392) to work on /home/airflow/.local/lib/python3.12/site-packages/airflow/example_dags/example_setup_teardown.py
[2024-11-16T19:16:18.208+0000] {processor.py:914} INFO - Processing file /home/airflow/.local/lib/python3.12/site-packages/airflow/example_dags/example_setup_teardown.py for tasks to queue
[2024-11-16T19:16:18.214+0000] {logging_mixin.py:190} INFO - [2024-11-16T19:16:18.213+0000] {dagbag.py:588} INFO - Filling up the DagBag from /home/airflow/.local/lib/python3.12/site-packages/airflow/example_dags/example_setup_teardown.py
[2024-11-16T19:16:18.243+0000] {processor.py:925} INFO - DAG(s) 'example_setup_teardown' retrieved from /home/airflow/.local/lib/python3.12/site-packages/airflow/example_dags/example_setup_teardown.py
[2024-11-16T19:16:18.354+0000] {logging_mixin.py:190} INFO - [2024-11-16T19:16:18.354+0000] {dag.py:3239} INFO - Sync 1 DAGs
[2024-11-16T19:16:18.416+0000] {logging_mixin.py:190} INFO - [2024-11-16T19:16:18.416+0000] {dag.py:4180} INFO - Setting next_dagrun for example_setup_teardown to None, run_after=None
[2024-11-16T19:16:18.470+0000] {processor.py:208} INFO - Processing /home/airflow/.local/lib/python3.12/site-packages/airflow/example_dags/example_setup_teardown.py took 0.285 seconds
[2024-11-16T19:16:49.775+0000] {processor.py:186} INFO - Started process (PID=1455) to work on /home/airflow/.local/lib/python3.12/site-packages/airflow/example_dags/example_setup_teardown.py
[2024-11-16T19:16:49.778+0000] {processor.py:914} INFO - Processing file /home/airflow/.local/lib/python3.12/site-packages/airflow/example_dags/example_setup_teardown.py for tasks to queue
[2024-11-16T19:16:49.806+0000] {logging_mixin.py:190} INFO - [2024-11-16T19:16:49.799+0000] {dagbag.py:588} INFO - Filling up the DagBag from /home/airflow/.local/lib/python3.12/site-packages/airflow/example_dags/example_setup_teardown.py
[2024-11-16T19:16:49.845+0000] {processor.py:925} INFO - DAG(s) 'example_setup_teardown' retrieved from /home/airflow/.local/lib/python3.12/site-packages/airflow/example_dags/example_setup_teardown.py
[2024-11-16T19:16:49.943+0000] {logging_mixin.py:190} INFO - [2024-11-16T19:16:49.943+0000] {dag.py:3239} INFO - Sync 1 DAGs
[2024-11-16T19:16:50.039+0000] {logging_mixin.py:190} INFO - [2024-11-16T19:16:50.038+0000] {dag.py:4180} INFO - Setting next_dagrun for example_setup_teardown to None, run_after=None
[2024-11-16T19:16:50.103+0000] {processor.py:208} INFO - Processing /home/airflow/.local/lib/python3.12/site-packages/airflow/example_dags/example_setup_teardown.py took 0.371 seconds
[2024-11-16T19:17:20.381+0000] {processor.py:186} INFO - Started process (PID=1517) to work on /home/airflow/.local/lib/python3.12/site-packages/airflow/example_dags/example_setup_teardown.py
[2024-11-16T19:17:20.383+0000] {processor.py:914} INFO - Processing file /home/airflow/.local/lib/python3.12/site-packages/airflow/example_dags/example_setup_teardown.py for tasks to queue
[2024-11-16T19:17:20.388+0000] {logging_mixin.py:190} INFO - [2024-11-16T19:17:20.387+0000] {dagbag.py:588} INFO - Filling up the DagBag from /home/airflow/.local/lib/python3.12/site-packages/airflow/example_dags/example_setup_teardown.py
[2024-11-16T19:17:20.410+0000] {processor.py:925} INFO - DAG(s) 'example_setup_teardown' retrieved from /home/airflow/.local/lib/python3.12/site-packages/airflow/example_dags/example_setup_teardown.py
[2024-11-16T19:17:20.456+0000] {logging_mixin.py:190} INFO - [2024-11-16T19:17:20.455+0000] {dag.py:3239} INFO - Sync 1 DAGs
[2024-11-16T19:17:20.492+0000] {logging_mixin.py:190} INFO - [2024-11-16T19:17:20.491+0000] {dag.py:4180} INFO - Setting next_dagrun for example_setup_teardown to None, run_after=None
[2024-11-16T19:17:20.540+0000] {processor.py:208} INFO - Processing /home/airflow/.local/lib/python3.12/site-packages/airflow/example_dags/example_setup_teardown.py took 0.171 seconds
