[2024-11-16T18:59:18.896+0000] {processor.py:186} INFO - Started process (PID=93) to work on /home/airflow/.local/lib/python3.12/site-packages/airflow/example_dags/example_kubernetes_executor.py
[2024-11-16T18:59:18.915+0000] {processor.py:914} INFO - Processing file /home/airflow/.local/lib/python3.12/site-packages/airflow/example_dags/example_kubernetes_executor.py for tasks to queue
[2024-11-16T18:59:18.922+0000] {logging_mixin.py:190} INFO - [2024-11-16T18:59:18.921+0000] {dagbag.py:588} INFO - Filling up the DagBag from /home/airflow/.local/lib/python3.12/site-packages/airflow/example_dags/example_kubernetes_executor.py
[2024-11-16T18:59:19.025+0000] {processor.py:925} INFO - DAG(s) 'example_kubernetes_executor' retrieved from /home/airflow/.local/lib/python3.12/site-packages/airflow/example_dags/example_kubernetes_executor.py
[2024-11-16T18:59:19.874+0000] {logging_mixin.py:190} INFO - [2024-11-16T18:59:19.873+0000] {override.py:1911} INFO - Created Permission View: can delete on DAG:example_kubernetes_executor
[2024-11-16T18:59:19.946+0000] {logging_mixin.py:190} INFO - [2024-11-16T18:59:19.945+0000] {override.py:1911} INFO - Created Permission View: can edit on DAG:example_kubernetes_executor
[2024-11-16T18:59:19.977+0000] {logging_mixin.py:190} INFO - [2024-11-16T18:59:19.977+0000] {override.py:1911} INFO - Created Permission View: can read on DAG:example_kubernetes_executor
[2024-11-16T18:59:20.035+0000] {logging_mixin.py:190} INFO - [2024-11-16T18:59:20.034+0000] {override.py:1911} INFO - Created Permission View: menu access on DAG Run:example_kubernetes_executor
[2024-11-16T18:59:20.079+0000] {logging_mixin.py:190} INFO - [2024-11-16T18:59:20.078+0000] {override.py:1911} INFO - Created Permission View: can delete on DAG Run:example_kubernetes_executor
[2024-11-16T18:59:20.143+0000] {logging_mixin.py:190} INFO - [2024-11-16T18:59:20.142+0000] {override.py:1911} INFO - Created Permission View: can read on DAG Run:example_kubernetes_executor
[2024-11-16T18:59:20.188+0000] {logging_mixin.py:190} INFO - [2024-11-16T18:59:20.172+0000] {override.py:1911} INFO - Created Permission View: can create on DAG Run:example_kubernetes_executor
[2024-11-16T18:59:20.192+0000] {logging_mixin.py:190} INFO - [2024-11-16T18:59:20.191+0000] {dag.py:3239} INFO - Sync 1 DAGs
[2024-11-16T18:59:20.280+0000] {logging_mixin.py:190} INFO - [2024-11-16T18:59:20.279+0000] {dag.py:3262} INFO - Creating ORM DAG for example_kubernetes_executor
[2024-11-16T18:59:20.288+0000] {logging_mixin.py:190} INFO - [2024-11-16T18:59:20.287+0000] {dag.py:4180} INFO - Setting next_dagrun for example_kubernetes_executor to None, run_after=None
[2024-11-16T18:59:20.426+0000] {processor.py:208} INFO - Processing /home/airflow/.local/lib/python3.12/site-packages/airflow/example_dags/example_kubernetes_executor.py took 1.558 seconds
[2024-11-16T19:00:28.713+0000] {processor.py:186} INFO - Started process (PID=161) to work on /home/airflow/.local/lib/python3.12/site-packages/airflow/example_dags/example_kubernetes_executor.py
[2024-11-16T19:00:28.716+0000] {processor.py:914} INFO - Processing file /home/airflow/.local/lib/python3.12/site-packages/airflow/example_dags/example_kubernetes_executor.py for tasks to queue
[2024-11-16T19:00:28.722+0000] {logging_mixin.py:190} INFO - [2024-11-16T19:00:28.721+0000] {dagbag.py:588} INFO - Filling up the DagBag from /home/airflow/.local/lib/python3.12/site-packages/airflow/example_dags/example_kubernetes_executor.py
[2024-11-16T19:00:28.770+0000] {processor.py:925} INFO - DAG(s) 'example_kubernetes_executor' retrieved from /home/airflow/.local/lib/python3.12/site-packages/airflow/example_dags/example_kubernetes_executor.py
[2024-11-16T19:00:28.874+0000] {logging_mixin.py:190} INFO - [2024-11-16T19:00:28.873+0000] {dag.py:3239} INFO - Sync 1 DAGs
[2024-11-16T19:00:28.917+0000] {logging_mixin.py:190} INFO - [2024-11-16T19:00:28.916+0000] {dag.py:4180} INFO - Setting next_dagrun for example_kubernetes_executor to None, run_after=None
[2024-11-16T19:00:28.974+0000] {processor.py:208} INFO - Processing /home/airflow/.local/lib/python3.12/site-packages/airflow/example_dags/example_kubernetes_executor.py took 0.285 seconds
[2024-11-16T19:01:02.304+0000] {processor.py:186} INFO - Started process (PID=224) to work on /home/airflow/.local/lib/python3.12/site-packages/airflow/example_dags/example_kubernetes_executor.py
[2024-11-16T19:01:02.310+0000] {processor.py:914} INFO - Processing file /home/airflow/.local/lib/python3.12/site-packages/airflow/example_dags/example_kubernetes_executor.py for tasks to queue
[2024-11-16T19:01:02.317+0000] {logging_mixin.py:190} INFO - [2024-11-16T19:01:02.316+0000] {dagbag.py:588} INFO - Filling up the DagBag from /home/airflow/.local/lib/python3.12/site-packages/airflow/example_dags/example_kubernetes_executor.py
[2024-11-16T19:01:02.460+0000] {processor.py:925} INFO - DAG(s) 'example_kubernetes_executor' retrieved from /home/airflow/.local/lib/python3.12/site-packages/airflow/example_dags/example_kubernetes_executor.py
[2024-11-16T19:01:02.667+0000] {logging_mixin.py:190} INFO - [2024-11-16T19:01:02.666+0000] {dag.py:3239} INFO - Sync 1 DAGs
[2024-11-16T19:01:02.767+0000] {logging_mixin.py:190} INFO - [2024-11-16T19:01:02.766+0000] {dag.py:4180} INFO - Setting next_dagrun for example_kubernetes_executor to None, run_after=None
[2024-11-16T19:01:02.844+0000] {processor.py:208} INFO - Processing /home/airflow/.local/lib/python3.12/site-packages/airflow/example_dags/example_kubernetes_executor.py took 0.558 seconds
[2024-11-16T19:01:44.323+0000] {processor.py:186} INFO - Started process (PID=292) to work on /home/airflow/.local/lib/python3.12/site-packages/airflow/example_dags/example_kubernetes_executor.py
[2024-11-16T19:01:44.335+0000] {processor.py:914} INFO - Processing file /home/airflow/.local/lib/python3.12/site-packages/airflow/example_dags/example_kubernetes_executor.py for tasks to queue
[2024-11-16T19:01:44.344+0000] {logging_mixin.py:190} INFO - [2024-11-16T19:01:44.343+0000] {dagbag.py:588} INFO - Filling up the DagBag from /home/airflow/.local/lib/python3.12/site-packages/airflow/example_dags/example_kubernetes_executor.py
[2024-11-16T19:01:44.533+0000] {processor.py:925} INFO - DAG(s) 'example_kubernetes_executor' retrieved from /home/airflow/.local/lib/python3.12/site-packages/airflow/example_dags/example_kubernetes_executor.py
[2024-11-16T19:01:45.058+0000] {logging_mixin.py:190} INFO - [2024-11-16T19:01:45.056+0000] {dag.py:3239} INFO - Sync 1 DAGs
[2024-11-16T19:01:45.525+0000] {logging_mixin.py:190} INFO - [2024-11-16T19:01:45.525+0000] {dag.py:4180} INFO - Setting next_dagrun for example_kubernetes_executor to None, run_after=None
[2024-11-16T19:01:45.989+0000] {processor.py:208} INFO - Processing /home/airflow/.local/lib/python3.12/site-packages/airflow/example_dags/example_kubernetes_executor.py took 1.717 seconds
[2024-11-16T19:02:31.317+0000] {processor.py:186} INFO - Started process (PID=352) to work on /home/airflow/.local/lib/python3.12/site-packages/airflow/example_dags/example_kubernetes_executor.py
[2024-11-16T19:02:31.320+0000] {processor.py:914} INFO - Processing file /home/airflow/.local/lib/python3.12/site-packages/airflow/example_dags/example_kubernetes_executor.py for tasks to queue
[2024-11-16T19:02:31.331+0000] {logging_mixin.py:190} INFO - [2024-11-16T19:02:31.330+0000] {dagbag.py:588} INFO - Filling up the DagBag from /home/airflow/.local/lib/python3.12/site-packages/airflow/example_dags/example_kubernetes_executor.py
[2024-11-16T19:02:31.441+0000] {processor.py:925} INFO - DAG(s) 'example_kubernetes_executor' retrieved from /home/airflow/.local/lib/python3.12/site-packages/airflow/example_dags/example_kubernetes_executor.py
[2024-11-16T19:02:31.596+0000] {logging_mixin.py:190} INFO - [2024-11-16T19:02:31.595+0000] {dag.py:3239} INFO - Sync 1 DAGs
[2024-11-16T19:02:31.665+0000] {logging_mixin.py:190} INFO - [2024-11-16T19:02:31.664+0000] {dag.py:4180} INFO - Setting next_dagrun for example_kubernetes_executor to None, run_after=None
[2024-11-16T19:02:31.782+0000] {processor.py:208} INFO - Processing /home/airflow/.local/lib/python3.12/site-packages/airflow/example_dags/example_kubernetes_executor.py took 0.497 seconds
[2024-11-16T19:03:03.698+0000] {processor.py:186} INFO - Started process (PID=415) to work on /home/airflow/.local/lib/python3.12/site-packages/airflow/example_dags/example_kubernetes_executor.py
[2024-11-16T19:03:03.705+0000] {processor.py:914} INFO - Processing file /home/airflow/.local/lib/python3.12/site-packages/airflow/example_dags/example_kubernetes_executor.py for tasks to queue
[2024-11-16T19:03:03.717+0000] {logging_mixin.py:190} INFO - [2024-11-16T19:03:03.715+0000] {dagbag.py:588} INFO - Filling up the DagBag from /home/airflow/.local/lib/python3.12/site-packages/airflow/example_dags/example_kubernetes_executor.py
[2024-11-16T19:03:03.840+0000] {processor.py:925} INFO - DAG(s) 'example_kubernetes_executor' retrieved from /home/airflow/.local/lib/python3.12/site-packages/airflow/example_dags/example_kubernetes_executor.py
[2024-11-16T19:03:04.251+0000] {logging_mixin.py:190} INFO - [2024-11-16T19:03:04.250+0000] {dag.py:3239} INFO - Sync 1 DAGs
[2024-11-16T19:03:04.378+0000] {logging_mixin.py:190} INFO - [2024-11-16T19:03:04.377+0000] {dag.py:4180} INFO - Setting next_dagrun for example_kubernetes_executor to None, run_after=None
[2024-11-16T19:03:04.537+0000] {processor.py:208} INFO - Processing /home/airflow/.local/lib/python3.12/site-packages/airflow/example_dags/example_kubernetes_executor.py took 0.878 seconds
[2024-11-16T19:03:34.919+0000] {processor.py:186} INFO - Started process (PID=477) to work on /home/airflow/.local/lib/python3.12/site-packages/airflow/example_dags/example_kubernetes_executor.py
[2024-11-16T19:03:34.921+0000] {processor.py:914} INFO - Processing file /home/airflow/.local/lib/python3.12/site-packages/airflow/example_dags/example_kubernetes_executor.py for tasks to queue
[2024-11-16T19:03:34.926+0000] {logging_mixin.py:190} INFO - [2024-11-16T19:03:34.926+0000] {dagbag.py:588} INFO - Filling up the DagBag from /home/airflow/.local/lib/python3.12/site-packages/airflow/example_dags/example_kubernetes_executor.py
[2024-11-16T19:03:34.968+0000] {processor.py:925} INFO - DAG(s) 'example_kubernetes_executor' retrieved from /home/airflow/.local/lib/python3.12/site-packages/airflow/example_dags/example_kubernetes_executor.py
[2024-11-16T19:03:35.070+0000] {logging_mixin.py:190} INFO - [2024-11-16T19:03:35.069+0000] {dag.py:3239} INFO - Sync 1 DAGs
[2024-11-16T19:03:35.104+0000] {logging_mixin.py:190} INFO - [2024-11-16T19:03:35.104+0000] {dag.py:4180} INFO - Setting next_dagrun for example_kubernetes_executor to None, run_after=None
[2024-11-16T19:03:35.148+0000] {processor.py:208} INFO - Processing /home/airflow/.local/lib/python3.12/site-packages/airflow/example_dags/example_kubernetes_executor.py took 0.245 seconds
[2024-11-16T19:04:12.620+0000] {processor.py:186} INFO - Started process (PID=547) to work on /home/airflow/.local/lib/python3.12/site-packages/airflow/example_dags/example_kubernetes_executor.py
[2024-11-16T19:04:12.623+0000] {processor.py:914} INFO - Processing file /home/airflow/.local/lib/python3.12/site-packages/airflow/example_dags/example_kubernetes_executor.py for tasks to queue
[2024-11-16T19:04:12.630+0000] {logging_mixin.py:190} INFO - [2024-11-16T19:04:12.630+0000] {dagbag.py:588} INFO - Filling up the DagBag from /home/airflow/.local/lib/python3.12/site-packages/airflow/example_dags/example_kubernetes_executor.py
[2024-11-16T19:04:12.675+0000] {processor.py:925} INFO - DAG(s) 'example_kubernetes_executor' retrieved from /home/airflow/.local/lib/python3.12/site-packages/airflow/example_dags/example_kubernetes_executor.py
[2024-11-16T19:04:12.805+0000] {logging_mixin.py:190} INFO - [2024-11-16T19:04:12.803+0000] {dag.py:3239} INFO - Sync 1 DAGs
[2024-11-16T19:04:12.908+0000] {logging_mixin.py:190} INFO - [2024-11-16T19:04:12.907+0000] {dag.py:4180} INFO - Setting next_dagrun for example_kubernetes_executor to None, run_after=None
[2024-11-16T19:04:13.018+0000] {processor.py:208} INFO - Processing /home/airflow/.local/lib/python3.12/site-packages/airflow/example_dags/example_kubernetes_executor.py took 0.416 seconds
[2024-11-16T19:05:33.848+0000] {processor.py:186} INFO - Started process (PID=622) to work on /home/airflow/.local/lib/python3.12/site-packages/airflow/example_dags/example_kubernetes_executor.py
[2024-11-16T19:05:33.880+0000] {processor.py:914} INFO - Processing file /home/airflow/.local/lib/python3.12/site-packages/airflow/example_dags/example_kubernetes_executor.py for tasks to queue
[2024-11-16T19:05:33.963+0000] {logging_mixin.py:190} INFO - [2024-11-16T19:05:33.962+0000] {dagbag.py:588} INFO - Filling up the DagBag from /home/airflow/.local/lib/python3.12/site-packages/airflow/example_dags/example_kubernetes_executor.py
[2024-11-16T19:05:34.218+0000] {processor.py:925} INFO - DAG(s) 'example_kubernetes_executor' retrieved from /home/airflow/.local/lib/python3.12/site-packages/airflow/example_dags/example_kubernetes_executor.py
[2024-11-16T19:05:34.729+0000] {logging_mixin.py:190} INFO - [2024-11-16T19:05:34.729+0000] {dag.py:3239} INFO - Sync 1 DAGs
[2024-11-16T19:05:34.941+0000] {logging_mixin.py:190} INFO - [2024-11-16T19:05:34.941+0000] {dag.py:4180} INFO - Setting next_dagrun for example_kubernetes_executor to None, run_after=None
[2024-11-16T19:05:35.194+0000] {processor.py:208} INFO - Processing /home/airflow/.local/lib/python3.12/site-packages/airflow/example_dags/example_kubernetes_executor.py took 1.489 seconds
[2024-11-16T19:07:01.210+0000] {processor.py:186} INFO - Started process (PID=690) to work on /home/airflow/.local/lib/python3.12/site-packages/airflow/example_dags/example_kubernetes_executor.py
[2024-11-16T19:07:01.242+0000] {processor.py:914} INFO - Processing file /home/airflow/.local/lib/python3.12/site-packages/airflow/example_dags/example_kubernetes_executor.py for tasks to queue
[2024-11-16T19:07:01.263+0000] {logging_mixin.py:190} INFO - [2024-11-16T19:07:01.260+0000] {dagbag.py:588} INFO - Filling up the DagBag from /home/airflow/.local/lib/python3.12/site-packages/airflow/example_dags/example_kubernetes_executor.py
[2024-11-16T19:07:01.714+0000] {processor.py:925} INFO - DAG(s) 'example_kubernetes_executor' retrieved from /home/airflow/.local/lib/python3.12/site-packages/airflow/example_dags/example_kubernetes_executor.py
[2024-11-16T19:07:02.291+0000] {logging_mixin.py:190} INFO - [2024-11-16T19:07:02.290+0000] {dag.py:3239} INFO - Sync 1 DAGs
[2024-11-16T19:07:02.643+0000] {logging_mixin.py:190} INFO - [2024-11-16T19:07:02.641+0000] {dag.py:4180} INFO - Setting next_dagrun for example_kubernetes_executor to None, run_after=None
[2024-11-16T19:07:03.059+0000] {processor.py:208} INFO - Processing /home/airflow/.local/lib/python3.12/site-packages/airflow/example_dags/example_kubernetes_executor.py took 1.904 seconds
[2024-11-16T19:08:23.424+0000] {processor.py:186} INFO - Started process (PID=748) to work on /home/airflow/.local/lib/python3.12/site-packages/airflow/example_dags/example_kubernetes_executor.py
[2024-11-16T19:08:23.536+0000] {processor.py:914} INFO - Processing file /home/airflow/.local/lib/python3.12/site-packages/airflow/example_dags/example_kubernetes_executor.py for tasks to queue
[2024-11-16T19:08:23.640+0000] {logging_mixin.py:190} INFO - [2024-11-16T19:08:23.639+0000] {dagbag.py:588} INFO - Filling up the DagBag from /home/airflow/.local/lib/python3.12/site-packages/airflow/example_dags/example_kubernetes_executor.py
[2024-11-16T19:08:24.010+0000] {processor.py:925} INFO - DAG(s) 'example_kubernetes_executor' retrieved from /home/airflow/.local/lib/python3.12/site-packages/airflow/example_dags/example_kubernetes_executor.py
[2024-11-16T19:08:24.566+0000] {logging_mixin.py:190} INFO - [2024-11-16T19:08:24.563+0000] {dag.py:3239} INFO - Sync 1 DAGs
[2024-11-16T19:08:24.835+0000] {logging_mixin.py:190} INFO - [2024-11-16T19:08:24.834+0000] {dag.py:4180} INFO - Setting next_dagrun for example_kubernetes_executor to None, run_after=None
[2024-11-16T19:08:25.289+0000] {processor.py:208} INFO - Processing /home/airflow/.local/lib/python3.12/site-packages/airflow/example_dags/example_kubernetes_executor.py took 2.015 seconds
[2024-11-16T19:09:34.941+0000] {processor.py:186} INFO - Started process (PID=808) to work on /home/airflow/.local/lib/python3.12/site-packages/airflow/example_dags/example_kubernetes_executor.py
[2024-11-16T19:09:35.003+0000] {processor.py:914} INFO - Processing file /home/airflow/.local/lib/python3.12/site-packages/airflow/example_dags/example_kubernetes_executor.py for tasks to queue
[2024-11-16T19:09:35.059+0000] {logging_mixin.py:190} INFO - [2024-11-16T19:09:35.027+0000] {dagbag.py:588} INFO - Filling up the DagBag from /home/airflow/.local/lib/python3.12/site-packages/airflow/example_dags/example_kubernetes_executor.py
[2024-11-16T19:09:35.286+0000] {processor.py:925} INFO - DAG(s) 'example_kubernetes_executor' retrieved from /home/airflow/.local/lib/python3.12/site-packages/airflow/example_dags/example_kubernetes_executor.py
[2024-11-16T19:09:35.796+0000] {logging_mixin.py:190} INFO - [2024-11-16T19:09:35.795+0000] {dag.py:3239} INFO - Sync 1 DAGs
[2024-11-16T19:09:36.103+0000] {logging_mixin.py:190} INFO - [2024-11-16T19:09:36.102+0000] {dag.py:4180} INFO - Setting next_dagrun for example_kubernetes_executor to None, run_after=None
[2024-11-16T19:09:36.394+0000] {processor.py:208} INFO - Processing /home/airflow/.local/lib/python3.12/site-packages/airflow/example_dags/example_kubernetes_executor.py took 1.543 seconds
[2024-11-16T19:10:34.845+0000] {processor.py:186} INFO - Started process (PID=859) to work on /home/airflow/.local/lib/python3.12/site-packages/airflow/example_dags/example_kubernetes_executor.py
[2024-11-16T19:10:34.874+0000] {processor.py:914} INFO - Processing file /home/airflow/.local/lib/python3.12/site-packages/airflow/example_dags/example_kubernetes_executor.py for tasks to queue
[2024-11-16T19:10:34.967+0000] {logging_mixin.py:190} INFO - [2024-11-16T19:10:34.939+0000] {dagbag.py:588} INFO - Filling up the DagBag from /home/airflow/.local/lib/python3.12/site-packages/airflow/example_dags/example_kubernetes_executor.py
[2024-11-16T19:10:35.296+0000] {processor.py:925} INFO - DAG(s) 'example_kubernetes_executor' retrieved from /home/airflow/.local/lib/python3.12/site-packages/airflow/example_dags/example_kubernetes_executor.py
[2024-11-16T19:10:35.742+0000] {logging_mixin.py:190} INFO - [2024-11-16T19:10:35.741+0000] {dag.py:3239} INFO - Sync 1 DAGs
[2024-11-16T19:10:35.980+0000] {logging_mixin.py:190} INFO - [2024-11-16T19:10:35.977+0000] {dag.py:4180} INFO - Setting next_dagrun for example_kubernetes_executor to None, run_after=None
[2024-11-16T19:10:36.202+0000] {processor.py:208} INFO - Processing /home/airflow/.local/lib/python3.12/site-packages/airflow/example_dags/example_kubernetes_executor.py took 1.426 seconds
[2024-11-16T19:11:32.584+0000] {processor.py:186} INFO - Started process (PID=912) to work on /home/airflow/.local/lib/python3.12/site-packages/airflow/example_dags/example_kubernetes_executor.py
[2024-11-16T19:11:32.608+0000] {processor.py:914} INFO - Processing file /home/airflow/.local/lib/python3.12/site-packages/airflow/example_dags/example_kubernetes_executor.py for tasks to queue
[2024-11-16T19:11:32.615+0000] {logging_mixin.py:190} INFO - [2024-11-16T19:11:32.614+0000] {dagbag.py:588} INFO - Filling up the DagBag from /home/airflow/.local/lib/python3.12/site-packages/airflow/example_dags/example_kubernetes_executor.py
[2024-11-16T19:11:32.844+0000] {processor.py:925} INFO - DAG(s) 'example_kubernetes_executor' retrieved from /home/airflow/.local/lib/python3.12/site-packages/airflow/example_dags/example_kubernetes_executor.py
[2024-11-16T19:11:33.417+0000] {logging_mixin.py:190} INFO - [2024-11-16T19:11:33.404+0000] {dag.py:3239} INFO - Sync 1 DAGs
[2024-11-16T19:11:33.599+0000] {logging_mixin.py:190} INFO - [2024-11-16T19:11:33.598+0000] {dag.py:4180} INFO - Setting next_dagrun for example_kubernetes_executor to None, run_after=None
[2024-11-16T19:11:33.833+0000] {processor.py:208} INFO - Processing /home/airflow/.local/lib/python3.12/site-packages/airflow/example_dags/example_kubernetes_executor.py took 1.350 seconds
[2024-11-16T19:12:38.691+0000] {processor.py:186} INFO - Started process (PID=983) to work on /home/airflow/.local/lib/python3.12/site-packages/airflow/example_dags/example_kubernetes_executor.py
[2024-11-16T19:12:38.728+0000] {processor.py:914} INFO - Processing file /home/airflow/.local/lib/python3.12/site-packages/airflow/example_dags/example_kubernetes_executor.py for tasks to queue
[2024-11-16T19:12:38.778+0000] {logging_mixin.py:190} INFO - [2024-11-16T19:12:38.777+0000] {dagbag.py:588} INFO - Filling up the DagBag from /home/airflow/.local/lib/python3.12/site-packages/airflow/example_dags/example_kubernetes_executor.py
[2024-11-16T19:12:38.933+0000] {processor.py:925} INFO - DAG(s) 'example_kubernetes_executor' retrieved from /home/airflow/.local/lib/python3.12/site-packages/airflow/example_dags/example_kubernetes_executor.py
[2024-11-16T19:12:39.329+0000] {logging_mixin.py:190} INFO - [2024-11-16T19:12:39.328+0000] {dag.py:3239} INFO - Sync 1 DAGs
[2024-11-16T19:12:39.602+0000] {logging_mixin.py:190} INFO - [2024-11-16T19:12:39.601+0000] {dag.py:4180} INFO - Setting next_dagrun for example_kubernetes_executor to None, run_after=None
[2024-11-16T19:12:39.845+0000] {processor.py:208} INFO - Processing /home/airflow/.local/lib/python3.12/site-packages/airflow/example_dags/example_kubernetes_executor.py took 1.199 seconds
[2024-11-16T19:13:10.279+0000] {processor.py:186} INFO - Started process (PID=1046) to work on /home/airflow/.local/lib/python3.12/site-packages/airflow/example_dags/example_kubernetes_executor.py
[2024-11-16T19:13:10.281+0000] {processor.py:914} INFO - Processing file /home/airflow/.local/lib/python3.12/site-packages/airflow/example_dags/example_kubernetes_executor.py for tasks to queue
[2024-11-16T19:13:10.289+0000] {logging_mixin.py:190} INFO - [2024-11-16T19:13:10.287+0000] {dagbag.py:588} INFO - Filling up the DagBag from /home/airflow/.local/lib/python3.12/site-packages/airflow/example_dags/example_kubernetes_executor.py
[2024-11-16T19:13:10.351+0000] {processor.py:925} INFO - DAG(s) 'example_kubernetes_executor' retrieved from /home/airflow/.local/lib/python3.12/site-packages/airflow/example_dags/example_kubernetes_executor.py
[2024-11-16T19:13:10.463+0000] {logging_mixin.py:190} INFO - [2024-11-16T19:13:10.463+0000] {dag.py:3239} INFO - Sync 1 DAGs
[2024-11-16T19:13:10.505+0000] {logging_mixin.py:190} INFO - [2024-11-16T19:13:10.505+0000] {dag.py:4180} INFO - Setting next_dagrun for example_kubernetes_executor to None, run_after=None
[2024-11-16T19:13:10.546+0000] {processor.py:208} INFO - Processing /home/airflow/.local/lib/python3.12/site-packages/airflow/example_dags/example_kubernetes_executor.py took 0.284 seconds
[2024-11-16T19:13:46.800+0000] {processor.py:186} INFO - Started process (PID=1092) to work on /home/airflow/.local/lib/python3.12/site-packages/airflow/example_dags/example_kubernetes_executor.py
[2024-11-16T19:13:46.808+0000] {processor.py:914} INFO - Processing file /home/airflow/.local/lib/python3.12/site-packages/airflow/example_dags/example_kubernetes_executor.py for tasks to queue
[2024-11-16T19:13:46.832+0000] {logging_mixin.py:190} INFO - [2024-11-16T19:13:46.831+0000] {dagbag.py:588} INFO - Filling up the DagBag from /home/airflow/.local/lib/python3.12/site-packages/airflow/example_dags/example_kubernetes_executor.py
[2024-11-16T19:13:47.026+0000] {processor.py:925} INFO - DAG(s) 'example_kubernetes_executor' retrieved from /home/airflow/.local/lib/python3.12/site-packages/airflow/example_dags/example_kubernetes_executor.py
[2024-11-16T19:13:47.695+0000] {logging_mixin.py:190} INFO - [2024-11-16T19:13:47.694+0000] {dag.py:3239} INFO - Sync 1 DAGs
[2024-11-16T19:13:47.948+0000] {logging_mixin.py:190} INFO - [2024-11-16T19:13:47.947+0000] {dag.py:4180} INFO - Setting next_dagrun for example_kubernetes_executor to None, run_after=None
[2024-11-16T19:13:48.196+0000] {processor.py:208} INFO - Processing /home/airflow/.local/lib/python3.12/site-packages/airflow/example_dags/example_kubernetes_executor.py took 1.448 seconds
[2024-11-16T19:14:18.880+0000] {processor.py:186} INFO - Started process (PID=1156) to work on /home/airflow/.local/lib/python3.12/site-packages/airflow/example_dags/example_kubernetes_executor.py
[2024-11-16T19:14:18.885+0000] {processor.py:914} INFO - Processing file /home/airflow/.local/lib/python3.12/site-packages/airflow/example_dags/example_kubernetes_executor.py for tasks to queue
[2024-11-16T19:14:18.894+0000] {logging_mixin.py:190} INFO - [2024-11-16T19:14:18.893+0000] {dagbag.py:588} INFO - Filling up the DagBag from /home/airflow/.local/lib/python3.12/site-packages/airflow/example_dags/example_kubernetes_executor.py
[2024-11-16T19:14:18.991+0000] {processor.py:925} INFO - DAG(s) 'example_kubernetes_executor' retrieved from /home/airflow/.local/lib/python3.12/site-packages/airflow/example_dags/example_kubernetes_executor.py
[2024-11-16T19:14:19.356+0000] {logging_mixin.py:190} INFO - [2024-11-16T19:14:19.356+0000] {dag.py:3239} INFO - Sync 1 DAGs
[2024-11-16T19:14:19.504+0000] {logging_mixin.py:190} INFO - [2024-11-16T19:14:19.503+0000] {dag.py:4180} INFO - Setting next_dagrun for example_kubernetes_executor to None, run_after=None
[2024-11-16T19:14:19.687+0000] {processor.py:208} INFO - Processing /home/airflow/.local/lib/python3.12/site-packages/airflow/example_dags/example_kubernetes_executor.py took 0.839 seconds
[2024-11-16T19:14:52.602+0000] {processor.py:186} INFO - Started process (PID=1227) to work on /home/airflow/.local/lib/python3.12/site-packages/airflow/example_dags/example_kubernetes_executor.py
[2024-11-16T19:14:52.650+0000] {processor.py:914} INFO - Processing file /home/airflow/.local/lib/python3.12/site-packages/airflow/example_dags/example_kubernetes_executor.py for tasks to queue
[2024-11-16T19:14:52.670+0000] {logging_mixin.py:190} INFO - [2024-11-16T19:14:52.668+0000] {dagbag.py:588} INFO - Filling up the DagBag from /home/airflow/.local/lib/python3.12/site-packages/airflow/example_dags/example_kubernetes_executor.py
[2024-11-16T19:14:52.871+0000] {processor.py:925} INFO - DAG(s) 'example_kubernetes_executor' retrieved from /home/airflow/.local/lib/python3.12/site-packages/airflow/example_dags/example_kubernetes_executor.py
[2024-11-16T19:14:53.282+0000] {logging_mixin.py:190} INFO - [2024-11-16T19:14:53.281+0000] {dag.py:3239} INFO - Sync 1 DAGs
[2024-11-16T19:14:53.363+0000] {logging_mixin.py:190} INFO - [2024-11-16T19:14:53.362+0000] {dag.py:4180} INFO - Setting next_dagrun for example_kubernetes_executor to None, run_after=None
[2024-11-16T19:14:53.555+0000] {processor.py:208} INFO - Processing /home/airflow/.local/lib/python3.12/site-packages/airflow/example_dags/example_kubernetes_executor.py took 1.042 seconds
[2024-11-16T19:15:24.031+0000] {processor.py:186} INFO - Started process (PID=1291) to work on /home/airflow/.local/lib/python3.12/site-packages/airflow/example_dags/example_kubernetes_executor.py
[2024-11-16T19:15:24.034+0000] {processor.py:914} INFO - Processing file /home/airflow/.local/lib/python3.12/site-packages/airflow/example_dags/example_kubernetes_executor.py for tasks to queue
[2024-11-16T19:15:24.040+0000] {logging_mixin.py:190} INFO - [2024-11-16T19:15:24.039+0000] {dagbag.py:588} INFO - Filling up the DagBag from /home/airflow/.local/lib/python3.12/site-packages/airflow/example_dags/example_kubernetes_executor.py
[2024-11-16T19:15:24.089+0000] {processor.py:925} INFO - DAG(s) 'example_kubernetes_executor' retrieved from /home/airflow/.local/lib/python3.12/site-packages/airflow/example_dags/example_kubernetes_executor.py
[2024-11-16T19:15:24.227+0000] {logging_mixin.py:190} INFO - [2024-11-16T19:15:24.226+0000] {dag.py:3239} INFO - Sync 1 DAGs
[2024-11-16T19:15:24.295+0000] {logging_mixin.py:190} INFO - [2024-11-16T19:15:24.295+0000] {dag.py:4180} INFO - Setting next_dagrun for example_kubernetes_executor to None, run_after=None
[2024-11-16T19:15:24.366+0000] {processor.py:208} INFO - Processing /home/airflow/.local/lib/python3.12/site-packages/airflow/example_dags/example_kubernetes_executor.py took 0.351 seconds
[2024-11-16T19:15:54.524+0000] {processor.py:186} INFO - Started process (PID=1355) to work on /home/airflow/.local/lib/python3.12/site-packages/airflow/example_dags/example_kubernetes_executor.py
[2024-11-16T19:15:54.527+0000] {processor.py:914} INFO - Processing file /home/airflow/.local/lib/python3.12/site-packages/airflow/example_dags/example_kubernetes_executor.py for tasks to queue
[2024-11-16T19:15:54.535+0000] {logging_mixin.py:190} INFO - [2024-11-16T19:15:54.534+0000] {dagbag.py:588} INFO - Filling up the DagBag from /home/airflow/.local/lib/python3.12/site-packages/airflow/example_dags/example_kubernetes_executor.py
[2024-11-16T19:15:54.592+0000] {processor.py:925} INFO - DAG(s) 'example_kubernetes_executor' retrieved from /home/airflow/.local/lib/python3.12/site-packages/airflow/example_dags/example_kubernetes_executor.py
[2024-11-16T19:15:54.717+0000] {logging_mixin.py:190} INFO - [2024-11-16T19:15:54.716+0000] {dag.py:3239} INFO - Sync 1 DAGs
[2024-11-16T19:15:54.798+0000] {logging_mixin.py:190} INFO - [2024-11-16T19:15:54.797+0000] {dag.py:4180} INFO - Setting next_dagrun for example_kubernetes_executor to None, run_after=None
[2024-11-16T19:15:54.851+0000] {processor.py:208} INFO - Processing /home/airflow/.local/lib/python3.12/site-packages/airflow/example_dags/example_kubernetes_executor.py took 0.344 seconds
[2024-11-16T19:16:25.788+0000] {processor.py:186} INFO - Started process (PID=1418) to work on /home/airflow/.local/lib/python3.12/site-packages/airflow/example_dags/example_kubernetes_executor.py
[2024-11-16T19:16:25.790+0000] {processor.py:914} INFO - Processing file /home/airflow/.local/lib/python3.12/site-packages/airflow/example_dags/example_kubernetes_executor.py for tasks to queue
[2024-11-16T19:16:25.795+0000] {logging_mixin.py:190} INFO - [2024-11-16T19:16:25.794+0000] {dagbag.py:588} INFO - Filling up the DagBag from /home/airflow/.local/lib/python3.12/site-packages/airflow/example_dags/example_kubernetes_executor.py
[2024-11-16T19:16:25.829+0000] {processor.py:925} INFO - DAG(s) 'example_kubernetes_executor' retrieved from /home/airflow/.local/lib/python3.12/site-packages/airflow/example_dags/example_kubernetes_executor.py
[2024-11-16T19:16:25.933+0000] {logging_mixin.py:190} INFO - [2024-11-16T19:16:25.932+0000] {dag.py:3239} INFO - Sync 1 DAGs
[2024-11-16T19:16:25.977+0000] {logging_mixin.py:190} INFO - [2024-11-16T19:16:25.977+0000] {dag.py:4180} INFO - Setting next_dagrun for example_kubernetes_executor to None, run_after=None
[2024-11-16T19:16:26.025+0000] {processor.py:208} INFO - Processing /home/airflow/.local/lib/python3.12/site-packages/airflow/example_dags/example_kubernetes_executor.py took 0.258 seconds
[2024-11-16T19:16:56.916+0000] {processor.py:186} INFO - Started process (PID=1479) to work on /home/airflow/.local/lib/python3.12/site-packages/airflow/example_dags/example_kubernetes_executor.py
[2024-11-16T19:16:56.918+0000] {processor.py:914} INFO - Processing file /home/airflow/.local/lib/python3.12/site-packages/airflow/example_dags/example_kubernetes_executor.py for tasks to queue
[2024-11-16T19:16:56.924+0000] {logging_mixin.py:190} INFO - [2024-11-16T19:16:56.922+0000] {dagbag.py:588} INFO - Filling up the DagBag from /home/airflow/.local/lib/python3.12/site-packages/airflow/example_dags/example_kubernetes_executor.py
[2024-11-16T19:16:56.972+0000] {processor.py:925} INFO - DAG(s) 'example_kubernetes_executor' retrieved from /home/airflow/.local/lib/python3.12/site-packages/airflow/example_dags/example_kubernetes_executor.py
[2024-11-16T19:16:57.097+0000] {logging_mixin.py:190} INFO - [2024-11-16T19:16:57.096+0000] {dag.py:3239} INFO - Sync 1 DAGs
[2024-11-16T19:16:57.138+0000] {logging_mixin.py:190} INFO - [2024-11-16T19:16:57.138+0000] {dag.py:4180} INFO - Setting next_dagrun for example_kubernetes_executor to None, run_after=None
[2024-11-16T19:16:57.192+0000] {processor.py:208} INFO - Processing /home/airflow/.local/lib/python3.12/site-packages/airflow/example_dags/example_kubernetes_executor.py took 0.295 seconds
[2024-11-16T19:17:34.322+0000] {processor.py:186} INFO - Started process (PID=1544) to work on /home/airflow/.local/lib/python3.12/site-packages/airflow/example_dags/example_kubernetes_executor.py
[2024-11-16T19:17:34.336+0000] {processor.py:914} INFO - Processing file /home/airflow/.local/lib/python3.12/site-packages/airflow/example_dags/example_kubernetes_executor.py for tasks to queue
[2024-11-16T19:17:34.354+0000] {logging_mixin.py:190} INFO - [2024-11-16T19:17:34.353+0000] {dagbag.py:588} INFO - Filling up the DagBag from /home/airflow/.local/lib/python3.12/site-packages/airflow/example_dags/example_kubernetes_executor.py
[2024-11-16T19:17:34.530+0000] {processor.py:925} INFO - DAG(s) 'example_kubernetes_executor' retrieved from /home/airflow/.local/lib/python3.12/site-packages/airflow/example_dags/example_kubernetes_executor.py
[2024-11-16T19:17:35.335+0000] {logging_mixin.py:190} INFO - [2024-11-16T19:17:35.334+0000] {dag.py:3239} INFO - Sync 1 DAGs
[2024-11-16T19:17:35.457+0000] {logging_mixin.py:190} INFO - [2024-11-16T19:17:35.457+0000] {dag.py:4180} INFO - Setting next_dagrun for example_kubernetes_executor to None, run_after=None
[2024-11-16T19:17:35.612+0000] {processor.py:208} INFO - Processing /home/airflow/.local/lib/python3.12/site-packages/airflow/example_dags/example_kubernetes_executor.py took 1.330 seconds
