[2024-11-16T18:59:28.645+0000] {processor.py:186} INFO - Started process (PID=104) to work on /home/airflow/.local/lib/python3.12/site-packages/airflow/example_dags/example_display_name.py
[2024-11-16T18:59:28.654+0000] {processor.py:914} INFO - Processing file /home/airflow/.local/lib/python3.12/site-packages/airflow/example_dags/example_display_name.py for tasks to queue
[2024-11-16T18:59:28.663+0000] {logging_mixin.py:190} INFO - [2024-11-16T18:59:28.662+0000] {dagbag.py:588} INFO - Filling up the DagBag from /home/airflow/.local/lib/python3.12/site-packages/airflow/example_dags/example_display_name.py
[2024-11-16T18:59:28.688+0000] {processor.py:925} INFO - DAG(s) 'example_display_name' retrieved from /home/airflow/.local/lib/python3.12/site-packages/airflow/example_dags/example_display_name.py
[2024-11-16T18:59:29.181+0000] {logging_mixin.py:190} INFO - [2024-11-16T18:59:29.179+0000] {override.py:1911} INFO - Created Permission View: can delete on DAG:example_display_name
[2024-11-16T18:59:29.227+0000] {logging_mixin.py:190} INFO - [2024-11-16T18:59:29.227+0000] {override.py:1911} INFO - Created Permission View: can edit on DAG:example_display_name
[2024-11-16T18:59:29.260+0000] {logging_mixin.py:190} INFO - [2024-11-16T18:59:29.259+0000] {override.py:1911} INFO - Created Permission View: can read on DAG:example_display_name
[2024-11-16T18:59:29.305+0000] {logging_mixin.py:190} INFO - [2024-11-16T18:59:29.304+0000] {override.py:1911} INFO - Created Permission View: menu access on DAG Run:example_display_name
[2024-11-16T18:59:29.361+0000] {logging_mixin.py:190} INFO - [2024-11-16T18:59:29.355+0000] {override.py:1911} INFO - Created Permission View: can delete on DAG Run:example_display_name
[2024-11-16T18:59:29.414+0000] {logging_mixin.py:190} INFO - [2024-11-16T18:59:29.413+0000] {override.py:1911} INFO - Created Permission View: can read on DAG Run:example_display_name
[2024-11-16T18:59:29.455+0000] {logging_mixin.py:190} INFO - [2024-11-16T18:59:29.454+0000] {override.py:1911} INFO - Created Permission View: can create on DAG Run:example_display_name
[2024-11-16T18:59:29.457+0000] {logging_mixin.py:190} INFO - [2024-11-16T18:59:29.457+0000] {dag.py:3239} INFO - Sync 1 DAGs
[2024-11-16T18:59:29.535+0000] {logging_mixin.py:190} INFO - [2024-11-16T18:59:29.535+0000] {dag.py:3262} INFO - Creating ORM DAG for example_display_name
[2024-11-16T18:59:29.551+0000] {logging_mixin.py:190} INFO - [2024-11-16T18:59:29.550+0000] {dag.py:4180} INFO - Setting next_dagrun for example_display_name to None, run_after=None
[2024-11-16T18:59:29.684+0000] {processor.py:208} INFO - Processing /home/airflow/.local/lib/python3.12/site-packages/airflow/example_dags/example_display_name.py took 1.070 seconds
[2024-11-16T19:00:31.456+0000] {processor.py:186} INFO - Started process (PID=172) to work on /home/airflow/.local/lib/python3.12/site-packages/airflow/example_dags/example_display_name.py
[2024-11-16T19:00:31.469+0000] {processor.py:914} INFO - Processing file /home/airflow/.local/lib/python3.12/site-packages/airflow/example_dags/example_display_name.py for tasks to queue
[2024-11-16T19:00:31.484+0000] {logging_mixin.py:190} INFO - [2024-11-16T19:00:31.480+0000] {dagbag.py:588} INFO - Filling up the DagBag from /home/airflow/.local/lib/python3.12/site-packages/airflow/example_dags/example_display_name.py
[2024-11-16T19:00:31.517+0000] {processor.py:925} INFO - DAG(s) 'example_display_name' retrieved from /home/airflow/.local/lib/python3.12/site-packages/airflow/example_dags/example_display_name.py
[2024-11-16T19:00:31.585+0000] {logging_mixin.py:190} INFO - [2024-11-16T19:00:31.584+0000] {dag.py:3239} INFO - Sync 1 DAGs
[2024-11-16T19:00:31.641+0000] {logging_mixin.py:190} INFO - [2024-11-16T19:00:31.640+0000] {dag.py:4180} INFO - Setting next_dagrun for example_display_name to None, run_after=None
[2024-11-16T19:00:31.723+0000] {processor.py:208} INFO - Processing /home/airflow/.local/lib/python3.12/site-packages/airflow/example_dags/example_display_name.py took 0.294 seconds
[2024-11-16T19:01:05.623+0000] {processor.py:186} INFO - Started process (PID=235) to work on /home/airflow/.local/lib/python3.12/site-packages/airflow/example_dags/example_display_name.py
[2024-11-16T19:01:05.631+0000] {processor.py:914} INFO - Processing file /home/airflow/.local/lib/python3.12/site-packages/airflow/example_dags/example_display_name.py for tasks to queue
[2024-11-16T19:01:05.637+0000] {logging_mixin.py:190} INFO - [2024-11-16T19:01:05.636+0000] {dagbag.py:588} INFO - Filling up the DagBag from /home/airflow/.local/lib/python3.12/site-packages/airflow/example_dags/example_display_name.py
[2024-11-16T19:01:05.666+0000] {processor.py:925} INFO - DAG(s) 'example_display_name' retrieved from /home/airflow/.local/lib/python3.12/site-packages/airflow/example_dags/example_display_name.py
[2024-11-16T19:01:05.745+0000] {logging_mixin.py:190} INFO - [2024-11-16T19:01:05.744+0000] {dag.py:3239} INFO - Sync 1 DAGs
[2024-11-16T19:01:05.821+0000] {logging_mixin.py:190} INFO - [2024-11-16T19:01:05.821+0000] {dag.py:4180} INFO - Setting next_dagrun for example_display_name to None, run_after=None
[2024-11-16T19:01:05.931+0000] {processor.py:208} INFO - Processing /home/airflow/.local/lib/python3.12/site-packages/airflow/example_dags/example_display_name.py took 0.331 seconds
[2024-11-16T19:01:50.565+0000] {processor.py:186} INFO - Started process (PID=303) to work on /home/airflow/.local/lib/python3.12/site-packages/airflow/example_dags/example_display_name.py
[2024-11-16T19:01:50.569+0000] {processor.py:914} INFO - Processing file /home/airflow/.local/lib/python3.12/site-packages/airflow/example_dags/example_display_name.py for tasks to queue
[2024-11-16T19:01:50.582+0000] {logging_mixin.py:190} INFO - [2024-11-16T19:01:50.581+0000] {dagbag.py:588} INFO - Filling up the DagBag from /home/airflow/.local/lib/python3.12/site-packages/airflow/example_dags/example_display_name.py
[2024-11-16T19:01:50.688+0000] {processor.py:925} INFO - DAG(s) 'example_display_name' retrieved from /home/airflow/.local/lib/python3.12/site-packages/airflow/example_dags/example_display_name.py
[2024-11-16T19:01:50.824+0000] {logging_mixin.py:190} INFO - [2024-11-16T19:01:50.823+0000] {dag.py:3239} INFO - Sync 1 DAGs
[2024-11-16T19:01:50.949+0000] {logging_mixin.py:190} INFO - [2024-11-16T19:01:50.949+0000] {dag.py:4180} INFO - Setting next_dagrun for example_display_name to None, run_after=None
[2024-11-16T19:01:51.057+0000] {processor.py:208} INFO - Processing /home/airflow/.local/lib/python3.12/site-packages/airflow/example_dags/example_display_name.py took 0.528 seconds
[2024-11-16T19:02:33.589+0000] {processor.py:186} INFO - Started process (PID=363) to work on /home/airflow/.local/lib/python3.12/site-packages/airflow/example_dags/example_display_name.py
[2024-11-16T19:02:33.597+0000] {processor.py:914} INFO - Processing file /home/airflow/.local/lib/python3.12/site-packages/airflow/example_dags/example_display_name.py for tasks to queue
[2024-11-16T19:02:33.612+0000] {logging_mixin.py:190} INFO - [2024-11-16T19:02:33.604+0000] {dagbag.py:588} INFO - Filling up the DagBag from /home/airflow/.local/lib/python3.12/site-packages/airflow/example_dags/example_display_name.py
[2024-11-16T19:02:33.647+0000] {processor.py:925} INFO - DAG(s) 'example_display_name' retrieved from /home/airflow/.local/lib/python3.12/site-packages/airflow/example_dags/example_display_name.py
[2024-11-16T19:02:33.726+0000] {logging_mixin.py:190} INFO - [2024-11-16T19:02:33.725+0000] {dag.py:3239} INFO - Sync 1 DAGs
[2024-11-16T19:02:33.789+0000] {logging_mixin.py:190} INFO - [2024-11-16T19:02:33.788+0000] {dag.py:4180} INFO - Setting next_dagrun for example_display_name to None, run_after=None
[2024-11-16T19:02:33.864+0000] {processor.py:208} INFO - Processing /home/airflow/.local/lib/python3.12/site-packages/airflow/example_dags/example_display_name.py took 0.320 seconds
[2024-11-16T19:03:07.464+0000] {processor.py:186} INFO - Started process (PID=426) to work on /home/airflow/.local/lib/python3.12/site-packages/airflow/example_dags/example_display_name.py
[2024-11-16T19:03:07.466+0000] {processor.py:914} INFO - Processing file /home/airflow/.local/lib/python3.12/site-packages/airflow/example_dags/example_display_name.py for tasks to queue
[2024-11-16T19:03:07.474+0000] {logging_mixin.py:190} INFO - [2024-11-16T19:03:07.473+0000] {dagbag.py:588} INFO - Filling up the DagBag from /home/airflow/.local/lib/python3.12/site-packages/airflow/example_dags/example_display_name.py
[2024-11-16T19:03:07.493+0000] {processor.py:925} INFO - DAG(s) 'example_display_name' retrieved from /home/airflow/.local/lib/python3.12/site-packages/airflow/example_dags/example_display_name.py
[2024-11-16T19:03:07.552+0000] {logging_mixin.py:190} INFO - [2024-11-16T19:03:07.551+0000] {dag.py:3239} INFO - Sync 1 DAGs
[2024-11-16T19:03:07.610+0000] {logging_mixin.py:190} INFO - [2024-11-16T19:03:07.609+0000] {dag.py:4180} INFO - Setting next_dagrun for example_display_name to None, run_after=None
[2024-11-16T19:03:07.800+0000] {processor.py:208} INFO - Processing /home/airflow/.local/lib/python3.12/site-packages/airflow/example_dags/example_display_name.py took 0.355 seconds
[2024-11-16T19:03:39.186+0000] {processor.py:186} INFO - Started process (PID=495) to work on /home/airflow/.local/lib/python3.12/site-packages/airflow/example_dags/example_display_name.py
[2024-11-16T19:03:39.188+0000] {processor.py:914} INFO - Processing file /home/airflow/.local/lib/python3.12/site-packages/airflow/example_dags/example_display_name.py for tasks to queue
[2024-11-16T19:03:39.199+0000] {logging_mixin.py:190} INFO - [2024-11-16T19:03:39.192+0000] {dagbag.py:588} INFO - Filling up the DagBag from /home/airflow/.local/lib/python3.12/site-packages/airflow/example_dags/example_display_name.py
[2024-11-16T19:03:39.225+0000] {processor.py:925} INFO - DAG(s) 'example_display_name' retrieved from /home/airflow/.local/lib/python3.12/site-packages/airflow/example_dags/example_display_name.py
[2024-11-16T19:03:39.312+0000] {logging_mixin.py:190} INFO - [2024-11-16T19:03:39.311+0000] {dag.py:3239} INFO - Sync 1 DAGs
[2024-11-16T19:03:39.398+0000] {logging_mixin.py:190} INFO - [2024-11-16T19:03:39.398+0000] {dag.py:4180} INFO - Setting next_dagrun for example_display_name to None, run_after=None
[2024-11-16T19:03:39.481+0000] {processor.py:208} INFO - Processing /home/airflow/.local/lib/python3.12/site-packages/airflow/example_dags/example_display_name.py took 0.315 seconds
[2024-11-16T19:04:15.379+0000] {processor.py:186} INFO - Started process (PID=558) to work on /home/airflow/.local/lib/python3.12/site-packages/airflow/example_dags/example_display_name.py
[2024-11-16T19:04:15.382+0000] {processor.py:914} INFO - Processing file /home/airflow/.local/lib/python3.12/site-packages/airflow/example_dags/example_display_name.py for tasks to queue
[2024-11-16T19:04:15.391+0000] {logging_mixin.py:190} INFO - [2024-11-16T19:04:15.390+0000] {dagbag.py:588} INFO - Filling up the DagBag from /home/airflow/.local/lib/python3.12/site-packages/airflow/example_dags/example_display_name.py
[2024-11-16T19:04:15.446+0000] {processor.py:925} INFO - DAG(s) 'example_display_name' retrieved from /home/airflow/.local/lib/python3.12/site-packages/airflow/example_dags/example_display_name.py
[2024-11-16T19:04:15.546+0000] {logging_mixin.py:190} INFO - [2024-11-16T19:04:15.545+0000] {dag.py:3239} INFO - Sync 1 DAGs
[2024-11-16T19:04:15.599+0000] {logging_mixin.py:190} INFO - [2024-11-16T19:04:15.598+0000] {dag.py:4180} INFO - Setting next_dagrun for example_display_name to None, run_after=None
[2024-11-16T19:04:15.652+0000] {processor.py:208} INFO - Processing /home/airflow/.local/lib/python3.12/site-packages/airflow/example_dags/example_display_name.py took 0.297 seconds
[2024-11-16T19:05:44.322+0000] {processor.py:186} INFO - Started process (PID=639) to work on /home/airflow/.local/lib/python3.12/site-packages/airflow/example_dags/example_display_name.py
[2024-11-16T19:05:44.369+0000] {processor.py:914} INFO - Processing file /home/airflow/.local/lib/python3.12/site-packages/airflow/example_dags/example_display_name.py for tasks to queue
[2024-11-16T19:05:44.493+0000] {logging_mixin.py:190} INFO - [2024-11-16T19:05:44.491+0000] {dagbag.py:588} INFO - Filling up the DagBag from /home/airflow/.local/lib/python3.12/site-packages/airflow/example_dags/example_display_name.py
[2024-11-16T19:05:44.731+0000] {processor.py:925} INFO - DAG(s) 'example_display_name' retrieved from /home/airflow/.local/lib/python3.12/site-packages/airflow/example_dags/example_display_name.py
[2024-11-16T19:05:45.084+0000] {logging_mixin.py:190} INFO - [2024-11-16T19:05:45.083+0000] {dag.py:3239} INFO - Sync 1 DAGs
[2024-11-16T19:05:45.340+0000] {logging_mixin.py:190} INFO - [2024-11-16T19:05:45.328+0000] {dag.py:4180} INFO - Setting next_dagrun for example_display_name to None, run_after=None
[2024-11-16T19:05:45.532+0000] {processor.py:208} INFO - Processing /home/airflow/.local/lib/python3.12/site-packages/airflow/example_dags/example_display_name.py took 1.281 seconds
[2024-11-16T19:07:12.687+0000] {processor.py:186} INFO - Started process (PID=701) to work on /home/airflow/.local/lib/python3.12/site-packages/airflow/example_dags/example_display_name.py
[2024-11-16T19:07:12.721+0000] {processor.py:914} INFO - Processing file /home/airflow/.local/lib/python3.12/site-packages/airflow/example_dags/example_display_name.py for tasks to queue
[2024-11-16T19:07:12.752+0000] {logging_mixin.py:190} INFO - [2024-11-16T19:07:12.751+0000] {dagbag.py:588} INFO - Filling up the DagBag from /home/airflow/.local/lib/python3.12/site-packages/airflow/example_dags/example_display_name.py
[2024-11-16T19:07:12.879+0000] {processor.py:925} INFO - DAG(s) 'example_display_name' retrieved from /home/airflow/.local/lib/python3.12/site-packages/airflow/example_dags/example_display_name.py
[2024-11-16T19:07:13.223+0000] {logging_mixin.py:190} INFO - [2024-11-16T19:07:13.222+0000] {dag.py:3239} INFO - Sync 1 DAGs
[2024-11-16T19:07:13.679+0000] {logging_mixin.py:190} INFO - [2024-11-16T19:07:13.667+0000] {dag.py:4180} INFO - Setting next_dagrun for example_display_name to None, run_after=None
[2024-11-16T19:07:14.411+0000] {processor.py:208} INFO - Processing /home/airflow/.local/lib/python3.12/site-packages/airflow/example_dags/example_display_name.py took 1.830 seconds
[2024-11-16T19:08:35.312+0000] {processor.py:186} INFO - Started process (PID=759) to work on /home/airflow/.local/lib/python3.12/site-packages/airflow/example_dags/example_display_name.py
[2024-11-16T19:08:35.327+0000] {processor.py:914} INFO - Processing file /home/airflow/.local/lib/python3.12/site-packages/airflow/example_dags/example_display_name.py for tasks to queue
[2024-11-16T19:08:35.350+0000] {logging_mixin.py:190} INFO - [2024-11-16T19:08:35.349+0000] {dagbag.py:588} INFO - Filling up the DagBag from /home/airflow/.local/lib/python3.12/site-packages/airflow/example_dags/example_display_name.py
[2024-11-16T19:08:35.452+0000] {processor.py:925} INFO - DAG(s) 'example_display_name' retrieved from /home/airflow/.local/lib/python3.12/site-packages/airflow/example_dags/example_display_name.py
[2024-11-16T19:08:35.715+0000] {logging_mixin.py:190} INFO - [2024-11-16T19:08:35.714+0000] {dag.py:3239} INFO - Sync 1 DAGs
[2024-11-16T19:08:35.928+0000] {logging_mixin.py:190} INFO - [2024-11-16T19:08:35.927+0000] {dag.py:4180} INFO - Setting next_dagrun for example_display_name to None, run_after=None
[2024-11-16T19:08:36.178+0000] {processor.py:208} INFO - Processing /home/airflow/.local/lib/python3.12/site-packages/airflow/example_dags/example_display_name.py took 0.915 seconds
[2024-11-16T19:09:47.484+0000] {processor.py:186} INFO - Started process (PID=825) to work on /home/airflow/.local/lib/python3.12/site-packages/airflow/example_dags/example_display_name.py
[2024-11-16T19:09:47.553+0000] {processor.py:914} INFO - Processing file /home/airflow/.local/lib/python3.12/site-packages/airflow/example_dags/example_display_name.py for tasks to queue
[2024-11-16T19:09:47.630+0000] {logging_mixin.py:190} INFO - [2024-11-16T19:09:47.629+0000] {dagbag.py:588} INFO - Filling up the DagBag from /home/airflow/.local/lib/python3.12/site-packages/airflow/example_dags/example_display_name.py
[2024-11-16T19:09:47.759+0000] {processor.py:925} INFO - DAG(s) 'example_display_name' retrieved from /home/airflow/.local/lib/python3.12/site-packages/airflow/example_dags/example_display_name.py
[2024-11-16T19:09:48.232+0000] {logging_mixin.py:190} INFO - [2024-11-16T19:09:48.231+0000] {dag.py:3239} INFO - Sync 1 DAGs
[2024-11-16T19:09:48.436+0000] {logging_mixin.py:190} INFO - [2024-11-16T19:09:48.435+0000] {dag.py:4180} INFO - Setting next_dagrun for example_display_name to None, run_after=None
[2024-11-16T19:09:48.706+0000] {processor.py:208} INFO - Processing /home/airflow/.local/lib/python3.12/site-packages/airflow/example_dags/example_display_name.py took 1.312 seconds
[2024-11-16T19:11:41.107+0000] {processor.py:186} INFO - Started process (PID=921) to work on /home/airflow/.local/lib/python3.12/site-packages/airflow/example_dags/example_display_name.py
[2024-11-16T19:11:41.113+0000] {processor.py:914} INFO - Processing file /home/airflow/.local/lib/python3.12/site-packages/airflow/example_dags/example_display_name.py for tasks to queue
[2024-11-16T19:11:41.140+0000] {logging_mixin.py:190} INFO - [2024-11-16T19:11:41.134+0000] {dagbag.py:588} INFO - Filling up the DagBag from /home/airflow/.local/lib/python3.12/site-packages/airflow/example_dags/example_display_name.py
[2024-11-16T19:11:41.221+0000] {processor.py:925} INFO - DAG(s) 'example_display_name' retrieved from /home/airflow/.local/lib/python3.12/site-packages/airflow/example_dags/example_display_name.py
[2024-11-16T19:11:41.395+0000] {logging_mixin.py:190} INFO - [2024-11-16T19:11:41.394+0000] {dag.py:3239} INFO - Sync 1 DAGs
[2024-11-16T19:11:41.717+0000] {logging_mixin.py:190} INFO - [2024-11-16T19:11:41.716+0000] {dag.py:4180} INFO - Setting next_dagrun for example_display_name to None, run_after=None
[2024-11-16T19:11:42.004+0000] {processor.py:208} INFO - Processing /home/airflow/.local/lib/python3.12/site-packages/airflow/example_dags/example_display_name.py took 0.961 seconds
[2024-11-16T19:12:43.500+0000] {processor.py:186} INFO - Started process (PID=992) to work on /home/airflow/.local/lib/python3.12/site-packages/airflow/example_dags/example_display_name.py
[2024-11-16T19:12:43.504+0000] {processor.py:914} INFO - Processing file /home/airflow/.local/lib/python3.12/site-packages/airflow/example_dags/example_display_name.py for tasks to queue
[2024-11-16T19:12:43.514+0000] {logging_mixin.py:190} INFO - [2024-11-16T19:12:43.513+0000] {dagbag.py:588} INFO - Filling up the DagBag from /home/airflow/.local/lib/python3.12/site-packages/airflow/example_dags/example_display_name.py
[2024-11-16T19:12:43.545+0000] {processor.py:925} INFO - DAG(s) 'example_display_name' retrieved from /home/airflow/.local/lib/python3.12/site-packages/airflow/example_dags/example_display_name.py
[2024-11-16T19:12:43.632+0000] {logging_mixin.py:190} INFO - [2024-11-16T19:12:43.632+0000] {dag.py:3239} INFO - Sync 1 DAGs
[2024-11-16T19:12:43.691+0000] {logging_mixin.py:190} INFO - [2024-11-16T19:12:43.690+0000] {dag.py:4180} INFO - Setting next_dagrun for example_display_name to None, run_after=None
[2024-11-16T19:12:43.740+0000] {processor.py:208} INFO - Processing /home/airflow/.local/lib/python3.12/site-packages/airflow/example_dags/example_display_name.py took 0.273 seconds
[2024-11-16T19:13:15.983+0000] {processor.py:186} INFO - Started process (PID=1055) to work on /home/airflow/.local/lib/python3.12/site-packages/airflow/example_dags/example_display_name.py
[2024-11-16T19:13:16.014+0000] {processor.py:914} INFO - Processing file /home/airflow/.local/lib/python3.12/site-packages/airflow/example_dags/example_display_name.py for tasks to queue
[2024-11-16T19:13:16.033+0000] {logging_mixin.py:190} INFO - [2024-11-16T19:13:16.032+0000] {dagbag.py:588} INFO - Filling up the DagBag from /home/airflow/.local/lib/python3.12/site-packages/airflow/example_dags/example_display_name.py
[2024-11-16T19:13:16.149+0000] {processor.py:925} INFO - DAG(s) 'example_display_name' retrieved from /home/airflow/.local/lib/python3.12/site-packages/airflow/example_dags/example_display_name.py
[2024-11-16T19:13:16.320+0000] {logging_mixin.py:190} INFO - [2024-11-16T19:13:16.320+0000] {dag.py:3239} INFO - Sync 1 DAGs
[2024-11-16T19:13:16.437+0000] {logging_mixin.py:190} INFO - [2024-11-16T19:13:16.435+0000] {dag.py:4180} INFO - Setting next_dagrun for example_display_name to None, run_after=None
[2024-11-16T19:13:16.512+0000] {processor.py:208} INFO - Processing /home/airflow/.local/lib/python3.12/site-packages/airflow/example_dags/example_display_name.py took 0.589 seconds
[2024-11-16T19:13:57.875+0000] {processor.py:186} INFO - Started process (PID=1124) to work on /home/airflow/.local/lib/python3.12/site-packages/airflow/example_dags/example_display_name.py
[2024-11-16T19:13:57.877+0000] {processor.py:914} INFO - Processing file /home/airflow/.local/lib/python3.12/site-packages/airflow/example_dags/example_display_name.py for tasks to queue
[2024-11-16T19:13:57.883+0000] {logging_mixin.py:190} INFO - [2024-11-16T19:13:57.883+0000] {dagbag.py:588} INFO - Filling up the DagBag from /home/airflow/.local/lib/python3.12/site-packages/airflow/example_dags/example_display_name.py
[2024-11-16T19:13:57.902+0000] {processor.py:925} INFO - DAG(s) 'example_display_name' retrieved from /home/airflow/.local/lib/python3.12/site-packages/airflow/example_dags/example_display_name.py
[2024-11-16T19:13:57.952+0000] {logging_mixin.py:190} INFO - [2024-11-16T19:13:57.951+0000] {dag.py:3239} INFO - Sync 1 DAGs
[2024-11-16T19:13:58.001+0000] {logging_mixin.py:190} INFO - [2024-11-16T19:13:58.000+0000] {dag.py:4180} INFO - Setting next_dagrun for example_display_name to None, run_after=None
[2024-11-16T19:13:58.045+0000] {processor.py:208} INFO - Processing /home/airflow/.local/lib/python3.12/site-packages/airflow/example_dags/example_display_name.py took 0.183 seconds
[2024-11-16T19:14:30.469+0000] {processor.py:186} INFO - Started process (PID=1189) to work on /home/airflow/.local/lib/python3.12/site-packages/airflow/example_dags/example_display_name.py
[2024-11-16T19:14:30.471+0000] {processor.py:914} INFO - Processing file /home/airflow/.local/lib/python3.12/site-packages/airflow/example_dags/example_display_name.py for tasks to queue
[2024-11-16T19:14:30.477+0000] {logging_mixin.py:190} INFO - [2024-11-16T19:14:30.476+0000] {dagbag.py:588} INFO - Filling up the DagBag from /home/airflow/.local/lib/python3.12/site-packages/airflow/example_dags/example_display_name.py
[2024-11-16T19:14:30.501+0000] {processor.py:925} INFO - DAG(s) 'example_display_name' retrieved from /home/airflow/.local/lib/python3.12/site-packages/airflow/example_dags/example_display_name.py
[2024-11-16T19:14:30.563+0000] {logging_mixin.py:190} INFO - [2024-11-16T19:14:30.563+0000] {dag.py:3239} INFO - Sync 1 DAGs
[2024-11-16T19:14:30.688+0000] {logging_mixin.py:190} INFO - [2024-11-16T19:14:30.687+0000] {dag.py:4180} INFO - Setting next_dagrun for example_display_name to None, run_after=None
[2024-11-16T19:14:30.858+0000] {processor.py:208} INFO - Processing /home/airflow/.local/lib/python3.12/site-packages/airflow/example_dags/example_display_name.py took 0.416 seconds
[2024-11-16T19:15:07.327+0000] {processor.py:186} INFO - Started process (PID=1251) to work on /home/airflow/.local/lib/python3.12/site-packages/airflow/example_dags/example_display_name.py
[2024-11-16T19:15:07.329+0000] {processor.py:914} INFO - Processing file /home/airflow/.local/lib/python3.12/site-packages/airflow/example_dags/example_display_name.py for tasks to queue
[2024-11-16T19:15:07.336+0000] {logging_mixin.py:190} INFO - [2024-11-16T19:15:07.335+0000] {dagbag.py:588} INFO - Filling up the DagBag from /home/airflow/.local/lib/python3.12/site-packages/airflow/example_dags/example_display_name.py
[2024-11-16T19:15:07.369+0000] {processor.py:925} INFO - DAG(s) 'example_display_name' retrieved from /home/airflow/.local/lib/python3.12/site-packages/airflow/example_dags/example_display_name.py
[2024-11-16T19:15:07.423+0000] {logging_mixin.py:190} INFO - [2024-11-16T19:15:07.422+0000] {dag.py:3239} INFO - Sync 1 DAGs
[2024-11-16T19:15:07.494+0000] {logging_mixin.py:190} INFO - [2024-11-16T19:15:07.493+0000] {dag.py:4180} INFO - Setting next_dagrun for example_display_name to None, run_after=None
[2024-11-16T19:15:07.627+0000] {processor.py:208} INFO - Processing /home/airflow/.local/lib/python3.12/site-packages/airflow/example_dags/example_display_name.py took 0.315 seconds
[2024-11-16T19:15:39.175+0000] {processor.py:186} INFO - Started process (PID=1315) to work on /home/airflow/.local/lib/python3.12/site-packages/airflow/example_dags/example_display_name.py
[2024-11-16T19:15:39.177+0000] {processor.py:914} INFO - Processing file /home/airflow/.local/lib/python3.12/site-packages/airflow/example_dags/example_display_name.py for tasks to queue
[2024-11-16T19:15:39.183+0000] {logging_mixin.py:190} INFO - [2024-11-16T19:15:39.182+0000] {dagbag.py:588} INFO - Filling up the DagBag from /home/airflow/.local/lib/python3.12/site-packages/airflow/example_dags/example_display_name.py
[2024-11-16T19:15:39.209+0000] {processor.py:925} INFO - DAG(s) 'example_display_name' retrieved from /home/airflow/.local/lib/python3.12/site-packages/airflow/example_dags/example_display_name.py
[2024-11-16T19:15:39.287+0000] {logging_mixin.py:190} INFO - [2024-11-16T19:15:39.287+0000] {dag.py:3239} INFO - Sync 1 DAGs
[2024-11-16T19:15:39.340+0000] {logging_mixin.py:190} INFO - [2024-11-16T19:15:39.339+0000] {dag.py:4180} INFO - Setting next_dagrun for example_display_name to None, run_after=None
[2024-11-16T19:15:39.455+0000] {processor.py:208} INFO - Processing /home/airflow/.local/lib/python3.12/site-packages/airflow/example_dags/example_display_name.py took 0.297 seconds
[2024-11-16T19:16:10.590+0000] {processor.py:186} INFO - Started process (PID=1379) to work on /home/airflow/.local/lib/python3.12/site-packages/airflow/example_dags/example_display_name.py
[2024-11-16T19:16:10.593+0000] {processor.py:914} INFO - Processing file /home/airflow/.local/lib/python3.12/site-packages/airflow/example_dags/example_display_name.py for tasks to queue
[2024-11-16T19:16:10.601+0000] {logging_mixin.py:190} INFO - [2024-11-16T19:16:10.600+0000] {dagbag.py:588} INFO - Filling up the DagBag from /home/airflow/.local/lib/python3.12/site-packages/airflow/example_dags/example_display_name.py
[2024-11-16T19:16:10.630+0000] {processor.py:925} INFO - DAG(s) 'example_display_name' retrieved from /home/airflow/.local/lib/python3.12/site-packages/airflow/example_dags/example_display_name.py
[2024-11-16T19:16:10.733+0000] {logging_mixin.py:190} INFO - [2024-11-16T19:16:10.733+0000] {dag.py:3239} INFO - Sync 1 DAGs
[2024-11-16T19:16:10.842+0000] {logging_mixin.py:190} INFO - [2024-11-16T19:16:10.842+0000] {dag.py:4180} INFO - Setting next_dagrun for example_display_name to None, run_after=None
[2024-11-16T19:16:10.911+0000] {processor.py:208} INFO - Processing /home/airflow/.local/lib/python3.12/site-packages/airflow/example_dags/example_display_name.py took 0.386 seconds
[2024-11-16T19:16:41.553+0000] {processor.py:186} INFO - Started process (PID=1442) to work on /home/airflow/.local/lib/python3.12/site-packages/airflow/example_dags/example_display_name.py
[2024-11-16T19:16:41.556+0000] {processor.py:914} INFO - Processing file /home/airflow/.local/lib/python3.12/site-packages/airflow/example_dags/example_display_name.py for tasks to queue
[2024-11-16T19:16:41.563+0000] {logging_mixin.py:190} INFO - [2024-11-16T19:16:41.562+0000] {dagbag.py:588} INFO - Filling up the DagBag from /home/airflow/.local/lib/python3.12/site-packages/airflow/example_dags/example_display_name.py
[2024-11-16T19:16:41.590+0000] {processor.py:925} INFO - DAG(s) 'example_display_name' retrieved from /home/airflow/.local/lib/python3.12/site-packages/airflow/example_dags/example_display_name.py
[2024-11-16T19:16:41.636+0000] {logging_mixin.py:190} INFO - [2024-11-16T19:16:41.635+0000] {dag.py:3239} INFO - Sync 1 DAGs
[2024-11-16T19:16:41.667+0000] {logging_mixin.py:190} INFO - [2024-11-16T19:16:41.667+0000] {dag.py:4180} INFO - Setting next_dagrun for example_display_name to None, run_after=None
[2024-11-16T19:16:41.711+0000] {processor.py:208} INFO - Processing /home/airflow/.local/lib/python3.12/site-packages/airflow/example_dags/example_display_name.py took 0.176 seconds
[2024-11-16T19:17:12.173+0000] {processor.py:186} INFO - Started process (PID=1505) to work on /home/airflow/.local/lib/python3.12/site-packages/airflow/example_dags/example_display_name.py
[2024-11-16T19:17:12.181+0000] {processor.py:914} INFO - Processing file /home/airflow/.local/lib/python3.12/site-packages/airflow/example_dags/example_display_name.py for tasks to queue
[2024-11-16T19:17:12.187+0000] {logging_mixin.py:190} INFO - [2024-11-16T19:17:12.187+0000] {dagbag.py:588} INFO - Filling up the DagBag from /home/airflow/.local/lib/python3.12/site-packages/airflow/example_dags/example_display_name.py
[2024-11-16T19:17:12.214+0000] {processor.py:925} INFO - DAG(s) 'example_display_name' retrieved from /home/airflow/.local/lib/python3.12/site-packages/airflow/example_dags/example_display_name.py
[2024-11-16T19:17:12.284+0000] {logging_mixin.py:190} INFO - [2024-11-16T19:17:12.284+0000] {dag.py:3239} INFO - Sync 1 DAGs
[2024-11-16T19:17:12.322+0000] {logging_mixin.py:190} INFO - [2024-11-16T19:17:12.321+0000] {dag.py:4180} INFO - Setting next_dagrun for example_display_name to None, run_after=None
[2024-11-16T19:17:12.398+0000] {processor.py:208} INFO - Processing /home/airflow/.local/lib/python3.12/site-packages/airflow/example_dags/example_display_name.py took 0.268 seconds
