[2024-11-16T18:59:17.421+0000] {processor.py:186} INFO - Started process (PID=91) to work on /home/airflow/.local/lib/python3.12/site-packages/airflow/example_dags/example_sensor_decorator.py
[2024-11-16T18:59:17.438+0000] {processor.py:914} INFO - Processing file /home/airflow/.local/lib/python3.12/site-packages/airflow/example_dags/example_sensor_decorator.py for tasks to queue
[2024-11-16T18:59:17.445+0000] {logging_mixin.py:190} INFO - [2024-11-16T18:59:17.444+0000] {dagbag.py:588} INFO - Filling up the DagBag from /home/airflow/.local/lib/python3.12/site-packages/airflow/example_dags/example_sensor_decorator.py
[2024-11-16T18:59:17.496+0000] {processor.py:925} INFO - DAG(s) 'example_sensor_decorator' retrieved from /home/airflow/.local/lib/python3.12/site-packages/airflow/example_dags/example_sensor_decorator.py
[2024-11-16T18:59:18.079+0000] {logging_mixin.py:190} INFO - [2024-11-16T18:59:18.075+0000] {override.py:1911} INFO - Created Permission View: can delete on DAG:example_sensor_decorator
[2024-11-16T18:59:18.185+0000] {logging_mixin.py:190} INFO - [2024-11-16T18:59:18.184+0000] {override.py:1911} INFO - Created Permission View: can edit on DAG:example_sensor_decorator
[2024-11-16T18:59:18.224+0000] {logging_mixin.py:190} INFO - [2024-11-16T18:59:18.222+0000] {override.py:1911} INFO - Created Permission View: can read on DAG:example_sensor_decorator
[2024-11-16T18:59:18.401+0000] {logging_mixin.py:190} INFO - [2024-11-16T18:59:18.400+0000] {override.py:1911} INFO - Created Permission View: menu access on DAG Run:example_sensor_decorator
[2024-11-16T18:59:18.444+0000] {logging_mixin.py:190} INFO - [2024-11-16T18:59:18.443+0000] {override.py:1911} INFO - Created Permission View: can delete on DAG Run:example_sensor_decorator
[2024-11-16T18:59:18.479+0000] {logging_mixin.py:190} INFO - [2024-11-16T18:59:18.477+0000] {override.py:1911} INFO - Created Permission View: can read on DAG Run:example_sensor_decorator
[2024-11-16T18:59:18.512+0000] {logging_mixin.py:190} INFO - [2024-11-16T18:59:18.511+0000] {override.py:1911} INFO - Created Permission View: can create on DAG Run:example_sensor_decorator
[2024-11-16T18:59:18.515+0000] {logging_mixin.py:190} INFO - [2024-11-16T18:59:18.515+0000] {dag.py:3239} INFO - Sync 1 DAGs
[2024-11-16T18:59:18.554+0000] {logging_mixin.py:190} INFO - [2024-11-16T18:59:18.554+0000] {dag.py:3262} INFO - Creating ORM DAG for example_sensor_decorator
[2024-11-16T18:59:18.556+0000] {logging_mixin.py:190} INFO - [2024-11-16T18:59:18.556+0000] {dag.py:4180} INFO - Setting next_dagrun for example_sensor_decorator to None, run_after=None
[2024-11-16T18:59:18.628+0000] {processor.py:208} INFO - Processing /home/airflow/.local/lib/python3.12/site-packages/airflow/example_dags/example_sensor_decorator.py took 1.248 seconds
[2024-11-16T19:00:28.281+0000] {processor.py:186} INFO - Started process (PID=159) to work on /home/airflow/.local/lib/python3.12/site-packages/airflow/example_dags/example_sensor_decorator.py
[2024-11-16T19:00:28.285+0000] {processor.py:914} INFO - Processing file /home/airflow/.local/lib/python3.12/site-packages/airflow/example_dags/example_sensor_decorator.py for tasks to queue
[2024-11-16T19:00:28.305+0000] {logging_mixin.py:190} INFO - [2024-11-16T19:00:28.304+0000] {dagbag.py:588} INFO - Filling up the DagBag from /home/airflow/.local/lib/python3.12/site-packages/airflow/example_dags/example_sensor_decorator.py
[2024-11-16T19:00:28.353+0000] {processor.py:925} INFO - DAG(s) 'example_sensor_decorator' retrieved from /home/airflow/.local/lib/python3.12/site-packages/airflow/example_dags/example_sensor_decorator.py
[2024-11-16T19:00:28.441+0000] {logging_mixin.py:190} INFO - [2024-11-16T19:00:28.441+0000] {dag.py:3239} INFO - Sync 1 DAGs
[2024-11-16T19:00:28.510+0000] {logging_mixin.py:190} INFO - [2024-11-16T19:00:28.509+0000] {dag.py:4180} INFO - Setting next_dagrun for example_sensor_decorator to None, run_after=None
[2024-11-16T19:00:28.582+0000] {processor.py:208} INFO - Processing /home/airflow/.local/lib/python3.12/site-packages/airflow/example_dags/example_sensor_decorator.py took 0.341 seconds
[2024-11-16T19:01:00.966+0000] {processor.py:186} INFO - Started process (PID=222) to work on /home/airflow/.local/lib/python3.12/site-packages/airflow/example_dags/example_sensor_decorator.py
[2024-11-16T19:01:00.968+0000] {processor.py:914} INFO - Processing file /home/airflow/.local/lib/python3.12/site-packages/airflow/example_dags/example_sensor_decorator.py for tasks to queue
[2024-11-16T19:01:00.976+0000] {logging_mixin.py:190} INFO - [2024-11-16T19:01:00.975+0000] {dagbag.py:588} INFO - Filling up the DagBag from /home/airflow/.local/lib/python3.12/site-packages/airflow/example_dags/example_sensor_decorator.py
[2024-11-16T19:01:00.998+0000] {processor.py:925} INFO - DAG(s) 'example_sensor_decorator' retrieved from /home/airflow/.local/lib/python3.12/site-packages/airflow/example_dags/example_sensor_decorator.py
[2024-11-16T19:01:01.076+0000] {logging_mixin.py:190} INFO - [2024-11-16T19:01:01.075+0000] {dag.py:3239} INFO - Sync 1 DAGs
[2024-11-16T19:01:01.131+0000] {logging_mixin.py:190} INFO - [2024-11-16T19:01:01.130+0000] {dag.py:4180} INFO - Setting next_dagrun for example_sensor_decorator to None, run_after=None
[2024-11-16T19:01:01.194+0000] {processor.py:208} INFO - Processing /home/airflow/.local/lib/python3.12/site-packages/airflow/example_dags/example_sensor_decorator.py took 0.247 seconds
[2024-11-16T19:01:41.309+0000] {processor.py:186} INFO - Started process (PID=290) to work on /home/airflow/.local/lib/python3.12/site-packages/airflow/example_dags/example_sensor_decorator.py
[2024-11-16T19:01:41.323+0000] {processor.py:914} INFO - Processing file /home/airflow/.local/lib/python3.12/site-packages/airflow/example_dags/example_sensor_decorator.py for tasks to queue
[2024-11-16T19:01:41.342+0000] {logging_mixin.py:190} INFO - [2024-11-16T19:01:41.341+0000] {dagbag.py:588} INFO - Filling up the DagBag from /home/airflow/.local/lib/python3.12/site-packages/airflow/example_dags/example_sensor_decorator.py
[2024-11-16T19:01:41.484+0000] {processor.py:925} INFO - DAG(s) 'example_sensor_decorator' retrieved from /home/airflow/.local/lib/python3.12/site-packages/airflow/example_dags/example_sensor_decorator.py
[2024-11-16T19:01:41.660+0000] {logging_mixin.py:190} INFO - [2024-11-16T19:01:41.660+0000] {dag.py:3239} INFO - Sync 1 DAGs
[2024-11-16T19:01:41.843+0000] {logging_mixin.py:190} INFO - [2024-11-16T19:01:41.842+0000] {dag.py:4180} INFO - Setting next_dagrun for example_sensor_decorator to None, run_after=None
[2024-11-16T19:01:41.999+0000] {processor.py:208} INFO - Processing /home/airflow/.local/lib/python3.12/site-packages/airflow/example_dags/example_sensor_decorator.py took 0.763 seconds
[2024-11-16T19:02:30.853+0000] {processor.py:186} INFO - Started process (PID=350) to work on /home/airflow/.local/lib/python3.12/site-packages/airflow/example_dags/example_sensor_decorator.py
[2024-11-16T19:02:30.856+0000] {processor.py:914} INFO - Processing file /home/airflow/.local/lib/python3.12/site-packages/airflow/example_dags/example_sensor_decorator.py for tasks to queue
[2024-11-16T19:02:30.864+0000] {logging_mixin.py:190} INFO - [2024-11-16T19:02:30.863+0000] {dagbag.py:588} INFO - Filling up the DagBag from /home/airflow/.local/lib/python3.12/site-packages/airflow/example_dags/example_sensor_decorator.py
[2024-11-16T19:02:30.892+0000] {processor.py:925} INFO - DAG(s) 'example_sensor_decorator' retrieved from /home/airflow/.local/lib/python3.12/site-packages/airflow/example_dags/example_sensor_decorator.py
[2024-11-16T19:02:30.957+0000] {logging_mixin.py:190} INFO - [2024-11-16T19:02:30.956+0000] {dag.py:3239} INFO - Sync 1 DAGs
[2024-11-16T19:02:31.015+0000] {logging_mixin.py:190} INFO - [2024-11-16T19:02:31.014+0000] {dag.py:4180} INFO - Setting next_dagrun for example_sensor_decorator to None, run_after=None
[2024-11-16T19:02:31.088+0000] {processor.py:208} INFO - Processing /home/airflow/.local/lib/python3.12/site-packages/airflow/example_dags/example_sensor_decorator.py took 0.261 seconds
[2024-11-16T19:03:02.486+0000] {processor.py:186} INFO - Started process (PID=413) to work on /home/airflow/.local/lib/python3.12/site-packages/airflow/example_dags/example_sensor_decorator.py
[2024-11-16T19:03:02.489+0000] {processor.py:914} INFO - Processing file /home/airflow/.local/lib/python3.12/site-packages/airflow/example_dags/example_sensor_decorator.py for tasks to queue
[2024-11-16T19:03:02.499+0000] {logging_mixin.py:190} INFO - [2024-11-16T19:03:02.497+0000] {dagbag.py:588} INFO - Filling up the DagBag from /home/airflow/.local/lib/python3.12/site-packages/airflow/example_dags/example_sensor_decorator.py
[2024-11-16T19:03:02.524+0000] {processor.py:925} INFO - DAG(s) 'example_sensor_decorator' retrieved from /home/airflow/.local/lib/python3.12/site-packages/airflow/example_dags/example_sensor_decorator.py
[2024-11-16T19:03:02.594+0000] {logging_mixin.py:190} INFO - [2024-11-16T19:03:02.593+0000] {dag.py:3239} INFO - Sync 1 DAGs
[2024-11-16T19:03:02.719+0000] {logging_mixin.py:190} INFO - [2024-11-16T19:03:02.718+0000] {dag.py:4180} INFO - Setting next_dagrun for example_sensor_decorator to None, run_after=None
[2024-11-16T19:03:02.877+0000] {processor.py:208} INFO - Processing /home/airflow/.local/lib/python3.12/site-packages/airflow/example_dags/example_sensor_decorator.py took 0.415 seconds
[2024-11-16T19:03:33.575+0000] {processor.py:186} INFO - Started process (PID=475) to work on /home/airflow/.local/lib/python3.12/site-packages/airflow/example_dags/example_sensor_decorator.py
[2024-11-16T19:03:33.577+0000] {processor.py:914} INFO - Processing file /home/airflow/.local/lib/python3.12/site-packages/airflow/example_dags/example_sensor_decorator.py for tasks to queue
[2024-11-16T19:03:33.587+0000] {logging_mixin.py:190} INFO - [2024-11-16T19:03:33.586+0000] {dagbag.py:588} INFO - Filling up the DagBag from /home/airflow/.local/lib/python3.12/site-packages/airflow/example_dags/example_sensor_decorator.py
[2024-11-16T19:03:33.608+0000] {processor.py:925} INFO - DAG(s) 'example_sensor_decorator' retrieved from /home/airflow/.local/lib/python3.12/site-packages/airflow/example_dags/example_sensor_decorator.py
[2024-11-16T19:03:33.670+0000] {logging_mixin.py:190} INFO - [2024-11-16T19:03:33.669+0000] {dag.py:3239} INFO - Sync 1 DAGs
[2024-11-16T19:03:33.718+0000] {logging_mixin.py:190} INFO - [2024-11-16T19:03:33.718+0000] {dag.py:4180} INFO - Setting next_dagrun for example_sensor_decorator to None, run_after=None
[2024-11-16T19:03:33.768+0000] {processor.py:208} INFO - Processing /home/airflow/.local/lib/python3.12/site-packages/airflow/example_dags/example_sensor_decorator.py took 0.211 seconds
[2024-11-16T19:04:11.631+0000] {processor.py:186} INFO - Started process (PID=545) to work on /home/airflow/.local/lib/python3.12/site-packages/airflow/example_dags/example_sensor_decorator.py
[2024-11-16T19:04:11.634+0000] {processor.py:914} INFO - Processing file /home/airflow/.local/lib/python3.12/site-packages/airflow/example_dags/example_sensor_decorator.py for tasks to queue
[2024-11-16T19:04:11.643+0000] {logging_mixin.py:190} INFO - [2024-11-16T19:04:11.641+0000] {dagbag.py:588} INFO - Filling up the DagBag from /home/airflow/.local/lib/python3.12/site-packages/airflow/example_dags/example_sensor_decorator.py
[2024-11-16T19:04:11.669+0000] {processor.py:925} INFO - DAG(s) 'example_sensor_decorator' retrieved from /home/airflow/.local/lib/python3.12/site-packages/airflow/example_dags/example_sensor_decorator.py
[2024-11-16T19:04:11.737+0000] {logging_mixin.py:190} INFO - [2024-11-16T19:04:11.737+0000] {dag.py:3239} INFO - Sync 1 DAGs
[2024-11-16T19:04:11.794+0000] {logging_mixin.py:190} INFO - [2024-11-16T19:04:11.790+0000] {dag.py:4180} INFO - Setting next_dagrun for example_sensor_decorator to None, run_after=None
[2024-11-16T19:04:12.004+0000] {processor.py:208} INFO - Processing /home/airflow/.local/lib/python3.12/site-packages/airflow/example_dags/example_sensor_decorator.py took 0.400 seconds
[2024-11-16T19:05:22.312+0000] {processor.py:186} INFO - Started process (PID=620) to work on /home/airflow/.local/lib/python3.12/site-packages/airflow/example_dags/example_sensor_decorator.py
[2024-11-16T19:05:22.392+0000] {processor.py:914} INFO - Processing file /home/airflow/.local/lib/python3.12/site-packages/airflow/example_dags/example_sensor_decorator.py for tasks to queue
[2024-11-16T19:05:22.538+0000] {logging_mixin.py:190} INFO - [2024-11-16T19:05:22.537+0000] {dagbag.py:588} INFO - Filling up the DagBag from /home/airflow/.local/lib/python3.12/site-packages/airflow/example_dags/example_sensor_decorator.py
[2024-11-16T19:05:22.854+0000] {processor.py:925} INFO - DAG(s) 'example_sensor_decorator' retrieved from /home/airflow/.local/lib/python3.12/site-packages/airflow/example_dags/example_sensor_decorator.py
[2024-11-16T19:05:23.751+0000] {logging_mixin.py:190} INFO - [2024-11-16T19:05:23.747+0000] {dag.py:3239} INFO - Sync 1 DAGs
[2024-11-16T19:05:24.542+0000] {logging_mixin.py:190} INFO - [2024-11-16T19:05:24.541+0000] {dag.py:4180} INFO - Setting next_dagrun for example_sensor_decorator to None, run_after=None
[2024-11-16T19:05:25.266+0000] {processor.py:208} INFO - Processing /home/airflow/.local/lib/python3.12/site-packages/airflow/example_dags/example_sensor_decorator.py took 3.081 seconds
[2024-11-16T19:06:59.066+0000] {processor.py:186} INFO - Started process (PID=688) to work on /home/airflow/.local/lib/python3.12/site-packages/airflow/example_dags/example_sensor_decorator.py
[2024-11-16T19:06:59.078+0000] {processor.py:914} INFO - Processing file /home/airflow/.local/lib/python3.12/site-packages/airflow/example_dags/example_sensor_decorator.py for tasks to queue
[2024-11-16T19:06:59.098+0000] {logging_mixin.py:190} INFO - [2024-11-16T19:06:59.097+0000] {dagbag.py:588} INFO - Filling up the DagBag from /home/airflow/.local/lib/python3.12/site-packages/airflow/example_dags/example_sensor_decorator.py
[2024-11-16T19:06:59.181+0000] {processor.py:925} INFO - DAG(s) 'example_sensor_decorator' retrieved from /home/airflow/.local/lib/python3.12/site-packages/airflow/example_dags/example_sensor_decorator.py
[2024-11-16T19:06:59.470+0000] {logging_mixin.py:190} INFO - [2024-11-16T19:06:59.456+0000] {dag.py:3239} INFO - Sync 1 DAGs
[2024-11-16T19:06:59.725+0000] {logging_mixin.py:190} INFO - [2024-11-16T19:06:59.713+0000] {dag.py:4180} INFO - Setting next_dagrun for example_sensor_decorator to None, run_after=None
[2024-11-16T19:07:00.112+0000] {processor.py:208} INFO - Processing /home/airflow/.local/lib/python3.12/site-packages/airflow/example_dags/example_sensor_decorator.py took 1.111 seconds
[2024-11-16T19:08:20.155+0000] {processor.py:186} INFO - Started process (PID=746) to work on /home/airflow/.local/lib/python3.12/site-packages/airflow/example_dags/example_sensor_decorator.py
[2024-11-16T19:08:20.170+0000] {processor.py:914} INFO - Processing file /home/airflow/.local/lib/python3.12/site-packages/airflow/example_dags/example_sensor_decorator.py for tasks to queue
[2024-11-16T19:08:20.222+0000] {logging_mixin.py:190} INFO - [2024-11-16T19:08:20.221+0000] {dagbag.py:588} INFO - Filling up the DagBag from /home/airflow/.local/lib/python3.12/site-packages/airflow/example_dags/example_sensor_decorator.py
[2024-11-16T19:08:20.414+0000] {processor.py:925} INFO - DAG(s) 'example_sensor_decorator' retrieved from /home/airflow/.local/lib/python3.12/site-packages/airflow/example_dags/example_sensor_decorator.py
[2024-11-16T19:08:20.879+0000] {logging_mixin.py:190} INFO - [2024-11-16T19:08:20.863+0000] {dag.py:3239} INFO - Sync 1 DAGs
[2024-11-16T19:08:21.219+0000] {logging_mixin.py:190} INFO - [2024-11-16T19:08:21.218+0000] {dag.py:4180} INFO - Setting next_dagrun for example_sensor_decorator to None, run_after=None
[2024-11-16T19:08:21.554+0000] {processor.py:208} INFO - Processing /home/airflow/.local/lib/python3.12/site-packages/airflow/example_dags/example_sensor_decorator.py took 1.592 seconds
[2024-11-16T19:09:31.936+0000] {processor.py:186} INFO - Started process (PID=806) to work on /home/airflow/.local/lib/python3.12/site-packages/airflow/example_dags/example_sensor_decorator.py
[2024-11-16T19:09:32.015+0000] {processor.py:914} INFO - Processing file /home/airflow/.local/lib/python3.12/site-packages/airflow/example_dags/example_sensor_decorator.py for tasks to queue
[2024-11-16T19:09:32.114+0000] {logging_mixin.py:190} INFO - [2024-11-16T19:09:32.113+0000] {dagbag.py:588} INFO - Filling up the DagBag from /home/airflow/.local/lib/python3.12/site-packages/airflow/example_dags/example_sensor_decorator.py
[2024-11-16T19:09:32.289+0000] {processor.py:925} INFO - DAG(s) 'example_sensor_decorator' retrieved from /home/airflow/.local/lib/python3.12/site-packages/airflow/example_dags/example_sensor_decorator.py
[2024-11-16T19:09:32.540+0000] {logging_mixin.py:190} INFO - [2024-11-16T19:09:32.539+0000] {dag.py:3239} INFO - Sync 1 DAGs
[2024-11-16T19:09:32.776+0000] {logging_mixin.py:190} INFO - [2024-11-16T19:09:32.776+0000] {dag.py:4180} INFO - Setting next_dagrun for example_sensor_decorator to None, run_after=None
[2024-11-16T19:09:33.056+0000] {processor.py:208} INFO - Processing /home/airflow/.local/lib/python3.12/site-packages/airflow/example_dags/example_sensor_decorator.py took 1.198 seconds
[2024-11-16T19:10:33.268+0000] {processor.py:186} INFO - Started process (PID=857) to work on /home/airflow/.local/lib/python3.12/site-packages/airflow/example_dags/example_sensor_decorator.py
[2024-11-16T19:10:33.330+0000] {processor.py:914} INFO - Processing file /home/airflow/.local/lib/python3.12/site-packages/airflow/example_dags/example_sensor_decorator.py for tasks to queue
[2024-11-16T19:10:33.349+0000] {logging_mixin.py:190} INFO - [2024-11-16T19:10:33.348+0000] {dagbag.py:588} INFO - Filling up the DagBag from /home/airflow/.local/lib/python3.12/site-packages/airflow/example_dags/example_sensor_decorator.py
[2024-11-16T19:10:33.492+0000] {processor.py:925} INFO - DAG(s) 'example_sensor_decorator' retrieved from /home/airflow/.local/lib/python3.12/site-packages/airflow/example_dags/example_sensor_decorator.py
[2024-11-16T19:10:33.779+0000] {logging_mixin.py:190} INFO - [2024-11-16T19:10:33.779+0000] {dag.py:3239} INFO - Sync 1 DAGs
[2024-11-16T19:10:33.936+0000] {logging_mixin.py:190} INFO - [2024-11-16T19:10:33.935+0000] {dag.py:4180} INFO - Setting next_dagrun for example_sensor_decorator to None, run_after=None
[2024-11-16T19:10:34.197+0000] {processor.py:208} INFO - Processing /home/airflow/.local/lib/python3.12/site-packages/airflow/example_dags/example_sensor_decorator.py took 0.987 seconds
[2024-11-16T19:11:29.844+0000] {processor.py:186} INFO - Started process (PID=910) to work on /home/airflow/.local/lib/python3.12/site-packages/airflow/example_dags/example_sensor_decorator.py
[2024-11-16T19:11:29.892+0000] {processor.py:914} INFO - Processing file /home/airflow/.local/lib/python3.12/site-packages/airflow/example_dags/example_sensor_decorator.py for tasks to queue
[2024-11-16T19:11:29.940+0000] {logging_mixin.py:190} INFO - [2024-11-16T19:11:29.939+0000] {dagbag.py:588} INFO - Filling up the DagBag from /home/airflow/.local/lib/python3.12/site-packages/airflow/example_dags/example_sensor_decorator.py
[2024-11-16T19:11:30.083+0000] {processor.py:925} INFO - DAG(s) 'example_sensor_decorator' retrieved from /home/airflow/.local/lib/python3.12/site-packages/airflow/example_dags/example_sensor_decorator.py
[2024-11-16T19:11:30.404+0000] {logging_mixin.py:190} INFO - [2024-11-16T19:11:30.392+0000] {dag.py:3239} INFO - Sync 1 DAGs
[2024-11-16T19:11:30.622+0000] {logging_mixin.py:190} INFO - [2024-11-16T19:11:30.621+0000] {dag.py:4180} INFO - Setting next_dagrun for example_sensor_decorator to None, run_after=None
[2024-11-16T19:11:30.915+0000] {processor.py:208} INFO - Processing /home/airflow/.local/lib/python3.12/site-packages/airflow/example_dags/example_sensor_decorator.py took 1.272 seconds
[2024-11-16T19:12:36.991+0000] {processor.py:186} INFO - Started process (PID=981) to work on /home/airflow/.local/lib/python3.12/site-packages/airflow/example_dags/example_sensor_decorator.py
[2024-11-16T19:12:37.002+0000] {processor.py:914} INFO - Processing file /home/airflow/.local/lib/python3.12/site-packages/airflow/example_dags/example_sensor_decorator.py for tasks to queue
[2024-11-16T19:12:37.022+0000] {logging_mixin.py:190} INFO - [2024-11-16T19:12:37.021+0000] {dagbag.py:588} INFO - Filling up the DagBag from /home/airflow/.local/lib/python3.12/site-packages/airflow/example_dags/example_sensor_decorator.py
[2024-11-16T19:12:37.102+0000] {processor.py:925} INFO - DAG(s) 'example_sensor_decorator' retrieved from /home/airflow/.local/lib/python3.12/site-packages/airflow/example_dags/example_sensor_decorator.py
[2024-11-16T19:12:37.392+0000] {logging_mixin.py:190} INFO - [2024-11-16T19:12:37.391+0000] {dag.py:3239} INFO - Sync 1 DAGs
[2024-11-16T19:12:37.568+0000] {logging_mixin.py:190} INFO - [2024-11-16T19:12:37.567+0000] {dag.py:4180} INFO - Setting next_dagrun for example_sensor_decorator to None, run_after=None
[2024-11-16T19:12:37.960+0000] {processor.py:208} INFO - Processing /home/airflow/.local/lib/python3.12/site-packages/airflow/example_dags/example_sensor_decorator.py took 1.026 seconds
[2024-11-16T19:13:09.096+0000] {processor.py:186} INFO - Started process (PID=1044) to work on /home/airflow/.local/lib/python3.12/site-packages/airflow/example_dags/example_sensor_decorator.py
[2024-11-16T19:13:09.099+0000] {processor.py:914} INFO - Processing file /home/airflow/.local/lib/python3.12/site-packages/airflow/example_dags/example_sensor_decorator.py for tasks to queue
[2024-11-16T19:13:09.135+0000] {logging_mixin.py:190} INFO - [2024-11-16T19:13:09.134+0000] {dagbag.py:588} INFO - Filling up the DagBag from /home/airflow/.local/lib/python3.12/site-packages/airflow/example_dags/example_sensor_decorator.py
[2024-11-16T19:13:09.221+0000] {processor.py:925} INFO - DAG(s) 'example_sensor_decorator' retrieved from /home/airflow/.local/lib/python3.12/site-packages/airflow/example_dags/example_sensor_decorator.py
[2024-11-16T19:13:09.365+0000] {logging_mixin.py:190} INFO - [2024-11-16T19:13:09.364+0000] {dag.py:3239} INFO - Sync 1 DAGs
[2024-11-16T19:13:09.499+0000] {logging_mixin.py:190} INFO - [2024-11-16T19:13:09.498+0000] {dag.py:4180} INFO - Setting next_dagrun for example_sensor_decorator to None, run_after=None
[2024-11-16T19:13:09.614+0000] {processor.py:208} INFO - Processing /home/airflow/.local/lib/python3.12/site-packages/airflow/example_dags/example_sensor_decorator.py took 0.569 seconds
[2024-11-16T19:13:45.024+0000] {processor.py:186} INFO - Started process (PID=1090) to work on /home/airflow/.local/lib/python3.12/site-packages/airflow/example_dags/example_sensor_decorator.py
[2024-11-16T19:13:45.083+0000] {processor.py:914} INFO - Processing file /home/airflow/.local/lib/python3.12/site-packages/airflow/example_dags/example_sensor_decorator.py for tasks to queue
[2024-11-16T19:13:45.228+0000] {logging_mixin.py:190} INFO - [2024-11-16T19:13:45.227+0000] {dagbag.py:588} INFO - Filling up the DagBag from /home/airflow/.local/lib/python3.12/site-packages/airflow/example_dags/example_sensor_decorator.py
[2024-11-16T19:13:45.356+0000] {processor.py:925} INFO - DAG(s) 'example_sensor_decorator' retrieved from /home/airflow/.local/lib/python3.12/site-packages/airflow/example_dags/example_sensor_decorator.py
[2024-11-16T19:13:45.541+0000] {logging_mixin.py:190} INFO - [2024-11-16T19:13:45.540+0000] {dag.py:3239} INFO - Sync 1 DAGs
[2024-11-16T19:13:45.695+0000] {logging_mixin.py:190} INFO - [2024-11-16T19:13:45.694+0000] {dag.py:4180} INFO - Setting next_dagrun for example_sensor_decorator to None, run_after=None
[2024-11-16T19:13:45.909+0000] {processor.py:208} INFO - Processing /home/airflow/.local/lib/python3.12/site-packages/airflow/example_dags/example_sensor_decorator.py took 1.026 seconds
[2024-11-16T19:14:18.392+0000] {processor.py:186} INFO - Started process (PID=1154) to work on /home/airflow/.local/lib/python3.12/site-packages/airflow/example_dags/example_sensor_decorator.py
[2024-11-16T19:14:18.395+0000] {processor.py:914} INFO - Processing file /home/airflow/.local/lib/python3.12/site-packages/airflow/example_dags/example_sensor_decorator.py for tasks to queue
[2024-11-16T19:14:18.403+0000] {logging_mixin.py:190} INFO - [2024-11-16T19:14:18.401+0000] {dagbag.py:588} INFO - Filling up the DagBag from /home/airflow/.local/lib/python3.12/site-packages/airflow/example_dags/example_sensor_decorator.py
[2024-11-16T19:14:18.470+0000] {processor.py:925} INFO - DAG(s) 'example_sensor_decorator' retrieved from /home/airflow/.local/lib/python3.12/site-packages/airflow/example_dags/example_sensor_decorator.py
[2024-11-16T19:14:18.543+0000] {logging_mixin.py:190} INFO - [2024-11-16T19:14:18.543+0000] {dag.py:3239} INFO - Sync 1 DAGs
[2024-11-16T19:14:18.601+0000] {logging_mixin.py:190} INFO - [2024-11-16T19:14:18.601+0000] {dag.py:4180} INFO - Setting next_dagrun for example_sensor_decorator to None, run_after=None
[2024-11-16T19:14:18.673+0000] {processor.py:208} INFO - Processing /home/airflow/.local/lib/python3.12/site-packages/airflow/example_dags/example_sensor_decorator.py took 0.318 seconds
[2024-11-16T19:14:51.196+0000] {processor.py:186} INFO - Started process (PID=1219) to work on /home/airflow/.local/lib/python3.12/site-packages/airflow/example_dags/example_sensor_decorator.py
[2024-11-16T19:14:51.199+0000] {processor.py:914} INFO - Processing file /home/airflow/.local/lib/python3.12/site-packages/airflow/example_dags/example_sensor_decorator.py for tasks to queue
[2024-11-16T19:14:51.246+0000] {logging_mixin.py:190} INFO - [2024-11-16T19:14:51.229+0000] {dagbag.py:588} INFO - Filling up the DagBag from /home/airflow/.local/lib/python3.12/site-packages/airflow/example_dags/example_sensor_decorator.py
[2024-11-16T19:14:51.399+0000] {processor.py:925} INFO - DAG(s) 'example_sensor_decorator' retrieved from /home/airflow/.local/lib/python3.12/site-packages/airflow/example_dags/example_sensor_decorator.py
[2024-11-16T19:14:51.644+0000] {logging_mixin.py:190} INFO - [2024-11-16T19:14:51.643+0000] {dag.py:3239} INFO - Sync 1 DAGs
[2024-11-16T19:14:51.773+0000] {logging_mixin.py:190} INFO - [2024-11-16T19:14:51.773+0000] {dag.py:4180} INFO - Setting next_dagrun for example_sensor_decorator to None, run_after=None
[2024-11-16T19:14:52.154+0000] {processor.py:208} INFO - Processing /home/airflow/.local/lib/python3.12/site-packages/airflow/example_dags/example_sensor_decorator.py took 0.992 seconds
[2024-11-16T19:15:22.935+0000] {processor.py:186} INFO - Started process (PID=1289) to work on /home/airflow/.local/lib/python3.12/site-packages/airflow/example_dags/example_sensor_decorator.py
[2024-11-16T19:15:22.949+0000] {processor.py:914} INFO - Processing file /home/airflow/.local/lib/python3.12/site-packages/airflow/example_dags/example_sensor_decorator.py for tasks to queue
[2024-11-16T19:15:22.969+0000] {logging_mixin.py:190} INFO - [2024-11-16T19:15:22.957+0000] {dagbag.py:588} INFO - Filling up the DagBag from /home/airflow/.local/lib/python3.12/site-packages/airflow/example_dags/example_sensor_decorator.py
[2024-11-16T19:15:23.037+0000] {processor.py:925} INFO - DAG(s) 'example_sensor_decorator' retrieved from /home/airflow/.local/lib/python3.12/site-packages/airflow/example_dags/example_sensor_decorator.py
[2024-11-16T19:15:23.127+0000] {logging_mixin.py:190} INFO - [2024-11-16T19:15:23.126+0000] {dag.py:3239} INFO - Sync 1 DAGs
[2024-11-16T19:15:23.197+0000] {logging_mixin.py:190} INFO - [2024-11-16T19:15:23.196+0000] {dag.py:4180} INFO - Setting next_dagrun for example_sensor_decorator to None, run_after=None
[2024-11-16T19:15:23.396+0000] {processor.py:208} INFO - Processing /home/airflow/.local/lib/python3.12/site-packages/airflow/example_dags/example_sensor_decorator.py took 0.492 seconds
[2024-11-16T19:15:53.974+0000] {processor.py:186} INFO - Started process (PID=1352) to work on /home/airflow/.local/lib/python3.12/site-packages/airflow/example_dags/example_sensor_decorator.py
[2024-11-16T19:15:53.976+0000] {processor.py:914} INFO - Processing file /home/airflow/.local/lib/python3.12/site-packages/airflow/example_dags/example_sensor_decorator.py for tasks to queue
[2024-11-16T19:15:53.983+0000] {logging_mixin.py:190} INFO - [2024-11-16T19:15:53.982+0000] {dagbag.py:588} INFO - Filling up the DagBag from /home/airflow/.local/lib/python3.12/site-packages/airflow/example_dags/example_sensor_decorator.py
[2024-11-16T19:15:53.999+0000] {processor.py:925} INFO - DAG(s) 'example_sensor_decorator' retrieved from /home/airflow/.local/lib/python3.12/site-packages/airflow/example_dags/example_sensor_decorator.py
[2024-11-16T19:15:54.038+0000] {logging_mixin.py:190} INFO - [2024-11-16T19:15:54.038+0000] {dag.py:3239} INFO - Sync 1 DAGs
[2024-11-16T19:15:54.068+0000] {logging_mixin.py:190} INFO - [2024-11-16T19:15:54.068+0000] {dag.py:4180} INFO - Setting next_dagrun for example_sensor_decorator to None, run_after=None
[2024-11-16T19:15:54.123+0000] {processor.py:208} INFO - Processing /home/airflow/.local/lib/python3.12/site-packages/airflow/example_dags/example_sensor_decorator.py took 0.163 seconds
[2024-11-16T19:16:24.515+0000] {processor.py:186} INFO - Started process (PID=1416) to work on /home/airflow/.local/lib/python3.12/site-packages/airflow/example_dags/example_sensor_decorator.py
[2024-11-16T19:16:24.517+0000] {processor.py:914} INFO - Processing file /home/airflow/.local/lib/python3.12/site-packages/airflow/example_dags/example_sensor_decorator.py for tasks to queue
[2024-11-16T19:16:24.530+0000] {logging_mixin.py:190} INFO - [2024-11-16T19:16:24.528+0000] {dagbag.py:588} INFO - Filling up the DagBag from /home/airflow/.local/lib/python3.12/site-packages/airflow/example_dags/example_sensor_decorator.py
[2024-11-16T19:16:24.551+0000] {processor.py:925} INFO - DAG(s) 'example_sensor_decorator' retrieved from /home/airflow/.local/lib/python3.12/site-packages/airflow/example_dags/example_sensor_decorator.py
[2024-11-16T19:16:24.603+0000] {logging_mixin.py:190} INFO - [2024-11-16T19:16:24.602+0000] {dag.py:3239} INFO - Sync 1 DAGs
[2024-11-16T19:16:24.638+0000] {logging_mixin.py:190} INFO - [2024-11-16T19:16:24.637+0000] {dag.py:4180} INFO - Setting next_dagrun for example_sensor_decorator to None, run_after=None
[2024-11-16T19:16:24.675+0000] {processor.py:208} INFO - Processing /home/airflow/.local/lib/python3.12/site-packages/airflow/example_dags/example_sensor_decorator.py took 0.182 seconds
[2024-11-16T19:16:56.641+0000] {processor.py:186} INFO - Started process (PID=1477) to work on /home/airflow/.local/lib/python3.12/site-packages/airflow/example_dags/example_sensor_decorator.py
[2024-11-16T19:16:56.644+0000] {processor.py:914} INFO - Processing file /home/airflow/.local/lib/python3.12/site-packages/airflow/example_dags/example_sensor_decorator.py for tasks to queue
[2024-11-16T19:16:56.650+0000] {logging_mixin.py:190} INFO - [2024-11-16T19:16:56.649+0000] {dagbag.py:588} INFO - Filling up the DagBag from /home/airflow/.local/lib/python3.12/site-packages/airflow/example_dags/example_sensor_decorator.py
[2024-11-16T19:16:56.678+0000] {processor.py:925} INFO - DAG(s) 'example_sensor_decorator' retrieved from /home/airflow/.local/lib/python3.12/site-packages/airflow/example_dags/example_sensor_decorator.py
[2024-11-16T19:16:56.737+0000] {logging_mixin.py:190} INFO - [2024-11-16T19:16:56.736+0000] {dag.py:3239} INFO - Sync 1 DAGs
[2024-11-16T19:16:56.775+0000] {logging_mixin.py:190} INFO - [2024-11-16T19:16:56.775+0000] {dag.py:4180} INFO - Setting next_dagrun for example_sensor_decorator to None, run_after=None
[2024-11-16T19:16:56.825+0000] {processor.py:208} INFO - Processing /home/airflow/.local/lib/python3.12/site-packages/airflow/example_dags/example_sensor_decorator.py took 0.205 seconds
[2024-11-16T19:17:27.902+0000] {processor.py:186} INFO - Started process (PID=1535) to work on /home/airflow/.local/lib/python3.12/site-packages/airflow/example_dags/example_sensor_decorator.py
[2024-11-16T19:17:27.904+0000] {processor.py:914} INFO - Processing file /home/airflow/.local/lib/python3.12/site-packages/airflow/example_dags/example_sensor_decorator.py for tasks to queue
[2024-11-16T19:17:27.935+0000] {logging_mixin.py:190} INFO - [2024-11-16T19:17:27.934+0000] {dagbag.py:588} INFO - Filling up the DagBag from /home/airflow/.local/lib/python3.12/site-packages/airflow/example_dags/example_sensor_decorator.py
[2024-11-16T19:17:28.031+0000] {processor.py:925} INFO - DAG(s) 'example_sensor_decorator' retrieved from /home/airflow/.local/lib/python3.12/site-packages/airflow/example_dags/example_sensor_decorator.py
[2024-11-16T19:17:28.312+0000] {logging_mixin.py:190} INFO - [2024-11-16T19:17:28.312+0000] {dag.py:3239} INFO - Sync 1 DAGs
[2024-11-16T19:17:28.396+0000] {logging_mixin.py:190} INFO - [2024-11-16T19:17:28.396+0000] {dag.py:4180} INFO - Setting next_dagrun for example_sensor_decorator to None, run_after=None
[2024-11-16T19:17:28.603+0000] {processor.py:208} INFO - Processing /home/airflow/.local/lib/python3.12/site-packages/airflow/example_dags/example_sensor_decorator.py took 0.763 seconds
