[2024-11-16T18:59:18.806+0000] {processor.py:186} INFO - Started process (PID=92) to work on /home/airflow/.local/lib/python3.12/site-packages/airflow/example_dags/example_python_decorator.py
[2024-11-16T18:59:18.821+0000] {processor.py:914} INFO - Processing file /home/airflow/.local/lib/python3.12/site-packages/airflow/example_dags/example_python_decorator.py for tasks to queue
[2024-11-16T18:59:18.831+0000] {logging_mixin.py:190} INFO - [2024-11-16T18:59:18.830+0000] {dagbag.py:588} INFO - Filling up the DagBag from /home/airflow/.local/lib/python3.12/site-packages/airflow/example_dags/example_python_decorator.py
[2024-11-16T18:59:18.983+0000] {processor.py:925} INFO - DAG(s) 'example_python_decorator' retrieved from /home/airflow/.local/lib/python3.12/site-packages/airflow/example_dags/example_python_decorator.py
[2024-11-16T18:59:19.672+0000] {logging_mixin.py:190} INFO - [2024-11-16T18:59:19.670+0000] {override.py:1911} INFO - Created Permission View: can delete on DAG:example_python_decorator
[2024-11-16T18:59:19.727+0000] {logging_mixin.py:190} INFO - [2024-11-16T18:59:19.726+0000] {override.py:1911} INFO - Created Permission View: can edit on DAG:example_python_decorator
[2024-11-16T18:59:19.776+0000] {logging_mixin.py:190} INFO - [2024-11-16T18:59:19.775+0000] {override.py:1911} INFO - Created Permission View: can read on DAG:example_python_decorator
[2024-11-16T18:59:19.800+0000] {logging_mixin.py:190} INFO - [2024-11-16T18:59:19.800+0000] {override.py:1911} INFO - Created Permission View: menu access on DAG Run:example_python_decorator
[2024-11-16T18:59:19.832+0000] {logging_mixin.py:190} INFO - [2024-11-16T18:59:19.831+0000] {override.py:1911} INFO - Created Permission View: can delete on DAG Run:example_python_decorator
[2024-11-16T18:59:19.865+0000] {logging_mixin.py:190} INFO - [2024-11-16T18:59:19.861+0000] {override.py:1911} INFO - Created Permission View: can read on DAG Run:example_python_decorator
[2024-11-16T18:59:19.906+0000] {logging_mixin.py:190} INFO - [2024-11-16T18:59:19.906+0000] {override.py:1911} INFO - Created Permission View: can create on DAG Run:example_python_decorator
[2024-11-16T18:59:19.908+0000] {logging_mixin.py:190} INFO - [2024-11-16T18:59:19.907+0000] {dag.py:3239} INFO - Sync 1 DAGs
[2024-11-16T18:59:19.982+0000] {logging_mixin.py:190} INFO - [2024-11-16T18:59:19.981+0000] {dag.py:3262} INFO - Creating ORM DAG for example_python_decorator
[2024-11-16T18:59:19.985+0000] {logging_mixin.py:190} INFO - [2024-11-16T18:59:19.985+0000] {dag.py:4180} INFO - Setting next_dagrun for example_python_decorator to None, run_after=None
[2024-11-16T18:59:20.070+0000] {processor.py:208} INFO - Processing /home/airflow/.local/lib/python3.12/site-packages/airflow/example_dags/example_python_decorator.py took 1.304 seconds
[2024-11-16T19:00:28.591+0000] {processor.py:186} INFO - Started process (PID=160) to work on /home/airflow/.local/lib/python3.12/site-packages/airflow/example_dags/example_python_decorator.py
[2024-11-16T19:00:28.593+0000] {processor.py:914} INFO - Processing file /home/airflow/.local/lib/python3.12/site-packages/airflow/example_dags/example_python_decorator.py for tasks to queue
[2024-11-16T19:00:28.603+0000] {logging_mixin.py:190} INFO - [2024-11-16T19:00:28.603+0000] {dagbag.py:588} INFO - Filling up the DagBag from /home/airflow/.local/lib/python3.12/site-packages/airflow/example_dags/example_python_decorator.py
[2024-11-16T19:00:28.668+0000] {processor.py:925} INFO - DAG(s) 'example_python_decorator' retrieved from /home/airflow/.local/lib/python3.12/site-packages/airflow/example_dags/example_python_decorator.py
[2024-11-16T19:00:28.749+0000] {logging_mixin.py:190} INFO - [2024-11-16T19:00:28.749+0000] {dag.py:3239} INFO - Sync 1 DAGs
[2024-11-16T19:00:28.791+0000] {logging_mixin.py:190} INFO - [2024-11-16T19:00:28.791+0000] {dag.py:4180} INFO - Setting next_dagrun for example_python_decorator to None, run_after=None
[2024-11-16T19:00:28.843+0000] {processor.py:208} INFO - Processing /home/airflow/.local/lib/python3.12/site-packages/airflow/example_dags/example_python_decorator.py took 0.275 seconds
[2024-11-16T19:01:01.311+0000] {processor.py:186} INFO - Started process (PID=223) to work on /home/airflow/.local/lib/python3.12/site-packages/airflow/example_dags/example_python_decorator.py
[2024-11-16T19:01:01.313+0000] {processor.py:914} INFO - Processing file /home/airflow/.local/lib/python3.12/site-packages/airflow/example_dags/example_python_decorator.py for tasks to queue
[2024-11-16T19:01:01.322+0000] {logging_mixin.py:190} INFO - [2024-11-16T19:01:01.319+0000] {dagbag.py:588} INFO - Filling up the DagBag from /home/airflow/.local/lib/python3.12/site-packages/airflow/example_dags/example_python_decorator.py
[2024-11-16T19:01:01.431+0000] {processor.py:925} INFO - DAG(s) 'example_python_decorator' retrieved from /home/airflow/.local/lib/python3.12/site-packages/airflow/example_dags/example_python_decorator.py
[2024-11-16T19:01:01.689+0000] {logging_mixin.py:190} INFO - [2024-11-16T19:01:01.688+0000] {dag.py:3239} INFO - Sync 1 DAGs
[2024-11-16T19:01:01.843+0000] {logging_mixin.py:190} INFO - [2024-11-16T19:01:01.842+0000] {dag.py:4180} INFO - Setting next_dagrun for example_python_decorator to None, run_after=None
[2024-11-16T19:01:02.026+0000] {processor.py:208} INFO - Processing /home/airflow/.local/lib/python3.12/site-packages/airflow/example_dags/example_python_decorator.py took 0.749 seconds
[2024-11-16T19:01:42.825+0000] {processor.py:186} INFO - Started process (PID=291) to work on /home/airflow/.local/lib/python3.12/site-packages/airflow/example_dags/example_python_decorator.py
[2024-11-16T19:01:42.882+0000] {processor.py:914} INFO - Processing file /home/airflow/.local/lib/python3.12/site-packages/airflow/example_dags/example_python_decorator.py for tasks to queue
[2024-11-16T19:01:42.930+0000] {logging_mixin.py:190} INFO - [2024-11-16T19:01:42.929+0000] {dagbag.py:588} INFO - Filling up the DagBag from /home/airflow/.local/lib/python3.12/site-packages/airflow/example_dags/example_python_decorator.py
[2024-11-16T19:01:43.196+0000] {processor.py:925} INFO - DAG(s) 'example_python_decorator' retrieved from /home/airflow/.local/lib/python3.12/site-packages/airflow/example_dags/example_python_decorator.py
[2024-11-16T19:01:43.476+0000] {logging_mixin.py:190} INFO - [2024-11-16T19:01:43.476+0000] {dag.py:3239} INFO - Sync 1 DAGs
[2024-11-16T19:01:43.693+0000] {logging_mixin.py:190} INFO - [2024-11-16T19:01:43.692+0000] {dag.py:4180} INFO - Setting next_dagrun for example_python_decorator to None, run_after=None
[2024-11-16T19:01:44.001+0000] {processor.py:208} INFO - Processing /home/airflow/.local/lib/python3.12/site-packages/airflow/example_dags/example_python_decorator.py took 1.309 seconds
[2024-11-16T19:02:30.987+0000] {processor.py:186} INFO - Started process (PID=351) to work on /home/airflow/.local/lib/python3.12/site-packages/airflow/example_dags/example_python_decorator.py
[2024-11-16T19:02:30.992+0000] {processor.py:914} INFO - Processing file /home/airflow/.local/lib/python3.12/site-packages/airflow/example_dags/example_python_decorator.py for tasks to queue
[2024-11-16T19:02:30.998+0000] {logging_mixin.py:190} INFO - [2024-11-16T19:02:30.997+0000] {dagbag.py:588} INFO - Filling up the DagBag from /home/airflow/.local/lib/python3.12/site-packages/airflow/example_dags/example_python_decorator.py
[2024-11-16T19:02:31.068+0000] {processor.py:925} INFO - DAG(s) 'example_python_decorator' retrieved from /home/airflow/.local/lib/python3.12/site-packages/airflow/example_dags/example_python_decorator.py
[2024-11-16T19:02:31.294+0000] {logging_mixin.py:190} INFO - [2024-11-16T19:02:31.293+0000] {dag.py:3239} INFO - Sync 1 DAGs
[2024-11-16T19:02:31.374+0000] {logging_mixin.py:190} INFO - [2024-11-16T19:02:31.373+0000] {dag.py:4180} INFO - Setting next_dagrun for example_python_decorator to None, run_after=None
[2024-11-16T19:02:31.489+0000] {processor.py:208} INFO - Processing /home/airflow/.local/lib/python3.12/site-packages/airflow/example_dags/example_python_decorator.py took 0.526 seconds
[2024-11-16T19:03:03.094+0000] {processor.py:186} INFO - Started process (PID=414) to work on /home/airflow/.local/lib/python3.12/site-packages/airflow/example_dags/example_python_decorator.py
[2024-11-16T19:03:03.097+0000] {processor.py:914} INFO - Processing file /home/airflow/.local/lib/python3.12/site-packages/airflow/example_dags/example_python_decorator.py for tasks to queue
[2024-11-16T19:03:03.127+0000] {logging_mixin.py:190} INFO - [2024-11-16T19:03:03.126+0000] {dagbag.py:588} INFO - Filling up the DagBag from /home/airflow/.local/lib/python3.12/site-packages/airflow/example_dags/example_python_decorator.py
[2024-11-16T19:03:03.220+0000] {processor.py:925} INFO - DAG(s) 'example_python_decorator' retrieved from /home/airflow/.local/lib/python3.12/site-packages/airflow/example_dags/example_python_decorator.py
[2024-11-16T19:03:03.354+0000] {logging_mixin.py:190} INFO - [2024-11-16T19:03:03.353+0000] {dag.py:3239} INFO - Sync 1 DAGs
[2024-11-16T19:03:03.461+0000] {logging_mixin.py:190} INFO - [2024-11-16T19:03:03.460+0000] {dag.py:4180} INFO - Setting next_dagrun for example_python_decorator to None, run_after=None
[2024-11-16T19:03:03.553+0000] {processor.py:208} INFO - Processing /home/airflow/.local/lib/python3.12/site-packages/airflow/example_dags/example_python_decorator.py took 0.513 seconds
[2024-11-16T19:03:33.867+0000] {processor.py:186} INFO - Started process (PID=476) to work on /home/airflow/.local/lib/python3.12/site-packages/airflow/example_dags/example_python_decorator.py
[2024-11-16T19:03:33.869+0000] {processor.py:914} INFO - Processing file /home/airflow/.local/lib/python3.12/site-packages/airflow/example_dags/example_python_decorator.py for tasks to queue
[2024-11-16T19:03:33.874+0000] {logging_mixin.py:190} INFO - [2024-11-16T19:03:33.873+0000] {dagbag.py:588} INFO - Filling up the DagBag from /home/airflow/.local/lib/python3.12/site-packages/airflow/example_dags/example_python_decorator.py
[2024-11-16T19:03:33.917+0000] {processor.py:925} INFO - DAG(s) 'example_python_decorator' retrieved from /home/airflow/.local/lib/python3.12/site-packages/airflow/example_dags/example_python_decorator.py
[2024-11-16T19:03:33.972+0000] {logging_mixin.py:190} INFO - [2024-11-16T19:03:33.972+0000] {dag.py:3239} INFO - Sync 1 DAGs
[2024-11-16T19:03:34.056+0000] {logging_mixin.py:190} INFO - [2024-11-16T19:03:34.055+0000] {dag.py:4180} INFO - Setting next_dagrun for example_python_decorator to None, run_after=None
[2024-11-16T19:03:34.114+0000] {processor.py:208} INFO - Processing /home/airflow/.local/lib/python3.12/site-packages/airflow/example_dags/example_python_decorator.py took 0.263 seconds
[2024-11-16T19:04:12.267+0000] {processor.py:186} INFO - Started process (PID=546) to work on /home/airflow/.local/lib/python3.12/site-packages/airflow/example_dags/example_python_decorator.py
[2024-11-16T19:04:12.280+0000] {processor.py:914} INFO - Processing file /home/airflow/.local/lib/python3.12/site-packages/airflow/example_dags/example_python_decorator.py for tasks to queue
[2024-11-16T19:04:12.287+0000] {logging_mixin.py:190} INFO - [2024-11-16T19:04:12.286+0000] {dagbag.py:588} INFO - Filling up the DagBag from /home/airflow/.local/lib/python3.12/site-packages/airflow/example_dags/example_python_decorator.py
[2024-11-16T19:04:12.357+0000] {processor.py:925} INFO - DAG(s) 'example_python_decorator' retrieved from /home/airflow/.local/lib/python3.12/site-packages/airflow/example_dags/example_python_decorator.py
[2024-11-16T19:04:12.423+0000] {logging_mixin.py:190} INFO - [2024-11-16T19:04:12.423+0000] {dag.py:3239} INFO - Sync 1 DAGs
[2024-11-16T19:04:12.469+0000] {logging_mixin.py:190} INFO - [2024-11-16T19:04:12.469+0000] {dag.py:4180} INFO - Setting next_dagrun for example_python_decorator to None, run_after=None
[2024-11-16T19:04:12.534+0000] {processor.py:208} INFO - Processing /home/airflow/.local/lib/python3.12/site-packages/airflow/example_dags/example_python_decorator.py took 0.287 seconds
[2024-11-16T19:05:30.820+0000] {processor.py:186} INFO - Started process (PID=621) to work on /home/airflow/.local/lib/python3.12/site-packages/airflow/example_dags/example_python_decorator.py
[2024-11-16T19:05:30.945+0000] {processor.py:914} INFO - Processing file /home/airflow/.local/lib/python3.12/site-packages/airflow/example_dags/example_python_decorator.py for tasks to queue
[2024-11-16T19:05:30.987+0000] {logging_mixin.py:190} INFO - [2024-11-16T19:05:30.987+0000] {dagbag.py:588} INFO - Filling up the DagBag from /home/airflow/.local/lib/python3.12/site-packages/airflow/example_dags/example_python_decorator.py
[2024-11-16T19:05:31.251+0000] {processor.py:925} INFO - DAG(s) 'example_python_decorator' retrieved from /home/airflow/.local/lib/python3.12/site-packages/airflow/example_dags/example_python_decorator.py
[2024-11-16T19:05:31.812+0000] {logging_mixin.py:190} INFO - [2024-11-16T19:05:31.811+0000] {dag.py:3239} INFO - Sync 1 DAGs
[2024-11-16T19:05:32.106+0000] {logging_mixin.py:190} INFO - [2024-11-16T19:05:32.105+0000] {dag.py:4180} INFO - Setting next_dagrun for example_python_decorator to None, run_after=None
[2024-11-16T19:05:32.520+0000] {processor.py:208} INFO - Processing /home/airflow/.local/lib/python3.12/site-packages/airflow/example_dags/example_python_decorator.py took 1.830 seconds
[2024-11-16T19:06:59.119+0000] {processor.py:186} INFO - Started process (PID=689) to work on /home/airflow/.local/lib/python3.12/site-packages/airflow/example_dags/example_python_decorator.py
[2024-11-16T19:06:59.142+0000] {processor.py:914} INFO - Processing file /home/airflow/.local/lib/python3.12/site-packages/airflow/example_dags/example_python_decorator.py for tasks to queue
[2024-11-16T19:06:59.164+0000] {logging_mixin.py:190} INFO - [2024-11-16T19:06:59.160+0000] {dagbag.py:588} INFO - Filling up the DagBag from /home/airflow/.local/lib/python3.12/site-packages/airflow/example_dags/example_python_decorator.py
[2024-11-16T19:06:59.360+0000] {processor.py:925} INFO - DAG(s) 'example_python_decorator' retrieved from /home/airflow/.local/lib/python3.12/site-packages/airflow/example_dags/example_python_decorator.py
[2024-11-16T19:06:59.783+0000] {logging_mixin.py:190} INFO - [2024-11-16T19:06:59.782+0000] {dag.py:3239} INFO - Sync 1 DAGs
[2024-11-16T19:07:00.166+0000] {logging_mixin.py:190} INFO - [2024-11-16T19:07:00.165+0000] {dag.py:4180} INFO - Setting next_dagrun for example_python_decorator to None, run_after=None
[2024-11-16T19:07:00.451+0000] {processor.py:208} INFO - Processing /home/airflow/.local/lib/python3.12/site-packages/airflow/example_dags/example_python_decorator.py took 1.387 seconds
[2024-11-16T19:08:21.377+0000] {processor.py:186} INFO - Started process (PID=747) to work on /home/airflow/.local/lib/python3.12/site-packages/airflow/example_dags/example_python_decorator.py
[2024-11-16T19:08:21.427+0000] {processor.py:914} INFO - Processing file /home/airflow/.local/lib/python3.12/site-packages/airflow/example_dags/example_python_decorator.py for tasks to queue
[2024-11-16T19:08:21.526+0000] {logging_mixin.py:190} INFO - [2024-11-16T19:08:21.525+0000] {dagbag.py:588} INFO - Filling up the DagBag from /home/airflow/.local/lib/python3.12/site-packages/airflow/example_dags/example_python_decorator.py
[2024-11-16T19:08:21.846+0000] {processor.py:925} INFO - DAG(s) 'example_python_decorator' retrieved from /home/airflow/.local/lib/python3.12/site-packages/airflow/example_dags/example_python_decorator.py
[2024-11-16T19:08:22.290+0000] {logging_mixin.py:190} INFO - [2024-11-16T19:08:22.289+0000] {dag.py:3239} INFO - Sync 1 DAGs
[2024-11-16T19:08:22.625+0000] {logging_mixin.py:190} INFO - [2024-11-16T19:08:22.612+0000] {dag.py:4180} INFO - Setting next_dagrun for example_python_decorator to None, run_after=None
[2024-11-16T19:08:23.242+0000] {processor.py:208} INFO - Processing /home/airflow/.local/lib/python3.12/site-packages/airflow/example_dags/example_python_decorator.py took 1.961 seconds
[2024-11-16T19:09:34.935+0000] {processor.py:186} INFO - Started process (PID=807) to work on /home/airflow/.local/lib/python3.12/site-packages/airflow/example_dags/example_python_decorator.py
[2024-11-16T19:09:34.954+0000] {processor.py:914} INFO - Processing file /home/airflow/.local/lib/python3.12/site-packages/airflow/example_dags/example_python_decorator.py for tasks to queue
[2024-11-16T19:09:35.009+0000] {logging_mixin.py:190} INFO - [2024-11-16T19:09:35.008+0000] {dagbag.py:588} INFO - Filling up the DagBag from /home/airflow/.local/lib/python3.12/site-packages/airflow/example_dags/example_python_decorator.py
[2024-11-16T19:09:35.344+0000] {processor.py:925} INFO - DAG(s) 'example_python_decorator' retrieved from /home/airflow/.local/lib/python3.12/site-packages/airflow/example_dags/example_python_decorator.py
[2024-11-16T19:09:35.719+0000] {logging_mixin.py:190} INFO - [2024-11-16T19:09:35.703+0000] {dag.py:3239} INFO - Sync 1 DAGs
[2024-11-16T19:09:35.970+0000] {logging_mixin.py:190} INFO - [2024-11-16T19:09:35.970+0000] {dag.py:4180} INFO - Setting next_dagrun for example_python_decorator to None, run_after=None
[2024-11-16T19:09:36.268+0000] {processor.py:208} INFO - Processing /home/airflow/.local/lib/python3.12/site-packages/airflow/example_dags/example_python_decorator.py took 1.460 seconds
[2024-11-16T19:10:34.376+0000] {processor.py:186} INFO - Started process (PID=858) to work on /home/airflow/.local/lib/python3.12/site-packages/airflow/example_dags/example_python_decorator.py
[2024-11-16T19:10:34.414+0000] {processor.py:914} INFO - Processing file /home/airflow/.local/lib/python3.12/site-packages/airflow/example_dags/example_python_decorator.py for tasks to queue
[2024-11-16T19:10:34.448+0000] {logging_mixin.py:190} INFO - [2024-11-16T19:10:34.447+0000] {dagbag.py:588} INFO - Filling up the DagBag from /home/airflow/.local/lib/python3.12/site-packages/airflow/example_dags/example_python_decorator.py
[2024-11-16T19:10:34.647+0000] {processor.py:925} INFO - DAG(s) 'example_python_decorator' retrieved from /home/airflow/.local/lib/python3.12/site-packages/airflow/example_dags/example_python_decorator.py
[2024-11-16T19:10:34.892+0000] {logging_mixin.py:190} INFO - [2024-11-16T19:10:34.891+0000] {dag.py:3239} INFO - Sync 1 DAGs
[2024-11-16T19:10:35.086+0000] {logging_mixin.py:190} INFO - [2024-11-16T19:10:35.085+0000] {dag.py:4180} INFO - Setting next_dagrun for example_python_decorator to None, run_after=None
[2024-11-16T19:10:35.467+0000] {processor.py:208} INFO - Processing /home/airflow/.local/lib/python3.12/site-packages/airflow/example_dags/example_python_decorator.py took 1.147 seconds
[2024-11-16T19:11:31.296+0000] {processor.py:186} INFO - Started process (PID=911) to work on /home/airflow/.local/lib/python3.12/site-packages/airflow/example_dags/example_python_decorator.py
[2024-11-16T19:11:31.308+0000] {processor.py:914} INFO - Processing file /home/airflow/.local/lib/python3.12/site-packages/airflow/example_dags/example_python_decorator.py for tasks to queue
[2024-11-16T19:11:31.353+0000] {logging_mixin.py:190} INFO - [2024-11-16T19:11:31.352+0000] {dagbag.py:588} INFO - Filling up the DagBag from /home/airflow/.local/lib/python3.12/site-packages/airflow/example_dags/example_python_decorator.py
[2024-11-16T19:11:31.573+0000] {processor.py:925} INFO - DAG(s) 'example_python_decorator' retrieved from /home/airflow/.local/lib/python3.12/site-packages/airflow/example_dags/example_python_decorator.py
[2024-11-16T19:11:31.978+0000] {logging_mixin.py:190} INFO - [2024-11-16T19:11:31.977+0000] {dag.py:3239} INFO - Sync 1 DAGs
[2024-11-16T19:11:32.175+0000] {logging_mixin.py:190} INFO - [2024-11-16T19:11:32.174+0000] {dag.py:4180} INFO - Setting next_dagrun for example_python_decorator to None, run_after=None
[2024-11-16T19:11:32.490+0000] {processor.py:208} INFO - Processing /home/airflow/.local/lib/python3.12/site-packages/airflow/example_dags/example_python_decorator.py took 1.250 seconds
[2024-11-16T19:12:37.453+0000] {processor.py:186} INFO - Started process (PID=982) to work on /home/airflow/.local/lib/python3.12/site-packages/airflow/example_dags/example_python_decorator.py
[2024-11-16T19:12:37.467+0000] {processor.py:914} INFO - Processing file /home/airflow/.local/lib/python3.12/site-packages/airflow/example_dags/example_python_decorator.py for tasks to queue
[2024-11-16T19:12:37.485+0000] {logging_mixin.py:190} INFO - [2024-11-16T19:12:37.484+0000] {dagbag.py:588} INFO - Filling up the DagBag from /home/airflow/.local/lib/python3.12/site-packages/airflow/example_dags/example_python_decorator.py
[2024-11-16T19:12:37.763+0000] {processor.py:925} INFO - DAG(s) 'example_python_decorator' retrieved from /home/airflow/.local/lib/python3.12/site-packages/airflow/example_dags/example_python_decorator.py
[2024-11-16T19:12:38.052+0000] {logging_mixin.py:190} INFO - [2024-11-16T19:12:38.047+0000] {dag.py:3239} INFO - Sync 1 DAGs
[2024-11-16T19:12:38.350+0000] {logging_mixin.py:190} INFO - [2024-11-16T19:12:38.349+0000] {dag.py:4180} INFO - Setting next_dagrun for example_python_decorator to None, run_after=None
[2024-11-16T19:12:38.509+0000] {processor.py:208} INFO - Processing /home/airflow/.local/lib/python3.12/site-packages/airflow/example_dags/example_python_decorator.py took 1.119 seconds
[2024-11-16T19:13:09.967+0000] {processor.py:186} INFO - Started process (PID=1045) to work on /home/airflow/.local/lib/python3.12/site-packages/airflow/example_dags/example_python_decorator.py
[2024-11-16T19:13:09.970+0000] {processor.py:914} INFO - Processing file /home/airflow/.local/lib/python3.12/site-packages/airflow/example_dags/example_python_decorator.py for tasks to queue
[2024-11-16T19:13:09.975+0000] {logging_mixin.py:190} INFO - [2024-11-16T19:13:09.974+0000] {dagbag.py:588} INFO - Filling up the DagBag from /home/airflow/.local/lib/python3.12/site-packages/airflow/example_dags/example_python_decorator.py
[2024-11-16T19:13:10.022+0000] {processor.py:925} INFO - DAG(s) 'example_python_decorator' retrieved from /home/airflow/.local/lib/python3.12/site-packages/airflow/example_dags/example_python_decorator.py
[2024-11-16T19:13:10.123+0000] {logging_mixin.py:190} INFO - [2024-11-16T19:13:10.123+0000] {dag.py:3239} INFO - Sync 1 DAGs
[2024-11-16T19:13:10.159+0000] {logging_mixin.py:190} INFO - [2024-11-16T19:13:10.158+0000] {dag.py:4180} INFO - Setting next_dagrun for example_python_decorator to None, run_after=None
[2024-11-16T19:13:10.193+0000] {processor.py:208} INFO - Processing /home/airflow/.local/lib/python3.12/site-packages/airflow/example_dags/example_python_decorator.py took 0.251 seconds
[2024-11-16T19:13:46.687+0000] {processor.py:186} INFO - Started process (PID=1091) to work on /home/airflow/.local/lib/python3.12/site-packages/airflow/example_dags/example_python_decorator.py
[2024-11-16T19:13:46.721+0000] {processor.py:914} INFO - Processing file /home/airflow/.local/lib/python3.12/site-packages/airflow/example_dags/example_python_decorator.py for tasks to queue
[2024-11-16T19:13:46.785+0000] {logging_mixin.py:190} INFO - [2024-11-16T19:13:46.784+0000] {dagbag.py:588} INFO - Filling up the DagBag from /home/airflow/.local/lib/python3.12/site-packages/airflow/example_dags/example_python_decorator.py
[2024-11-16T19:13:46.935+0000] {processor.py:925} INFO - DAG(s) 'example_python_decorator' retrieved from /home/airflow/.local/lib/python3.12/site-packages/airflow/example_dags/example_python_decorator.py
[2024-11-16T19:13:47.211+0000] {logging_mixin.py:190} INFO - [2024-11-16T19:13:47.210+0000] {dag.py:3239} INFO - Sync 1 DAGs
[2024-11-16T19:13:47.485+0000] {logging_mixin.py:190} INFO - [2024-11-16T19:13:47.484+0000] {dag.py:4180} INFO - Setting next_dagrun for example_python_decorator to None, run_after=None
[2024-11-16T19:13:47.926+0000] {processor.py:208} INFO - Processing /home/airflow/.local/lib/python3.12/site-packages/airflow/example_dags/example_python_decorator.py took 1.288 seconds
[2024-11-16T19:14:18.466+0000] {processor.py:186} INFO - Started process (PID=1155) to work on /home/airflow/.local/lib/python3.12/site-packages/airflow/example_dags/example_python_decorator.py
[2024-11-16T19:14:18.473+0000] {processor.py:914} INFO - Processing file /home/airflow/.local/lib/python3.12/site-packages/airflow/example_dags/example_python_decorator.py for tasks to queue
[2024-11-16T19:14:18.489+0000] {logging_mixin.py:190} INFO - [2024-11-16T19:14:18.488+0000] {dagbag.py:588} INFO - Filling up the DagBag from /home/airflow/.local/lib/python3.12/site-packages/airflow/example_dags/example_python_decorator.py
[2024-11-16T19:14:18.539+0000] {processor.py:925} INFO - DAG(s) 'example_python_decorator' retrieved from /home/airflow/.local/lib/python3.12/site-packages/airflow/example_dags/example_python_decorator.py
[2024-11-16T19:14:18.629+0000] {logging_mixin.py:190} INFO - [2024-11-16T19:14:18.628+0000] {dag.py:3239} INFO - Sync 1 DAGs
[2024-11-16T19:14:18.698+0000] {logging_mixin.py:190} INFO - [2024-11-16T19:14:18.698+0000] {dag.py:4180} INFO - Setting next_dagrun for example_python_decorator to None, run_after=None
[2024-11-16T19:14:18.803+0000] {processor.py:208} INFO - Processing /home/airflow/.local/lib/python3.12/site-packages/airflow/example_dags/example_python_decorator.py took 0.370 seconds
[2024-11-16T19:14:52.002+0000] {processor.py:186} INFO - Started process (PID=1220) to work on /home/airflow/.local/lib/python3.12/site-packages/airflow/example_dags/example_python_decorator.py
[2024-11-16T19:14:52.010+0000] {processor.py:914} INFO - Processing file /home/airflow/.local/lib/python3.12/site-packages/airflow/example_dags/example_python_decorator.py for tasks to queue
[2024-11-16T19:14:52.027+0000] {logging_mixin.py:190} INFO - [2024-11-16T19:14:52.025+0000] {dagbag.py:588} INFO - Filling up the DagBag from /home/airflow/.local/lib/python3.12/site-packages/airflow/example_dags/example_python_decorator.py
[2024-11-16T19:14:52.195+0000] {processor.py:925} INFO - DAG(s) 'example_python_decorator' retrieved from /home/airflow/.local/lib/python3.12/site-packages/airflow/example_dags/example_python_decorator.py
[2024-11-16T19:14:52.489+0000] {logging_mixin.py:190} INFO - [2024-11-16T19:14:52.489+0000] {dag.py:3239} INFO - Sync 1 DAGs
[2024-11-16T19:14:52.692+0000] {logging_mixin.py:190} INFO - [2024-11-16T19:14:52.691+0000] {dag.py:4180} INFO - Setting next_dagrun for example_python_decorator to None, run_after=None
[2024-11-16T19:14:52.887+0000] {processor.py:208} INFO - Processing /home/airflow/.local/lib/python3.12/site-packages/airflow/example_dags/example_python_decorator.py took 0.944 seconds
[2024-11-16T19:15:23.631+0000] {processor.py:186} INFO - Started process (PID=1290) to work on /home/airflow/.local/lib/python3.12/site-packages/airflow/example_dags/example_python_decorator.py
[2024-11-16T19:15:23.633+0000] {processor.py:914} INFO - Processing file /home/airflow/.local/lib/python3.12/site-packages/airflow/example_dags/example_python_decorator.py for tasks to queue
[2024-11-16T19:15:23.640+0000] {logging_mixin.py:190} INFO - [2024-11-16T19:15:23.639+0000] {dagbag.py:588} INFO - Filling up the DagBag from /home/airflow/.local/lib/python3.12/site-packages/airflow/example_dags/example_python_decorator.py
[2024-11-16T19:15:23.708+0000] {processor.py:925} INFO - DAG(s) 'example_python_decorator' retrieved from /home/airflow/.local/lib/python3.12/site-packages/airflow/example_dags/example_python_decorator.py
[2024-11-16T19:15:23.801+0000] {logging_mixin.py:190} INFO - [2024-11-16T19:15:23.800+0000] {dag.py:3239} INFO - Sync 1 DAGs
[2024-11-16T19:15:23.872+0000] {logging_mixin.py:190} INFO - [2024-11-16T19:15:23.871+0000] {dag.py:4180} INFO - Setting next_dagrun for example_python_decorator to None, run_after=None
[2024-11-16T19:15:23.948+0000] {processor.py:208} INFO - Processing /home/airflow/.local/lib/python3.12/site-packages/airflow/example_dags/example_python_decorator.py took 0.338 seconds
[2024-11-16T19:15:54.209+0000] {processor.py:186} INFO - Started process (PID=1353) to work on /home/airflow/.local/lib/python3.12/site-packages/airflow/example_dags/example_python_decorator.py
[2024-11-16T19:15:54.211+0000] {processor.py:914} INFO - Processing file /home/airflow/.local/lib/python3.12/site-packages/airflow/example_dags/example_python_decorator.py for tasks to queue
[2024-11-16T19:15:54.217+0000] {logging_mixin.py:190} INFO - [2024-11-16T19:15:54.216+0000] {dagbag.py:588} INFO - Filling up the DagBag from /home/airflow/.local/lib/python3.12/site-packages/airflow/example_dags/example_python_decorator.py
[2024-11-16T19:15:54.256+0000] {processor.py:925} INFO - DAG(s) 'example_python_decorator' retrieved from /home/airflow/.local/lib/python3.12/site-packages/airflow/example_dags/example_python_decorator.py
[2024-11-16T19:15:54.299+0000] {logging_mixin.py:190} INFO - [2024-11-16T19:15:54.298+0000] {dag.py:3239} INFO - Sync 1 DAGs
[2024-11-16T19:15:54.357+0000] {logging_mixin.py:190} INFO - [2024-11-16T19:15:54.356+0000] {dag.py:4180} INFO - Setting next_dagrun for example_python_decorator to None, run_after=None
[2024-11-16T19:15:54.420+0000] {processor.py:208} INFO - Processing /home/airflow/.local/lib/python3.12/site-packages/airflow/example_dags/example_python_decorator.py took 0.226 seconds
[2024-11-16T19:16:24.521+0000] {processor.py:186} INFO - Started process (PID=1417) to work on /home/airflow/.local/lib/python3.12/site-packages/airflow/example_dags/example_python_decorator.py
[2024-11-16T19:16:24.524+0000] {processor.py:914} INFO - Processing file /home/airflow/.local/lib/python3.12/site-packages/airflow/example_dags/example_python_decorator.py for tasks to queue
[2024-11-16T19:16:24.531+0000] {logging_mixin.py:190} INFO - [2024-11-16T19:16:24.530+0000] {dagbag.py:588} INFO - Filling up the DagBag from /home/airflow/.local/lib/python3.12/site-packages/airflow/example_dags/example_python_decorator.py
[2024-11-16T19:16:24.569+0000] {processor.py:925} INFO - DAG(s) 'example_python_decorator' retrieved from /home/airflow/.local/lib/python3.12/site-packages/airflow/example_dags/example_python_decorator.py
[2024-11-16T19:16:24.625+0000] {logging_mixin.py:190} INFO - [2024-11-16T19:16:24.624+0000] {dag.py:3239} INFO - Sync 1 DAGs
[2024-11-16T19:16:24.659+0000] {logging_mixin.py:190} INFO - [2024-11-16T19:16:24.658+0000] {dag.py:4180} INFO - Setting next_dagrun for example_python_decorator to None, run_after=None
[2024-11-16T19:16:24.701+0000] {processor.py:208} INFO - Processing /home/airflow/.local/lib/python3.12/site-packages/airflow/example_dags/example_python_decorator.py took 0.197 seconds
[2024-11-16T19:16:56.645+0000] {processor.py:186} INFO - Started process (PID=1478) to work on /home/airflow/.local/lib/python3.12/site-packages/airflow/example_dags/example_python_decorator.py
[2024-11-16T19:16:56.648+0000] {processor.py:914} INFO - Processing file /home/airflow/.local/lib/python3.12/site-packages/airflow/example_dags/example_python_decorator.py for tasks to queue
[2024-11-16T19:16:56.654+0000] {logging_mixin.py:190} INFO - [2024-11-16T19:16:56.653+0000] {dagbag.py:588} INFO - Filling up the DagBag from /home/airflow/.local/lib/python3.12/site-packages/airflow/example_dags/example_python_decorator.py
[2024-11-16T19:16:56.704+0000] {processor.py:925} INFO - DAG(s) 'example_python_decorator' retrieved from /home/airflow/.local/lib/python3.12/site-packages/airflow/example_dags/example_python_decorator.py
[2024-11-16T19:16:56.782+0000] {logging_mixin.py:190} INFO - [2024-11-16T19:16:56.782+0000] {dag.py:3239} INFO - Sync 1 DAGs
[2024-11-16T19:16:56.825+0000] {logging_mixin.py:190} INFO - [2024-11-16T19:16:56.824+0000] {dag.py:4180} INFO - Setting next_dagrun for example_python_decorator to None, run_after=None
[2024-11-16T19:16:56.884+0000] {processor.py:208} INFO - Processing /home/airflow/.local/lib/python3.12/site-packages/airflow/example_dags/example_python_decorator.py took 0.258 seconds
[2024-11-16T19:17:28.882+0000] {processor.py:186} INFO - Started process (PID=1536) to work on /home/airflow/.local/lib/python3.12/site-packages/airflow/example_dags/example_python_decorator.py
[2024-11-16T19:17:28.890+0000] {processor.py:914} INFO - Processing file /home/airflow/.local/lib/python3.12/site-packages/airflow/example_dags/example_python_decorator.py for tasks to queue
[2024-11-16T19:17:28.899+0000] {logging_mixin.py:190} INFO - [2024-11-16T19:17:28.898+0000] {dagbag.py:588} INFO - Filling up the DagBag from /home/airflow/.local/lib/python3.12/site-packages/airflow/example_dags/example_python_decorator.py
[2024-11-16T19:17:29.023+0000] {processor.py:925} INFO - DAG(s) 'example_python_decorator' retrieved from /home/airflow/.local/lib/python3.12/site-packages/airflow/example_dags/example_python_decorator.py
[2024-11-16T19:17:29.131+0000] {logging_mixin.py:190} INFO - [2024-11-16T19:17:29.130+0000] {dag.py:3239} INFO - Sync 1 DAGs
[2024-11-16T19:17:29.200+0000] {logging_mixin.py:190} INFO - [2024-11-16T19:17:29.200+0000] {dag.py:4180} INFO - Setting next_dagrun for example_python_decorator to None, run_after=None
[2024-11-16T19:17:29.289+0000] {processor.py:208} INFO - Processing /home/airflow/.local/lib/python3.12/site-packages/airflow/example_dags/example_python_decorator.py took 0.433 seconds
