[2024-11-16T18:59:08.587+0000] {processor.py:186} INFO - Started process (PID=81) to work on /home/airflow/.local/lib/python3.12/site-packages/airflow/example_dags/example_params_ui_tutorial.py
[2024-11-16T18:59:08.590+0000] {processor.py:914} INFO - Processing file /home/airflow/.local/lib/python3.12/site-packages/airflow/example_dags/example_params_ui_tutorial.py for tasks to queue
[2024-11-16T18:59:08.608+0000] {logging_mixin.py:190} INFO - [2024-11-16T18:59:08.607+0000] {dagbag.py:588} INFO - Filling up the DagBag from /home/airflow/.local/lib/python3.12/site-packages/airflow/example_dags/example_params_ui_tutorial.py
[2024-11-16T18:59:08.643+0000] {processor.py:925} INFO - DAG(s) 'example_params_ui_tutorial' retrieved from /home/airflow/.local/lib/python3.12/site-packages/airflow/example_dags/example_params_ui_tutorial.py
[2024-11-16T18:59:09.219+0000] {logging_mixin.py:190} INFO - [2024-11-16T18:59:09.218+0000] {override.py:1911} INFO - Created Permission View: can delete on DAG:example_params_ui_tutorial
[2024-11-16T18:59:09.252+0000] {logging_mixin.py:190} INFO - [2024-11-16T18:59:09.251+0000] {override.py:1911} INFO - Created Permission View: can edit on DAG:example_params_ui_tutorial
[2024-11-16T18:59:09.271+0000] {logging_mixin.py:190} INFO - [2024-11-16T18:59:09.271+0000] {override.py:1911} INFO - Created Permission View: can read on DAG:example_params_ui_tutorial
[2024-11-16T18:59:09.311+0000] {logging_mixin.py:190} INFO - [2024-11-16T18:59:09.311+0000] {override.py:1911} INFO - Created Permission View: menu access on DAG Run:example_params_ui_tutorial
[2024-11-16T18:59:09.372+0000] {logging_mixin.py:190} INFO - [2024-11-16T18:59:09.371+0000] {override.py:1911} INFO - Created Permission View: can delete on DAG Run:example_params_ui_tutorial
[2024-11-16T18:59:09.411+0000] {logging_mixin.py:190} INFO - [2024-11-16T18:59:09.410+0000] {override.py:1911} INFO - Created Permission View: can read on DAG Run:example_params_ui_tutorial
[2024-11-16T18:59:09.436+0000] {logging_mixin.py:190} INFO - [2024-11-16T18:59:09.435+0000] {override.py:1911} INFO - Created Permission View: can create on DAG Run:example_params_ui_tutorial
[2024-11-16T18:59:09.438+0000] {logging_mixin.py:190} INFO - [2024-11-16T18:59:09.437+0000] {dag.py:3239} INFO - Sync 1 DAGs
[2024-11-16T18:59:09.479+0000] {logging_mixin.py:190} INFO - [2024-11-16T18:59:09.478+0000] {dag.py:3262} INFO - Creating ORM DAG for example_params_ui_tutorial
[2024-11-16T18:59:09.482+0000] {logging_mixin.py:190} INFO - [2024-11-16T18:59:09.481+0000] {dag.py:4180} INFO - Setting next_dagrun for example_params_ui_tutorial to None, run_after=None
[2024-11-16T18:59:09.533+0000] {processor.py:208} INFO - Processing /home/airflow/.local/lib/python3.12/site-packages/airflow/example_dags/example_params_ui_tutorial.py took 0.970 seconds
[2024-11-16T19:00:22.879+0000] {processor.py:186} INFO - Started process (PID=149) to work on /home/airflow/.local/lib/python3.12/site-packages/airflow/example_dags/example_params_ui_tutorial.py
[2024-11-16T19:00:22.917+0000] {processor.py:914} INFO - Processing file /home/airflow/.local/lib/python3.12/site-packages/airflow/example_dags/example_params_ui_tutorial.py for tasks to queue
[2024-11-16T19:00:22.968+0000] {logging_mixin.py:190} INFO - [2024-11-16T19:00:22.967+0000] {dagbag.py:588} INFO - Filling up the DagBag from /home/airflow/.local/lib/python3.12/site-packages/airflow/example_dags/example_params_ui_tutorial.py
[2024-11-16T19:00:23.096+0000] {processor.py:925} INFO - DAG(s) 'example_params_ui_tutorial' retrieved from /home/airflow/.local/lib/python3.12/site-packages/airflow/example_dags/example_params_ui_tutorial.py
[2024-11-16T19:00:23.935+0000] {logging_mixin.py:190} INFO - [2024-11-16T19:00:23.935+0000] {dag.py:3239} INFO - Sync 1 DAGs
[2024-11-16T19:00:24.160+0000] {logging_mixin.py:190} INFO - [2024-11-16T19:00:24.158+0000] {dag.py:4180} INFO - Setting next_dagrun for example_params_ui_tutorial to None, run_after=None
[2024-11-16T19:00:24.412+0000] {processor.py:208} INFO - Processing /home/airflow/.local/lib/python3.12/site-packages/airflow/example_dags/example_params_ui_tutorial.py took 1.585 seconds
[2024-11-16T19:00:55.216+0000] {processor.py:186} INFO - Started process (PID=212) to work on /home/airflow/.local/lib/python3.12/site-packages/airflow/example_dags/example_params_ui_tutorial.py
[2024-11-16T19:00:55.223+0000] {processor.py:914} INFO - Processing file /home/airflow/.local/lib/python3.12/site-packages/airflow/example_dags/example_params_ui_tutorial.py for tasks to queue
[2024-11-16T19:00:55.249+0000] {logging_mixin.py:190} INFO - [2024-11-16T19:00:55.248+0000] {dagbag.py:588} INFO - Filling up the DagBag from /home/airflow/.local/lib/python3.12/site-packages/airflow/example_dags/example_params_ui_tutorial.py
[2024-11-16T19:00:55.357+0000] {processor.py:925} INFO - DAG(s) 'example_params_ui_tutorial' retrieved from /home/airflow/.local/lib/python3.12/site-packages/airflow/example_dags/example_params_ui_tutorial.py
[2024-11-16T19:00:55.870+0000] {logging_mixin.py:190} INFO - [2024-11-16T19:00:55.869+0000] {dag.py:3239} INFO - Sync 1 DAGs
[2024-11-16T19:00:56.015+0000] {logging_mixin.py:190} INFO - [2024-11-16T19:00:56.014+0000] {dag.py:4180} INFO - Setting next_dagrun for example_params_ui_tutorial to None, run_after=None
[2024-11-16T19:00:56.242+0000] {processor.py:208} INFO - Processing /home/airflow/.local/lib/python3.12/site-packages/airflow/example_dags/example_params_ui_tutorial.py took 1.092 seconds
[2024-11-16T19:01:34.748+0000] {processor.py:186} INFO - Started process (PID=273) to work on /home/airflow/.local/lib/python3.12/site-packages/airflow/example_dags/example_params_ui_tutorial.py
[2024-11-16T19:01:34.751+0000] {processor.py:914} INFO - Processing file /home/airflow/.local/lib/python3.12/site-packages/airflow/example_dags/example_params_ui_tutorial.py for tasks to queue
[2024-11-16T19:01:34.760+0000] {logging_mixin.py:190} INFO - [2024-11-16T19:01:34.759+0000] {dagbag.py:588} INFO - Filling up the DagBag from /home/airflow/.local/lib/python3.12/site-packages/airflow/example_dags/example_params_ui_tutorial.py
[2024-11-16T19:01:34.816+0000] {processor.py:925} INFO - DAG(s) 'example_params_ui_tutorial' retrieved from /home/airflow/.local/lib/python3.12/site-packages/airflow/example_dags/example_params_ui_tutorial.py
[2024-11-16T19:01:35.163+0000] {logging_mixin.py:190} INFO - [2024-11-16T19:01:35.162+0000] {dag.py:3239} INFO - Sync 1 DAGs
[2024-11-16T19:01:35.260+0000] {logging_mixin.py:190} INFO - [2024-11-16T19:01:35.258+0000] {dag.py:4180} INFO - Setting next_dagrun for example_params_ui_tutorial to None, run_after=None
[2024-11-16T19:01:35.477+0000] {processor.py:208} INFO - Processing /home/airflow/.local/lib/python3.12/site-packages/airflow/example_dags/example_params_ui_tutorial.py took 0.760 seconds
[2024-11-16T19:02:07.830+0000] {processor.py:186} INFO - Started process (PID=327) to work on /home/airflow/.local/lib/python3.12/site-packages/airflow/example_dags/example_params_ui_tutorial.py
[2024-11-16T19:02:07.833+0000] {processor.py:914} INFO - Processing file /home/airflow/.local/lib/python3.12/site-packages/airflow/example_dags/example_params_ui_tutorial.py for tasks to queue
[2024-11-16T19:02:07.841+0000] {logging_mixin.py:190} INFO - [2024-11-16T19:02:07.840+0000] {dagbag.py:588} INFO - Filling up the DagBag from /home/airflow/.local/lib/python3.12/site-packages/airflow/example_dags/example_params_ui_tutorial.py
[2024-11-16T19:02:07.888+0000] {processor.py:925} INFO - DAG(s) 'example_params_ui_tutorial' retrieved from /home/airflow/.local/lib/python3.12/site-packages/airflow/example_dags/example_params_ui_tutorial.py
[2024-11-16T19:02:08.246+0000] {logging_mixin.py:190} INFO - [2024-11-16T19:02:08.243+0000] {dag.py:3239} INFO - Sync 1 DAGs
[2024-11-16T19:02:08.345+0000] {logging_mixin.py:190} INFO - [2024-11-16T19:02:08.344+0000] {dag.py:4180} INFO - Setting next_dagrun for example_params_ui_tutorial to None, run_after=None
[2024-11-16T19:02:08.425+0000] {processor.py:208} INFO - Processing /home/airflow/.local/lib/python3.12/site-packages/airflow/example_dags/example_params_ui_tutorial.py took 0.643 seconds
[2024-11-16T19:02:42.437+0000] {processor.py:186} INFO - Started process (PID=382) to work on /home/airflow/.local/lib/python3.12/site-packages/airflow/example_dags/example_params_ui_tutorial.py
[2024-11-16T19:02:42.445+0000] {processor.py:914} INFO - Processing file /home/airflow/.local/lib/python3.12/site-packages/airflow/example_dags/example_params_ui_tutorial.py for tasks to queue
[2024-11-16T19:02:42.451+0000] {logging_mixin.py:190} INFO - [2024-11-16T19:02:42.450+0000] {dagbag.py:588} INFO - Filling up the DagBag from /home/airflow/.local/lib/python3.12/site-packages/airflow/example_dags/example_params_ui_tutorial.py
[2024-11-16T19:02:42.491+0000] {processor.py:925} INFO - DAG(s) 'example_params_ui_tutorial' retrieved from /home/airflow/.local/lib/python3.12/site-packages/airflow/example_dags/example_params_ui_tutorial.py
[2024-11-16T19:02:42.806+0000] {logging_mixin.py:190} INFO - [2024-11-16T19:02:42.804+0000] {dag.py:3239} INFO - Sync 1 DAGs
[2024-11-16T19:02:42.859+0000] {logging_mixin.py:190} INFO - [2024-11-16T19:02:42.858+0000] {dag.py:4180} INFO - Setting next_dagrun for example_params_ui_tutorial to None, run_after=None
[2024-11-16T19:02:42.929+0000] {processor.py:208} INFO - Processing /home/airflow/.local/lib/python3.12/site-packages/airflow/example_dags/example_params_ui_tutorial.py took 0.528 seconds
[2024-11-16T19:03:13.748+0000] {processor.py:186} INFO - Started process (PID=445) to work on /home/airflow/.local/lib/python3.12/site-packages/airflow/example_dags/example_params_ui_tutorial.py
[2024-11-16T19:03:13.753+0000] {processor.py:914} INFO - Processing file /home/airflow/.local/lib/python3.12/site-packages/airflow/example_dags/example_params_ui_tutorial.py for tasks to queue
[2024-11-16T19:03:13.759+0000] {logging_mixin.py:190} INFO - [2024-11-16T19:03:13.758+0000] {dagbag.py:588} INFO - Filling up the DagBag from /home/airflow/.local/lib/python3.12/site-packages/airflow/example_dags/example_params_ui_tutorial.py
[2024-11-16T19:03:13.787+0000] {processor.py:925} INFO - DAG(s) 'example_params_ui_tutorial' retrieved from /home/airflow/.local/lib/python3.12/site-packages/airflow/example_dags/example_params_ui_tutorial.py
[2024-11-16T19:03:13.936+0000] {logging_mixin.py:190} INFO - [2024-11-16T19:03:13.933+0000] {dag.py:3239} INFO - Sync 1 DAGs
[2024-11-16T19:03:14.032+0000] {logging_mixin.py:190} INFO - [2024-11-16T19:03:14.031+0000] {dag.py:4180} INFO - Setting next_dagrun for example_params_ui_tutorial to None, run_after=None
[2024-11-16T19:03:14.110+0000] {processor.py:208} INFO - Processing /home/airflow/.local/lib/python3.12/site-packages/airflow/example_dags/example_params_ui_tutorial.py took 0.379 seconds
[2024-11-16T19:03:45.720+0000] {processor.py:186} INFO - Started process (PID=508) to work on /home/airflow/.local/lib/python3.12/site-packages/airflow/example_dags/example_params_ui_tutorial.py
[2024-11-16T19:03:45.722+0000] {processor.py:914} INFO - Processing file /home/airflow/.local/lib/python3.12/site-packages/airflow/example_dags/example_params_ui_tutorial.py for tasks to queue
[2024-11-16T19:03:45.727+0000] {logging_mixin.py:190} INFO - [2024-11-16T19:03:45.726+0000] {dagbag.py:588} INFO - Filling up the DagBag from /home/airflow/.local/lib/python3.12/site-packages/airflow/example_dags/example_params_ui_tutorial.py
[2024-11-16T19:03:45.756+0000] {processor.py:925} INFO - DAG(s) 'example_params_ui_tutorial' retrieved from /home/airflow/.local/lib/python3.12/site-packages/airflow/example_dags/example_params_ui_tutorial.py
[2024-11-16T19:03:45.968+0000] {logging_mixin.py:190} INFO - [2024-11-16T19:03:45.968+0000] {dag.py:3239} INFO - Sync 1 DAGs
[2024-11-16T19:03:46.018+0000] {logging_mixin.py:190} INFO - [2024-11-16T19:03:46.016+0000] {dag.py:4180} INFO - Setting next_dagrun for example_params_ui_tutorial to None, run_after=None
[2024-11-16T19:03:46.074+0000] {processor.py:208} INFO - Processing /home/airflow/.local/lib/python3.12/site-packages/airflow/example_dags/example_params_ui_tutorial.py took 0.370 seconds
[2024-11-16T19:04:18.851+0000] {processor.py:186} INFO - Started process (PID=570) to work on /home/airflow/.local/lib/python3.12/site-packages/airflow/example_dags/example_params_ui_tutorial.py
[2024-11-16T19:04:18.854+0000] {processor.py:914} INFO - Processing file /home/airflow/.local/lib/python3.12/site-packages/airflow/example_dags/example_params_ui_tutorial.py for tasks to queue
[2024-11-16T19:04:18.865+0000] {logging_mixin.py:190} INFO - [2024-11-16T19:04:18.860+0000] {dagbag.py:588} INFO - Filling up the DagBag from /home/airflow/.local/lib/python3.12/site-packages/airflow/example_dags/example_params_ui_tutorial.py
[2024-11-16T19:04:18.899+0000] {processor.py:925} INFO - DAG(s) 'example_params_ui_tutorial' retrieved from /home/airflow/.local/lib/python3.12/site-packages/airflow/example_dags/example_params_ui_tutorial.py
[2024-11-16T19:04:19.057+0000] {logging_mixin.py:190} INFO - [2024-11-16T19:04:19.057+0000] {dag.py:3239} INFO - Sync 1 DAGs
[2024-11-16T19:04:19.102+0000] {logging_mixin.py:190} INFO - [2024-11-16T19:04:19.101+0000] {dag.py:4180} INFO - Setting next_dagrun for example_params_ui_tutorial to None, run_after=None
[2024-11-16T19:04:19.151+0000] {processor.py:208} INFO - Processing /home/airflow/.local/lib/python3.12/site-packages/airflow/example_dags/example_params_ui_tutorial.py took 0.325 seconds
[2024-11-16T19:05:10.810+0000] {processor.py:186} INFO - Started process (PID=611) to work on /home/airflow/.local/lib/python3.12/site-packages/airflow/example_dags/example_params_ui_tutorial.py
[2024-11-16T19:05:10.870+0000] {processor.py:914} INFO - Processing file /home/airflow/.local/lib/python3.12/site-packages/airflow/example_dags/example_params_ui_tutorial.py for tasks to queue
[2024-11-16T19:05:10.937+0000] {logging_mixin.py:190} INFO - [2024-11-16T19:05:10.928+0000] {dagbag.py:588} INFO - Filling up the DagBag from /home/airflow/.local/lib/python3.12/site-packages/airflow/example_dags/example_params_ui_tutorial.py
[2024-11-16T19:05:11.096+0000] {processor.py:925} INFO - DAG(s) 'example_params_ui_tutorial' retrieved from /home/airflow/.local/lib/python3.12/site-packages/airflow/example_dags/example_params_ui_tutorial.py
[2024-11-16T19:05:11.652+0000] {logging_mixin.py:190} INFO - [2024-11-16T19:05:11.640+0000] {dag.py:3239} INFO - Sync 1 DAGs
[2024-11-16T19:05:12.017+0000] {logging_mixin.py:190} INFO - [2024-11-16T19:05:12.016+0000] {dag.py:4180} INFO - Setting next_dagrun for example_params_ui_tutorial to None, run_after=None
[2024-11-16T19:05:12.372+0000] {processor.py:208} INFO - Processing /home/airflow/.local/lib/python3.12/site-packages/airflow/example_dags/example_params_ui_tutorial.py took 1.602 seconds
[2024-11-16T19:06:33.200+0000] {processor.py:186} INFO - Started process (PID=672) to work on /home/airflow/.local/lib/python3.12/site-packages/airflow/example_dags/example_params_ui_tutorial.py
[2024-11-16T19:06:33.245+0000] {processor.py:914} INFO - Processing file /home/airflow/.local/lib/python3.12/site-packages/airflow/example_dags/example_params_ui_tutorial.py for tasks to queue
[2024-11-16T19:06:33.273+0000] {logging_mixin.py:190} INFO - [2024-11-16T19:06:33.272+0000] {dagbag.py:588} INFO - Filling up the DagBag from /home/airflow/.local/lib/python3.12/site-packages/airflow/example_dags/example_params_ui_tutorial.py
[2024-11-16T19:06:33.387+0000] {processor.py:925} INFO - DAG(s) 'example_params_ui_tutorial' retrieved from /home/airflow/.local/lib/python3.12/site-packages/airflow/example_dags/example_params_ui_tutorial.py
[2024-11-16T19:06:34.437+0000] {logging_mixin.py:190} INFO - [2024-11-16T19:06:34.436+0000] {dag.py:3239} INFO - Sync 1 DAGs
[2024-11-16T19:06:34.960+0000] {logging_mixin.py:190} INFO - [2024-11-16T19:06:34.959+0000] {dag.py:4180} INFO - Setting next_dagrun for example_params_ui_tutorial to None, run_after=None
[2024-11-16T19:06:35.407+0000] {processor.py:208} INFO - Processing /home/airflow/.local/lib/python3.12/site-packages/airflow/example_dags/example_params_ui_tutorial.py took 2.277 seconds
[2024-11-16T19:07:56.232+0000] {processor.py:186} INFO - Started process (PID=730) to work on /home/airflow/.local/lib/python3.12/site-packages/airflow/example_dags/example_params_ui_tutorial.py
[2024-11-16T19:07:56.248+0000] {processor.py:914} INFO - Processing file /home/airflow/.local/lib/python3.12/site-packages/airflow/example_dags/example_params_ui_tutorial.py for tasks to queue
[2024-11-16T19:07:56.268+0000] {logging_mixin.py:190} INFO - [2024-11-16T19:07:56.265+0000] {dagbag.py:588} INFO - Filling up the DagBag from /home/airflow/.local/lib/python3.12/site-packages/airflow/example_dags/example_params_ui_tutorial.py
[2024-11-16T19:07:56.426+0000] {processor.py:925} INFO - DAG(s) 'example_params_ui_tutorial' retrieved from /home/airflow/.local/lib/python3.12/site-packages/airflow/example_dags/example_params_ui_tutorial.py
[2024-11-16T19:07:57.329+0000] {logging_mixin.py:190} INFO - [2024-11-16T19:07:57.328+0000] {dag.py:3239} INFO - Sync 1 DAGs
[2024-11-16T19:07:57.731+0000] {logging_mixin.py:190} INFO - [2024-11-16T19:07:57.730+0000] {dag.py:4180} INFO - Setting next_dagrun for example_params_ui_tutorial to None, run_after=None
[2024-11-16T19:07:58.114+0000] {processor.py:208} INFO - Processing /home/airflow/.local/lib/python3.12/site-packages/airflow/example_dags/example_params_ui_tutorial.py took 2.007 seconds
[2024-11-16T19:09:14.845+0000] {processor.py:186} INFO - Started process (PID=790) to work on /home/airflow/.local/lib/python3.12/site-packages/airflow/example_dags/example_params_ui_tutorial.py
[2024-11-16T19:09:14.858+0000] {processor.py:914} INFO - Processing file /home/airflow/.local/lib/python3.12/site-packages/airflow/example_dags/example_params_ui_tutorial.py for tasks to queue
[2024-11-16T19:09:14.877+0000] {logging_mixin.py:190} INFO - [2024-11-16T19:09:14.876+0000] {dagbag.py:588} INFO - Filling up the DagBag from /home/airflow/.local/lib/python3.12/site-packages/airflow/example_dags/example_params_ui_tutorial.py
[2024-11-16T19:09:15.005+0000] {processor.py:925} INFO - DAG(s) 'example_params_ui_tutorial' retrieved from /home/airflow/.local/lib/python3.12/site-packages/airflow/example_dags/example_params_ui_tutorial.py
[2024-11-16T19:09:15.559+0000] {logging_mixin.py:190} INFO - [2024-11-16T19:09:15.558+0000] {dag.py:3239} INFO - Sync 1 DAGs
[2024-11-16T19:09:15.802+0000] {logging_mixin.py:190} INFO - [2024-11-16T19:09:15.785+0000] {dag.py:4180} INFO - Setting next_dagrun for example_params_ui_tutorial to None, run_after=None
[2024-11-16T19:09:16.148+0000] {processor.py:208} INFO - Processing /home/airflow/.local/lib/python3.12/site-packages/airflow/example_dags/example_params_ui_tutorial.py took 1.356 seconds
[2024-11-16T19:10:19.671+0000] {processor.py:186} INFO - Started process (PID=847) to work on /home/airflow/.local/lib/python3.12/site-packages/airflow/example_dags/example_params_ui_tutorial.py
[2024-11-16T19:10:19.687+0000] {processor.py:914} INFO - Processing file /home/airflow/.local/lib/python3.12/site-packages/airflow/example_dags/example_params_ui_tutorial.py for tasks to queue
[2024-11-16T19:10:19.746+0000] {logging_mixin.py:190} INFO - [2024-11-16T19:10:19.734+0000] {dagbag.py:588} INFO - Filling up the DagBag from /home/airflow/.local/lib/python3.12/site-packages/airflow/example_dags/example_params_ui_tutorial.py
[2024-11-16T19:10:19.943+0000] {processor.py:925} INFO - DAG(s) 'example_params_ui_tutorial' retrieved from /home/airflow/.local/lib/python3.12/site-packages/airflow/example_dags/example_params_ui_tutorial.py
[2024-11-16T19:10:20.738+0000] {logging_mixin.py:190} INFO - [2024-11-16T19:10:20.738+0000] {dag.py:3239} INFO - Sync 1 DAGs
[2024-11-16T19:10:20.985+0000] {logging_mixin.py:190} INFO - [2024-11-16T19:10:20.984+0000] {dag.py:4180} INFO - Setting next_dagrun for example_params_ui_tutorial to None, run_after=None
[2024-11-16T19:10:21.183+0000] {processor.py:208} INFO - Processing /home/airflow/.local/lib/python3.12/site-packages/airflow/example_dags/example_params_ui_tutorial.py took 1.689 seconds
[2024-11-16T19:11:14.695+0000] {processor.py:186} INFO - Started process (PID=894) to work on /home/airflow/.local/lib/python3.12/site-packages/airflow/example_dags/example_params_ui_tutorial.py
[2024-11-16T19:11:14.755+0000] {processor.py:914} INFO - Processing file /home/airflow/.local/lib/python3.12/site-packages/airflow/example_dags/example_params_ui_tutorial.py for tasks to queue
[2024-11-16T19:11:14.801+0000] {logging_mixin.py:190} INFO - [2024-11-16T19:11:14.800+0000] {dagbag.py:588} INFO - Filling up the DagBag from /home/airflow/.local/lib/python3.12/site-packages/airflow/example_dags/example_params_ui_tutorial.py
[2024-11-16T19:11:14.926+0000] {processor.py:925} INFO - DAG(s) 'example_params_ui_tutorial' retrieved from /home/airflow/.local/lib/python3.12/site-packages/airflow/example_dags/example_params_ui_tutorial.py
[2024-11-16T19:11:15.721+0000] {logging_mixin.py:190} INFO - [2024-11-16T19:11:15.721+0000] {dag.py:3239} INFO - Sync 1 DAGs
[2024-11-16T19:11:15.897+0000] {logging_mixin.py:190} INFO - [2024-11-16T19:11:15.896+0000] {dag.py:4180} INFO - Setting next_dagrun for example_params_ui_tutorial to None, run_after=None
[2024-11-16T19:11:16.123+0000] {processor.py:208} INFO - Processing /home/airflow/.local/lib/python3.12/site-packages/airflow/example_dags/example_params_ui_tutorial.py took 1.493 seconds
[2024-11-16T19:12:00.623+0000] {processor.py:186} INFO - Started process (PID=943) to work on /home/airflow/.local/lib/python3.12/site-packages/airflow/example_dags/example_params_ui_tutorial.py
[2024-11-16T19:12:00.663+0000] {processor.py:914} INFO - Processing file /home/airflow/.local/lib/python3.12/site-packages/airflow/example_dags/example_params_ui_tutorial.py for tasks to queue
[2024-11-16T19:12:00.719+0000] {logging_mixin.py:190} INFO - [2024-11-16T19:12:00.690+0000] {dagbag.py:588} INFO - Filling up the DagBag from /home/airflow/.local/lib/python3.12/site-packages/airflow/example_dags/example_params_ui_tutorial.py
[2024-11-16T19:12:00.837+0000] {processor.py:925} INFO - DAG(s) 'example_params_ui_tutorial' retrieved from /home/airflow/.local/lib/python3.12/site-packages/airflow/example_dags/example_params_ui_tutorial.py
[2024-11-16T19:12:01.342+0000] {logging_mixin.py:190} INFO - [2024-11-16T19:12:01.341+0000] {dag.py:3239} INFO - Sync 1 DAGs
[2024-11-16T19:12:01.489+0000] {logging_mixin.py:190} INFO - [2024-11-16T19:12:01.488+0000] {dag.py:4180} INFO - Setting next_dagrun for example_params_ui_tutorial to None, run_after=None
[2024-11-16T19:12:01.630+0000] {processor.py:208} INFO - Processing /home/airflow/.local/lib/python3.12/site-packages/airflow/example_dags/example_params_ui_tutorial.py took 1.059 seconds
[2024-11-16T19:12:56.397+0000] {processor.py:186} INFO - Started process (PID=1011) to work on /home/airflow/.local/lib/python3.12/site-packages/airflow/example_dags/example_params_ui_tutorial.py
[2024-11-16T19:12:56.424+0000] {processor.py:914} INFO - Processing file /home/airflow/.local/lib/python3.12/site-packages/airflow/example_dags/example_params_ui_tutorial.py for tasks to queue
[2024-11-16T19:12:56.470+0000] {logging_mixin.py:190} INFO - [2024-11-16T19:12:56.469+0000] {dagbag.py:588} INFO - Filling up the DagBag from /home/airflow/.local/lib/python3.12/site-packages/airflow/example_dags/example_params_ui_tutorial.py
[2024-11-16T19:12:56.521+0000] {processor.py:925} INFO - DAG(s) 'example_params_ui_tutorial' retrieved from /home/airflow/.local/lib/python3.12/site-packages/airflow/example_dags/example_params_ui_tutorial.py
[2024-11-16T19:12:56.968+0000] {logging_mixin.py:190} INFO - [2024-11-16T19:12:56.968+0000] {dag.py:3239} INFO - Sync 1 DAGs
[2024-11-16T19:12:57.088+0000] {logging_mixin.py:190} INFO - [2024-11-16T19:12:57.088+0000] {dag.py:4180} INFO - Setting next_dagrun for example_params_ui_tutorial to None, run_after=None
[2024-11-16T19:12:57.207+0000] {processor.py:208} INFO - Processing /home/airflow/.local/lib/python3.12/site-packages/airflow/example_dags/example_params_ui_tutorial.py took 0.863 seconds
[2024-11-16T19:13:33.692+0000] {processor.py:186} INFO - Started process (PID=1073) to work on /home/airflow/.local/lib/python3.12/site-packages/airflow/example_dags/example_params_ui_tutorial.py
[2024-11-16T19:13:33.700+0000] {processor.py:914} INFO - Processing file /home/airflow/.local/lib/python3.12/site-packages/airflow/example_dags/example_params_ui_tutorial.py for tasks to queue
[2024-11-16T19:13:33.716+0000] {logging_mixin.py:190} INFO - [2024-11-16T19:13:33.715+0000] {dagbag.py:588} INFO - Filling up the DagBag from /home/airflow/.local/lib/python3.12/site-packages/airflow/example_dags/example_params_ui_tutorial.py
[2024-11-16T19:13:33.765+0000] {processor.py:925} INFO - DAG(s) 'example_params_ui_tutorial' retrieved from /home/airflow/.local/lib/python3.12/site-packages/airflow/example_dags/example_params_ui_tutorial.py
[2024-11-16T19:13:34.136+0000] {logging_mixin.py:190} INFO - [2024-11-16T19:13:34.135+0000] {dag.py:3239} INFO - Sync 1 DAGs
[2024-11-16T19:13:34.301+0000] {logging_mixin.py:190} INFO - [2024-11-16T19:13:34.301+0000] {dag.py:4180} INFO - Setting next_dagrun for example_params_ui_tutorial to None, run_after=None
[2024-11-16T19:13:34.398+0000] {processor.py:208} INFO - Processing /home/airflow/.local/lib/python3.12/site-packages/airflow/example_dags/example_params_ui_tutorial.py took 0.733 seconds
[2024-11-16T19:14:05.682+0000] {processor.py:186} INFO - Started process (PID=1136) to work on /home/airflow/.local/lib/python3.12/site-packages/airflow/example_dags/example_params_ui_tutorial.py
[2024-11-16T19:14:05.686+0000] {processor.py:914} INFO - Processing file /home/airflow/.local/lib/python3.12/site-packages/airflow/example_dags/example_params_ui_tutorial.py for tasks to queue
[2024-11-16T19:14:05.724+0000] {logging_mixin.py:190} INFO - [2024-11-16T19:14:05.709+0000] {dagbag.py:588} INFO - Filling up the DagBag from /home/airflow/.local/lib/python3.12/site-packages/airflow/example_dags/example_params_ui_tutorial.py
[2024-11-16T19:14:05.782+0000] {processor.py:925} INFO - DAG(s) 'example_params_ui_tutorial' retrieved from /home/airflow/.local/lib/python3.12/site-packages/airflow/example_dags/example_params_ui_tutorial.py
[2024-11-16T19:14:05.977+0000] {logging_mixin.py:190} INFO - [2024-11-16T19:14:05.976+0000] {dag.py:3239} INFO - Sync 1 DAGs
[2024-11-16T19:14:06.033+0000] {logging_mixin.py:190} INFO - [2024-11-16T19:14:06.033+0000] {dag.py:4180} INFO - Setting next_dagrun for example_params_ui_tutorial to None, run_after=None
[2024-11-16T19:14:06.098+0000] {processor.py:208} INFO - Processing /home/airflow/.local/lib/python3.12/site-packages/airflow/example_dags/example_params_ui_tutorial.py took 0.455 seconds
[2024-11-16T19:14:36.422+0000] {processor.py:186} INFO - Started process (PID=1202) to work on /home/airflow/.local/lib/python3.12/site-packages/airflow/example_dags/example_params_ui_tutorial.py
[2024-11-16T19:14:36.424+0000] {processor.py:914} INFO - Processing file /home/airflow/.local/lib/python3.12/site-packages/airflow/example_dags/example_params_ui_tutorial.py for tasks to queue
[2024-11-16T19:14:36.430+0000] {logging_mixin.py:190} INFO - [2024-11-16T19:14:36.429+0000] {dagbag.py:588} INFO - Filling up the DagBag from /home/airflow/.local/lib/python3.12/site-packages/airflow/example_dags/example_params_ui_tutorial.py
[2024-11-16T19:14:36.453+0000] {processor.py:925} INFO - DAG(s) 'example_params_ui_tutorial' retrieved from /home/airflow/.local/lib/python3.12/site-packages/airflow/example_dags/example_params_ui_tutorial.py
[2024-11-16T19:14:36.639+0000] {logging_mixin.py:190} INFO - [2024-11-16T19:14:36.639+0000] {dag.py:3239} INFO - Sync 1 DAGs
[2024-11-16T19:14:36.673+0000] {logging_mixin.py:190} INFO - [2024-11-16T19:14:36.672+0000] {dag.py:4180} INFO - Setting next_dagrun for example_params_ui_tutorial to None, run_after=None
[2024-11-16T19:14:36.714+0000] {processor.py:208} INFO - Processing /home/airflow/.local/lib/python3.12/site-packages/airflow/example_dags/example_params_ui_tutorial.py took 0.305 seconds
[2024-11-16T19:15:12.311+0000] {processor.py:186} INFO - Started process (PID=1263) to work on /home/airflow/.local/lib/python3.12/site-packages/airflow/example_dags/example_params_ui_tutorial.py
[2024-11-16T19:15:12.314+0000] {processor.py:914} INFO - Processing file /home/airflow/.local/lib/python3.12/site-packages/airflow/example_dags/example_params_ui_tutorial.py for tasks to queue
[2024-11-16T19:15:12.320+0000] {logging_mixin.py:190} INFO - [2024-11-16T19:15:12.319+0000] {dagbag.py:588} INFO - Filling up the DagBag from /home/airflow/.local/lib/python3.12/site-packages/airflow/example_dags/example_params_ui_tutorial.py
[2024-11-16T19:15:12.348+0000] {processor.py:925} INFO - DAG(s) 'example_params_ui_tutorial' retrieved from /home/airflow/.local/lib/python3.12/site-packages/airflow/example_dags/example_params_ui_tutorial.py
[2024-11-16T19:15:12.485+0000] {logging_mixin.py:190} INFO - [2024-11-16T19:15:12.484+0000] {dag.py:3239} INFO - Sync 1 DAGs
[2024-11-16T19:15:12.531+0000] {logging_mixin.py:190} INFO - [2024-11-16T19:15:12.531+0000] {dag.py:4180} INFO - Setting next_dagrun for example_params_ui_tutorial to None, run_after=None
[2024-11-16T19:15:12.595+0000] {processor.py:208} INFO - Processing /home/airflow/.local/lib/python3.12/site-packages/airflow/example_dags/example_params_ui_tutorial.py took 0.304 seconds
[2024-11-16T19:15:44.529+0000] {processor.py:186} INFO - Started process (PID=1324) to work on /home/airflow/.local/lib/python3.12/site-packages/airflow/example_dags/example_params_ui_tutorial.py
[2024-11-16T19:15:44.531+0000] {processor.py:914} INFO - Processing file /home/airflow/.local/lib/python3.12/site-packages/airflow/example_dags/example_params_ui_tutorial.py for tasks to queue
[2024-11-16T19:15:44.536+0000] {logging_mixin.py:190} INFO - [2024-11-16T19:15:44.536+0000] {dagbag.py:588} INFO - Filling up the DagBag from /home/airflow/.local/lib/python3.12/site-packages/airflow/example_dags/example_params_ui_tutorial.py
[2024-11-16T19:15:44.562+0000] {processor.py:925} INFO - DAG(s) 'example_params_ui_tutorial' retrieved from /home/airflow/.local/lib/python3.12/site-packages/airflow/example_dags/example_params_ui_tutorial.py
[2024-11-16T19:15:44.703+0000] {logging_mixin.py:190} INFO - [2024-11-16T19:15:44.703+0000] {dag.py:3239} INFO - Sync 1 DAGs
[2024-11-16T19:15:44.765+0000] {logging_mixin.py:190} INFO - [2024-11-16T19:15:44.765+0000] {dag.py:4180} INFO - Setting next_dagrun for example_params_ui_tutorial to None, run_after=None
[2024-11-16T19:15:44.838+0000] {processor.py:208} INFO - Processing /home/airflow/.local/lib/python3.12/site-packages/airflow/example_dags/example_params_ui_tutorial.py took 0.330 seconds
[2024-11-16T19:16:15.787+0000] {processor.py:186} INFO - Started process (PID=1387) to work on /home/airflow/.local/lib/python3.12/site-packages/airflow/example_dags/example_params_ui_tutorial.py
[2024-11-16T19:16:15.799+0000] {processor.py:914} INFO - Processing file /home/airflow/.local/lib/python3.12/site-packages/airflow/example_dags/example_params_ui_tutorial.py for tasks to queue
[2024-11-16T19:16:15.817+0000] {logging_mixin.py:190} INFO - [2024-11-16T19:16:15.816+0000] {dagbag.py:588} INFO - Filling up the DagBag from /home/airflow/.local/lib/python3.12/site-packages/airflow/example_dags/example_params_ui_tutorial.py
[2024-11-16T19:16:15.889+0000] {processor.py:925} INFO - DAG(s) 'example_params_ui_tutorial' retrieved from /home/airflow/.local/lib/python3.12/site-packages/airflow/example_dags/example_params_ui_tutorial.py
[2024-11-16T19:16:16.108+0000] {logging_mixin.py:190} INFO - [2024-11-16T19:16:16.108+0000] {dag.py:3239} INFO - Sync 1 DAGs
[2024-11-16T19:16:16.171+0000] {logging_mixin.py:190} INFO - [2024-11-16T19:16:16.170+0000] {dag.py:4180} INFO - Setting next_dagrun for example_params_ui_tutorial to None, run_after=None
[2024-11-16T19:16:16.239+0000] {processor.py:208} INFO - Processing /home/airflow/.local/lib/python3.12/site-packages/airflow/example_dags/example_params_ui_tutorial.py took 0.503 seconds
[2024-11-16T19:16:46.690+0000] {processor.py:186} INFO - Started process (PID=1450) to work on /home/airflow/.local/lib/python3.12/site-packages/airflow/example_dags/example_params_ui_tutorial.py
[2024-11-16T19:16:46.701+0000] {processor.py:914} INFO - Processing file /home/airflow/.local/lib/python3.12/site-packages/airflow/example_dags/example_params_ui_tutorial.py for tasks to queue
[2024-11-16T19:16:46.711+0000] {logging_mixin.py:190} INFO - [2024-11-16T19:16:46.710+0000] {dagbag.py:588} INFO - Filling up the DagBag from /home/airflow/.local/lib/python3.12/site-packages/airflow/example_dags/example_params_ui_tutorial.py
[2024-11-16T19:16:46.776+0000] {processor.py:925} INFO - DAG(s) 'example_params_ui_tutorial' retrieved from /home/airflow/.local/lib/python3.12/site-packages/airflow/example_dags/example_params_ui_tutorial.py
[2024-11-16T19:16:46.963+0000] {logging_mixin.py:190} INFO - [2024-11-16T19:16:46.962+0000] {dag.py:3239} INFO - Sync 1 DAGs
[2024-11-16T19:16:47.032+0000] {logging_mixin.py:190} INFO - [2024-11-16T19:16:47.031+0000] {dag.py:4180} INFO - Setting next_dagrun for example_params_ui_tutorial to None, run_after=None
[2024-11-16T19:16:47.104+0000] {processor.py:208} INFO - Processing /home/airflow/.local/lib/python3.12/site-packages/airflow/example_dags/example_params_ui_tutorial.py took 0.444 seconds
[2024-11-16T19:17:17.831+0000] {processor.py:186} INFO - Started process (PID=1513) to work on /home/airflow/.local/lib/python3.12/site-packages/airflow/example_dags/example_params_ui_tutorial.py
[2024-11-16T19:17:17.834+0000] {processor.py:914} INFO - Processing file /home/airflow/.local/lib/python3.12/site-packages/airflow/example_dags/example_params_ui_tutorial.py for tasks to queue
[2024-11-16T19:17:17.842+0000] {logging_mixin.py:190} INFO - [2024-11-16T19:17:17.841+0000] {dagbag.py:588} INFO - Filling up the DagBag from /home/airflow/.local/lib/python3.12/site-packages/airflow/example_dags/example_params_ui_tutorial.py
[2024-11-16T19:17:17.873+0000] {processor.py:925} INFO - DAG(s) 'example_params_ui_tutorial' retrieved from /home/airflow/.local/lib/python3.12/site-packages/airflow/example_dags/example_params_ui_tutorial.py
[2024-11-16T19:17:18.005+0000] {logging_mixin.py:190} INFO - [2024-11-16T19:17:18.005+0000] {dag.py:3239} INFO - Sync 1 DAGs
[2024-11-16T19:17:18.047+0000] {logging_mixin.py:190} INFO - [2024-11-16T19:17:18.046+0000] {dag.py:4180} INFO - Setting next_dagrun for example_params_ui_tutorial to None, run_after=None
[2024-11-16T19:17:18.106+0000] {processor.py:208} INFO - Processing /home/airflow/.local/lib/python3.12/site-packages/airflow/example_dags/example_params_ui_tutorial.py took 0.299 seconds
