[2024-11-16T18:59:29.641+0000] {processor.py:186} INFO - Started process (PID=105) to work on /home/airflow/.local/lib/python3.12/site-packages/airflow/example_dags/example_dataset_alias.py
[2024-11-16T18:59:29.643+0000] {processor.py:914} INFO - Processing file /home/airflow/.local/lib/python3.12/site-packages/airflow/example_dags/example_dataset_alias.py for tasks to queue
[2024-11-16T18:59:29.658+0000] {logging_mixin.py:190} INFO - [2024-11-16T18:59:29.657+0000] {dagbag.py:588} INFO - Filling up the DagBag from /home/airflow/.local/lib/python3.12/site-packages/airflow/example_dags/example_dataset_alias.py
[2024-11-16T18:59:32.952+0000] {processor.py:925} INFO - DAG(s) 'dataset_alias_example_alias_consumer', 'dataset_alias_example_alias_producer', 'dataset_s3_bucket_consumer', 'dataset_s3_bucket_producer' retrieved from /home/airflow/.local/lib/python3.12/site-packages/airflow/example_dags/example_dataset_alias.py
[2024-11-16T18:59:33.481+0000] {logging_mixin.py:190} INFO - [2024-11-16T18:59:33.479+0000] {override.py:1911} INFO - Created Permission View: can delete on DAG:dataset_alias_example_alias_consumer
[2024-11-16T18:59:33.520+0000] {logging_mixin.py:190} INFO - [2024-11-16T18:59:33.519+0000] {override.py:1911} INFO - Created Permission View: can edit on DAG:dataset_alias_example_alias_consumer
[2024-11-16T18:59:33.565+0000] {logging_mixin.py:190} INFO - [2024-11-16T18:59:33.564+0000] {override.py:1911} INFO - Created Permission View: can read on DAG:dataset_alias_example_alias_consumer
[2024-11-16T18:59:33.605+0000] {logging_mixin.py:190} INFO - [2024-11-16T18:59:33.604+0000] {override.py:1911} INFO - Created Permission View: menu access on DAG Run:dataset_alias_example_alias_consumer
[2024-11-16T18:59:33.633+0000] {logging_mixin.py:190} INFO - [2024-11-16T18:59:33.632+0000] {override.py:1911} INFO - Created Permission View: can delete on DAG Run:dataset_alias_example_alias_consumer
[2024-11-16T18:59:33.668+0000] {logging_mixin.py:190} INFO - [2024-11-16T18:59:33.667+0000] {override.py:1911} INFO - Created Permission View: can read on DAG Run:dataset_alias_example_alias_consumer
[2024-11-16T18:59:33.717+0000] {logging_mixin.py:190} INFO - [2024-11-16T18:59:33.716+0000] {override.py:1911} INFO - Created Permission View: can create on DAG Run:dataset_alias_example_alias_consumer
[2024-11-16T18:59:33.908+0000] {logging_mixin.py:190} INFO - [2024-11-16T18:59:33.907+0000] {override.py:1911} INFO - Created Permission View: can delete on DAG:dataset_alias_example_alias_producer
[2024-11-16T18:59:34.004+0000] {logging_mixin.py:190} INFO - [2024-11-16T18:59:34.001+0000] {override.py:1911} INFO - Created Permission View: can edit on DAG:dataset_alias_example_alias_producer
[2024-11-16T18:59:34.086+0000] {logging_mixin.py:190} INFO - [2024-11-16T18:59:34.085+0000] {override.py:1911} INFO - Created Permission View: can read on DAG:dataset_alias_example_alias_producer
[2024-11-16T18:59:34.184+0000] {logging_mixin.py:190} INFO - [2024-11-16T18:59:34.183+0000] {override.py:1911} INFO - Created Permission View: menu access on DAG Run:dataset_alias_example_alias_producer
[2024-11-16T18:59:34.254+0000] {logging_mixin.py:190} INFO - [2024-11-16T18:59:34.253+0000] {override.py:1911} INFO - Created Permission View: can delete on DAG Run:dataset_alias_example_alias_producer
[2024-11-16T18:59:34.333+0000] {logging_mixin.py:190} INFO - [2024-11-16T18:59:34.332+0000] {override.py:1911} INFO - Created Permission View: can read on DAG Run:dataset_alias_example_alias_producer
[2024-11-16T18:59:34.425+0000] {logging_mixin.py:190} INFO - [2024-11-16T18:59:34.425+0000] {override.py:1911} INFO - Created Permission View: can create on DAG Run:dataset_alias_example_alias_producer
[2024-11-16T18:59:34.523+0000] {logging_mixin.py:190} INFO - [2024-11-16T18:59:34.521+0000] {override.py:1911} INFO - Created Permission View: can delete on DAG:dataset_s3_bucket_consumer
[2024-11-16T18:59:34.610+0000] {logging_mixin.py:190} INFO - [2024-11-16T18:59:34.609+0000] {override.py:1911} INFO - Created Permission View: can edit on DAG:dataset_s3_bucket_consumer
[2024-11-16T18:59:34.681+0000] {logging_mixin.py:190} INFO - [2024-11-16T18:59:34.680+0000] {override.py:1911} INFO - Created Permission View: can read on DAG:dataset_s3_bucket_consumer
[2024-11-16T18:59:34.733+0000] {logging_mixin.py:190} INFO - [2024-11-16T18:59:34.727+0000] {override.py:1911} INFO - Created Permission View: menu access on DAG Run:dataset_s3_bucket_consumer
[2024-11-16T18:59:34.792+0000] {logging_mixin.py:190} INFO - [2024-11-16T18:59:34.791+0000] {override.py:1911} INFO - Created Permission View: can delete on DAG Run:dataset_s3_bucket_consumer
[2024-11-16T18:59:34.837+0000] {logging_mixin.py:190} INFO - [2024-11-16T18:59:34.836+0000] {override.py:1911} INFO - Created Permission View: can read on DAG Run:dataset_s3_bucket_consumer
[2024-11-16T18:59:34.944+0000] {logging_mixin.py:190} INFO - [2024-11-16T18:59:34.943+0000] {override.py:1911} INFO - Created Permission View: can create on DAG Run:dataset_s3_bucket_consumer
[2024-11-16T18:59:35.049+0000] {logging_mixin.py:190} INFO - [2024-11-16T18:59:35.048+0000] {override.py:1911} INFO - Created Permission View: can delete on DAG:dataset_s3_bucket_producer
[2024-11-16T18:59:35.102+0000] {logging_mixin.py:190} INFO - [2024-11-16T18:59:35.101+0000] {override.py:1911} INFO - Created Permission View: can edit on DAG:dataset_s3_bucket_producer
[2024-11-16T18:59:35.161+0000] {logging_mixin.py:190} INFO - [2024-11-16T18:59:35.160+0000] {override.py:1911} INFO - Created Permission View: can read on DAG:dataset_s3_bucket_producer
[2024-11-16T18:59:35.232+0000] {logging_mixin.py:190} INFO - [2024-11-16T18:59:35.230+0000] {override.py:1911} INFO - Created Permission View: menu access on DAG Run:dataset_s3_bucket_producer
[2024-11-16T18:59:35.286+0000] {logging_mixin.py:190} INFO - [2024-11-16T18:59:35.285+0000] {override.py:1911} INFO - Created Permission View: can delete on DAG Run:dataset_s3_bucket_producer
[2024-11-16T18:59:35.339+0000] {logging_mixin.py:190} INFO - [2024-11-16T18:59:35.337+0000] {override.py:1911} INFO - Created Permission View: can read on DAG Run:dataset_s3_bucket_producer
[2024-11-16T18:59:35.383+0000] {logging_mixin.py:190} INFO - [2024-11-16T18:59:35.381+0000] {override.py:1911} INFO - Created Permission View: can create on DAG Run:dataset_s3_bucket_producer
[2024-11-16T18:59:35.390+0000] {logging_mixin.py:190} INFO - [2024-11-16T18:59:35.388+0000] {dag.py:3239} INFO - Sync 4 DAGs
[2024-11-16T18:59:35.524+0000] {logging_mixin.py:190} INFO - [2024-11-16T18:59:35.522+0000] {dag.py:3262} INFO - Creating ORM DAG for dataset_alias_example_alias_producer
[2024-11-16T18:59:35.535+0000] {logging_mixin.py:190} INFO - [2024-11-16T18:59:35.533+0000] {dag.py:3262} INFO - Creating ORM DAG for dataset_s3_bucket_consumer
[2024-11-16T18:59:35.549+0000] {logging_mixin.py:190} INFO - [2024-11-16T18:59:35.549+0000] {dag.py:3262} INFO - Creating ORM DAG for dataset_s3_bucket_producer
[2024-11-16T18:59:35.561+0000] {logging_mixin.py:190} INFO - [2024-11-16T18:59:35.560+0000] {dag.py:3262} INFO - Creating ORM DAG for dataset_alias_example_alias_consumer
[2024-11-16T18:59:35.619+0000] {logging_mixin.py:190} INFO - [2024-11-16T18:59:35.618+0000] {dag.py:4180} INFO - Setting next_dagrun for dataset_alias_example_alias_consumer to None, run_after=None
[2024-11-16T18:59:35.640+0000] {logging_mixin.py:190} INFO - [2024-11-16T18:59:35.639+0000] {dag.py:4180} INFO - Setting next_dagrun for dataset_alias_example_alias_producer to None, run_after=None
[2024-11-16T18:59:35.644+0000] {logging_mixin.py:190} INFO - [2024-11-16T18:59:35.643+0000] {dag.py:4180} INFO - Setting next_dagrun for dataset_s3_bucket_consumer to None, run_after=None
[2024-11-16T18:59:35.660+0000] {logging_mixin.py:190} INFO - [2024-11-16T18:59:35.659+0000] {dag.py:4180} INFO - Setting next_dagrun for dataset_s3_bucket_producer to None, run_after=None
[2024-11-16T18:59:35.909+0000] {processor.py:208} INFO - Processing /home/airflow/.local/lib/python3.12/site-packages/airflow/example_dags/example_dataset_alias.py took 6.324 seconds
[2024-11-16T19:00:31.891+0000] {processor.py:186} INFO - Started process (PID=173) to work on /home/airflow/.local/lib/python3.12/site-packages/airflow/example_dags/example_dataset_alias.py
[2024-11-16T19:00:31.895+0000] {processor.py:914} INFO - Processing file /home/airflow/.local/lib/python3.12/site-packages/airflow/example_dags/example_dataset_alias.py for tasks to queue
[2024-11-16T19:00:31.904+0000] {logging_mixin.py:190} INFO - [2024-11-16T19:00:31.903+0000] {dagbag.py:588} INFO - Filling up the DagBag from /home/airflow/.local/lib/python3.12/site-packages/airflow/example_dags/example_dataset_alias.py
[2024-11-16T19:00:35.136+0000] {processor.py:925} INFO - DAG(s) 'dataset_s3_bucket_consumer', 'dataset_s3_bucket_producer', 'dataset_alias_example_alias_producer', 'dataset_alias_example_alias_consumer' retrieved from /home/airflow/.local/lib/python3.12/site-packages/airflow/example_dags/example_dataset_alias.py
[2024-11-16T19:00:35.269+0000] {logging_mixin.py:190} INFO - [2024-11-16T19:00:35.261+0000] {dag.py:3239} INFO - Sync 4 DAGs
[2024-11-16T19:00:35.394+0000] {logging_mixin.py:190} INFO - [2024-11-16T19:00:35.394+0000] {dag.py:4180} INFO - Setting next_dagrun for dataset_alias_example_alias_consumer to None, run_after=None
[2024-11-16T19:00:35.406+0000] {logging_mixin.py:190} INFO - [2024-11-16T19:00:35.406+0000] {dag.py:4180} INFO - Setting next_dagrun for dataset_alias_example_alias_producer to None, run_after=None
[2024-11-16T19:00:35.424+0000] {logging_mixin.py:190} INFO - [2024-11-16T19:00:35.424+0000] {dag.py:4180} INFO - Setting next_dagrun for dataset_s3_bucket_consumer to None, run_after=None
[2024-11-16T19:00:35.438+0000] {logging_mixin.py:190} INFO - [2024-11-16T19:00:35.437+0000] {dag.py:4180} INFO - Setting next_dagrun for dataset_s3_bucket_producer to None, run_after=None
[2024-11-16T19:00:35.634+0000] {processor.py:208} INFO - Processing /home/airflow/.local/lib/python3.12/site-packages/airflow/example_dags/example_dataset_alias.py took 3.759 seconds
[2024-11-16T19:01:06.898+0000] {processor.py:186} INFO - Started process (PID=238) to work on /home/airflow/.local/lib/python3.12/site-packages/airflow/example_dags/example_dataset_alias.py
[2024-11-16T19:01:06.901+0000] {processor.py:914} INFO - Processing file /home/airflow/.local/lib/python3.12/site-packages/airflow/example_dags/example_dataset_alias.py for tasks to queue
[2024-11-16T19:01:06.921+0000] {logging_mixin.py:190} INFO - [2024-11-16T19:01:06.920+0000] {dagbag.py:588} INFO - Filling up the DagBag from /home/airflow/.local/lib/python3.12/site-packages/airflow/example_dags/example_dataset_alias.py
[2024-11-16T19:01:09.705+0000] {processor.py:925} INFO - DAG(s) 'dataset_alias_example_alias_consumer', 'dataset_s3_bucket_producer', 'dataset_s3_bucket_consumer', 'dataset_alias_example_alias_producer' retrieved from /home/airflow/.local/lib/python3.12/site-packages/airflow/example_dags/example_dataset_alias.py
[2024-11-16T19:01:09.790+0000] {logging_mixin.py:190} INFO - [2024-11-16T19:01:09.789+0000] {dag.py:3239} INFO - Sync 4 DAGs
[2024-11-16T19:01:09.852+0000] {logging_mixin.py:190} INFO - [2024-11-16T19:01:09.851+0000] {dag.py:4180} INFO - Setting next_dagrun for dataset_alias_example_alias_consumer to None, run_after=None
[2024-11-16T19:01:09.870+0000] {logging_mixin.py:190} INFO - [2024-11-16T19:01:09.869+0000] {dag.py:4180} INFO - Setting next_dagrun for dataset_alias_example_alias_producer to None, run_after=None
[2024-11-16T19:01:09.885+0000] {logging_mixin.py:190} INFO - [2024-11-16T19:01:09.876+0000] {dag.py:4180} INFO - Setting next_dagrun for dataset_s3_bucket_consumer to None, run_after=None
[2024-11-16T19:01:09.893+0000] {logging_mixin.py:190} INFO - [2024-11-16T19:01:09.892+0000] {dag.py:4180} INFO - Setting next_dagrun for dataset_s3_bucket_producer to None, run_after=None
[2024-11-16T19:01:10.082+0000] {processor.py:208} INFO - Processing /home/airflow/.local/lib/python3.12/site-packages/airflow/example_dags/example_dataset_alias.py took 3.218 seconds
[2024-11-16T19:01:51.498+0000] {processor.py:186} INFO - Started process (PID=306) to work on /home/airflow/.local/lib/python3.12/site-packages/airflow/example_dags/example_dataset_alias.py
[2024-11-16T19:01:51.500+0000] {processor.py:914} INFO - Processing file /home/airflow/.local/lib/python3.12/site-packages/airflow/example_dags/example_dataset_alias.py for tasks to queue
[2024-11-16T19:01:51.513+0000] {logging_mixin.py:190} INFO - [2024-11-16T19:01:51.512+0000] {dagbag.py:588} INFO - Filling up the DagBag from /home/airflow/.local/lib/python3.12/site-packages/airflow/example_dags/example_dataset_alias.py
[2024-11-16T19:01:54.866+0000] {processor.py:925} INFO - DAG(s) 'dataset_alias_example_alias_producer', 'dataset_s3_bucket_producer', 'dataset_alias_example_alias_consumer', 'dataset_s3_bucket_consumer' retrieved from /home/airflow/.local/lib/python3.12/site-packages/airflow/example_dags/example_dataset_alias.py
[2024-11-16T19:01:54.951+0000] {logging_mixin.py:190} INFO - [2024-11-16T19:01:54.950+0000] {dag.py:3239} INFO - Sync 4 DAGs
[2024-11-16T19:01:55.035+0000] {logging_mixin.py:190} INFO - [2024-11-16T19:01:55.034+0000] {dag.py:4180} INFO - Setting next_dagrun for dataset_alias_example_alias_consumer to None, run_after=None
[2024-11-16T19:01:55.043+0000] {logging_mixin.py:190} INFO - [2024-11-16T19:01:55.043+0000] {dag.py:4180} INFO - Setting next_dagrun for dataset_alias_example_alias_producer to None, run_after=None
[2024-11-16T19:01:55.051+0000] {logging_mixin.py:190} INFO - [2024-11-16T19:01:55.050+0000] {dag.py:4180} INFO - Setting next_dagrun for dataset_s3_bucket_consumer to None, run_after=None
[2024-11-16T19:01:55.055+0000] {logging_mixin.py:190} INFO - [2024-11-16T19:01:55.054+0000] {dag.py:4180} INFO - Setting next_dagrun for dataset_s3_bucket_producer to None, run_after=None
[2024-11-16T19:01:55.191+0000] {processor.py:208} INFO - Processing /home/airflow/.local/lib/python3.12/site-packages/airflow/example_dags/example_dataset_alias.py took 3.722 seconds
[2024-11-16T19:02:33.977+0000] {processor.py:186} INFO - Started process (PID=364) to work on /home/airflow/.local/lib/python3.12/site-packages/airflow/example_dags/example_dataset_alias.py
[2024-11-16T19:02:33.981+0000] {processor.py:914} INFO - Processing file /home/airflow/.local/lib/python3.12/site-packages/airflow/example_dags/example_dataset_alias.py for tasks to queue
[2024-11-16T19:02:33.990+0000] {logging_mixin.py:190} INFO - [2024-11-16T19:02:33.988+0000] {dagbag.py:588} INFO - Filling up the DagBag from /home/airflow/.local/lib/python3.12/site-packages/airflow/example_dags/example_dataset_alias.py
[2024-11-16T19:02:37.449+0000] {processor.py:925} INFO - DAG(s) 'dataset_s3_bucket_consumer', 'dataset_s3_bucket_producer', 'dataset_alias_example_alias_consumer', 'dataset_alias_example_alias_producer' retrieved from /home/airflow/.local/lib/python3.12/site-packages/airflow/example_dags/example_dataset_alias.py
[2024-11-16T19:02:37.660+0000] {logging_mixin.py:190} INFO - [2024-11-16T19:02:37.655+0000] {dag.py:3239} INFO - Sync 4 DAGs
[2024-11-16T19:02:37.905+0000] {logging_mixin.py:190} INFO - [2024-11-16T19:02:37.903+0000] {dag.py:4180} INFO - Setting next_dagrun for dataset_alias_example_alias_consumer to None, run_after=None
[2024-11-16T19:02:37.943+0000] {logging_mixin.py:190} INFO - [2024-11-16T19:02:37.942+0000] {dag.py:4180} INFO - Setting next_dagrun for dataset_alias_example_alias_producer to None, run_after=None
[2024-11-16T19:02:37.962+0000] {logging_mixin.py:190} INFO - [2024-11-16T19:02:37.961+0000] {dag.py:4180} INFO - Setting next_dagrun for dataset_s3_bucket_consumer to None, run_after=None
[2024-11-16T19:02:37.965+0000] {logging_mixin.py:190} INFO - [2024-11-16T19:02:37.965+0000] {dag.py:4180} INFO - Setting next_dagrun for dataset_s3_bucket_producer to None, run_after=None
[2024-11-16T19:02:38.168+0000] {processor.py:208} INFO - Processing /home/airflow/.local/lib/python3.12/site-packages/airflow/example_dags/example_dataset_alias.py took 4.210 seconds
[2024-11-16T19:03:08.645+0000] {processor.py:186} INFO - Started process (PID=435) to work on /home/airflow/.local/lib/python3.12/site-packages/airflow/example_dags/example_dataset_alias.py
[2024-11-16T19:03:08.647+0000] {processor.py:914} INFO - Processing file /home/airflow/.local/lib/python3.12/site-packages/airflow/example_dags/example_dataset_alias.py for tasks to queue
[2024-11-16T19:03:08.666+0000] {logging_mixin.py:190} INFO - [2024-11-16T19:03:08.664+0000] {dagbag.py:588} INFO - Filling up the DagBag from /home/airflow/.local/lib/python3.12/site-packages/airflow/example_dags/example_dataset_alias.py
[2024-11-16T19:03:10.355+0000] {processor.py:925} INFO - DAG(s) 'dataset_alias_example_alias_producer', 'dataset_alias_example_alias_consumer', 'dataset_s3_bucket_consumer', 'dataset_s3_bucket_producer' retrieved from /home/airflow/.local/lib/python3.12/site-packages/airflow/example_dags/example_dataset_alias.py
[2024-11-16T19:03:10.513+0000] {logging_mixin.py:190} INFO - [2024-11-16T19:03:10.512+0000] {dag.py:3239} INFO - Sync 4 DAGs
[2024-11-16T19:03:10.627+0000] {logging_mixin.py:190} INFO - [2024-11-16T19:03:10.626+0000] {dag.py:4180} INFO - Setting next_dagrun for dataset_alias_example_alias_consumer to None, run_after=None
[2024-11-16T19:03:10.635+0000] {logging_mixin.py:190} INFO - [2024-11-16T19:03:10.634+0000] {dag.py:4180} INFO - Setting next_dagrun for dataset_alias_example_alias_producer to None, run_after=None
[2024-11-16T19:03:10.642+0000] {logging_mixin.py:190} INFO - [2024-11-16T19:03:10.641+0000] {dag.py:4180} INFO - Setting next_dagrun for dataset_s3_bucket_consumer to None, run_after=None
[2024-11-16T19:03:10.647+0000] {logging_mixin.py:190} INFO - [2024-11-16T19:03:10.646+0000] {dag.py:4180} INFO - Setting next_dagrun for dataset_s3_bucket_producer to None, run_after=None
[2024-11-16T19:03:10.721+0000] {processor.py:208} INFO - Processing /home/airflow/.local/lib/python3.12/site-packages/airflow/example_dags/example_dataset_alias.py took 2.101 seconds
[2024-11-16T19:03:40.953+0000] {processor.py:186} INFO - Started process (PID=498) to work on /home/airflow/.local/lib/python3.12/site-packages/airflow/example_dags/example_dataset_alias.py
[2024-11-16T19:03:40.955+0000] {processor.py:914} INFO - Processing file /home/airflow/.local/lib/python3.12/site-packages/airflow/example_dags/example_dataset_alias.py for tasks to queue
[2024-11-16T19:03:40.960+0000] {logging_mixin.py:190} INFO - [2024-11-16T19:03:40.959+0000] {dagbag.py:588} INFO - Filling up the DagBag from /home/airflow/.local/lib/python3.12/site-packages/airflow/example_dags/example_dataset_alias.py
[2024-11-16T19:03:42.687+0000] {processor.py:925} INFO - DAG(s) 'dataset_s3_bucket_consumer', 'dataset_alias_example_alias_producer', 'dataset_s3_bucket_producer', 'dataset_alias_example_alias_consumer' retrieved from /home/airflow/.local/lib/python3.12/site-packages/airflow/example_dags/example_dataset_alias.py
[2024-11-16T19:03:42.763+0000] {logging_mixin.py:190} INFO - [2024-11-16T19:03:42.762+0000] {dag.py:3239} INFO - Sync 4 DAGs
[2024-11-16T19:03:42.836+0000] {logging_mixin.py:190} INFO - [2024-11-16T19:03:42.835+0000] {dag.py:4180} INFO - Setting next_dagrun for dataset_alias_example_alias_consumer to None, run_after=None
[2024-11-16T19:03:42.843+0000] {logging_mixin.py:190} INFO - [2024-11-16T19:03:42.843+0000] {dag.py:4180} INFO - Setting next_dagrun for dataset_alias_example_alias_producer to None, run_after=None
[2024-11-16T19:03:42.851+0000] {logging_mixin.py:190} INFO - [2024-11-16T19:03:42.851+0000] {dag.py:4180} INFO - Setting next_dagrun for dataset_s3_bucket_consumer to None, run_after=None
[2024-11-16T19:03:42.855+0000] {logging_mixin.py:190} INFO - [2024-11-16T19:03:42.854+0000] {dag.py:4180} INFO - Setting next_dagrun for dataset_s3_bucket_producer to None, run_after=None
[2024-11-16T19:03:42.915+0000] {processor.py:208} INFO - Processing /home/airflow/.local/lib/python3.12/site-packages/airflow/example_dags/example_dataset_alias.py took 1.978 seconds
[2024-11-16T19:04:16.575+0000] {processor.py:186} INFO - Started process (PID=564) to work on /home/airflow/.local/lib/python3.12/site-packages/airflow/example_dags/example_dataset_alias.py
[2024-11-16T19:04:16.589+0000] {processor.py:914} INFO - Processing file /home/airflow/.local/lib/python3.12/site-packages/airflow/example_dags/example_dataset_alias.py for tasks to queue
[2024-11-16T19:04:16.606+0000] {logging_mixin.py:190} INFO - [2024-11-16T19:04:16.605+0000] {dagbag.py:588} INFO - Filling up the DagBag from /home/airflow/.local/lib/python3.12/site-packages/airflow/example_dags/example_dataset_alias.py
[2024-11-16T19:04:19.002+0000] {processor.py:925} INFO - DAG(s) 'dataset_s3_bucket_consumer', 'dataset_alias_example_alias_producer', 'dataset_s3_bucket_producer', 'dataset_alias_example_alias_consumer' retrieved from /home/airflow/.local/lib/python3.12/site-packages/airflow/example_dags/example_dataset_alias.py
[2024-11-16T19:04:19.072+0000] {logging_mixin.py:190} INFO - [2024-11-16T19:04:19.071+0000] {dag.py:3239} INFO - Sync 4 DAGs
[2024-11-16T19:04:19.143+0000] {logging_mixin.py:190} INFO - [2024-11-16T19:04:19.142+0000] {dag.py:4180} INFO - Setting next_dagrun for dataset_alias_example_alias_consumer to None, run_after=None
[2024-11-16T19:04:19.152+0000] {logging_mixin.py:190} INFO - [2024-11-16T19:04:19.152+0000] {dag.py:4180} INFO - Setting next_dagrun for dataset_alias_example_alias_producer to None, run_after=None
[2024-11-16T19:04:19.158+0000] {logging_mixin.py:190} INFO - [2024-11-16T19:04:19.157+0000] {dag.py:4180} INFO - Setting next_dagrun for dataset_s3_bucket_consumer to None, run_after=None
[2024-11-16T19:04:19.164+0000] {logging_mixin.py:190} INFO - [2024-11-16T19:04:19.164+0000] {dag.py:4180} INFO - Setting next_dagrun for dataset_s3_bucket_producer to None, run_after=None
[2024-11-16T19:04:19.240+0000] {processor.py:208} INFO - Processing /home/airflow/.local/lib/python3.12/site-packages/airflow/example_dags/example_dataset_alias.py took 2.736 seconds
[2024-11-16T19:05:45.324+0000] {processor.py:186} INFO - Started process (PID=640) to work on /home/airflow/.local/lib/python3.12/site-packages/airflow/example_dags/example_dataset_alias.py
[2024-11-16T19:05:45.352+0000] {processor.py:914} INFO - Processing file /home/airflow/.local/lib/python3.12/site-packages/airflow/example_dags/example_dataset_alias.py for tasks to queue
[2024-11-16T19:05:45.468+0000] {logging_mixin.py:190} INFO - [2024-11-16T19:05:45.467+0000] {dagbag.py:588} INFO - Filling up the DagBag from /home/airflow/.local/lib/python3.12/site-packages/airflow/example_dags/example_dataset_alias.py
[2024-11-16T19:05:55.313+0000] {processor.py:925} INFO - DAG(s) 'dataset_alias_example_alias_consumer', 'dataset_s3_bucket_producer', 'dataset_s3_bucket_consumer', 'dataset_alias_example_alias_producer' retrieved from /home/airflow/.local/lib/python3.12/site-packages/airflow/example_dags/example_dataset_alias.py
[2024-11-16T19:05:55.844+0000] {logging_mixin.py:190} INFO - [2024-11-16T19:05:55.843+0000] {dag.py:3239} INFO - Sync 4 DAGs
[2024-11-16T19:05:56.633+0000] {logging_mixin.py:190} INFO - [2024-11-16T19:05:56.632+0000] {dag.py:4180} INFO - Setting next_dagrun for dataset_alias_example_alias_consumer to None, run_after=None
[2024-11-16T19:05:56.713+0000] {logging_mixin.py:190} INFO - [2024-11-16T19:05:56.712+0000] {dag.py:4180} INFO - Setting next_dagrun for dataset_alias_example_alias_producer to None, run_after=None
[2024-11-16T19:05:56.823+0000] {logging_mixin.py:190} INFO - [2024-11-16T19:05:56.821+0000] {dag.py:4180} INFO - Setting next_dagrun for dataset_s3_bucket_consumer to None, run_after=None
[2024-11-16T19:05:56.884+0000] {logging_mixin.py:190} INFO - [2024-11-16T19:05:56.883+0000] {dag.py:4180} INFO - Setting next_dagrun for dataset_s3_bucket_producer to None, run_after=None
[2024-11-16T19:05:57.523+0000] {processor.py:208} INFO - Processing /home/airflow/.local/lib/python3.12/site-packages/airflow/example_dags/example_dataset_alias.py took 12.332 seconds
[2024-11-16T19:07:14.538+0000] {processor.py:186} INFO - Started process (PID=708) to work on /home/airflow/.local/lib/python3.12/site-packages/airflow/example_dags/example_dataset_alias.py
[2024-11-16T19:07:14.554+0000] {processor.py:914} INFO - Processing file /home/airflow/.local/lib/python3.12/site-packages/airflow/example_dags/example_dataset_alias.py for tasks to queue
[2024-11-16T19:07:14.586+0000] {logging_mixin.py:190} INFO - [2024-11-16T19:07:14.585+0000] {dagbag.py:588} INFO - Filling up the DagBag from /home/airflow/.local/lib/python3.12/site-packages/airflow/example_dags/example_dataset_alias.py
[2024-11-16T19:07:29.358+0000] {processor.py:925} INFO - DAG(s) 'dataset_s3_bucket_producer', 'dataset_s3_bucket_consumer', 'dataset_alias_example_alias_consumer', 'dataset_alias_example_alias_producer' retrieved from /home/airflow/.local/lib/python3.12/site-packages/airflow/example_dags/example_dataset_alias.py
[2024-11-16T19:07:29.999+0000] {logging_mixin.py:190} INFO - [2024-11-16T19:07:29.998+0000] {dag.py:3239} INFO - Sync 4 DAGs
[2024-11-16T19:07:31.098+0000] {logging_mixin.py:190} INFO - [2024-11-16T19:07:31.098+0000] {dag.py:4180} INFO - Setting next_dagrun for dataset_alias_example_alias_consumer to None, run_after=None
[2024-11-16T19:07:31.227+0000] {logging_mixin.py:190} INFO - [2024-11-16T19:07:31.195+0000] {dag.py:4180} INFO - Setting next_dagrun for dataset_alias_example_alias_producer to None, run_after=None
[2024-11-16T19:07:31.305+0000] {logging_mixin.py:190} INFO - [2024-11-16T19:07:31.275+0000] {dag.py:4180} INFO - Setting next_dagrun for dataset_s3_bucket_consumer to None, run_after=None
[2024-11-16T19:07:31.369+0000] {logging_mixin.py:190} INFO - [2024-11-16T19:07:31.368+0000] {dag.py:4180} INFO - Setting next_dagrun for dataset_s3_bucket_producer to None, run_after=None
[2024-11-16T19:07:32.577+0000] {processor.py:208} INFO - Processing /home/airflow/.local/lib/python3.12/site-packages/airflow/example_dags/example_dataset_alias.py took 18.213 seconds
[2024-11-16T19:09:48.893+0000] {processor.py:186} INFO - Started process (PID=826) to work on /home/airflow/.local/lib/python3.12/site-packages/airflow/example_dags/example_dataset_alias.py
[2024-11-16T19:09:48.942+0000] {processor.py:914} INFO - Processing file /home/airflow/.local/lib/python3.12/site-packages/airflow/example_dags/example_dataset_alias.py for tasks to queue
[2024-11-16T19:09:48.961+0000] {logging_mixin.py:190} INFO - [2024-11-16T19:09:48.960+0000] {dagbag.py:588} INFO - Filling up the DagBag from /home/airflow/.local/lib/python3.12/site-packages/airflow/example_dags/example_dataset_alias.py
[2024-11-16T19:09:58.246+0000] {processor.py:925} INFO - DAG(s) 'dataset_s3_bucket_consumer', 'dataset_alias_example_alias_producer', 'dataset_s3_bucket_producer', 'dataset_alias_example_alias_consumer' retrieved from /home/airflow/.local/lib/python3.12/site-packages/airflow/example_dags/example_dataset_alias.py
[2024-11-16T19:09:58.686+0000] {logging_mixin.py:190} INFO - [2024-11-16T19:09:58.676+0000] {dag.py:3239} INFO - Sync 4 DAGs
[2024-11-16T19:09:59.215+0000] {logging_mixin.py:190} INFO - [2024-11-16T19:09:59.215+0000] {dag.py:4180} INFO - Setting next_dagrun for dataset_alias_example_alias_consumer to None, run_after=None
[2024-11-16T19:09:59.245+0000] {logging_mixin.py:190} INFO - [2024-11-16T19:09:59.243+0000] {dag.py:4180} INFO - Setting next_dagrun for dataset_alias_example_alias_producer to None, run_after=None
[2024-11-16T19:09:59.266+0000] {logging_mixin.py:190} INFO - [2024-11-16T19:09:59.265+0000] {dag.py:4180} INFO - Setting next_dagrun for dataset_s3_bucket_consumer to None, run_after=None
[2024-11-16T19:09:59.297+0000] {logging_mixin.py:190} INFO - [2024-11-16T19:09:59.296+0000] {dag.py:4180} INFO - Setting next_dagrun for dataset_s3_bucket_producer to None, run_after=None
[2024-11-16T19:09:59.655+0000] {processor.py:208} INFO - Processing /home/airflow/.local/lib/python3.12/site-packages/airflow/example_dags/example_dataset_alias.py took 10.901 seconds
[2024-11-16T19:11:42.455+0000] {processor.py:186} INFO - Started process (PID=922) to work on /home/airflow/.local/lib/python3.12/site-packages/airflow/example_dags/example_dataset_alias.py
[2024-11-16T19:11:42.468+0000] {processor.py:914} INFO - Processing file /home/airflow/.local/lib/python3.12/site-packages/airflow/example_dags/example_dataset_alias.py for tasks to queue
[2024-11-16T19:11:42.488+0000] {logging_mixin.py:190} INFO - [2024-11-16T19:11:42.487+0000] {dagbag.py:588} INFO - Filling up the DagBag from /home/airflow/.local/lib/python3.12/site-packages/airflow/example_dags/example_dataset_alias.py
[2024-11-16T19:11:47.614+0000] {processor.py:925} INFO - DAG(s) 'dataset_s3_bucket_consumer', 'dataset_s3_bucket_producer', 'dataset_alias_example_alias_producer', 'dataset_alias_example_alias_consumer' retrieved from /home/airflow/.local/lib/python3.12/site-packages/airflow/example_dags/example_dataset_alias.py
[2024-11-16T19:11:47.773+0000] {logging_mixin.py:190} INFO - [2024-11-16T19:11:47.771+0000] {dag.py:3239} INFO - Sync 4 DAGs
[2024-11-16T19:11:48.053+0000] {logging_mixin.py:190} INFO - [2024-11-16T19:11:48.052+0000] {dag.py:4180} INFO - Setting next_dagrun for dataset_alias_example_alias_consumer to None, run_after=None
[2024-11-16T19:11:48.134+0000] {logging_mixin.py:190} INFO - [2024-11-16T19:11:48.133+0000] {dag.py:4180} INFO - Setting next_dagrun for dataset_alias_example_alias_producer to None, run_after=None
[2024-11-16T19:11:48.186+0000] {logging_mixin.py:190} INFO - [2024-11-16T19:11:48.183+0000] {dag.py:4180} INFO - Setting next_dagrun for dataset_s3_bucket_consumer to None, run_after=None
[2024-11-16T19:11:48.211+0000] {logging_mixin.py:190} INFO - [2024-11-16T19:11:48.206+0000] {dag.py:4180} INFO - Setting next_dagrun for dataset_s3_bucket_producer to None, run_after=None
[2024-11-16T19:11:48.488+0000] {processor.py:208} INFO - Processing /home/airflow/.local/lib/python3.12/site-packages/airflow/example_dags/example_dataset_alias.py took 6.072 seconds
[2024-11-16T19:12:43.686+0000] {processor.py:186} INFO - Started process (PID=993) to work on /home/airflow/.local/lib/python3.12/site-packages/airflow/example_dags/example_dataset_alias.py
[2024-11-16T19:12:43.689+0000] {processor.py:914} INFO - Processing file /home/airflow/.local/lib/python3.12/site-packages/airflow/example_dags/example_dataset_alias.py for tasks to queue
[2024-11-16T19:12:43.695+0000] {logging_mixin.py:190} INFO - [2024-11-16T19:12:43.694+0000] {dagbag.py:588} INFO - Filling up the DagBag from /home/airflow/.local/lib/python3.12/site-packages/airflow/example_dags/example_dataset_alias.py
[2024-11-16T19:12:49.514+0000] {processor.py:925} INFO - DAG(s) 'dataset_s3_bucket_producer', 'dataset_s3_bucket_consumer', 'dataset_alias_example_alias_producer', 'dataset_alias_example_alias_consumer' retrieved from /home/airflow/.local/lib/python3.12/site-packages/airflow/example_dags/example_dataset_alias.py
[2024-11-16T19:12:49.771+0000] {logging_mixin.py:190} INFO - [2024-11-16T19:12:49.769+0000] {dag.py:3239} INFO - Sync 4 DAGs
[2024-11-16T19:12:50.062+0000] {logging_mixin.py:190} INFO - [2024-11-16T19:12:50.061+0000] {dag.py:4180} INFO - Setting next_dagrun for dataset_alias_example_alias_consumer to None, run_after=None
[2024-11-16T19:12:50.078+0000] {logging_mixin.py:190} INFO - [2024-11-16T19:12:50.078+0000] {dag.py:4180} INFO - Setting next_dagrun for dataset_alias_example_alias_producer to None, run_after=None
[2024-11-16T19:12:50.094+0000] {logging_mixin.py:190} INFO - [2024-11-16T19:12:50.093+0000] {dag.py:4180} INFO - Setting next_dagrun for dataset_s3_bucket_consumer to None, run_after=None
[2024-11-16T19:12:50.126+0000] {logging_mixin.py:190} INFO - [2024-11-16T19:12:50.125+0000] {dag.py:4180} INFO - Setting next_dagrun for dataset_s3_bucket_producer to None, run_after=None
[2024-11-16T19:12:50.536+0000] {processor.py:208} INFO - Processing /home/airflow/.local/lib/python3.12/site-packages/airflow/example_dags/example_dataset_alias.py took 6.869 seconds
[2024-11-16T19:13:20.955+0000] {processor.py:186} INFO - Started process (PID=1064) to work on /home/airflow/.local/lib/python3.12/site-packages/airflow/example_dags/example_dataset_alias.py
[2024-11-16T19:13:20.962+0000] {processor.py:914} INFO - Processing file /home/airflow/.local/lib/python3.12/site-packages/airflow/example_dags/example_dataset_alias.py for tasks to queue
[2024-11-16T19:13:20.980+0000] {logging_mixin.py:190} INFO - [2024-11-16T19:13:20.970+0000] {dagbag.py:588} INFO - Filling up the DagBag from /home/airflow/.local/lib/python3.12/site-packages/airflow/example_dags/example_dataset_alias.py
[2024-11-16T19:13:23.375+0000] {processor.py:925} INFO - DAG(s) 'dataset_s3_bucket_producer', 'dataset_alias_example_alias_consumer', 'dataset_alias_example_alias_producer', 'dataset_s3_bucket_consumer' retrieved from /home/airflow/.local/lib/python3.12/site-packages/airflow/example_dags/example_dataset_alias.py
[2024-11-16T19:13:23.569+0000] {logging_mixin.py:190} INFO - [2024-11-16T19:13:23.567+0000] {dag.py:3239} INFO - Sync 4 DAGs
[2024-11-16T19:13:23.689+0000] {logging_mixin.py:190} INFO - [2024-11-16T19:13:23.688+0000] {dag.py:4180} INFO - Setting next_dagrun for dataset_alias_example_alias_consumer to None, run_after=None
[2024-11-16T19:13:23.710+0000] {logging_mixin.py:190} INFO - [2024-11-16T19:13:23.698+0000] {dag.py:4180} INFO - Setting next_dagrun for dataset_alias_example_alias_producer to None, run_after=None
[2024-11-16T19:13:23.716+0000] {logging_mixin.py:190} INFO - [2024-11-16T19:13:23.715+0000] {dag.py:4180} INFO - Setting next_dagrun for dataset_s3_bucket_consumer to None, run_after=None
[2024-11-16T19:13:23.725+0000] {logging_mixin.py:190} INFO - [2024-11-16T19:13:23.724+0000] {dag.py:4180} INFO - Setting next_dagrun for dataset_s3_bucket_producer to None, run_after=None
[2024-11-16T19:13:23.808+0000] {processor.py:208} INFO - Processing /home/airflow/.local/lib/python3.12/site-packages/airflow/example_dags/example_dataset_alias.py took 2.877 seconds
[2024-11-16T19:13:58.021+0000] {processor.py:186} INFO - Started process (PID=1125) to work on /home/airflow/.local/lib/python3.12/site-packages/airflow/example_dags/example_dataset_alias.py
[2024-11-16T19:13:58.023+0000] {processor.py:914} INFO - Processing file /home/airflow/.local/lib/python3.12/site-packages/airflow/example_dags/example_dataset_alias.py for tasks to queue
[2024-11-16T19:13:58.029+0000] {logging_mixin.py:190} INFO - [2024-11-16T19:13:58.028+0000] {dagbag.py:588} INFO - Filling up the DagBag from /home/airflow/.local/lib/python3.12/site-packages/airflow/example_dags/example_dataset_alias.py
[2024-11-16T19:14:00.004+0000] {processor.py:925} INFO - DAG(s) 'dataset_alias_example_alias_consumer', 'dataset_s3_bucket_consumer', 'dataset_alias_example_alias_producer', 'dataset_s3_bucket_producer' retrieved from /home/airflow/.local/lib/python3.12/site-packages/airflow/example_dags/example_dataset_alias.py
[2024-11-16T19:14:00.064+0000] {logging_mixin.py:190} INFO - [2024-11-16T19:14:00.063+0000] {dag.py:3239} INFO - Sync 4 DAGs
[2024-11-16T19:14:00.167+0000] {logging_mixin.py:190} INFO - [2024-11-16T19:14:00.166+0000] {dag.py:4180} INFO - Setting next_dagrun for dataset_alias_example_alias_consumer to None, run_after=None
[2024-11-16T19:14:00.209+0000] {logging_mixin.py:190} INFO - [2024-11-16T19:14:00.208+0000] {dag.py:4180} INFO - Setting next_dagrun for dataset_alias_example_alias_producer to None, run_after=None
[2024-11-16T19:14:00.215+0000] {logging_mixin.py:190} INFO - [2024-11-16T19:14:00.215+0000] {dag.py:4180} INFO - Setting next_dagrun for dataset_s3_bucket_consumer to None, run_after=None
[2024-11-16T19:14:00.228+0000] {logging_mixin.py:190} INFO - [2024-11-16T19:14:00.227+0000] {dag.py:4180} INFO - Setting next_dagrun for dataset_s3_bucket_producer to None, run_after=None
[2024-11-16T19:14:00.346+0000] {processor.py:208} INFO - Processing /home/airflow/.local/lib/python3.12/site-packages/airflow/example_dags/example_dataset_alias.py took 2.341 seconds
[2024-11-16T19:14:31.322+0000] {processor.py:186} INFO - Started process (PID=1193) to work on /home/airflow/.local/lib/python3.12/site-packages/airflow/example_dags/example_dataset_alias.py
[2024-11-16T19:14:31.324+0000] {processor.py:914} INFO - Processing file /home/airflow/.local/lib/python3.12/site-packages/airflow/example_dags/example_dataset_alias.py for tasks to queue
[2024-11-16T19:14:31.330+0000] {logging_mixin.py:190} INFO - [2024-11-16T19:14:31.329+0000] {dagbag.py:588} INFO - Filling up the DagBag from /home/airflow/.local/lib/python3.12/site-packages/airflow/example_dags/example_dataset_alias.py
[2024-11-16T19:14:33.198+0000] {processor.py:925} INFO - DAG(s) 'dataset_alias_example_alias_consumer', 'dataset_s3_bucket_consumer', 'dataset_s3_bucket_producer', 'dataset_alias_example_alias_producer' retrieved from /home/airflow/.local/lib/python3.12/site-packages/airflow/example_dags/example_dataset_alias.py
[2024-11-16T19:14:33.258+0000] {logging_mixin.py:190} INFO - [2024-11-16T19:14:33.257+0000] {dag.py:3239} INFO - Sync 4 DAGs
[2024-11-16T19:14:33.337+0000] {logging_mixin.py:190} INFO - [2024-11-16T19:14:33.337+0000] {dag.py:4180} INFO - Setting next_dagrun for dataset_alias_example_alias_consumer to None, run_after=None
[2024-11-16T19:14:33.343+0000] {logging_mixin.py:190} INFO - [2024-11-16T19:14:33.343+0000] {dag.py:4180} INFO - Setting next_dagrun for dataset_alias_example_alias_producer to None, run_after=None
[2024-11-16T19:14:33.346+0000] {logging_mixin.py:190} INFO - [2024-11-16T19:14:33.346+0000] {dag.py:4180} INFO - Setting next_dagrun for dataset_s3_bucket_consumer to None, run_after=None
[2024-11-16T19:14:33.349+0000] {logging_mixin.py:190} INFO - [2024-11-16T19:14:33.349+0000] {dag.py:4180} INFO - Setting next_dagrun for dataset_s3_bucket_producer to None, run_after=None
[2024-11-16T19:14:33.393+0000] {processor.py:208} INFO - Processing /home/airflow/.local/lib/python3.12/site-packages/airflow/example_dags/example_dataset_alias.py took 2.084 seconds
[2024-11-16T19:15:07.712+0000] {processor.py:186} INFO - Started process (PID=1252) to work on /home/airflow/.local/lib/python3.12/site-packages/airflow/example_dags/example_dataset_alias.py
[2024-11-16T19:15:07.714+0000] {processor.py:914} INFO - Processing file /home/airflow/.local/lib/python3.12/site-packages/airflow/example_dags/example_dataset_alias.py for tasks to queue
[2024-11-16T19:15:07.723+0000] {logging_mixin.py:190} INFO - [2024-11-16T19:15:07.722+0000] {dagbag.py:588} INFO - Filling up the DagBag from /home/airflow/.local/lib/python3.12/site-packages/airflow/example_dags/example_dataset_alias.py
[2024-11-16T19:15:10.601+0000] {processor.py:925} INFO - DAG(s) 'dataset_s3_bucket_producer', 'dataset_alias_example_alias_consumer', 'dataset_alias_example_alias_producer', 'dataset_s3_bucket_consumer' retrieved from /home/airflow/.local/lib/python3.12/site-packages/airflow/example_dags/example_dataset_alias.py
[2024-11-16T19:15:10.656+0000] {logging_mixin.py:190} INFO - [2024-11-16T19:15:10.655+0000] {dag.py:3239} INFO - Sync 4 DAGs
[2024-11-16T19:15:10.729+0000] {logging_mixin.py:190} INFO - [2024-11-16T19:15:10.728+0000] {dag.py:4180} INFO - Setting next_dagrun for dataset_alias_example_alias_consumer to None, run_after=None
[2024-11-16T19:15:10.746+0000] {logging_mixin.py:190} INFO - [2024-11-16T19:15:10.745+0000] {dag.py:4180} INFO - Setting next_dagrun for dataset_alias_example_alias_producer to None, run_after=None
[2024-11-16T19:15:10.755+0000] {logging_mixin.py:190} INFO - [2024-11-16T19:15:10.754+0000] {dag.py:4180} INFO - Setting next_dagrun for dataset_s3_bucket_consumer to None, run_after=None
[2024-11-16T19:15:10.766+0000] {logging_mixin.py:190} INFO - [2024-11-16T19:15:10.766+0000] {dag.py:4180} INFO - Setting next_dagrun for dataset_s3_bucket_producer to None, run_after=None
[2024-11-16T19:15:10.982+0000] {processor.py:208} INFO - Processing /home/airflow/.local/lib/python3.12/site-packages/airflow/example_dags/example_dataset_alias.py took 3.301 seconds
[2024-11-16T19:15:41.645+0000] {processor.py:186} INFO - Started process (PID=1318) to work on /home/airflow/.local/lib/python3.12/site-packages/airflow/example_dags/example_dataset_alias.py
[2024-11-16T19:15:41.647+0000] {processor.py:914} INFO - Processing file /home/airflow/.local/lib/python3.12/site-packages/airflow/example_dags/example_dataset_alias.py for tasks to queue
[2024-11-16T19:15:41.653+0000] {logging_mixin.py:190} INFO - [2024-11-16T19:15:41.652+0000] {dagbag.py:588} INFO - Filling up the DagBag from /home/airflow/.local/lib/python3.12/site-packages/airflow/example_dags/example_dataset_alias.py
[2024-11-16T19:15:43.566+0000] {processor.py:925} INFO - DAG(s) 'dataset_s3_bucket_producer', 'dataset_alias_example_alias_producer', 'dataset_s3_bucket_consumer', 'dataset_alias_example_alias_consumer' retrieved from /home/airflow/.local/lib/python3.12/site-packages/airflow/example_dags/example_dataset_alias.py
[2024-11-16T19:15:43.624+0000] {logging_mixin.py:190} INFO - [2024-11-16T19:15:43.622+0000] {dag.py:3239} INFO - Sync 4 DAGs
[2024-11-16T19:15:43.690+0000] {logging_mixin.py:190} INFO - [2024-11-16T19:15:43.690+0000] {dag.py:4180} INFO - Setting next_dagrun for dataset_alias_example_alias_consumer to None, run_after=None
[2024-11-16T19:15:43.696+0000] {logging_mixin.py:190} INFO - [2024-11-16T19:15:43.696+0000] {dag.py:4180} INFO - Setting next_dagrun for dataset_alias_example_alias_producer to None, run_after=None
[2024-11-16T19:15:43.701+0000] {logging_mixin.py:190} INFO - [2024-11-16T19:15:43.700+0000] {dag.py:4180} INFO - Setting next_dagrun for dataset_s3_bucket_consumer to None, run_after=None
[2024-11-16T19:15:43.704+0000] {logging_mixin.py:190} INFO - [2024-11-16T19:15:43.703+0000] {dag.py:4180} INFO - Setting next_dagrun for dataset_s3_bucket_producer to None, run_after=None
[2024-11-16T19:15:43.767+0000] {processor.py:208} INFO - Processing /home/airflow/.local/lib/python3.12/site-packages/airflow/example_dags/example_dataset_alias.py took 2.140 seconds
[2024-11-16T19:16:14.477+0000] {processor.py:186} INFO - Started process (PID=1384) to work on /home/airflow/.local/lib/python3.12/site-packages/airflow/example_dags/example_dataset_alias.py
[2024-11-16T19:16:14.481+0000] {processor.py:914} INFO - Processing file /home/airflow/.local/lib/python3.12/site-packages/airflow/example_dags/example_dataset_alias.py for tasks to queue
[2024-11-16T19:16:14.490+0000] {logging_mixin.py:190} INFO - [2024-11-16T19:16:14.489+0000] {dagbag.py:588} INFO - Filling up the DagBag from /home/airflow/.local/lib/python3.12/site-packages/airflow/example_dags/example_dataset_alias.py
[2024-11-16T19:16:17.054+0000] {processor.py:925} INFO - DAG(s) 'dataset_s3_bucket_consumer', 'dataset_alias_example_alias_consumer', 'dataset_alias_example_alias_producer', 'dataset_s3_bucket_producer' retrieved from /home/airflow/.local/lib/python3.12/site-packages/airflow/example_dags/example_dataset_alias.py
[2024-11-16T19:16:17.171+0000] {logging_mixin.py:190} INFO - [2024-11-16T19:16:17.170+0000] {dag.py:3239} INFO - Sync 4 DAGs
[2024-11-16T19:16:17.334+0000] {logging_mixin.py:190} INFO - [2024-11-16T19:16:17.332+0000] {dag.py:4180} INFO - Setting next_dagrun for dataset_alias_example_alias_consumer to None, run_after=None
[2024-11-16T19:16:17.352+0000] {logging_mixin.py:190} INFO - [2024-11-16T19:16:17.351+0000] {dag.py:4180} INFO - Setting next_dagrun for dataset_alias_example_alias_producer to None, run_after=None
[2024-11-16T19:16:17.367+0000] {logging_mixin.py:190} INFO - [2024-11-16T19:16:17.366+0000] {dag.py:4180} INFO - Setting next_dagrun for dataset_s3_bucket_consumer to None, run_after=None
[2024-11-16T19:16:17.372+0000] {logging_mixin.py:190} INFO - [2024-11-16T19:16:17.371+0000] {dag.py:4180} INFO - Setting next_dagrun for dataset_s3_bucket_producer to None, run_after=None
[2024-11-16T19:16:17.442+0000] {processor.py:208} INFO - Processing /home/airflow/.local/lib/python3.12/site-packages/airflow/example_dags/example_dataset_alias.py took 2.986 seconds
[2024-11-16T19:16:48.775+0000] {processor.py:186} INFO - Started process (PID=1454) to work on /home/airflow/.local/lib/python3.12/site-packages/airflow/example_dags/example_dataset_alias.py
[2024-11-16T19:16:48.778+0000] {processor.py:914} INFO - Processing file /home/airflow/.local/lib/python3.12/site-packages/airflow/example_dags/example_dataset_alias.py for tasks to queue
[2024-11-16T19:16:48.786+0000] {logging_mixin.py:190} INFO - [2024-11-16T19:16:48.785+0000] {dagbag.py:588} INFO - Filling up the DagBag from /home/airflow/.local/lib/python3.12/site-packages/airflow/example_dags/example_dataset_alias.py
[2024-11-16T19:16:51.829+0000] {processor.py:925} INFO - DAG(s) 'dataset_alias_example_alias_producer', 'dataset_s3_bucket_producer', 'dataset_alias_example_alias_consumer', 'dataset_s3_bucket_consumer' retrieved from /home/airflow/.local/lib/python3.12/site-packages/airflow/example_dags/example_dataset_alias.py
[2024-11-16T19:16:52.060+0000] {logging_mixin.py:190} INFO - [2024-11-16T19:16:52.057+0000] {dag.py:3239} INFO - Sync 4 DAGs
[2024-11-16T19:16:52.212+0000] {logging_mixin.py:190} INFO - [2024-11-16T19:16:52.211+0000] {dag.py:4180} INFO - Setting next_dagrun for dataset_alias_example_alias_consumer to None, run_after=None
[2024-11-16T19:16:52.276+0000] {logging_mixin.py:190} INFO - [2024-11-16T19:16:52.249+0000] {dag.py:4180} INFO - Setting next_dagrun for dataset_alias_example_alias_producer to None, run_after=None
[2024-11-16T19:16:52.313+0000] {logging_mixin.py:190} INFO - [2024-11-16T19:16:52.312+0000] {dag.py:4180} INFO - Setting next_dagrun for dataset_s3_bucket_consumer to None, run_after=None
[2024-11-16T19:16:52.410+0000] {logging_mixin.py:190} INFO - [2024-11-16T19:16:52.400+0000] {dag.py:4180} INFO - Setting next_dagrun for dataset_s3_bucket_producer to None, run_after=None
[2024-11-16T19:16:52.579+0000] {processor.py:208} INFO - Processing /home/airflow/.local/lib/python3.12/site-packages/airflow/example_dags/example_dataset_alias.py took 3.830 seconds
[2024-11-16T19:17:23.126+0000] {processor.py:186} INFO - Started process (PID=1527) to work on /home/airflow/.local/lib/python3.12/site-packages/airflow/example_dags/example_dataset_alias.py
[2024-11-16T19:17:23.128+0000] {processor.py:914} INFO - Processing file /home/airflow/.local/lib/python3.12/site-packages/airflow/example_dags/example_dataset_alias.py for tasks to queue
[2024-11-16T19:17:23.135+0000] {logging_mixin.py:190} INFO - [2024-11-16T19:17:23.135+0000] {dagbag.py:588} INFO - Filling up the DagBag from /home/airflow/.local/lib/python3.12/site-packages/airflow/example_dags/example_dataset_alias.py
[2024-11-16T19:17:25.419+0000] {processor.py:925} INFO - DAG(s) 'dataset_alias_example_alias_producer', 'dataset_s3_bucket_producer', 'dataset_alias_example_alias_consumer', 'dataset_s3_bucket_consumer' retrieved from /home/airflow/.local/lib/python3.12/site-packages/airflow/example_dags/example_dataset_alias.py
[2024-11-16T19:17:25.517+0000] {logging_mixin.py:190} INFO - [2024-11-16T19:17:25.515+0000] {dag.py:3239} INFO - Sync 4 DAGs
[2024-11-16T19:17:25.608+0000] {logging_mixin.py:190} INFO - [2024-11-16T19:17:25.607+0000] {dag.py:4180} INFO - Setting next_dagrun for dataset_alias_example_alias_consumer to None, run_after=None
[2024-11-16T19:17:25.622+0000] {logging_mixin.py:190} INFO - [2024-11-16T19:17:25.621+0000] {dag.py:4180} INFO - Setting next_dagrun for dataset_alias_example_alias_producer to None, run_after=None
[2024-11-16T19:17:25.636+0000] {logging_mixin.py:190} INFO - [2024-11-16T19:17:25.635+0000] {dag.py:4180} INFO - Setting next_dagrun for dataset_s3_bucket_consumer to None, run_after=None
[2024-11-16T19:17:25.646+0000] {logging_mixin.py:190} INFO - [2024-11-16T19:17:25.643+0000] {dag.py:4180} INFO - Setting next_dagrun for dataset_s3_bucket_producer to None, run_after=None
[2024-11-16T19:17:25.967+0000] {processor.py:208} INFO - Processing /home/airflow/.local/lib/python3.12/site-packages/airflow/example_dags/example_dataset_alias.py took 2.859 seconds
