[2024-11-16T18:59:27.753+0000] {processor.py:186} INFO - Started process (PID=103) to work on /home/airflow/.local/lib/python3.12/site-packages/airflow/example_dags/example_branch_operator.py
[2024-11-16T18:59:27.759+0000] {processor.py:914} INFO - Processing file /home/airflow/.local/lib/python3.12/site-packages/airflow/example_dags/example_branch_operator.py for tasks to queue
[2024-11-16T18:59:27.778+0000] {logging_mixin.py:190} INFO - [2024-11-16T18:59:27.767+0000] {dagbag.py:588} INFO - Filling up the DagBag from /home/airflow/.local/lib/python3.12/site-packages/airflow/example_dags/example_branch_operator.py
[2024-11-16T18:59:27.886+0000] {processor.py:925} INFO - DAG(s) 'example_branch_operator' retrieved from /home/airflow/.local/lib/python3.12/site-packages/airflow/example_dags/example_branch_operator.py
[2024-11-16T18:59:28.889+0000] {logging_mixin.py:190} INFO - [2024-11-16T18:59:28.887+0000] {override.py:1911} INFO - Created Permission View: can delete on DAG:example_branch_operator
[2024-11-16T18:59:28.944+0000] {logging_mixin.py:190} INFO - [2024-11-16T18:59:28.943+0000] {override.py:1911} INFO - Created Permission View: can edit on DAG:example_branch_operator
[2024-11-16T18:59:28.984+0000] {logging_mixin.py:190} INFO - [2024-11-16T18:59:28.983+0000] {override.py:1911} INFO - Created Permission View: can read on DAG:example_branch_operator
[2024-11-16T18:59:29.039+0000] {logging_mixin.py:190} INFO - [2024-11-16T18:59:29.038+0000] {override.py:1911} INFO - Created Permission View: menu access on DAG Run:example_branch_operator
[2024-11-16T18:59:29.076+0000] {logging_mixin.py:190} INFO - [2024-11-16T18:59:29.075+0000] {override.py:1911} INFO - Created Permission View: can delete on DAG Run:example_branch_operator
[2024-11-16T18:59:29.120+0000] {logging_mixin.py:190} INFO - [2024-11-16T18:59:29.120+0000] {override.py:1911} INFO - Created Permission View: can read on DAG Run:example_branch_operator
[2024-11-16T18:59:29.177+0000] {logging_mixin.py:190} INFO - [2024-11-16T18:59:29.176+0000] {override.py:1911} INFO - Created Permission View: can create on DAG Run:example_branch_operator
[2024-11-16T18:59:29.179+0000] {logging_mixin.py:190} INFO - [2024-11-16T18:59:29.178+0000] {dag.py:3239} INFO - Sync 1 DAGs
[2024-11-16T18:59:29.260+0000] {logging_mixin.py:190} INFO - [2024-11-16T18:59:29.259+0000] {dag.py:3262} INFO - Creating ORM DAG for example_branch_operator
[2024-11-16T18:59:29.315+0000] {logging_mixin.py:190} INFO - [2024-11-16T18:59:29.314+0000] {dag.py:4180} INFO - Setting next_dagrun for example_branch_operator to 2024-11-15 00:00:00+00:00, run_after=2024-11-16 00:00:00+00:00
[2024-11-16T18:59:29.424+0000] {processor.py:208} INFO - Processing /home/airflow/.local/lib/python3.12/site-packages/airflow/example_dags/example_branch_operator.py took 1.731 seconds
[2024-11-16T19:00:31.250+0000] {processor.py:186} INFO - Started process (PID=171) to work on /home/airflow/.local/lib/python3.12/site-packages/airflow/example_dags/example_branch_operator.py
[2024-11-16T19:00:31.269+0000] {processor.py:914} INFO - Processing file /home/airflow/.local/lib/python3.12/site-packages/airflow/example_dags/example_branch_operator.py for tasks to queue
[2024-11-16T19:00:31.287+0000] {logging_mixin.py:190} INFO - [2024-11-16T19:00:31.285+0000] {dagbag.py:588} INFO - Filling up the DagBag from /home/airflow/.local/lib/python3.12/site-packages/airflow/example_dags/example_branch_operator.py
[2024-11-16T19:00:31.389+0000] {processor.py:925} INFO - DAG(s) 'example_branch_operator' retrieved from /home/airflow/.local/lib/python3.12/site-packages/airflow/example_dags/example_branch_operator.py
[2024-11-16T19:00:31.550+0000] {logging_mixin.py:190} INFO - [2024-11-16T19:00:31.549+0000] {dag.py:3239} INFO - Sync 1 DAGs
[2024-11-16T19:00:31.656+0000] {logging_mixin.py:190} INFO - [2024-11-16T19:00:31.655+0000] {dag.py:4180} INFO - Setting next_dagrun for example_branch_operator to 2024-11-15 00:00:00+00:00, run_after=2024-11-16 00:00:00+00:00
[2024-11-16T19:00:31.765+0000] {processor.py:208} INFO - Processing /home/airflow/.local/lib/python3.12/site-packages/airflow/example_dags/example_branch_operator.py took 0.555 seconds
[2024-11-16T19:01:05.457+0000] {processor.py:186} INFO - Started process (PID=234) to work on /home/airflow/.local/lib/python3.12/site-packages/airflow/example_dags/example_branch_operator.py
[2024-11-16T19:01:05.461+0000] {processor.py:914} INFO - Processing file /home/airflow/.local/lib/python3.12/site-packages/airflow/example_dags/example_branch_operator.py for tasks to queue
[2024-11-16T19:01:05.468+0000] {logging_mixin.py:190} INFO - [2024-11-16T19:01:05.468+0000] {dagbag.py:588} INFO - Filling up the DagBag from /home/airflow/.local/lib/python3.12/site-packages/airflow/example_dags/example_branch_operator.py
[2024-11-16T19:01:05.556+0000] {processor.py:925} INFO - DAG(s) 'example_branch_operator' retrieved from /home/airflow/.local/lib/python3.12/site-packages/airflow/example_dags/example_branch_operator.py
[2024-11-16T19:01:05.687+0000] {logging_mixin.py:190} INFO - [2024-11-16T19:01:05.686+0000] {dag.py:3239} INFO - Sync 1 DAGs
[2024-11-16T19:01:05.812+0000] {logging_mixin.py:190} INFO - [2024-11-16T19:01:05.812+0000] {dag.py:4180} INFO - Setting next_dagrun for example_branch_operator to 2024-11-15 00:00:00+00:00, run_after=2024-11-16 00:00:00+00:00
[2024-11-16T19:01:05.916+0000] {processor.py:208} INFO - Processing /home/airflow/.local/lib/python3.12/site-packages/airflow/example_dags/example_branch_operator.py took 0.486 seconds
[2024-11-16T19:01:50.203+0000] {processor.py:186} INFO - Started process (PID=302) to work on /home/airflow/.local/lib/python3.12/site-packages/airflow/example_dags/example_branch_operator.py
[2024-11-16T19:01:50.206+0000] {processor.py:914} INFO - Processing file /home/airflow/.local/lib/python3.12/site-packages/airflow/example_dags/example_branch_operator.py for tasks to queue
[2024-11-16T19:01:50.219+0000] {logging_mixin.py:190} INFO - [2024-11-16T19:01:50.218+0000] {dagbag.py:588} INFO - Filling up the DagBag from /home/airflow/.local/lib/python3.12/site-packages/airflow/example_dags/example_branch_operator.py
[2024-11-16T19:01:50.356+0000] {processor.py:925} INFO - DAG(s) 'example_branch_operator' retrieved from /home/airflow/.local/lib/python3.12/site-packages/airflow/example_dags/example_branch_operator.py
[2024-11-16T19:01:50.565+0000] {logging_mixin.py:190} INFO - [2024-11-16T19:01:50.565+0000] {dag.py:3239} INFO - Sync 1 DAGs
[2024-11-16T19:01:50.781+0000] {logging_mixin.py:190} INFO - [2024-11-16T19:01:50.780+0000] {dag.py:4180} INFO - Setting next_dagrun for example_branch_operator to 2024-11-15 00:00:00+00:00, run_after=2024-11-16 00:00:00+00:00
[2024-11-16T19:01:50.898+0000] {processor.py:208} INFO - Processing /home/airflow/.local/lib/python3.12/site-packages/airflow/example_dags/example_branch_operator.py took 0.742 seconds
[2024-11-16T19:02:33.369+0000] {processor.py:186} INFO - Started process (PID=362) to work on /home/airflow/.local/lib/python3.12/site-packages/airflow/example_dags/example_branch_operator.py
[2024-11-16T19:02:33.372+0000] {processor.py:914} INFO - Processing file /home/airflow/.local/lib/python3.12/site-packages/airflow/example_dags/example_branch_operator.py for tasks to queue
[2024-11-16T19:02:33.378+0000] {logging_mixin.py:190} INFO - [2024-11-16T19:02:33.377+0000] {dagbag.py:588} INFO - Filling up the DagBag from /home/airflow/.local/lib/python3.12/site-packages/airflow/example_dags/example_branch_operator.py
[2024-11-16T19:02:33.455+0000] {processor.py:925} INFO - DAG(s) 'example_branch_operator' retrieved from /home/airflow/.local/lib/python3.12/site-packages/airflow/example_dags/example_branch_operator.py
[2024-11-16T19:02:33.655+0000] {logging_mixin.py:190} INFO - [2024-11-16T19:02:33.654+0000] {dag.py:3239} INFO - Sync 1 DAGs
[2024-11-16T19:02:33.774+0000] {logging_mixin.py:190} INFO - [2024-11-16T19:02:33.774+0000] {dag.py:4180} INFO - Setting next_dagrun for example_branch_operator to 2024-11-15 00:00:00+00:00, run_after=2024-11-16 00:00:00+00:00
[2024-11-16T19:02:33.846+0000] {processor.py:208} INFO - Processing /home/airflow/.local/lib/python3.12/site-packages/airflow/example_dags/example_branch_operator.py took 0.495 seconds
[2024-11-16T19:03:07.213+0000] {processor.py:186} INFO - Started process (PID=425) to work on /home/airflow/.local/lib/python3.12/site-packages/airflow/example_dags/example_branch_operator.py
[2024-11-16T19:03:07.215+0000] {processor.py:914} INFO - Processing file /home/airflow/.local/lib/python3.12/site-packages/airflow/example_dags/example_branch_operator.py for tasks to queue
[2024-11-16T19:03:07.226+0000] {logging_mixin.py:190} INFO - [2024-11-16T19:03:07.225+0000] {dagbag.py:588} INFO - Filling up the DagBag from /home/airflow/.local/lib/python3.12/site-packages/airflow/example_dags/example_branch_operator.py
[2024-11-16T19:03:07.288+0000] {processor.py:925} INFO - DAG(s) 'example_branch_operator' retrieved from /home/airflow/.local/lib/python3.12/site-packages/airflow/example_dags/example_branch_operator.py
[2024-11-16T19:03:07.376+0000] {logging_mixin.py:190} INFO - [2024-11-16T19:03:07.376+0000] {dag.py:3239} INFO - Sync 1 DAGs
[2024-11-16T19:03:07.455+0000] {logging_mixin.py:190} INFO - [2024-11-16T19:03:07.454+0000] {dag.py:4180} INFO - Setting next_dagrun for example_branch_operator to 2024-11-15 00:00:00+00:00, run_after=2024-11-16 00:00:00+00:00
[2024-11-16T19:03:07.518+0000] {processor.py:208} INFO - Processing /home/airflow/.local/lib/python3.12/site-packages/airflow/example_dags/example_branch_operator.py took 0.322 seconds
[2024-11-16T19:03:38.892+0000] {processor.py:186} INFO - Started process (PID=494) to work on /home/airflow/.local/lib/python3.12/site-packages/airflow/example_dags/example_branch_operator.py
[2024-11-16T19:03:38.894+0000] {processor.py:914} INFO - Processing file /home/airflow/.local/lib/python3.12/site-packages/airflow/example_dags/example_branch_operator.py for tasks to queue
[2024-11-16T19:03:38.904+0000] {logging_mixin.py:190} INFO - [2024-11-16T19:03:38.903+0000] {dagbag.py:588} INFO - Filling up the DagBag from /home/airflow/.local/lib/python3.12/site-packages/airflow/example_dags/example_branch_operator.py
[2024-11-16T19:03:38.968+0000] {processor.py:925} INFO - DAG(s) 'example_branch_operator' retrieved from /home/airflow/.local/lib/python3.12/site-packages/airflow/example_dags/example_branch_operator.py
[2024-11-16T19:03:39.061+0000] {logging_mixin.py:190} INFO - [2024-11-16T19:03:39.060+0000] {dag.py:3239} INFO - Sync 1 DAGs
[2024-11-16T19:03:39.158+0000] {logging_mixin.py:190} INFO - [2024-11-16T19:03:39.157+0000] {dag.py:4180} INFO - Setting next_dagrun for example_branch_operator to 2024-11-15 00:00:00+00:00, run_after=2024-11-16 00:00:00+00:00
[2024-11-16T19:03:39.211+0000] {processor.py:208} INFO - Processing /home/airflow/.local/lib/python3.12/site-packages/airflow/example_dags/example_branch_operator.py took 0.340 seconds
[2024-11-16T19:04:15.228+0000] {processor.py:186} INFO - Started process (PID=557) to work on /home/airflow/.local/lib/python3.12/site-packages/airflow/example_dags/example_branch_operator.py
[2024-11-16T19:04:15.231+0000] {processor.py:914} INFO - Processing file /home/airflow/.local/lib/python3.12/site-packages/airflow/example_dags/example_branch_operator.py for tasks to queue
[2024-11-16T19:04:15.249+0000] {logging_mixin.py:190} INFO - [2024-11-16T19:04:15.248+0000] {dagbag.py:588} INFO - Filling up the DagBag from /home/airflow/.local/lib/python3.12/site-packages/airflow/example_dags/example_branch_operator.py
[2024-11-16T19:04:15.358+0000] {processor.py:925} INFO - DAG(s) 'example_branch_operator' retrieved from /home/airflow/.local/lib/python3.12/site-packages/airflow/example_dags/example_branch_operator.py
[2024-11-16T19:04:15.539+0000] {logging_mixin.py:190} INFO - [2024-11-16T19:04:15.538+0000] {dag.py:3239} INFO - Sync 1 DAGs
[2024-11-16T19:04:15.621+0000] {logging_mixin.py:190} INFO - [2024-11-16T19:04:15.620+0000] {dag.py:4180} INFO - Setting next_dagrun for example_branch_operator to 2024-11-15 00:00:00+00:00, run_after=2024-11-16 00:00:00+00:00
[2024-11-16T19:04:15.677+0000] {processor.py:208} INFO - Processing /home/airflow/.local/lib/python3.12/site-packages/airflow/example_dags/example_branch_operator.py took 0.474 seconds
[2024-11-16T19:05:42.740+0000] {processor.py:186} INFO - Started process (PID=638) to work on /home/airflow/.local/lib/python3.12/site-packages/airflow/example_dags/example_branch_operator.py
[2024-11-16T19:05:42.749+0000] {processor.py:914} INFO - Processing file /home/airflow/.local/lib/python3.12/site-packages/airflow/example_dags/example_branch_operator.py for tasks to queue
[2024-11-16T19:05:42.767+0000] {logging_mixin.py:190} INFO - [2024-11-16T19:05:42.766+0000] {dagbag.py:588} INFO - Filling up the DagBag from /home/airflow/.local/lib/python3.12/site-packages/airflow/example_dags/example_branch_operator.py
[2024-11-16T19:05:43.006+0000] {processor.py:925} INFO - DAG(s) 'example_branch_operator' retrieved from /home/airflow/.local/lib/python3.12/site-packages/airflow/example_dags/example_branch_operator.py
[2024-11-16T19:05:43.453+0000] {logging_mixin.py:190} INFO - [2024-11-16T19:05:43.453+0000] {dag.py:3239} INFO - Sync 1 DAGs
[2024-11-16T19:05:43.810+0000] {logging_mixin.py:190} INFO - [2024-11-16T19:05:43.809+0000] {dag.py:4180} INFO - Setting next_dagrun for example_branch_operator to 2024-11-15 00:00:00+00:00, run_after=2024-11-16 00:00:00+00:00
[2024-11-16T19:05:44.116+0000] {processor.py:208} INFO - Processing /home/airflow/.local/lib/python3.12/site-packages/airflow/example_dags/example_branch_operator.py took 1.427 seconds
[2024-11-16T19:07:11.729+0000] {processor.py:186} INFO - Started process (PID=700) to work on /home/airflow/.local/lib/python3.12/site-packages/airflow/example_dags/example_branch_operator.py
[2024-11-16T19:07:11.746+0000] {processor.py:914} INFO - Processing file /home/airflow/.local/lib/python3.12/site-packages/airflow/example_dags/example_branch_operator.py for tasks to queue
[2024-11-16T19:07:11.794+0000] {logging_mixin.py:190} INFO - [2024-11-16T19:07:11.780+0000] {dagbag.py:588} INFO - Filling up the DagBag from /home/airflow/.local/lib/python3.12/site-packages/airflow/example_dags/example_branch_operator.py
[2024-11-16T19:07:12.092+0000] {processor.py:925} INFO - DAG(s) 'example_branch_operator' retrieved from /home/airflow/.local/lib/python3.12/site-packages/airflow/example_dags/example_branch_operator.py
[2024-11-16T19:07:12.509+0000] {logging_mixin.py:190} INFO - [2024-11-16T19:07:12.507+0000] {dag.py:3239} INFO - Sync 1 DAGs
[2024-11-16T19:07:12.836+0000] {logging_mixin.py:190} INFO - [2024-11-16T19:07:12.835+0000] {dag.py:4180} INFO - Setting next_dagrun for example_branch_operator to 2024-11-15 00:00:00+00:00, run_after=2024-11-16 00:00:00+00:00
[2024-11-16T19:07:13.334+0000] {processor.py:208} INFO - Processing /home/airflow/.local/lib/python3.12/site-packages/airflow/example_dags/example_branch_operator.py took 1.729 seconds
[2024-11-16T19:08:35.295+0000] {processor.py:186} INFO - Started process (PID=758) to work on /home/airflow/.local/lib/python3.12/site-packages/airflow/example_dags/example_branch_operator.py
[2024-11-16T19:08:35.313+0000] {processor.py:914} INFO - Processing file /home/airflow/.local/lib/python3.12/site-packages/airflow/example_dags/example_branch_operator.py for tasks to queue
[2024-11-16T19:08:35.332+0000] {logging_mixin.py:190} INFO - [2024-11-16T19:08:35.331+0000] {dagbag.py:588} INFO - Filling up the DagBag from /home/airflow/.local/lib/python3.12/site-packages/airflow/example_dags/example_branch_operator.py
[2024-11-16T19:08:35.596+0000] {processor.py:925} INFO - DAG(s) 'example_branch_operator' retrieved from /home/airflow/.local/lib/python3.12/site-packages/airflow/example_dags/example_branch_operator.py
[2024-11-16T19:08:36.072+0000] {logging_mixin.py:190} INFO - [2024-11-16T19:08:36.071+0000] {dag.py:3239} INFO - Sync 1 DAGs
[2024-11-16T19:08:36.375+0000] {logging_mixin.py:190} INFO - [2024-11-16T19:08:36.375+0000] {dag.py:4180} INFO - Setting next_dagrun for example_branch_operator to 2024-11-15 00:00:00+00:00, run_after=2024-11-16 00:00:00+00:00
[2024-11-16T19:08:36.582+0000] {processor.py:208} INFO - Processing /home/airflow/.local/lib/python3.12/site-packages/airflow/example_dags/example_branch_operator.py took 1.337 seconds
[2024-11-16T19:09:46.334+0000] {processor.py:186} INFO - Started process (PID=818) to work on /home/airflow/.local/lib/python3.12/site-packages/airflow/example_dags/example_branch_operator.py
[2024-11-16T19:09:46.345+0000] {processor.py:914} INFO - Processing file /home/airflow/.local/lib/python3.12/site-packages/airflow/example_dags/example_branch_operator.py for tasks to queue
[2024-11-16T19:09:46.360+0000] {logging_mixin.py:190} INFO - [2024-11-16T19:09:46.359+0000] {dagbag.py:588} INFO - Filling up the DagBag from /home/airflow/.local/lib/python3.12/site-packages/airflow/example_dags/example_branch_operator.py
[2024-11-16T19:09:46.589+0000] {processor.py:925} INFO - DAG(s) 'example_branch_operator' retrieved from /home/airflow/.local/lib/python3.12/site-packages/airflow/example_dags/example_branch_operator.py
[2024-11-16T19:09:47.138+0000] {logging_mixin.py:190} INFO - [2024-11-16T19:09:47.137+0000] {dag.py:3239} INFO - Sync 1 DAGs
[2024-11-16T19:09:47.538+0000] {logging_mixin.py:190} INFO - [2024-11-16T19:09:47.536+0000] {dag.py:4180} INFO - Setting next_dagrun for example_branch_operator to 2024-11-15 00:00:00+00:00, run_after=2024-11-16 00:00:00+00:00
[2024-11-16T19:09:47.974+0000] {processor.py:208} INFO - Processing /home/airflow/.local/lib/python3.12/site-packages/airflow/example_dags/example_branch_operator.py took 1.706 seconds
[2024-11-16T19:11:41.085+0000] {processor.py:186} INFO - Started process (PID=920) to work on /home/airflow/.local/lib/python3.12/site-packages/airflow/example_dags/example_branch_operator.py
[2024-11-16T19:11:41.089+0000] {processor.py:914} INFO - Processing file /home/airflow/.local/lib/python3.12/site-packages/airflow/example_dags/example_branch_operator.py for tasks to queue
[2024-11-16T19:11:41.117+0000] {logging_mixin.py:190} INFO - [2024-11-16T19:11:41.116+0000] {dagbag.py:588} INFO - Filling up the DagBag from /home/airflow/.local/lib/python3.12/site-packages/airflow/example_dags/example_branch_operator.py
[2024-11-16T19:11:41.325+0000] {processor.py:925} INFO - DAG(s) 'example_branch_operator' retrieved from /home/airflow/.local/lib/python3.12/site-packages/airflow/example_dags/example_branch_operator.py
[2024-11-16T19:11:41.668+0000] {logging_mixin.py:190} INFO - [2024-11-16T19:11:41.667+0000] {dag.py:3239} INFO - Sync 1 DAGs
[2024-11-16T19:11:42.095+0000] {logging_mixin.py:190} INFO - [2024-11-16T19:11:42.094+0000] {dag.py:4180} INFO - Setting next_dagrun for example_branch_operator to 2024-11-15 00:00:00+00:00, run_after=2024-11-16 00:00:00+00:00
[2024-11-16T19:11:42.290+0000] {processor.py:208} INFO - Processing /home/airflow/.local/lib/python3.12/site-packages/airflow/example_dags/example_branch_operator.py took 1.257 seconds
[2024-11-16T19:12:43.076+0000] {processor.py:186} INFO - Started process (PID=991) to work on /home/airflow/.local/lib/python3.12/site-packages/airflow/example_dags/example_branch_operator.py
[2024-11-16T19:12:43.079+0000] {processor.py:914} INFO - Processing file /home/airflow/.local/lib/python3.12/site-packages/airflow/example_dags/example_branch_operator.py for tasks to queue
[2024-11-16T19:12:43.088+0000] {logging_mixin.py:190} INFO - [2024-11-16T19:12:43.087+0000] {dagbag.py:588} INFO - Filling up the DagBag from /home/airflow/.local/lib/python3.12/site-packages/airflow/example_dags/example_branch_operator.py
[2024-11-16T19:12:43.233+0000] {processor.py:925} INFO - DAG(s) 'example_branch_operator' retrieved from /home/airflow/.local/lib/python3.12/site-packages/airflow/example_dags/example_branch_operator.py
[2024-11-16T19:12:43.393+0000] {logging_mixin.py:190} INFO - [2024-11-16T19:12:43.392+0000] {dag.py:3239} INFO - Sync 1 DAGs
[2024-11-16T19:12:43.485+0000] {logging_mixin.py:190} INFO - [2024-11-16T19:12:43.484+0000] {dag.py:4180} INFO - Setting next_dagrun for example_branch_operator to 2024-11-15 00:00:00+00:00, run_after=2024-11-16 00:00:00+00:00
[2024-11-16T19:12:43.581+0000] {processor.py:208} INFO - Processing /home/airflow/.local/lib/python3.12/site-packages/airflow/example_dags/example_branch_operator.py took 0.527 seconds
[2024-11-16T19:13:16.026+0000] {processor.py:186} INFO - Started process (PID=1054) to work on /home/airflow/.local/lib/python3.12/site-packages/airflow/example_dags/example_branch_operator.py
[2024-11-16T19:13:16.031+0000] {processor.py:914} INFO - Processing file /home/airflow/.local/lib/python3.12/site-packages/airflow/example_dags/example_branch_operator.py for tasks to queue
[2024-11-16T19:13:16.081+0000] {logging_mixin.py:190} INFO - [2024-11-16T19:13:16.080+0000] {dagbag.py:588} INFO - Filling up the DagBag from /home/airflow/.local/lib/python3.12/site-packages/airflow/example_dags/example_branch_operator.py
[2024-11-16T19:13:16.313+0000] {processor.py:925} INFO - DAG(s) 'example_branch_operator' retrieved from /home/airflow/.local/lib/python3.12/site-packages/airflow/example_dags/example_branch_operator.py
[2024-11-16T19:13:16.508+0000] {logging_mixin.py:190} INFO - [2024-11-16T19:13:16.507+0000] {dag.py:3239} INFO - Sync 1 DAGs
[2024-11-16T19:13:16.584+0000] {logging_mixin.py:190} INFO - [2024-11-16T19:13:16.583+0000] {dag.py:4180} INFO - Setting next_dagrun for example_branch_operator to 2024-11-15 00:00:00+00:00, run_after=2024-11-16 00:00:00+00:00
[2024-11-16T19:13:16.632+0000] {processor.py:208} INFO - Processing /home/airflow/.local/lib/python3.12/site-packages/airflow/example_dags/example_branch_operator.py took 0.664 seconds
[2024-11-16T19:13:57.688+0000] {processor.py:186} INFO - Started process (PID=1123) to work on /home/airflow/.local/lib/python3.12/site-packages/airflow/example_dags/example_branch_operator.py
[2024-11-16T19:13:57.690+0000] {processor.py:914} INFO - Processing file /home/airflow/.local/lib/python3.12/site-packages/airflow/example_dags/example_branch_operator.py for tasks to queue
[2024-11-16T19:13:57.698+0000] {logging_mixin.py:190} INFO - [2024-11-16T19:13:57.697+0000] {dagbag.py:588} INFO - Filling up the DagBag from /home/airflow/.local/lib/python3.12/site-packages/airflow/example_dags/example_branch_operator.py
[2024-11-16T19:13:57.748+0000] {processor.py:925} INFO - DAG(s) 'example_branch_operator' retrieved from /home/airflow/.local/lib/python3.12/site-packages/airflow/example_dags/example_branch_operator.py
[2024-11-16T19:13:57.831+0000] {logging_mixin.py:190} INFO - [2024-11-16T19:13:57.831+0000] {dag.py:3239} INFO - Sync 1 DAGs
[2024-11-16T19:13:57.893+0000] {logging_mixin.py:190} INFO - [2024-11-16T19:13:57.892+0000] {dag.py:4180} INFO - Setting next_dagrun for example_branch_operator to 2024-11-15 00:00:00+00:00, run_after=2024-11-16 00:00:00+00:00
[2024-11-16T19:13:57.941+0000] {processor.py:208} INFO - Processing /home/airflow/.local/lib/python3.12/site-packages/airflow/example_dags/example_branch_operator.py took 0.270 seconds
[2024-11-16T19:14:30.257+0000] {processor.py:186} INFO - Started process (PID=1188) to work on /home/airflow/.local/lib/python3.12/site-packages/airflow/example_dags/example_branch_operator.py
[2024-11-16T19:14:30.259+0000] {processor.py:914} INFO - Processing file /home/airflow/.local/lib/python3.12/site-packages/airflow/example_dags/example_branch_operator.py for tasks to queue
[2024-11-16T19:14:30.265+0000] {logging_mixin.py:190} INFO - [2024-11-16T19:14:30.264+0000] {dagbag.py:588} INFO - Filling up the DagBag from /home/airflow/.local/lib/python3.12/site-packages/airflow/example_dags/example_branch_operator.py
[2024-11-16T19:14:30.315+0000] {processor.py:925} INFO - DAG(s) 'example_branch_operator' retrieved from /home/airflow/.local/lib/python3.12/site-packages/airflow/example_dags/example_branch_operator.py
[2024-11-16T19:14:30.443+0000] {logging_mixin.py:190} INFO - [2024-11-16T19:14:30.442+0000] {dag.py:3239} INFO - Sync 1 DAGs
[2024-11-16T19:14:30.537+0000] {logging_mixin.py:190} INFO - [2024-11-16T19:14:30.536+0000] {dag.py:4180} INFO - Setting next_dagrun for example_branch_operator to 2024-11-15 00:00:00+00:00, run_after=2024-11-16 00:00:00+00:00
[2024-11-16T19:14:30.683+0000] {processor.py:208} INFO - Processing /home/airflow/.local/lib/python3.12/site-packages/airflow/example_dags/example_branch_operator.py took 0.445 seconds
[2024-11-16T19:15:07.259+0000] {processor.py:186} INFO - Started process (PID=1250) to work on /home/airflow/.local/lib/python3.12/site-packages/airflow/example_dags/example_branch_operator.py
[2024-11-16T19:15:07.261+0000] {processor.py:914} INFO - Processing file /home/airflow/.local/lib/python3.12/site-packages/airflow/example_dags/example_branch_operator.py for tasks to queue
[2024-11-16T19:15:07.272+0000] {logging_mixin.py:190} INFO - [2024-11-16T19:15:07.268+0000] {dagbag.py:588} INFO - Filling up the DagBag from /home/airflow/.local/lib/python3.12/site-packages/airflow/example_dags/example_branch_operator.py
[2024-11-16T19:15:07.342+0000] {processor.py:925} INFO - DAG(s) 'example_branch_operator' retrieved from /home/airflow/.local/lib/python3.12/site-packages/airflow/example_dags/example_branch_operator.py
[2024-11-16T19:15:07.453+0000] {logging_mixin.py:190} INFO - [2024-11-16T19:15:07.452+0000] {dag.py:3239} INFO - Sync 1 DAGs
[2024-11-16T19:15:07.592+0000] {logging_mixin.py:190} INFO - [2024-11-16T19:15:07.591+0000] {dag.py:4180} INFO - Setting next_dagrun for example_branch_operator to 2024-11-15 00:00:00+00:00, run_after=2024-11-16 00:00:00+00:00
[2024-11-16T19:15:07.676+0000] {processor.py:208} INFO - Processing /home/airflow/.local/lib/python3.12/site-packages/airflow/example_dags/example_branch_operator.py took 0.445 seconds
[2024-11-16T19:15:38.879+0000] {processor.py:186} INFO - Started process (PID=1314) to work on /home/airflow/.local/lib/python3.12/site-packages/airflow/example_dags/example_branch_operator.py
[2024-11-16T19:15:38.881+0000] {processor.py:914} INFO - Processing file /home/airflow/.local/lib/python3.12/site-packages/airflow/example_dags/example_branch_operator.py for tasks to queue
[2024-11-16T19:15:38.886+0000] {logging_mixin.py:190} INFO - [2024-11-16T19:15:38.885+0000] {dagbag.py:588} INFO - Filling up the DagBag from /home/airflow/.local/lib/python3.12/site-packages/airflow/example_dags/example_branch_operator.py
[2024-11-16T19:15:38.925+0000] {processor.py:925} INFO - DAG(s) 'example_branch_operator' retrieved from /home/airflow/.local/lib/python3.12/site-packages/airflow/example_dags/example_branch_operator.py
[2024-11-16T19:15:38.998+0000] {logging_mixin.py:190} INFO - [2024-11-16T19:15:38.997+0000] {dag.py:3239} INFO - Sync 1 DAGs
[2024-11-16T19:15:39.042+0000] {logging_mixin.py:190} INFO - [2024-11-16T19:15:39.042+0000] {dag.py:4180} INFO - Setting next_dagrun for example_branch_operator to 2024-11-15 00:00:00+00:00, run_after=2024-11-16 00:00:00+00:00
[2024-11-16T19:15:39.087+0000] {processor.py:208} INFO - Processing /home/airflow/.local/lib/python3.12/site-packages/airflow/example_dags/example_branch_operator.py took 0.229 seconds
[2024-11-16T19:16:09.827+0000] {processor.py:186} INFO - Started process (PID=1378) to work on /home/airflow/.local/lib/python3.12/site-packages/airflow/example_dags/example_branch_operator.py
[2024-11-16T19:16:09.835+0000] {processor.py:914} INFO - Processing file /home/airflow/.local/lib/python3.12/site-packages/airflow/example_dags/example_branch_operator.py for tasks to queue
[2024-11-16T19:16:09.858+0000] {logging_mixin.py:190} INFO - [2024-11-16T19:16:09.857+0000] {dagbag.py:588} INFO - Filling up the DagBag from /home/airflow/.local/lib/python3.12/site-packages/airflow/example_dags/example_branch_operator.py
[2024-11-16T19:16:09.958+0000] {processor.py:925} INFO - DAG(s) 'example_branch_operator' retrieved from /home/airflow/.local/lib/python3.12/site-packages/airflow/example_dags/example_branch_operator.py
[2024-11-16T19:16:10.124+0000] {logging_mixin.py:190} INFO - [2024-11-16T19:16:10.123+0000] {dag.py:3239} INFO - Sync 1 DAGs
[2024-11-16T19:16:10.324+0000] {logging_mixin.py:190} INFO - [2024-11-16T19:16:10.323+0000] {dag.py:4180} INFO - Setting next_dagrun for example_branch_operator to 2024-11-15 00:00:00+00:00, run_after=2024-11-16 00:00:00+00:00
[2024-11-16T19:16:10.393+0000] {processor.py:208} INFO - Processing /home/airflow/.local/lib/python3.12/site-packages/airflow/example_dags/example_branch_operator.py took 0.676 seconds
[2024-11-16T19:16:40.502+0000] {processor.py:186} INFO - Started process (PID=1441) to work on /home/airflow/.local/lib/python3.12/site-packages/airflow/example_dags/example_branch_operator.py
[2024-11-16T19:16:40.504+0000] {processor.py:914} INFO - Processing file /home/airflow/.local/lib/python3.12/site-packages/airflow/example_dags/example_branch_operator.py for tasks to queue
[2024-11-16T19:16:40.509+0000] {logging_mixin.py:190} INFO - [2024-11-16T19:16:40.509+0000] {dagbag.py:588} INFO - Filling up the DagBag from /home/airflow/.local/lib/python3.12/site-packages/airflow/example_dags/example_branch_operator.py
[2024-11-16T19:16:40.548+0000] {processor.py:925} INFO - DAG(s) 'example_branch_operator' retrieved from /home/airflow/.local/lib/python3.12/site-packages/airflow/example_dags/example_branch_operator.py
[2024-11-16T19:16:40.637+0000] {logging_mixin.py:190} INFO - [2024-11-16T19:16:40.637+0000] {dag.py:3239} INFO - Sync 1 DAGs
[2024-11-16T19:16:40.698+0000] {logging_mixin.py:190} INFO - [2024-11-16T19:16:40.698+0000] {dag.py:4180} INFO - Setting next_dagrun for example_branch_operator to 2024-11-15 00:00:00+00:00, run_after=2024-11-16 00:00:00+00:00
[2024-11-16T19:16:40.754+0000] {processor.py:208} INFO - Processing /home/airflow/.local/lib/python3.12/site-packages/airflow/example_dags/example_branch_operator.py took 0.265 seconds
[2024-11-16T19:17:12.181+0000] {processor.py:186} INFO - Started process (PID=1504) to work on /home/airflow/.local/lib/python3.12/site-packages/airflow/example_dags/example_branch_operator.py
[2024-11-16T19:17:12.184+0000] {processor.py:914} INFO - Processing file /home/airflow/.local/lib/python3.12/site-packages/airflow/example_dags/example_branch_operator.py for tasks to queue
[2024-11-16T19:17:12.191+0000] {logging_mixin.py:190} INFO - [2024-11-16T19:17:12.190+0000] {dagbag.py:588} INFO - Filling up the DagBag from /home/airflow/.local/lib/python3.12/site-packages/airflow/example_dags/example_branch_operator.py
[2024-11-16T19:17:12.278+0000] {processor.py:925} INFO - DAG(s) 'example_branch_operator' retrieved from /home/airflow/.local/lib/python3.12/site-packages/airflow/example_dags/example_branch_operator.py
[2024-11-16T19:17:12.386+0000] {logging_mixin.py:190} INFO - [2024-11-16T19:17:12.386+0000] {dag.py:3239} INFO - Sync 1 DAGs
[2024-11-16T19:17:12.563+0000] {logging_mixin.py:190} INFO - [2024-11-16T19:17:12.562+0000] {dag.py:4180} INFO - Setting next_dagrun for example_branch_operator to 2024-11-15 00:00:00+00:00, run_after=2024-11-16 00:00:00+00:00
[2024-11-16T19:17:12.638+0000] {processor.py:208} INFO - Processing /home/airflow/.local/lib/python3.12/site-packages/airflow/example_dags/example_branch_operator.py took 0.486 seconds
