[2024-11-16T18:59:32.881+0000] {processor.py:186} INFO - Started process (PID=108) to work on /home/airflow/.local/lib/python3.12/site-packages/airflow/example_dags/example_datasets.py
[2024-11-16T18:59:32.884+0000] {processor.py:914} INFO - Processing file /home/airflow/.local/lib/python3.12/site-packages/airflow/example_dags/example_datasets.py for tasks to queue
[2024-11-16T18:59:32.891+0000] {logging_mixin.py:190} INFO - [2024-11-16T18:59:32.890+0000] {dagbag.py:588} INFO - Filling up the DagBag from /home/airflow/.local/lib/python3.12/site-packages/airflow/example_dags/example_datasets.py
[2024-11-16T18:59:36.811+0000] {processor.py:925} INFO - DAG(s) 'consume_1_and_2_with_dataset_expressions', 'dataset_consumes_1_and_2', 'dataset_consumes_1', 'dataset_produces_2', 'consume_1_or_2_with_dataset_expressions', 'consume_1_or_both_2_and_3_with_dataset_expressions', 'dataset_consumes_1_never_scheduled', 'dataset_consumes_unknown_never_scheduled', 'conditional_dataset_and_time_based_timetable', 'dataset_produces_1' retrieved from /home/airflow/.local/lib/python3.12/site-packages/airflow/example_dags/example_datasets.py
[2024-11-16T18:59:37.229+0000] {logging_mixin.py:190} INFO - [2024-11-16T18:59:37.227+0000] {override.py:1911} INFO - Created Permission View: can delete on DAG:consume_1_and_2_with_dataset_expressions
[2024-11-16T18:59:37.261+0000] {logging_mixin.py:190} INFO - [2024-11-16T18:59:37.261+0000] {override.py:1911} INFO - Created Permission View: can edit on DAG:consume_1_and_2_with_dataset_expressions
[2024-11-16T18:59:37.280+0000] {logging_mixin.py:190} INFO - [2024-11-16T18:59:37.279+0000] {override.py:1911} INFO - Created Permission View: can read on DAG:consume_1_and_2_with_dataset_expressions
[2024-11-16T18:59:37.297+0000] {logging_mixin.py:190} INFO - [2024-11-16T18:59:37.296+0000] {override.py:1911} INFO - Created Permission View: menu access on DAG Run:consume_1_and_2_with_dataset_expressions
[2024-11-16T18:59:37.342+0000] {logging_mixin.py:190} INFO - [2024-11-16T18:59:37.341+0000] {override.py:1911} INFO - Created Permission View: can delete on DAG Run:consume_1_and_2_with_dataset_expressions
[2024-11-16T18:59:37.405+0000] {logging_mixin.py:190} INFO - [2024-11-16T18:59:37.404+0000] {override.py:1911} INFO - Created Permission View: can read on DAG Run:consume_1_and_2_with_dataset_expressions
[2024-11-16T18:59:37.458+0000] {logging_mixin.py:190} INFO - [2024-11-16T18:59:37.457+0000] {override.py:1911} INFO - Created Permission View: can create on DAG Run:consume_1_and_2_with_dataset_expressions
[2024-11-16T18:59:37.521+0000] {logging_mixin.py:190} INFO - [2024-11-16T18:59:37.520+0000] {override.py:1911} INFO - Created Permission View: can delete on DAG:dataset_consumes_1_and_2
[2024-11-16T18:59:37.549+0000] {logging_mixin.py:190} INFO - [2024-11-16T18:59:37.549+0000] {override.py:1911} INFO - Created Permission View: can edit on DAG:dataset_consumes_1_and_2
[2024-11-16T18:59:37.567+0000] {logging_mixin.py:190} INFO - [2024-11-16T18:59:37.566+0000] {override.py:1911} INFO - Created Permission View: can read on DAG:dataset_consumes_1_and_2
[2024-11-16T18:59:37.586+0000] {logging_mixin.py:190} INFO - [2024-11-16T18:59:37.586+0000] {override.py:1911} INFO - Created Permission View: menu access on DAG Run:dataset_consumes_1_and_2
[2024-11-16T18:59:37.605+0000] {logging_mixin.py:190} INFO - [2024-11-16T18:59:37.604+0000] {override.py:1911} INFO - Created Permission View: can delete on DAG Run:dataset_consumes_1_and_2
[2024-11-16T18:59:37.621+0000] {logging_mixin.py:190} INFO - [2024-11-16T18:59:37.620+0000] {override.py:1911} INFO - Created Permission View: can read on DAG Run:dataset_consumes_1_and_2
[2024-11-16T18:59:37.639+0000] {logging_mixin.py:190} INFO - [2024-11-16T18:59:37.638+0000] {override.py:1911} INFO - Created Permission View: can create on DAG Run:dataset_consumes_1_and_2
[2024-11-16T18:59:37.674+0000] {logging_mixin.py:190} INFO - [2024-11-16T18:59:37.673+0000] {override.py:1911} INFO - Created Permission View: can delete on DAG:dataset_consumes_1
[2024-11-16T18:59:37.693+0000] {logging_mixin.py:190} INFO - [2024-11-16T18:59:37.692+0000] {override.py:1911} INFO - Created Permission View: can edit on DAG:dataset_consumes_1
[2024-11-16T18:59:37.711+0000] {logging_mixin.py:190} INFO - [2024-11-16T18:59:37.710+0000] {override.py:1911} INFO - Created Permission View: can read on DAG:dataset_consumes_1
[2024-11-16T18:59:37.729+0000] {logging_mixin.py:190} INFO - [2024-11-16T18:59:37.728+0000] {override.py:1911} INFO - Created Permission View: menu access on DAG Run:dataset_consumes_1
[2024-11-16T18:59:37.748+0000] {logging_mixin.py:190} INFO - [2024-11-16T18:59:37.747+0000] {override.py:1911} INFO - Created Permission View: can delete on DAG Run:dataset_consumes_1
[2024-11-16T18:59:37.765+0000] {logging_mixin.py:190} INFO - [2024-11-16T18:59:37.765+0000] {override.py:1911} INFO - Created Permission View: can read on DAG Run:dataset_consumes_1
[2024-11-16T18:59:37.783+0000] {logging_mixin.py:190} INFO - [2024-11-16T18:59:37.783+0000] {override.py:1911} INFO - Created Permission View: can create on DAG Run:dataset_consumes_1
[2024-11-16T18:59:37.827+0000] {logging_mixin.py:190} INFO - [2024-11-16T18:59:37.826+0000] {override.py:1911} INFO - Created Permission View: can delete on DAG:dataset_produces_2
[2024-11-16T18:59:37.852+0000] {logging_mixin.py:190} INFO - [2024-11-16T18:59:37.851+0000] {override.py:1911} INFO - Created Permission View: can edit on DAG:dataset_produces_2
[2024-11-16T18:59:37.873+0000] {logging_mixin.py:190} INFO - [2024-11-16T18:59:37.872+0000] {override.py:1911} INFO - Created Permission View: can read on DAG:dataset_produces_2
[2024-11-16T18:59:37.895+0000] {logging_mixin.py:190} INFO - [2024-11-16T18:59:37.889+0000] {override.py:1911} INFO - Created Permission View: menu access on DAG Run:dataset_produces_2
[2024-11-16T18:59:37.949+0000] {logging_mixin.py:190} INFO - [2024-11-16T18:59:37.948+0000] {override.py:1911} INFO - Created Permission View: can delete on DAG Run:dataset_produces_2
[2024-11-16T18:59:37.988+0000] {logging_mixin.py:190} INFO - [2024-11-16T18:59:37.987+0000] {override.py:1911} INFO - Created Permission View: can read on DAG Run:dataset_produces_2
[2024-11-16T18:59:38.007+0000] {logging_mixin.py:190} INFO - [2024-11-16T18:59:38.007+0000] {override.py:1911} INFO - Created Permission View: can create on DAG Run:dataset_produces_2
[2024-11-16T18:59:38.040+0000] {logging_mixin.py:190} INFO - [2024-11-16T18:59:38.040+0000] {override.py:1911} INFO - Created Permission View: can delete on DAG:consume_1_or_2_with_dataset_expressions
[2024-11-16T18:59:38.062+0000] {logging_mixin.py:190} INFO - [2024-11-16T18:59:38.061+0000] {override.py:1911} INFO - Created Permission View: can edit on DAG:consume_1_or_2_with_dataset_expressions
[2024-11-16T18:59:38.080+0000] {logging_mixin.py:190} INFO - [2024-11-16T18:59:38.080+0000] {override.py:1911} INFO - Created Permission View: can read on DAG:consume_1_or_2_with_dataset_expressions
[2024-11-16T18:59:38.099+0000] {logging_mixin.py:190} INFO - [2024-11-16T18:59:38.099+0000] {override.py:1911} INFO - Created Permission View: menu access on DAG Run:consume_1_or_2_with_dataset_expressions
[2024-11-16T18:59:38.118+0000] {logging_mixin.py:190} INFO - [2024-11-16T18:59:38.117+0000] {override.py:1911} INFO - Created Permission View: can delete on DAG Run:consume_1_or_2_with_dataset_expressions
[2024-11-16T18:59:38.133+0000] {logging_mixin.py:190} INFO - [2024-11-16T18:59:38.133+0000] {override.py:1911} INFO - Created Permission View: can read on DAG Run:consume_1_or_2_with_dataset_expressions
[2024-11-16T18:59:38.151+0000] {logging_mixin.py:190} INFO - [2024-11-16T18:59:38.150+0000] {override.py:1911} INFO - Created Permission View: can create on DAG Run:consume_1_or_2_with_dataset_expressions
[2024-11-16T18:59:38.191+0000] {logging_mixin.py:190} INFO - [2024-11-16T18:59:38.190+0000] {override.py:1911} INFO - Created Permission View: can delete on DAG:consume_1_or_both_2_and_3_with_dataset_expressions
[2024-11-16T18:59:38.215+0000] {logging_mixin.py:190} INFO - [2024-11-16T18:59:38.214+0000] {override.py:1911} INFO - Created Permission View: can edit on DAG:consume_1_or_both_2_and_3_with_dataset_expressions
[2024-11-16T18:59:38.239+0000] {logging_mixin.py:190} INFO - [2024-11-16T18:59:38.238+0000] {override.py:1911} INFO - Created Permission View: can read on DAG:consume_1_or_both_2_and_3_with_dataset_expressions
[2024-11-16T18:59:38.257+0000] {logging_mixin.py:190} INFO - [2024-11-16T18:59:38.256+0000] {override.py:1911} INFO - Created Permission View: menu access on DAG Run:consume_1_or_both_2_and_3_with_dataset_expressions
[2024-11-16T18:59:38.280+0000] {logging_mixin.py:190} INFO - [2024-11-16T18:59:38.279+0000] {override.py:1911} INFO - Created Permission View: can delete on DAG Run:consume_1_or_both_2_and_3_with_dataset_expressions
[2024-11-16T18:59:38.297+0000] {logging_mixin.py:190} INFO - [2024-11-16T18:59:38.296+0000] {override.py:1911} INFO - Created Permission View: can read on DAG Run:consume_1_or_both_2_and_3_with_dataset_expressions
[2024-11-16T18:59:38.316+0000] {logging_mixin.py:190} INFO - [2024-11-16T18:59:38.316+0000] {override.py:1911} INFO - Created Permission View: can create on DAG Run:consume_1_or_both_2_and_3_with_dataset_expressions
[2024-11-16T18:59:38.348+0000] {logging_mixin.py:190} INFO - [2024-11-16T18:59:38.347+0000] {override.py:1911} INFO - Created Permission View: can delete on DAG:dataset_consumes_1_never_scheduled
[2024-11-16T18:59:38.366+0000] {logging_mixin.py:190} INFO - [2024-11-16T18:59:38.365+0000] {override.py:1911} INFO - Created Permission View: can edit on DAG:dataset_consumes_1_never_scheduled
[2024-11-16T18:59:38.387+0000] {logging_mixin.py:190} INFO - [2024-11-16T18:59:38.386+0000] {override.py:1911} INFO - Created Permission View: can read on DAG:dataset_consumes_1_never_scheduled
[2024-11-16T18:59:38.405+0000] {logging_mixin.py:190} INFO - [2024-11-16T18:59:38.405+0000] {override.py:1911} INFO - Created Permission View: menu access on DAG Run:dataset_consumes_1_never_scheduled
[2024-11-16T18:59:38.427+0000] {logging_mixin.py:190} INFO - [2024-11-16T18:59:38.426+0000] {override.py:1911} INFO - Created Permission View: can delete on DAG Run:dataset_consumes_1_never_scheduled
[2024-11-16T18:59:38.445+0000] {logging_mixin.py:190} INFO - [2024-11-16T18:59:38.445+0000] {override.py:1911} INFO - Created Permission View: can read on DAG Run:dataset_consumes_1_never_scheduled
[2024-11-16T18:59:38.463+0000] {logging_mixin.py:190} INFO - [2024-11-16T18:59:38.463+0000] {override.py:1911} INFO - Created Permission View: can create on DAG Run:dataset_consumes_1_never_scheduled
[2024-11-16T18:59:38.496+0000] {logging_mixin.py:190} INFO - [2024-11-16T18:59:38.495+0000] {override.py:1911} INFO - Created Permission View: can delete on DAG:dataset_consumes_unknown_never_scheduled
[2024-11-16T18:59:38.518+0000] {logging_mixin.py:190} INFO - [2024-11-16T18:59:38.517+0000] {override.py:1911} INFO - Created Permission View: can edit on DAG:dataset_consumes_unknown_never_scheduled
[2024-11-16T18:59:38.553+0000] {logging_mixin.py:190} INFO - [2024-11-16T18:59:38.552+0000] {override.py:1911} INFO - Created Permission View: can read on DAG:dataset_consumes_unknown_never_scheduled
[2024-11-16T18:59:38.592+0000] {logging_mixin.py:190} INFO - [2024-11-16T18:59:38.590+0000] {override.py:1911} INFO - Created Permission View: menu access on DAG Run:dataset_consumes_unknown_never_scheduled
[2024-11-16T18:59:38.616+0000] {logging_mixin.py:190} INFO - [2024-11-16T18:59:38.616+0000] {override.py:1911} INFO - Created Permission View: can delete on DAG Run:dataset_consumes_unknown_never_scheduled
[2024-11-16T18:59:38.640+0000] {logging_mixin.py:190} INFO - [2024-11-16T18:59:38.639+0000] {override.py:1911} INFO - Created Permission View: can read on DAG Run:dataset_consumes_unknown_never_scheduled
[2024-11-16T18:59:38.659+0000] {logging_mixin.py:190} INFO - [2024-11-16T18:59:38.658+0000] {override.py:1911} INFO - Created Permission View: can create on DAG Run:dataset_consumes_unknown_never_scheduled
[2024-11-16T18:59:38.714+0000] {logging_mixin.py:190} INFO - [2024-11-16T18:59:38.712+0000] {override.py:1911} INFO - Created Permission View: can delete on DAG:conditional_dataset_and_time_based_timetable
[2024-11-16T18:59:38.752+0000] {logging_mixin.py:190} INFO - [2024-11-16T18:59:38.751+0000] {override.py:1911} INFO - Created Permission View: can edit on DAG:conditional_dataset_and_time_based_timetable
[2024-11-16T18:59:38.798+0000] {logging_mixin.py:190} INFO - [2024-11-16T18:59:38.793+0000] {override.py:1911} INFO - Created Permission View: can read on DAG:conditional_dataset_and_time_based_timetable
[2024-11-16T18:59:38.864+0000] {logging_mixin.py:190} INFO - [2024-11-16T18:59:38.863+0000] {override.py:1911} INFO - Created Permission View: menu access on DAG Run:conditional_dataset_and_time_based_timetable
[2024-11-16T18:59:38.909+0000] {logging_mixin.py:190} INFO - [2024-11-16T18:59:38.908+0000] {override.py:1911} INFO - Created Permission View: can delete on DAG Run:conditional_dataset_and_time_based_timetable
[2024-11-16T18:59:38.952+0000] {logging_mixin.py:190} INFO - [2024-11-16T18:59:38.951+0000] {override.py:1911} INFO - Created Permission View: can read on DAG Run:conditional_dataset_and_time_based_timetable
[2024-11-16T18:59:39.004+0000] {logging_mixin.py:190} INFO - [2024-11-16T18:59:39.003+0000] {override.py:1911} INFO - Created Permission View: can create on DAG Run:conditional_dataset_and_time_based_timetable
[2024-11-16T18:59:39.053+0000] {logging_mixin.py:190} INFO - [2024-11-16T18:59:39.052+0000] {override.py:1911} INFO - Created Permission View: can delete on DAG:dataset_produces_1
[2024-11-16T18:59:39.089+0000] {logging_mixin.py:190} INFO - [2024-11-16T18:59:39.088+0000] {override.py:1911} INFO - Created Permission View: can edit on DAG:dataset_produces_1
[2024-11-16T18:59:39.107+0000] {logging_mixin.py:190} INFO - [2024-11-16T18:59:39.106+0000] {override.py:1911} INFO - Created Permission View: can read on DAG:dataset_produces_1
[2024-11-16T18:59:39.134+0000] {logging_mixin.py:190} INFO - [2024-11-16T18:59:39.133+0000] {override.py:1911} INFO - Created Permission View: menu access on DAG Run:dataset_produces_1
[2024-11-16T18:59:39.154+0000] {logging_mixin.py:190} INFO - [2024-11-16T18:59:39.154+0000] {override.py:1911} INFO - Created Permission View: can delete on DAG Run:dataset_produces_1
[2024-11-16T18:59:39.170+0000] {logging_mixin.py:190} INFO - [2024-11-16T18:59:39.169+0000] {override.py:1911} INFO - Created Permission View: can read on DAG Run:dataset_produces_1
[2024-11-16T18:59:39.185+0000] {logging_mixin.py:190} INFO - [2024-11-16T18:59:39.184+0000] {override.py:1911} INFO - Created Permission View: can create on DAG Run:dataset_produces_1
[2024-11-16T18:59:39.187+0000] {logging_mixin.py:190} INFO - [2024-11-16T18:59:39.186+0000] {dag.py:3239} INFO - Sync 10 DAGs
[2024-11-16T18:59:39.222+0000] {logging_mixin.py:190} INFO - [2024-11-16T18:59:39.221+0000] {dag.py:3262} INFO - Creating ORM DAG for dataset_consumes_1_never_scheduled
[2024-11-16T18:59:39.224+0000] {logging_mixin.py:190} INFO - [2024-11-16T18:59:39.224+0000] {dag.py:3262} INFO - Creating ORM DAG for dataset_consumes_1
[2024-11-16T18:59:39.227+0000] {logging_mixin.py:190} INFO - [2024-11-16T18:59:39.226+0000] {dag.py:3262} INFO - Creating ORM DAG for dataset_produces_1
[2024-11-16T18:59:39.229+0000] {logging_mixin.py:190} INFO - [2024-11-16T18:59:39.229+0000] {dag.py:3262} INFO - Creating ORM DAG for consume_1_or_both_2_and_3_with_dataset_expressions
[2024-11-16T18:59:39.232+0000] {logging_mixin.py:190} INFO - [2024-11-16T18:59:39.231+0000] {dag.py:3262} INFO - Creating ORM DAG for dataset_consumes_1_and_2
[2024-11-16T18:59:39.238+0000] {logging_mixin.py:190} INFO - [2024-11-16T18:59:39.238+0000] {dag.py:3262} INFO - Creating ORM DAG for dataset_produces_2
[2024-11-16T18:59:39.241+0000] {logging_mixin.py:190} INFO - [2024-11-16T18:59:39.241+0000] {dag.py:3262} INFO - Creating ORM DAG for conditional_dataset_and_time_based_timetable
[2024-11-16T18:59:39.244+0000] {logging_mixin.py:190} INFO - [2024-11-16T18:59:39.243+0000] {dag.py:3262} INFO - Creating ORM DAG for dataset_consumes_unknown_never_scheduled
[2024-11-16T18:59:39.247+0000] {logging_mixin.py:190} INFO - [2024-11-16T18:59:39.246+0000] {dag.py:3262} INFO - Creating ORM DAG for consume_1_or_2_with_dataset_expressions
[2024-11-16T18:59:39.250+0000] {logging_mixin.py:190} INFO - [2024-11-16T18:59:39.250+0000] {dag.py:3262} INFO - Creating ORM DAG for consume_1_and_2_with_dataset_expressions
[2024-11-16T18:59:39.281+0000] {logging_mixin.py:190} INFO - [2024-11-16T18:59:39.281+0000] {dag.py:4180} INFO - Setting next_dagrun for conditional_dataset_and_time_based_timetable to 2024-11-13 01:00:00+00:00, run_after=2024-11-13 01:00:00+00:00
[2024-11-16T18:59:39.283+0000] {logging_mixin.py:190} INFO - [2024-11-16T18:59:39.283+0000] {dag.py:4180} INFO - Setting next_dagrun for consume_1_and_2_with_dataset_expressions to None, run_after=None
[2024-11-16T18:59:39.285+0000] {logging_mixin.py:190} INFO - [2024-11-16T18:59:39.284+0000] {dag.py:4180} INFO - Setting next_dagrun for consume_1_or_2_with_dataset_expressions to None, run_after=None
[2024-11-16T18:59:39.287+0000] {logging_mixin.py:190} INFO - [2024-11-16T18:59:39.286+0000] {dag.py:4180} INFO - Setting next_dagrun for consume_1_or_both_2_and_3_with_dataset_expressions to None, run_after=None
[2024-11-16T18:59:39.289+0000] {logging_mixin.py:190} INFO - [2024-11-16T18:59:39.288+0000] {dag.py:4180} INFO - Setting next_dagrun for dataset_consumes_1 to None, run_after=None
[2024-11-16T18:59:39.291+0000] {logging_mixin.py:190} INFO - [2024-11-16T18:59:39.291+0000] {dag.py:4180} INFO - Setting next_dagrun for dataset_consumes_1_and_2 to None, run_after=None
[2024-11-16T18:59:39.295+0000] {logging_mixin.py:190} INFO - [2024-11-16T18:59:39.294+0000] {dag.py:4180} INFO - Setting next_dagrun for dataset_consumes_1_never_scheduled to None, run_after=None
[2024-11-16T18:59:39.297+0000] {logging_mixin.py:190} INFO - [2024-11-16T18:59:39.296+0000] {dag.py:4180} INFO - Setting next_dagrun for dataset_consumes_unknown_never_scheduled to None, run_after=None
[2024-11-16T18:59:39.304+0000] {logging_mixin.py:190} INFO - [2024-11-16T18:59:39.303+0000] {dag.py:4180} INFO - Setting next_dagrun for dataset_produces_1 to 2024-11-15 00:00:00+00:00, run_after=2024-11-16 00:00:00+00:00
[2024-11-16T18:59:39.306+0000] {logging_mixin.py:190} INFO - [2024-11-16T18:59:39.306+0000] {dag.py:4180} INFO - Setting next_dagrun for dataset_produces_2 to None, run_after=None
[2024-11-16T18:59:39.593+0000] {processor.py:208} INFO - Processing /home/airflow/.local/lib/python3.12/site-packages/airflow/example_dags/example_datasets.py took 6.733 seconds
[2024-11-16T19:00:33.213+0000] {processor.py:186} INFO - Started process (PID=176) to work on /home/airflow/.local/lib/python3.12/site-packages/airflow/example_dags/example_datasets.py
[2024-11-16T19:00:33.220+0000] {processor.py:914} INFO - Processing file /home/airflow/.local/lib/python3.12/site-packages/airflow/example_dags/example_datasets.py for tasks to queue
[2024-11-16T19:00:33.228+0000] {logging_mixin.py:190} INFO - [2024-11-16T19:00:33.227+0000] {dagbag.py:588} INFO - Filling up the DagBag from /home/airflow/.local/lib/python3.12/site-packages/airflow/example_dags/example_datasets.py
[2024-11-16T19:00:38.979+0000] {processor.py:925} INFO - DAG(s) 'dataset_consumes_1', 'dataset_produces_2', 'consume_1_or_2_with_dataset_expressions', 'dataset_produces_1', 'dataset_consumes_unknown_never_scheduled', 'dataset_consumes_1_never_scheduled', 'consume_1_and_2_with_dataset_expressions', 'conditional_dataset_and_time_based_timetable', 'dataset_consumes_1_and_2', 'consume_1_or_both_2_and_3_with_dataset_expressions' retrieved from /home/airflow/.local/lib/python3.12/site-packages/airflow/example_dags/example_datasets.py
[2024-11-16T19:00:39.540+0000] {logging_mixin.py:190} INFO - [2024-11-16T19:00:39.539+0000] {dag.py:3239} INFO - Sync 10 DAGs
[2024-11-16T19:00:39.679+0000] {logging_mixin.py:190} INFO - [2024-11-16T19:00:39.673+0000] {dag.py:4180} INFO - Setting next_dagrun for conditional_dataset_and_time_based_timetable to 2024-11-13 01:00:00+00:00, run_after=2024-11-13 01:00:00+00:00
[2024-11-16T19:00:39.705+0000] {logging_mixin.py:190} INFO - [2024-11-16T19:00:39.704+0000] {dag.py:4180} INFO - Setting next_dagrun for consume_1_and_2_with_dataset_expressions to None, run_after=None
[2024-11-16T19:00:39.721+0000] {logging_mixin.py:190} INFO - [2024-11-16T19:00:39.713+0000] {dag.py:4180} INFO - Setting next_dagrun for consume_1_or_2_with_dataset_expressions to None, run_after=None
[2024-11-16T19:00:39.728+0000] {logging_mixin.py:190} INFO - [2024-11-16T19:00:39.728+0000] {dag.py:4180} INFO - Setting next_dagrun for consume_1_or_both_2_and_3_with_dataset_expressions to None, run_after=None
[2024-11-16T19:00:39.738+0000] {logging_mixin.py:190} INFO - [2024-11-16T19:00:39.737+0000] {dag.py:4180} INFO - Setting next_dagrun for dataset_consumes_1 to None, run_after=None
[2024-11-16T19:00:39.752+0000] {logging_mixin.py:190} INFO - [2024-11-16T19:00:39.746+0000] {dag.py:4180} INFO - Setting next_dagrun for dataset_consumes_1_and_2 to None, run_after=None
[2024-11-16T19:00:39.757+0000] {logging_mixin.py:190} INFO - [2024-11-16T19:00:39.756+0000] {dag.py:4180} INFO - Setting next_dagrun for dataset_consumes_1_never_scheduled to None, run_after=None
[2024-11-16T19:00:39.766+0000] {logging_mixin.py:190} INFO - [2024-11-16T19:00:39.765+0000] {dag.py:4180} INFO - Setting next_dagrun for dataset_consumes_unknown_never_scheduled to None, run_after=None
[2024-11-16T19:00:39.781+0000] {logging_mixin.py:190} INFO - [2024-11-16T19:00:39.780+0000] {dag.py:4180} INFO - Setting next_dagrun for dataset_produces_1 to 2024-11-15 00:00:00+00:00, run_after=2024-11-16 00:00:00+00:00
[2024-11-16T19:00:39.786+0000] {logging_mixin.py:190} INFO - [2024-11-16T19:00:39.786+0000] {dag.py:4180} INFO - Setting next_dagrun for dataset_produces_2 to None, run_after=None
[2024-11-16T19:00:39.970+0000] {processor.py:208} INFO - Processing /home/airflow/.local/lib/python3.12/site-packages/airflow/example_dags/example_datasets.py took 6.789 seconds
[2024-11-16T19:01:10.426+0000] {processor.py:186} INFO - Started process (PID=247) to work on /home/airflow/.local/lib/python3.12/site-packages/airflow/example_dags/example_datasets.py
[2024-11-16T19:01:10.443+0000] {processor.py:914} INFO - Processing file /home/airflow/.local/lib/python3.12/site-packages/airflow/example_dags/example_datasets.py for tasks to queue
[2024-11-16T19:01:10.472+0000] {logging_mixin.py:190} INFO - [2024-11-16T19:01:10.471+0000] {dagbag.py:588} INFO - Filling up the DagBag from /home/airflow/.local/lib/python3.12/site-packages/airflow/example_dags/example_datasets.py
[2024-11-16T19:01:13.699+0000] {processor.py:925} INFO - DAG(s) 'dataset_consumes_1', 'dataset_consumes_unknown_never_scheduled', 'dataset_produces_2', 'dataset_consumes_1_never_scheduled', 'consume_1_or_2_with_dataset_expressions', 'conditional_dataset_and_time_based_timetable', 'consume_1_or_both_2_and_3_with_dataset_expressions', 'dataset_produces_1', 'consume_1_and_2_with_dataset_expressions', 'dataset_consumes_1_and_2' retrieved from /home/airflow/.local/lib/python3.12/site-packages/airflow/example_dags/example_datasets.py
[2024-11-16T19:01:14.140+0000] {logging_mixin.py:190} INFO - [2024-11-16T19:01:14.128+0000] {dag.py:3239} INFO - Sync 10 DAGs
[2024-11-16T19:01:14.420+0000] {logging_mixin.py:190} INFO - [2024-11-16T19:01:14.419+0000] {dag.py:4180} INFO - Setting next_dagrun for conditional_dataset_and_time_based_timetable to 2024-11-13 01:00:00+00:00, run_after=2024-11-13 01:00:00+00:00
[2024-11-16T19:01:14.466+0000] {logging_mixin.py:190} INFO - [2024-11-16T19:01:14.465+0000] {dag.py:4180} INFO - Setting next_dagrun for consume_1_and_2_with_dataset_expressions to None, run_after=None
[2024-11-16T19:01:14.493+0000] {logging_mixin.py:190} INFO - [2024-11-16T19:01:14.482+0000] {dag.py:4180} INFO - Setting next_dagrun for consume_1_or_2_with_dataset_expressions to None, run_after=None
[2024-11-16T19:01:14.511+0000] {logging_mixin.py:190} INFO - [2024-11-16T19:01:14.510+0000] {dag.py:4180} INFO - Setting next_dagrun for consume_1_or_both_2_and_3_with_dataset_expressions to None, run_after=None
[2024-11-16T19:01:14.527+0000] {logging_mixin.py:190} INFO - [2024-11-16T19:01:14.526+0000] {dag.py:4180} INFO - Setting next_dagrun for dataset_consumes_1 to None, run_after=None
[2024-11-16T19:01:14.544+0000] {logging_mixin.py:190} INFO - [2024-11-16T19:01:14.544+0000] {dag.py:4180} INFO - Setting next_dagrun for dataset_consumes_1_and_2 to None, run_after=None
[2024-11-16T19:01:14.561+0000] {logging_mixin.py:190} INFO - [2024-11-16T19:01:14.560+0000] {dag.py:4180} INFO - Setting next_dagrun for dataset_consumes_1_never_scheduled to None, run_after=None
[2024-11-16T19:01:14.589+0000] {logging_mixin.py:190} INFO - [2024-11-16T19:01:14.579+0000] {dag.py:4180} INFO - Setting next_dagrun for dataset_consumes_unknown_never_scheduled to None, run_after=None
[2024-11-16T19:01:14.622+0000] {logging_mixin.py:190} INFO - [2024-11-16T19:01:14.621+0000] {dag.py:4180} INFO - Setting next_dagrun for dataset_produces_1 to 2024-11-15 00:00:00+00:00, run_after=2024-11-16 00:00:00+00:00
[2024-11-16T19:01:14.639+0000] {logging_mixin.py:190} INFO - [2024-11-16T19:01:14.639+0000] {dag.py:4180} INFO - Setting next_dagrun for dataset_produces_2 to None, run_after=None
[2024-11-16T19:01:15.280+0000] {processor.py:208} INFO - Processing /home/airflow/.local/lib/python3.12/site-packages/airflow/example_dags/example_datasets.py took 4.905 seconds
[2024-11-16T19:01:51.818+0000] {processor.py:186} INFO - Started process (PID=307) to work on /home/airflow/.local/lib/python3.12/site-packages/airflow/example_dags/example_datasets.py
[2024-11-16T19:01:51.820+0000] {processor.py:914} INFO - Processing file /home/airflow/.local/lib/python3.12/site-packages/airflow/example_dags/example_datasets.py for tasks to queue
[2024-11-16T19:01:51.834+0000] {logging_mixin.py:190} INFO - [2024-11-16T19:01:51.833+0000] {dagbag.py:588} INFO - Filling up the DagBag from /home/airflow/.local/lib/python3.12/site-packages/airflow/example_dags/example_datasets.py
[2024-11-16T19:01:55.081+0000] {processor.py:925} INFO - DAG(s) 'consume_1_or_both_2_and_3_with_dataset_expressions', 'dataset_consumes_unknown_never_scheduled', 'dataset_consumes_1_and_2', 'dataset_consumes_1_never_scheduled', 'consume_1_and_2_with_dataset_expressions', 'dataset_produces_2', 'dataset_produces_1', 'dataset_consumes_1', 'consume_1_or_2_with_dataset_expressions', 'conditional_dataset_and_time_based_timetable' retrieved from /home/airflow/.local/lib/python3.12/site-packages/airflow/example_dags/example_datasets.py
[2024-11-16T19:01:55.375+0000] {logging_mixin.py:190} INFO - [2024-11-16T19:01:55.372+0000] {dag.py:3239} INFO - Sync 10 DAGs
[2024-11-16T19:01:55.597+0000] {logging_mixin.py:190} INFO - [2024-11-16T19:01:55.596+0000] {dag.py:4180} INFO - Setting next_dagrun for conditional_dataset_and_time_based_timetable to 2024-11-13 01:00:00+00:00, run_after=2024-11-13 01:00:00+00:00
[2024-11-16T19:01:55.617+0000] {logging_mixin.py:190} INFO - [2024-11-16T19:01:55.615+0000] {dag.py:4180} INFO - Setting next_dagrun for consume_1_and_2_with_dataset_expressions to None, run_after=None
[2024-11-16T19:01:55.636+0000] {logging_mixin.py:190} INFO - [2024-11-16T19:01:55.635+0000] {dag.py:4180} INFO - Setting next_dagrun for consume_1_or_2_with_dataset_expressions to None, run_after=None
[2024-11-16T19:01:55.654+0000] {logging_mixin.py:190} INFO - [2024-11-16T19:01:55.653+0000] {dag.py:4180} INFO - Setting next_dagrun for consume_1_or_both_2_and_3_with_dataset_expressions to None, run_after=None
[2024-11-16T19:01:55.658+0000] {logging_mixin.py:190} INFO - [2024-11-16T19:01:55.658+0000] {dag.py:4180} INFO - Setting next_dagrun for dataset_consumes_1 to None, run_after=None
[2024-11-16T19:01:55.681+0000] {logging_mixin.py:190} INFO - [2024-11-16T19:01:55.680+0000] {dag.py:4180} INFO - Setting next_dagrun for dataset_consumes_1_and_2 to None, run_after=None
[2024-11-16T19:01:55.689+0000] {logging_mixin.py:190} INFO - [2024-11-16T19:01:55.689+0000] {dag.py:4180} INFO - Setting next_dagrun for dataset_consumes_1_never_scheduled to None, run_after=None
[2024-11-16T19:01:55.704+0000] {logging_mixin.py:190} INFO - [2024-11-16T19:01:55.703+0000] {dag.py:4180} INFO - Setting next_dagrun for dataset_consumes_unknown_never_scheduled to None, run_after=None
[2024-11-16T19:01:55.717+0000] {logging_mixin.py:190} INFO - [2024-11-16T19:01:55.717+0000] {dag.py:4180} INFO - Setting next_dagrun for dataset_produces_1 to 2024-11-15 00:00:00+00:00, run_after=2024-11-16 00:00:00+00:00
[2024-11-16T19:01:55.733+0000] {logging_mixin.py:190} INFO - [2024-11-16T19:01:55.732+0000] {dag.py:4180} INFO - Setting next_dagrun for dataset_produces_2 to None, run_after=None
[2024-11-16T19:01:56.108+0000] {processor.py:208} INFO - Processing /home/airflow/.local/lib/python3.12/site-packages/airflow/example_dags/example_datasets.py took 4.316 seconds
[2024-11-16T19:02:36.507+0000] {processor.py:186} INFO - Started process (PID=367) to work on /home/airflow/.local/lib/python3.12/site-packages/airflow/example_dags/example_datasets.py
[2024-11-16T19:02:36.513+0000] {processor.py:914} INFO - Processing file /home/airflow/.local/lib/python3.12/site-packages/airflow/example_dags/example_datasets.py for tasks to queue
[2024-11-16T19:02:36.524+0000] {logging_mixin.py:190} INFO - [2024-11-16T19:02:36.518+0000] {dagbag.py:588} INFO - Filling up the DagBag from /home/airflow/.local/lib/python3.12/site-packages/airflow/example_dags/example_datasets.py
[2024-11-16T19:02:40.017+0000] {processor.py:925} INFO - DAG(s) 'dataset_consumes_1', 'dataset_produces_1', 'consume_1_or_2_with_dataset_expressions', 'consume_1_or_both_2_and_3_with_dataset_expressions', 'conditional_dataset_and_time_based_timetable', 'dataset_produces_2', 'dataset_consumes_1_never_scheduled', 'dataset_consumes_unknown_never_scheduled', 'consume_1_and_2_with_dataset_expressions', 'dataset_consumes_1_and_2' retrieved from /home/airflow/.local/lib/python3.12/site-packages/airflow/example_dags/example_datasets.py
[2024-11-16T19:02:40.310+0000] {logging_mixin.py:190} INFO - [2024-11-16T19:02:40.309+0000] {dag.py:3239} INFO - Sync 10 DAGs
[2024-11-16T19:02:40.429+0000] {logging_mixin.py:190} INFO - [2024-11-16T19:02:40.428+0000] {dag.py:4180} INFO - Setting next_dagrun for conditional_dataset_and_time_based_timetable to 2024-11-13 01:00:00+00:00, run_after=2024-11-13 01:00:00+00:00
[2024-11-16T19:02:40.466+0000] {logging_mixin.py:190} INFO - [2024-11-16T19:02:40.465+0000] {dag.py:4180} INFO - Setting next_dagrun for consume_1_and_2_with_dataset_expressions to None, run_after=None
[2024-11-16T19:02:40.471+0000] {logging_mixin.py:190} INFO - [2024-11-16T19:02:40.470+0000] {dag.py:4180} INFO - Setting next_dagrun for consume_1_or_2_with_dataset_expressions to None, run_after=None
[2024-11-16T19:02:40.486+0000] {logging_mixin.py:190} INFO - [2024-11-16T19:02:40.485+0000] {dag.py:4180} INFO - Setting next_dagrun for consume_1_or_both_2_and_3_with_dataset_expressions to None, run_after=None
[2024-11-16T19:02:40.507+0000] {logging_mixin.py:190} INFO - [2024-11-16T19:02:40.491+0000] {dag.py:4180} INFO - Setting next_dagrun for dataset_consumes_1 to None, run_after=None
[2024-11-16T19:02:40.529+0000] {logging_mixin.py:190} INFO - [2024-11-16T19:02:40.528+0000] {dag.py:4180} INFO - Setting next_dagrun for dataset_consumes_1_and_2 to None, run_after=None
[2024-11-16T19:02:40.544+0000] {logging_mixin.py:190} INFO - [2024-11-16T19:02:40.543+0000] {dag.py:4180} INFO - Setting next_dagrun for dataset_consumes_1_never_scheduled to None, run_after=None
[2024-11-16T19:02:40.562+0000] {logging_mixin.py:190} INFO - [2024-11-16T19:02:40.561+0000] {dag.py:4180} INFO - Setting next_dagrun for dataset_consumes_unknown_never_scheduled to None, run_after=None
[2024-11-16T19:02:40.610+0000] {logging_mixin.py:190} INFO - [2024-11-16T19:02:40.609+0000] {dag.py:4180} INFO - Setting next_dagrun for dataset_produces_1 to 2024-11-15 00:00:00+00:00, run_after=2024-11-16 00:00:00+00:00
[2024-11-16T19:02:40.646+0000] {logging_mixin.py:190} INFO - [2024-11-16T19:02:40.646+0000] {dag.py:4180} INFO - Setting next_dagrun for dataset_produces_2 to None, run_after=None
[2024-11-16T19:02:40.989+0000] {processor.py:208} INFO - Processing /home/airflow/.local/lib/python3.12/site-packages/airflow/example_dags/example_datasets.py took 4.514 seconds
[2024-11-16T19:03:11.163+0000] {processor.py:186} INFO - Started process (PID=438) to work on /home/airflow/.local/lib/python3.12/site-packages/airflow/example_dags/example_datasets.py
[2024-11-16T19:03:11.166+0000] {processor.py:914} INFO - Processing file /home/airflow/.local/lib/python3.12/site-packages/airflow/example_dags/example_datasets.py for tasks to queue
[2024-11-16T19:03:11.176+0000] {logging_mixin.py:190} INFO - [2024-11-16T19:03:11.173+0000] {dagbag.py:588} INFO - Filling up the DagBag from /home/airflow/.local/lib/python3.12/site-packages/airflow/example_dags/example_datasets.py
[2024-11-16T19:03:13.031+0000] {processor.py:925} INFO - DAG(s) 'dataset_produces_1', 'consume_1_or_2_with_dataset_expressions', 'conditional_dataset_and_time_based_timetable', 'dataset_consumes_unknown_never_scheduled', 'consume_1_or_both_2_and_3_with_dataset_expressions', 'consume_1_and_2_with_dataset_expressions', 'dataset_consumes_1_and_2', 'dataset_produces_2', 'dataset_consumes_1_never_scheduled', 'dataset_consumes_1' retrieved from /home/airflow/.local/lib/python3.12/site-packages/airflow/example_dags/example_datasets.py
[2024-11-16T19:03:13.213+0000] {logging_mixin.py:190} INFO - [2024-11-16T19:03:13.212+0000] {dag.py:3239} INFO - Sync 10 DAGs
[2024-11-16T19:03:13.295+0000] {logging_mixin.py:190} INFO - [2024-11-16T19:03:13.294+0000] {dag.py:4180} INFO - Setting next_dagrun for conditional_dataset_and_time_based_timetable to 2024-11-13 01:00:00+00:00, run_after=2024-11-13 01:00:00+00:00
[2024-11-16T19:03:13.312+0000] {logging_mixin.py:190} INFO - [2024-11-16T19:03:13.311+0000] {dag.py:4180} INFO - Setting next_dagrun for consume_1_and_2_with_dataset_expressions to None, run_after=None
[2024-11-16T19:03:13.321+0000] {logging_mixin.py:190} INFO - [2024-11-16T19:03:13.320+0000] {dag.py:4180} INFO - Setting next_dagrun for consume_1_or_2_with_dataset_expressions to None, run_after=None
[2024-11-16T19:03:13.325+0000] {logging_mixin.py:190} INFO - [2024-11-16T19:03:13.325+0000] {dag.py:4180} INFO - Setting next_dagrun for consume_1_or_both_2_and_3_with_dataset_expressions to None, run_after=None
[2024-11-16T19:03:13.330+0000] {logging_mixin.py:190} INFO - [2024-11-16T19:03:13.329+0000] {dag.py:4180} INFO - Setting next_dagrun for dataset_consumes_1 to None, run_after=None
[2024-11-16T19:03:13.339+0000] {logging_mixin.py:190} INFO - [2024-11-16T19:03:13.338+0000] {dag.py:4180} INFO - Setting next_dagrun for dataset_consumes_1_and_2 to None, run_after=None
[2024-11-16T19:03:13.343+0000] {logging_mixin.py:190} INFO - [2024-11-16T19:03:13.342+0000] {dag.py:4180} INFO - Setting next_dagrun for dataset_consumes_1_never_scheduled to None, run_after=None
[2024-11-16T19:03:13.347+0000] {logging_mixin.py:190} INFO - [2024-11-16T19:03:13.347+0000] {dag.py:4180} INFO - Setting next_dagrun for dataset_consumes_unknown_never_scheduled to None, run_after=None
[2024-11-16T19:03:13.358+0000] {logging_mixin.py:190} INFO - [2024-11-16T19:03:13.357+0000] {dag.py:4180} INFO - Setting next_dagrun for dataset_produces_1 to 2024-11-15 00:00:00+00:00, run_after=2024-11-16 00:00:00+00:00
[2024-11-16T19:03:13.362+0000] {logging_mixin.py:190} INFO - [2024-11-16T19:03:13.361+0000] {dag.py:4180} INFO - Setting next_dagrun for dataset_produces_2 to None, run_after=None
[2024-11-16T19:03:13.633+0000] {processor.py:208} INFO - Processing /home/airflow/.local/lib/python3.12/site-packages/airflow/example_dags/example_datasets.py took 2.487 seconds
[2024-11-16T19:03:43.802+0000] {processor.py:186} INFO - Started process (PID=506) to work on /home/airflow/.local/lib/python3.12/site-packages/airflow/example_dags/example_datasets.py
[2024-11-16T19:03:43.804+0000] {processor.py:914} INFO - Processing file /home/airflow/.local/lib/python3.12/site-packages/airflow/example_dags/example_datasets.py for tasks to queue
[2024-11-16T19:03:43.809+0000] {logging_mixin.py:190} INFO - [2024-11-16T19:03:43.808+0000] {dagbag.py:588} INFO - Filling up the DagBag from /home/airflow/.local/lib/python3.12/site-packages/airflow/example_dags/example_datasets.py
[2024-11-16T19:03:47.323+0000] {processor.py:925} INFO - DAG(s) 'dataset_produces_1', 'dataset_consumes_unknown_never_scheduled', 'dataset_produces_2', 'consume_1_and_2_with_dataset_expressions', 'dataset_consumes_1', 'consume_1_or_2_with_dataset_expressions', 'dataset_consumes_1_and_2', 'consume_1_or_both_2_and_3_with_dataset_expressions', 'dataset_consumes_1_never_scheduled', 'conditional_dataset_and_time_based_timetable' retrieved from /home/airflow/.local/lib/python3.12/site-packages/airflow/example_dags/example_datasets.py
[2024-11-16T19:03:47.465+0000] {logging_mixin.py:190} INFO - [2024-11-16T19:03:47.463+0000] {dag.py:3239} INFO - Sync 10 DAGs
[2024-11-16T19:03:47.548+0000] {logging_mixin.py:190} INFO - [2024-11-16T19:03:47.548+0000] {dag.py:4180} INFO - Setting next_dagrun for conditional_dataset_and_time_based_timetable to 2024-11-13 01:00:00+00:00, run_after=2024-11-13 01:00:00+00:00
[2024-11-16T19:03:47.561+0000] {logging_mixin.py:190} INFO - [2024-11-16T19:03:47.561+0000] {dag.py:4180} INFO - Setting next_dagrun for consume_1_and_2_with_dataset_expressions to None, run_after=None
[2024-11-16T19:03:47.567+0000] {logging_mixin.py:190} INFO - [2024-11-16T19:03:47.566+0000] {dag.py:4180} INFO - Setting next_dagrun for consume_1_or_2_with_dataset_expressions to None, run_after=None
[2024-11-16T19:03:47.574+0000] {logging_mixin.py:190} INFO - [2024-11-16T19:03:47.573+0000] {dag.py:4180} INFO - Setting next_dagrun for consume_1_or_both_2_and_3_with_dataset_expressions to None, run_after=None
[2024-11-16T19:03:47.579+0000] {logging_mixin.py:190} INFO - [2024-11-16T19:03:47.578+0000] {dag.py:4180} INFO - Setting next_dagrun for dataset_consumes_1 to None, run_after=None
[2024-11-16T19:03:47.587+0000] {logging_mixin.py:190} INFO - [2024-11-16T19:03:47.586+0000] {dag.py:4180} INFO - Setting next_dagrun for dataset_consumes_1_and_2 to None, run_after=None
[2024-11-16T19:03:47.591+0000] {logging_mixin.py:190} INFO - [2024-11-16T19:03:47.590+0000] {dag.py:4180} INFO - Setting next_dagrun for dataset_consumes_1_never_scheduled to None, run_after=None
[2024-11-16T19:03:47.595+0000] {logging_mixin.py:190} INFO - [2024-11-16T19:03:47.594+0000] {dag.py:4180} INFO - Setting next_dagrun for dataset_consumes_unknown_never_scheduled to None, run_after=None
[2024-11-16T19:03:47.609+0000] {logging_mixin.py:190} INFO - [2024-11-16T19:03:47.608+0000] {dag.py:4180} INFO - Setting next_dagrun for dataset_produces_1 to 2024-11-15 00:00:00+00:00, run_after=2024-11-16 00:00:00+00:00
[2024-11-16T19:03:47.613+0000] {logging_mixin.py:190} INFO - [2024-11-16T19:03:47.613+0000] {dag.py:4180} INFO - Setting next_dagrun for dataset_produces_2 to None, run_after=None
[2024-11-16T19:03:47.745+0000] {processor.py:208} INFO - Processing /home/airflow/.local/lib/python3.12/site-packages/airflow/example_dags/example_datasets.py took 3.960 seconds
[2024-11-16T19:04:19.350+0000] {processor.py:186} INFO - Started process (PID=572) to work on /home/airflow/.local/lib/python3.12/site-packages/airflow/example_dags/example_datasets.py
[2024-11-16T19:04:19.352+0000] {processor.py:914} INFO - Processing file /home/airflow/.local/lib/python3.12/site-packages/airflow/example_dags/example_datasets.py for tasks to queue
[2024-11-16T19:04:19.357+0000] {logging_mixin.py:190} INFO - [2024-11-16T19:04:19.356+0000] {dagbag.py:588} INFO - Filling up the DagBag from /home/airflow/.local/lib/python3.12/site-packages/airflow/example_dags/example_datasets.py
[2024-11-16T19:04:21.450+0000] {processor.py:925} INFO - DAG(s) 'dataset_consumes_1', 'dataset_produces_2', 'consume_1_or_2_with_dataset_expressions', 'dataset_produces_1', 'consume_1_or_both_2_and_3_with_dataset_expressions', 'dataset_consumes_unknown_never_scheduled', 'dataset_consumes_1_never_scheduled', 'consume_1_and_2_with_dataset_expressions', 'conditional_dataset_and_time_based_timetable', 'dataset_consumes_1_and_2' retrieved from /home/airflow/.local/lib/python3.12/site-packages/airflow/example_dags/example_datasets.py
[2024-11-16T19:04:21.589+0000] {logging_mixin.py:190} INFO - [2024-11-16T19:04:21.588+0000] {dag.py:3239} INFO - Sync 10 DAGs
[2024-11-16T19:04:21.707+0000] {logging_mixin.py:190} INFO - [2024-11-16T19:04:21.705+0000] {dag.py:4180} INFO - Setting next_dagrun for conditional_dataset_and_time_based_timetable to 2024-11-13 01:00:00+00:00, run_after=2024-11-13 01:00:00+00:00
[2024-11-16T19:04:21.726+0000] {logging_mixin.py:190} INFO - [2024-11-16T19:04:21.726+0000] {dag.py:4180} INFO - Setting next_dagrun for consume_1_and_2_with_dataset_expressions to None, run_after=None
[2024-11-16T19:04:21.736+0000] {logging_mixin.py:190} INFO - [2024-11-16T19:04:21.735+0000] {dag.py:4180} INFO - Setting next_dagrun for consume_1_or_2_with_dataset_expressions to None, run_after=None
[2024-11-16T19:04:21.741+0000] {logging_mixin.py:190} INFO - [2024-11-16T19:04:21.740+0000] {dag.py:4180} INFO - Setting next_dagrun for consume_1_or_both_2_and_3_with_dataset_expressions to None, run_after=None
[2024-11-16T19:04:21.746+0000] {logging_mixin.py:190} INFO - [2024-11-16T19:04:21.745+0000] {dag.py:4180} INFO - Setting next_dagrun for dataset_consumes_1 to None, run_after=None
[2024-11-16T19:04:21.755+0000] {logging_mixin.py:190} INFO - [2024-11-16T19:04:21.754+0000] {dag.py:4180} INFO - Setting next_dagrun for dataset_consumes_1_and_2 to None, run_after=None
[2024-11-16T19:04:21.760+0000] {logging_mixin.py:190} INFO - [2024-11-16T19:04:21.759+0000] {dag.py:4180} INFO - Setting next_dagrun for dataset_consumes_1_never_scheduled to None, run_after=None
[2024-11-16T19:04:21.769+0000] {logging_mixin.py:190} INFO - [2024-11-16T19:04:21.768+0000] {dag.py:4180} INFO - Setting next_dagrun for dataset_consumes_unknown_never_scheduled to None, run_after=None
[2024-11-16T19:04:21.776+0000] {logging_mixin.py:190} INFO - [2024-11-16T19:04:21.775+0000] {dag.py:4180} INFO - Setting next_dagrun for dataset_produces_1 to 2024-11-15 00:00:00+00:00, run_after=2024-11-16 00:00:00+00:00
[2024-11-16T19:04:21.785+0000] {logging_mixin.py:190} INFO - [2024-11-16T19:04:21.784+0000] {dag.py:4180} INFO - Setting next_dagrun for dataset_produces_2 to None, run_after=None
[2024-11-16T19:04:21.937+0000] {processor.py:208} INFO - Processing /home/airflow/.local/lib/python3.12/site-packages/airflow/example_dags/example_datasets.py took 2.608 seconds
[2024-11-16T19:05:50.863+0000] {processor.py:186} INFO - Started process (PID=643) to work on /home/airflow/.local/lib/python3.12/site-packages/airflow/example_dags/example_datasets.py
[2024-11-16T19:05:50.979+0000] {processor.py:914} INFO - Processing file /home/airflow/.local/lib/python3.12/site-packages/airflow/example_dags/example_datasets.py for tasks to queue
[2024-11-16T19:05:51.035+0000] {logging_mixin.py:190} INFO - [2024-11-16T19:05:51.034+0000] {dagbag.py:588} INFO - Filling up the DagBag from /home/airflow/.local/lib/python3.12/site-packages/airflow/example_dags/example_datasets.py
[2024-11-16T19:06:03.915+0000] {processor.py:925} INFO - DAG(s) 'dataset_produces_1', 'dataset_consumes_1_never_scheduled', 'dataset_consumes_unknown_never_scheduled', 'consume_1_or_2_with_dataset_expressions', 'dataset_produces_2', 'consume_1_or_both_2_and_3_with_dataset_expressions', 'dataset_consumes_1_and_2', 'consume_1_and_2_with_dataset_expressions', 'dataset_consumes_1', 'conditional_dataset_and_time_based_timetable' retrieved from /home/airflow/.local/lib/python3.12/site-packages/airflow/example_dags/example_datasets.py
[2024-11-16T19:06:05.287+0000] {logging_mixin.py:190} INFO - [2024-11-16T19:06:05.286+0000] {dag.py:3239} INFO - Sync 10 DAGs
[2024-11-16T19:06:05.830+0000] {logging_mixin.py:190} INFO - [2024-11-16T19:06:05.828+0000] {dag.py:4180} INFO - Setting next_dagrun for conditional_dataset_and_time_based_timetable to 2024-11-13 01:00:00+00:00, run_after=2024-11-13 01:00:00+00:00
[2024-11-16T19:06:05.941+0000] {logging_mixin.py:190} INFO - [2024-11-16T19:06:05.941+0000] {dag.py:4180} INFO - Setting next_dagrun for consume_1_and_2_with_dataset_expressions to None, run_after=None
[2024-11-16T19:06:06.021+0000] {logging_mixin.py:190} INFO - [2024-11-16T19:06:06.020+0000] {dag.py:4180} INFO - Setting next_dagrun for consume_1_or_2_with_dataset_expressions to None, run_after=None
[2024-11-16T19:06:06.100+0000] {logging_mixin.py:190} INFO - [2024-11-16T19:06:06.086+0000] {dag.py:4180} INFO - Setting next_dagrun for consume_1_or_both_2_and_3_with_dataset_expressions to None, run_after=None
[2024-11-16T19:06:06.171+0000] {logging_mixin.py:190} INFO - [2024-11-16T19:06:06.170+0000] {dag.py:4180} INFO - Setting next_dagrun for dataset_consumes_1 to None, run_after=None
[2024-11-16T19:06:06.328+0000] {logging_mixin.py:190} INFO - [2024-11-16T19:06:06.327+0000] {dag.py:4180} INFO - Setting next_dagrun for dataset_consumes_1_and_2 to None, run_after=None
[2024-11-16T19:06:06.411+0000] {logging_mixin.py:190} INFO - [2024-11-16T19:06:06.410+0000] {dag.py:4180} INFO - Setting next_dagrun for dataset_consumes_1_never_scheduled to None, run_after=None
[2024-11-16T19:06:06.556+0000] {logging_mixin.py:190} INFO - [2024-11-16T19:06:06.556+0000] {dag.py:4180} INFO - Setting next_dagrun for dataset_consumes_unknown_never_scheduled to None, run_after=None
[2024-11-16T19:06:06.761+0000] {logging_mixin.py:190} INFO - [2024-11-16T19:06:06.747+0000] {dag.py:4180} INFO - Setting next_dagrun for dataset_produces_1 to 2024-11-15 00:00:00+00:00, run_after=2024-11-16 00:00:00+00:00
[2024-11-16T19:06:06.782+0000] {logging_mixin.py:190} INFO - [2024-11-16T19:06:06.782+0000] {dag.py:4180} INFO - Setting next_dagrun for dataset_produces_2 to None, run_after=None
[2024-11-16T19:06:07.609+0000] {processor.py:208} INFO - Processing /home/airflow/.local/lib/python3.12/site-packages/airflow/example_dags/example_datasets.py took 16.916 seconds
[2024-11-16T19:08:38.632+0000] {processor.py:186} INFO - Started process (PID=762) to work on /home/airflow/.local/lib/python3.12/site-packages/airflow/example_dags/example_datasets.py
[2024-11-16T19:08:38.661+0000] {processor.py:914} INFO - Processing file /home/airflow/.local/lib/python3.12/site-packages/airflow/example_dags/example_datasets.py for tasks to queue
[2024-11-16T19:08:38.723+0000] {logging_mixin.py:190} INFO - [2024-11-16T19:08:38.694+0000] {dagbag.py:588} INFO - Filling up the DagBag from /home/airflow/.local/lib/python3.12/site-packages/airflow/example_dags/example_datasets.py
[2024-11-16T19:08:52.575+0000] {processor.py:925} INFO - DAG(s) 'conditional_dataset_and_time_based_timetable', 'dataset_consumes_1_and_2', 'dataset_consumes_1', 'dataset_consumes_1_never_scheduled', 'dataset_consumes_unknown_never_scheduled', 'consume_1_or_both_2_and_3_with_dataset_expressions', 'consume_1_and_2_with_dataset_expressions', 'dataset_produces_2', 'consume_1_or_2_with_dataset_expressions', 'dataset_produces_1' retrieved from /home/airflow/.local/lib/python3.12/site-packages/airflow/example_dags/example_datasets.py
[2024-11-16T19:08:53.634+0000] {logging_mixin.py:190} INFO - [2024-11-16T19:08:53.634+0000] {dag.py:3239} INFO - Sync 10 DAGs
[2024-11-16T19:08:54.516+0000] {logging_mixin.py:190} INFO - [2024-11-16T19:08:54.516+0000] {dag.py:4180} INFO - Setting next_dagrun for conditional_dataset_and_time_based_timetable to 2024-11-13 01:00:00+00:00, run_after=2024-11-13 01:00:00+00:00
[2024-11-16T19:08:54.638+0000] {logging_mixin.py:190} INFO - [2024-11-16T19:08:54.637+0000] {dag.py:4180} INFO - Setting next_dagrun for consume_1_and_2_with_dataset_expressions to None, run_after=None
[2024-11-16T19:08:54.671+0000] {logging_mixin.py:190} INFO - [2024-11-16T19:08:54.670+0000] {dag.py:4180} INFO - Setting next_dagrun for consume_1_or_2_with_dataset_expressions to None, run_after=None
[2024-11-16T19:08:54.687+0000] {logging_mixin.py:190} INFO - [2024-11-16T19:08:54.687+0000] {dag.py:4180} INFO - Setting next_dagrun for consume_1_or_both_2_and_3_with_dataset_expressions to None, run_after=None
[2024-11-16T19:08:54.787+0000] {logging_mixin.py:190} INFO - [2024-11-16T19:08:54.753+0000] {dag.py:4180} INFO - Setting next_dagrun for dataset_consumes_1 to None, run_after=None
[2024-11-16T19:08:54.837+0000] {logging_mixin.py:190} INFO - [2024-11-16T19:08:54.837+0000] {dag.py:4180} INFO - Setting next_dagrun for dataset_consumes_1_and_2 to None, run_after=None
[2024-11-16T19:08:54.920+0000] {logging_mixin.py:190} INFO - [2024-11-16T19:08:54.920+0000] {dag.py:4180} INFO - Setting next_dagrun for dataset_consumes_1_never_scheduled to None, run_after=None
[2024-11-16T19:08:54.954+0000] {logging_mixin.py:190} INFO - [2024-11-16T19:08:54.954+0000] {dag.py:4180} INFO - Setting next_dagrun for dataset_consumes_unknown_never_scheduled to None, run_after=None
[2024-11-16T19:08:55.019+0000] {logging_mixin.py:190} INFO - [2024-11-16T19:08:55.018+0000] {dag.py:4180} INFO - Setting next_dagrun for dataset_produces_1 to 2024-11-15 00:00:00+00:00, run_after=2024-11-16 00:00:00+00:00
[2024-11-16T19:08:55.165+0000] {logging_mixin.py:190} INFO - [2024-11-16T19:08:55.165+0000] {dag.py:4180} INFO - Setting next_dagrun for dataset_produces_2 to None, run_after=None
[2024-11-16T19:08:56.244+0000] {processor.py:208} INFO - Processing /home/airflow/.local/lib/python3.12/site-packages/airflow/example_dags/example_datasets.py took 17.784 seconds
[2024-11-16T19:10:43.398+0000] {processor.py:186} INFO - Started process (PID=866) to work on /home/airflow/.local/lib/python3.12/site-packages/airflow/example_dags/example_datasets.py
[2024-11-16T19:10:43.527+0000] {processor.py:914} INFO - Processing file /home/airflow/.local/lib/python3.12/site-packages/airflow/example_dags/example_datasets.py for tasks to queue
[2024-11-16T19:10:43.741+0000] {logging_mixin.py:190} INFO - [2024-11-16T19:10:43.740+0000] {dagbag.py:588} INFO - Filling up the DagBag from /home/airflow/.local/lib/python3.12/site-packages/airflow/example_dags/example_datasets.py
[2024-11-16T19:10:56.941+0000] {processor.py:925} INFO - DAG(s) 'dataset_produces_2', 'consume_1_or_2_with_dataset_expressions', 'conditional_dataset_and_time_based_timetable', 'consume_1_or_both_2_and_3_with_dataset_expressions', 'dataset_produces_1', 'dataset_consumes_unknown_never_scheduled', 'dataset_consumes_1_never_scheduled', 'dataset_consumes_1', 'dataset_consumes_1_and_2', 'consume_1_and_2_with_dataset_expressions' retrieved from /home/airflow/.local/lib/python3.12/site-packages/airflow/example_dags/example_datasets.py
[2024-11-16T19:10:58.059+0000] {logging_mixin.py:190} INFO - [2024-11-16T19:10:58.058+0000] {dag.py:3239} INFO - Sync 10 DAGs
[2024-11-16T19:10:58.470+0000] {logging_mixin.py:190} INFO - [2024-11-16T19:10:58.469+0000] {dag.py:4180} INFO - Setting next_dagrun for conditional_dataset_and_time_based_timetable to 2024-11-13 01:00:00+00:00, run_after=2024-11-13 01:00:00+00:00
[2024-11-16T19:10:58.577+0000] {logging_mixin.py:190} INFO - [2024-11-16T19:10:58.549+0000] {dag.py:4180} INFO - Setting next_dagrun for consume_1_and_2_with_dataset_expressions to None, run_after=None
[2024-11-16T19:10:58.744+0000] {logging_mixin.py:190} INFO - [2024-11-16T19:10:58.743+0000] {dag.py:4180} INFO - Setting next_dagrun for consume_1_or_2_with_dataset_expressions to None, run_after=None
[2024-11-16T19:10:58.868+0000] {logging_mixin.py:190} INFO - [2024-11-16T19:10:58.867+0000] {dag.py:4180} INFO - Setting next_dagrun for consume_1_or_both_2_and_3_with_dataset_expressions to None, run_after=None
[2024-11-16T19:10:58.971+0000] {logging_mixin.py:190} INFO - [2024-11-16T19:10:58.971+0000] {dag.py:4180} INFO - Setting next_dagrun for dataset_consumes_1 to None, run_after=None
[2024-11-16T19:10:59.076+0000] {logging_mixin.py:190} INFO - [2024-11-16T19:10:59.075+0000] {dag.py:4180} INFO - Setting next_dagrun for dataset_consumes_1_and_2 to None, run_after=None
[2024-11-16T19:10:59.169+0000] {logging_mixin.py:190} INFO - [2024-11-16T19:10:59.156+0000] {dag.py:4180} INFO - Setting next_dagrun for dataset_consumes_1_never_scheduled to None, run_after=None
[2024-11-16T19:10:59.248+0000] {logging_mixin.py:190} INFO - [2024-11-16T19:10:59.247+0000] {dag.py:4180} INFO - Setting next_dagrun for dataset_consumes_unknown_never_scheduled to None, run_after=None
[2024-11-16T19:10:59.376+0000] {logging_mixin.py:190} INFO - [2024-11-16T19:10:59.375+0000] {dag.py:4180} INFO - Setting next_dagrun for dataset_produces_1 to 2024-11-15 00:00:00+00:00, run_after=2024-11-16 00:00:00+00:00
[2024-11-16T19:10:59.460+0000] {logging_mixin.py:190} INFO - [2024-11-16T19:10:59.449+0000] {dag.py:4180} INFO - Setting next_dagrun for dataset_produces_2 to None, run_after=None
[2024-11-16T19:10:59.957+0000] {processor.py:208} INFO - Processing /home/airflow/.local/lib/python3.12/site-packages/airflow/example_dags/example_datasets.py took 16.676 seconds
[2024-11-16T19:12:12.039+0000] {processor.py:186} INFO - Started process (PID=952) to work on /home/airflow/.local/lib/python3.12/site-packages/airflow/example_dags/example_datasets.py
[2024-11-16T19:12:12.059+0000] {processor.py:914} INFO - Processing file /home/airflow/.local/lib/python3.12/site-packages/airflow/example_dags/example_datasets.py for tasks to queue
[2024-11-16T19:12:12.088+0000] {logging_mixin.py:190} INFO - [2024-11-16T19:12:12.087+0000] {dagbag.py:588} INFO - Filling up the DagBag from /home/airflow/.local/lib/python3.12/site-packages/airflow/example_dags/example_datasets.py
[2024-11-16T19:12:18.998+0000] {processor.py:925} INFO - DAG(s) 'consume_1_or_both_2_and_3_with_dataset_expressions', 'conditional_dataset_and_time_based_timetable', 'dataset_consumes_1', 'dataset_consumes_unknown_never_scheduled', 'consume_1_and_2_with_dataset_expressions', 'consume_1_or_2_with_dataset_expressions', 'dataset_produces_1', 'dataset_consumes_1_never_scheduled', 'dataset_produces_2', 'dataset_consumes_1_and_2' retrieved from /home/airflow/.local/lib/python3.12/site-packages/airflow/example_dags/example_datasets.py
[2024-11-16T19:12:19.516+0000] {logging_mixin.py:190} INFO - [2024-11-16T19:12:19.504+0000] {dag.py:3239} INFO - Sync 10 DAGs
[2024-11-16T19:12:19.815+0000] {logging_mixin.py:190} INFO - [2024-11-16T19:12:19.814+0000] {dag.py:4180} INFO - Setting next_dagrun for conditional_dataset_and_time_based_timetable to 2024-11-13 01:00:00+00:00, run_after=2024-11-13 01:00:00+00:00
[2024-11-16T19:12:19.890+0000] {logging_mixin.py:190} INFO - [2024-11-16T19:12:19.889+0000] {dag.py:4180} INFO - Setting next_dagrun for consume_1_and_2_with_dataset_expressions to None, run_after=None
[2024-11-16T19:12:19.935+0000] {logging_mixin.py:190} INFO - [2024-11-16T19:12:19.934+0000] {dag.py:4180} INFO - Setting next_dagrun for consume_1_or_2_with_dataset_expressions to None, run_after=None
[2024-11-16T19:12:20.007+0000] {logging_mixin.py:190} INFO - [2024-11-16T19:12:20.007+0000] {dag.py:4180} INFO - Setting next_dagrun for consume_1_or_both_2_and_3_with_dataset_expressions to None, run_after=None
[2024-11-16T19:12:20.039+0000] {logging_mixin.py:190} INFO - [2024-11-16T19:12:20.038+0000] {dag.py:4180} INFO - Setting next_dagrun for dataset_consumes_1 to None, run_after=None
[2024-11-16T19:12:20.084+0000] {logging_mixin.py:190} INFO - [2024-11-16T19:12:20.072+0000] {dag.py:4180} INFO - Setting next_dagrun for dataset_consumes_1_and_2 to None, run_after=None
[2024-11-16T19:12:20.171+0000] {logging_mixin.py:190} INFO - [2024-11-16T19:12:20.158+0000] {dag.py:4180} INFO - Setting next_dagrun for dataset_consumes_1_never_scheduled to None, run_after=None
[2024-11-16T19:12:20.224+0000] {logging_mixin.py:190} INFO - [2024-11-16T19:12:20.222+0000] {dag.py:4180} INFO - Setting next_dagrun for dataset_consumes_unknown_never_scheduled to None, run_after=None
[2024-11-16T19:12:20.304+0000] {logging_mixin.py:190} INFO - [2024-11-16T19:12:20.303+0000] {dag.py:4180} INFO - Setting next_dagrun for dataset_produces_1 to 2024-11-15 00:00:00+00:00, run_after=2024-11-16 00:00:00+00:00
[2024-11-16T19:12:20.341+0000] {logging_mixin.py:190} INFO - [2024-11-16T19:12:20.340+0000] {dag.py:4180} INFO - Setting next_dagrun for dataset_produces_2 to None, run_after=None
[2024-11-16T19:12:21.102+0000] {processor.py:208} INFO - Processing /home/airflow/.local/lib/python3.12/site-packages/airflow/example_dags/example_datasets.py took 9.157 seconds
[2024-11-16T19:13:00.222+0000] {processor.py:186} INFO - Started process (PID=1020) to work on /home/airflow/.local/lib/python3.12/site-packages/airflow/example_dags/example_datasets.py
[2024-11-16T19:13:00.225+0000] {processor.py:914} INFO - Processing file /home/airflow/.local/lib/python3.12/site-packages/airflow/example_dags/example_datasets.py for tasks to queue
[2024-11-16T19:13:00.235+0000] {logging_mixin.py:190} INFO - [2024-11-16T19:13:00.234+0000] {dagbag.py:588} INFO - Filling up the DagBag from /home/airflow/.local/lib/python3.12/site-packages/airflow/example_dags/example_datasets.py
[2024-11-16T19:13:05.026+0000] {processor.py:925} INFO - DAG(s) 'dataset_produces_2', 'dataset_consumes_1_and_2', 'dataset_consumes_unknown_never_scheduled', 'dataset_consumes_1_never_scheduled', 'consume_1_and_2_with_dataset_expressions', 'dataset_produces_1', 'consume_1_or_2_with_dataset_expressions', 'consume_1_or_both_2_and_3_with_dataset_expressions', 'dataset_consumes_1', 'conditional_dataset_and_time_based_timetable' retrieved from /home/airflow/.local/lib/python3.12/site-packages/airflow/example_dags/example_datasets.py
[2024-11-16T19:13:05.174+0000] {logging_mixin.py:190} INFO - [2024-11-16T19:13:05.173+0000] {dag.py:3239} INFO - Sync 10 DAGs
[2024-11-16T19:13:05.276+0000] {logging_mixin.py:190} INFO - [2024-11-16T19:13:05.275+0000] {dag.py:4180} INFO - Setting next_dagrun for conditional_dataset_and_time_based_timetable to 2024-11-13 01:00:00+00:00, run_after=2024-11-13 01:00:00+00:00
[2024-11-16T19:13:05.287+0000] {logging_mixin.py:190} INFO - [2024-11-16T19:13:05.287+0000] {dag.py:4180} INFO - Setting next_dagrun for consume_1_and_2_with_dataset_expressions to None, run_after=None
[2024-11-16T19:13:05.291+0000] {logging_mixin.py:190} INFO - [2024-11-16T19:13:05.291+0000] {dag.py:4180} INFO - Setting next_dagrun for consume_1_or_2_with_dataset_expressions to None, run_after=None
[2024-11-16T19:13:05.300+0000] {logging_mixin.py:190} INFO - [2024-11-16T19:13:05.299+0000] {dag.py:4180} INFO - Setting next_dagrun for consume_1_or_both_2_and_3_with_dataset_expressions to None, run_after=None
[2024-11-16T19:13:05.304+0000] {logging_mixin.py:190} INFO - [2024-11-16T19:13:05.304+0000] {dag.py:4180} INFO - Setting next_dagrun for dataset_consumes_1 to None, run_after=None
[2024-11-16T19:13:05.308+0000] {logging_mixin.py:190} INFO - [2024-11-16T19:13:05.308+0000] {dag.py:4180} INFO - Setting next_dagrun for dataset_consumes_1_and_2 to None, run_after=None
[2024-11-16T19:13:05.313+0000] {logging_mixin.py:190} INFO - [2024-11-16T19:13:05.312+0000] {dag.py:4180} INFO - Setting next_dagrun for dataset_consumes_1_never_scheduled to None, run_after=None
[2024-11-16T19:13:05.317+0000] {logging_mixin.py:190} INFO - [2024-11-16T19:13:05.316+0000] {dag.py:4180} INFO - Setting next_dagrun for dataset_consumes_unknown_never_scheduled to None, run_after=None
[2024-11-16T19:13:05.325+0000] {logging_mixin.py:190} INFO - [2024-11-16T19:13:05.324+0000] {dag.py:4180} INFO - Setting next_dagrun for dataset_produces_1 to 2024-11-15 00:00:00+00:00, run_after=2024-11-16 00:00:00+00:00
[2024-11-16T19:13:05.330+0000] {logging_mixin.py:190} INFO - [2024-11-16T19:13:05.329+0000] {dag.py:4180} INFO - Setting next_dagrun for dataset_produces_2 to None, run_after=None
[2024-11-16T19:13:05.423+0000] {processor.py:208} INFO - Processing /home/airflow/.local/lib/python3.12/site-packages/airflow/example_dags/example_datasets.py took 5.223 seconds
[2024-11-16T19:13:48.671+0000] {processor.py:186} INFO - Started process (PID=1094) to work on /home/airflow/.local/lib/python3.12/site-packages/airflow/example_dags/example_datasets.py
[2024-11-16T19:13:48.675+0000] {processor.py:914} INFO - Processing file /home/airflow/.local/lib/python3.12/site-packages/airflow/example_dags/example_datasets.py for tasks to queue
[2024-11-16T19:13:48.708+0000] {logging_mixin.py:190} INFO - [2024-11-16T19:13:48.705+0000] {dagbag.py:588} INFO - Filling up the DagBag from /home/airflow/.local/lib/python3.12/site-packages/airflow/example_dags/example_datasets.py
[2024-11-16T19:13:53.825+0000] {processor.py:925} INFO - DAG(s) 'dataset_produces_1', 'dataset_consumes_1', 'dataset_consumes_1_never_scheduled', 'dataset_produces_2', 'consume_1_or_2_with_dataset_expressions', 'consume_1_or_both_2_and_3_with_dataset_expressions', 'consume_1_and_2_with_dataset_expressions', 'dataset_consumes_1_and_2', 'dataset_consumes_unknown_never_scheduled', 'conditional_dataset_and_time_based_timetable' retrieved from /home/airflow/.local/lib/python3.12/site-packages/airflow/example_dags/example_datasets.py
[2024-11-16T19:13:54.187+0000] {logging_mixin.py:190} INFO - [2024-11-16T19:13:54.187+0000] {dag.py:3239} INFO - Sync 10 DAGs
[2024-11-16T19:13:54.487+0000] {logging_mixin.py:190} INFO - [2024-11-16T19:13:54.486+0000] {dag.py:4180} INFO - Setting next_dagrun for conditional_dataset_and_time_based_timetable to 2024-11-13 01:00:00+00:00, run_after=2024-11-13 01:00:00+00:00
[2024-11-16T19:13:54.521+0000] {logging_mixin.py:190} INFO - [2024-11-16T19:13:54.520+0000] {dag.py:4180} INFO - Setting next_dagrun for consume_1_and_2_with_dataset_expressions to None, run_after=None
[2024-11-16T19:13:54.534+0000] {logging_mixin.py:190} INFO - [2024-11-16T19:13:54.533+0000] {dag.py:4180} INFO - Setting next_dagrun for consume_1_or_2_with_dataset_expressions to None, run_after=None
[2024-11-16T19:13:54.575+0000] {logging_mixin.py:190} INFO - [2024-11-16T19:13:54.574+0000] {dag.py:4180} INFO - Setting next_dagrun for consume_1_or_both_2_and_3_with_dataset_expressions to None, run_after=None
[2024-11-16T19:13:54.602+0000] {logging_mixin.py:190} INFO - [2024-11-16T19:13:54.602+0000] {dag.py:4180} INFO - Setting next_dagrun for dataset_consumes_1 to None, run_after=None
[2024-11-16T19:13:54.626+0000] {logging_mixin.py:190} INFO - [2024-11-16T19:13:54.625+0000] {dag.py:4180} INFO - Setting next_dagrun for dataset_consumes_1_and_2 to None, run_after=None
[2024-11-16T19:13:54.640+0000] {logging_mixin.py:190} INFO - [2024-11-16T19:13:54.640+0000] {dag.py:4180} INFO - Setting next_dagrun for dataset_consumes_1_never_scheduled to None, run_after=None
[2024-11-16T19:13:54.646+0000] {logging_mixin.py:190} INFO - [2024-11-16T19:13:54.645+0000] {dag.py:4180} INFO - Setting next_dagrun for dataset_consumes_unknown_never_scheduled to None, run_after=None
[2024-11-16T19:13:54.674+0000] {logging_mixin.py:190} INFO - [2024-11-16T19:13:54.673+0000] {dag.py:4180} INFO - Setting next_dagrun for dataset_produces_1 to 2024-11-15 00:00:00+00:00, run_after=2024-11-16 00:00:00+00:00
[2024-11-16T19:13:54.688+0000] {logging_mixin.py:190} INFO - [2024-11-16T19:13:54.687+0000] {dag.py:4180} INFO - Setting next_dagrun for dataset_produces_2 to None, run_after=None
[2024-11-16T19:13:54.988+0000] {processor.py:208} INFO - Processing /home/airflow/.local/lib/python3.12/site-packages/airflow/example_dags/example_datasets.py took 6.374 seconds
[2024-11-16T19:14:25.424+0000] {processor.py:186} INFO - Started process (PID=1170) to work on /home/airflow/.local/lib/python3.12/site-packages/airflow/example_dags/example_datasets.py
[2024-11-16T19:14:25.426+0000] {processor.py:914} INFO - Processing file /home/airflow/.local/lib/python3.12/site-packages/airflow/example_dags/example_datasets.py for tasks to queue
[2024-11-16T19:14:25.433+0000] {logging_mixin.py:190} INFO - [2024-11-16T19:14:25.432+0000] {dagbag.py:588} INFO - Filling up the DagBag from /home/airflow/.local/lib/python3.12/site-packages/airflow/example_dags/example_datasets.py
[2024-11-16T19:14:27.878+0000] {processor.py:925} INFO - DAG(s) 'dataset_produces_1', 'consume_1_or_2_with_dataset_expressions', 'dataset_consumes_1_never_scheduled', 'dataset_consumes_unknown_never_scheduled', 'dataset_consumes_1_and_2', 'conditional_dataset_and_time_based_timetable', 'dataset_produces_2', 'consume_1_and_2_with_dataset_expressions', 'dataset_consumes_1', 'consume_1_or_both_2_and_3_with_dataset_expressions' retrieved from /home/airflow/.local/lib/python3.12/site-packages/airflow/example_dags/example_datasets.py
[2024-11-16T19:14:28.014+0000] {logging_mixin.py:190} INFO - [2024-11-16T19:14:28.014+0000] {dag.py:3239} INFO - Sync 10 DAGs
[2024-11-16T19:14:28.093+0000] {logging_mixin.py:190} INFO - [2024-11-16T19:14:28.093+0000] {dag.py:4180} INFO - Setting next_dagrun for conditional_dataset_and_time_based_timetable to 2024-11-13 01:00:00+00:00, run_after=2024-11-13 01:00:00+00:00
[2024-11-16T19:14:28.105+0000] {logging_mixin.py:190} INFO - [2024-11-16T19:14:28.105+0000] {dag.py:4180} INFO - Setting next_dagrun for consume_1_and_2_with_dataset_expressions to None, run_after=None
[2024-11-16T19:14:28.110+0000] {logging_mixin.py:190} INFO - [2024-11-16T19:14:28.109+0000] {dag.py:4180} INFO - Setting next_dagrun for consume_1_or_2_with_dataset_expressions to None, run_after=None
[2024-11-16T19:14:28.113+0000] {logging_mixin.py:190} INFO - [2024-11-16T19:14:28.113+0000] {dag.py:4180} INFO - Setting next_dagrun for consume_1_or_both_2_and_3_with_dataset_expressions to None, run_after=None
[2024-11-16T19:14:28.116+0000] {logging_mixin.py:190} INFO - [2024-11-16T19:14:28.116+0000] {dag.py:4180} INFO - Setting next_dagrun for dataset_consumes_1 to None, run_after=None
[2024-11-16T19:14:28.120+0000] {logging_mixin.py:190} INFO - [2024-11-16T19:14:28.119+0000] {dag.py:4180} INFO - Setting next_dagrun for dataset_consumes_1_and_2 to None, run_after=None
[2024-11-16T19:14:28.125+0000] {logging_mixin.py:190} INFO - [2024-11-16T19:14:28.124+0000] {dag.py:4180} INFO - Setting next_dagrun for dataset_consumes_1_never_scheduled to None, run_after=None
[2024-11-16T19:14:28.128+0000] {logging_mixin.py:190} INFO - [2024-11-16T19:14:28.128+0000] {dag.py:4180} INFO - Setting next_dagrun for dataset_consumes_unknown_never_scheduled to None, run_after=None
[2024-11-16T19:14:28.137+0000] {logging_mixin.py:190} INFO - [2024-11-16T19:14:28.136+0000] {dag.py:4180} INFO - Setting next_dagrun for dataset_produces_1 to 2024-11-15 00:00:00+00:00, run_after=2024-11-16 00:00:00+00:00
[2024-11-16T19:14:28.143+0000] {logging_mixin.py:190} INFO - [2024-11-16T19:14:28.142+0000] {dag.py:4180} INFO - Setting next_dagrun for dataset_produces_2 to None, run_after=None
[2024-11-16T19:14:28.261+0000] {processor.py:208} INFO - Processing /home/airflow/.local/lib/python3.12/site-packages/airflow/example_dags/example_datasets.py took 2.857 seconds
[2024-11-16T19:14:59.180+0000] {processor.py:186} INFO - Started process (PID=1238) to work on /home/airflow/.local/lib/python3.12/site-packages/airflow/example_dags/example_datasets.py
[2024-11-16T19:14:59.184+0000] {processor.py:914} INFO - Processing file /home/airflow/.local/lib/python3.12/site-packages/airflow/example_dags/example_datasets.py for tasks to queue
[2024-11-16T19:14:59.200+0000] {logging_mixin.py:190} INFO - [2024-11-16T19:14:59.199+0000] {dagbag.py:588} INFO - Filling up the DagBag from /home/airflow/.local/lib/python3.12/site-packages/airflow/example_dags/example_datasets.py
[2024-11-16T19:15:03.942+0000] {processor.py:925} INFO - DAG(s) 'consume_1_or_2_with_dataset_expressions', 'dataset_produces_1', 'consume_1_and_2_with_dataset_expressions', 'dataset_consumes_1_never_scheduled', 'dataset_consumes_1_and_2', 'conditional_dataset_and_time_based_timetable', 'consume_1_or_both_2_and_3_with_dataset_expressions', 'dataset_consumes_1', 'dataset_consumes_unknown_never_scheduled', 'dataset_produces_2' retrieved from /home/airflow/.local/lib/python3.12/site-packages/airflow/example_dags/example_datasets.py
[2024-11-16T19:15:04.471+0000] {logging_mixin.py:190} INFO - [2024-11-16T19:15:04.459+0000] {dag.py:3239} INFO - Sync 10 DAGs
[2024-11-16T19:15:04.777+0000] {logging_mixin.py:190} INFO - [2024-11-16T19:15:04.776+0000] {dag.py:4180} INFO - Setting next_dagrun for conditional_dataset_and_time_based_timetable to 2024-11-13 01:00:00+00:00, run_after=2024-11-13 01:00:00+00:00
[2024-11-16T19:15:04.812+0000] {logging_mixin.py:190} INFO - [2024-11-16T19:15:04.811+0000] {dag.py:4180} INFO - Setting next_dagrun for consume_1_and_2_with_dataset_expressions to None, run_after=None
[2024-11-16T19:15:04.828+0000] {logging_mixin.py:190} INFO - [2024-11-16T19:15:04.827+0000] {dag.py:4180} INFO - Setting next_dagrun for consume_1_or_2_with_dataset_expressions to None, run_after=None
[2024-11-16T19:15:04.844+0000] {logging_mixin.py:190} INFO - [2024-11-16T19:15:04.843+0000] {dag.py:4180} INFO - Setting next_dagrun for consume_1_or_both_2_and_3_with_dataset_expressions to None, run_after=None
[2024-11-16T19:15:04.860+0000] {logging_mixin.py:190} INFO - [2024-11-16T19:15:04.860+0000] {dag.py:4180} INFO - Setting next_dagrun for dataset_consumes_1 to None, run_after=None
[2024-11-16T19:15:04.876+0000] {logging_mixin.py:190} INFO - [2024-11-16T19:15:04.875+0000] {dag.py:4180} INFO - Setting next_dagrun for dataset_consumes_1_and_2 to None, run_after=None
[2024-11-16T19:15:04.891+0000] {logging_mixin.py:190} INFO - [2024-11-16T19:15:04.890+0000] {dag.py:4180} INFO - Setting next_dagrun for dataset_consumes_1_never_scheduled to None, run_after=None
[2024-11-16T19:15:04.925+0000] {logging_mixin.py:190} INFO - [2024-11-16T19:15:04.924+0000] {dag.py:4180} INFO - Setting next_dagrun for dataset_consumes_unknown_never_scheduled to None, run_after=None
[2024-11-16T19:15:04.957+0000] {logging_mixin.py:190} INFO - [2024-11-16T19:15:04.957+0000] {dag.py:4180} INFO - Setting next_dagrun for dataset_produces_1 to 2024-11-15 00:00:00+00:00, run_after=2024-11-16 00:00:00+00:00
[2024-11-16T19:15:04.965+0000] {logging_mixin.py:190} INFO - [2024-11-16T19:15:04.964+0000] {dag.py:4180} INFO - Setting next_dagrun for dataset_produces_2 to None, run_after=None
[2024-11-16T19:15:05.317+0000] {processor.py:208} INFO - Processing /home/airflow/.local/lib/python3.12/site-packages/airflow/example_dags/example_datasets.py took 6.180 seconds
[2024-11-16T19:15:35.988+0000] {processor.py:186} INFO - Started process (PID=1306) to work on /home/airflow/.local/lib/python3.12/site-packages/airflow/example_dags/example_datasets.py
[2024-11-16T19:15:35.991+0000] {processor.py:914} INFO - Processing file /home/airflow/.local/lib/python3.12/site-packages/airflow/example_dags/example_datasets.py for tasks to queue
[2024-11-16T19:15:35.997+0000] {logging_mixin.py:190} INFO - [2024-11-16T19:15:35.996+0000] {dagbag.py:588} INFO - Filling up the DagBag from /home/airflow/.local/lib/python3.12/site-packages/airflow/example_dags/example_datasets.py
[2024-11-16T19:15:38.249+0000] {processor.py:925} INFO - DAG(s) 'dataset_produces_2', 'dataset_consumes_1', 'dataset_consumes_1_and_2', 'consume_1_or_both_2_and_3_with_dataset_expressions', 'dataset_consumes_1_never_scheduled', 'dataset_consumes_unknown_never_scheduled', 'consume_1_and_2_with_dataset_expressions', 'conditional_dataset_and_time_based_timetable', 'dataset_produces_1', 'consume_1_or_2_with_dataset_expressions' retrieved from /home/airflow/.local/lib/python3.12/site-packages/airflow/example_dags/example_datasets.py
[2024-11-16T19:15:38.467+0000] {logging_mixin.py:190} INFO - [2024-11-16T19:15:38.467+0000] {dag.py:3239} INFO - Sync 10 DAGs
[2024-11-16T19:15:38.605+0000] {logging_mixin.py:190} INFO - [2024-11-16T19:15:38.604+0000] {dag.py:4180} INFO - Setting next_dagrun for conditional_dataset_and_time_based_timetable to 2024-11-13 01:00:00+00:00, run_after=2024-11-13 01:00:00+00:00
[2024-11-16T19:15:38.623+0000] {logging_mixin.py:190} INFO - [2024-11-16T19:15:38.622+0000] {dag.py:4180} INFO - Setting next_dagrun for consume_1_and_2_with_dataset_expressions to None, run_after=None
[2024-11-16T19:15:38.629+0000] {logging_mixin.py:190} INFO - [2024-11-16T19:15:38.629+0000] {dag.py:4180} INFO - Setting next_dagrun for consume_1_or_2_with_dataset_expressions to None, run_after=None
[2024-11-16T19:15:38.642+0000] {logging_mixin.py:190} INFO - [2024-11-16T19:15:38.642+0000] {dag.py:4180} INFO - Setting next_dagrun for consume_1_or_both_2_and_3_with_dataset_expressions to None, run_after=None
[2024-11-16T19:15:38.648+0000] {logging_mixin.py:190} INFO - [2024-11-16T19:15:38.647+0000] {dag.py:4180} INFO - Setting next_dagrun for dataset_consumes_1 to None, run_after=None
[2024-11-16T19:15:38.655+0000] {logging_mixin.py:190} INFO - [2024-11-16T19:15:38.654+0000] {dag.py:4180} INFO - Setting next_dagrun for dataset_consumes_1_and_2 to None, run_after=None
[2024-11-16T19:15:38.659+0000] {logging_mixin.py:190} INFO - [2024-11-16T19:15:38.659+0000] {dag.py:4180} INFO - Setting next_dagrun for dataset_consumes_1_never_scheduled to None, run_after=None
[2024-11-16T19:15:38.663+0000] {logging_mixin.py:190} INFO - [2024-11-16T19:15:38.662+0000] {dag.py:4180} INFO - Setting next_dagrun for dataset_consumes_unknown_never_scheduled to None, run_after=None
[2024-11-16T19:15:38.676+0000] {logging_mixin.py:190} INFO - [2024-11-16T19:15:38.675+0000] {dag.py:4180} INFO - Setting next_dagrun for dataset_produces_1 to 2024-11-15 00:00:00+00:00, run_after=2024-11-16 00:00:00+00:00
[2024-11-16T19:15:38.681+0000] {logging_mixin.py:190} INFO - [2024-11-16T19:15:38.680+0000] {dag.py:4180} INFO - Setting next_dagrun for dataset_produces_2 to None, run_after=None
[2024-11-16T19:15:38.803+0000] {processor.py:208} INFO - Processing /home/airflow/.local/lib/python3.12/site-packages/airflow/example_dags/example_datasets.py took 2.834 seconds
[2024-11-16T19:16:09.015+0000] {processor.py:186} INFO - Started process (PID=1377) to work on /home/airflow/.local/lib/python3.12/site-packages/airflow/example_dags/example_datasets.py
[2024-11-16T19:16:09.018+0000] {processor.py:914} INFO - Processing file /home/airflow/.local/lib/python3.12/site-packages/airflow/example_dags/example_datasets.py for tasks to queue
[2024-11-16T19:16:09.026+0000] {logging_mixin.py:190} INFO - [2024-11-16T19:16:09.024+0000] {dagbag.py:588} INFO - Filling up the DagBag from /home/airflow/.local/lib/python3.12/site-packages/airflow/example_dags/example_datasets.py
[2024-11-16T19:16:12.146+0000] {processor.py:925} INFO - DAG(s) 'consume_1_or_both_2_and_3_with_dataset_expressions', 'dataset_produces_2', 'dataset_consumes_unknown_never_scheduled', 'consume_1_or_2_with_dataset_expressions', 'dataset_consumes_1_and_2', 'dataset_consumes_1', 'consume_1_and_2_with_dataset_expressions', 'dataset_consumes_1_never_scheduled', 'conditional_dataset_and_time_based_timetable', 'dataset_produces_1' retrieved from /home/airflow/.local/lib/python3.12/site-packages/airflow/example_dags/example_datasets.py
[2024-11-16T19:16:12.587+0000] {logging_mixin.py:190} INFO - [2024-11-16T19:16:12.586+0000] {dag.py:3239} INFO - Sync 10 DAGs
[2024-11-16T19:16:13.129+0000] {logging_mixin.py:190} INFO - [2024-11-16T19:16:13.128+0000] {dag.py:4180} INFO - Setting next_dagrun for conditional_dataset_and_time_based_timetable to 2024-11-13 01:00:00+00:00, run_after=2024-11-13 01:00:00+00:00
[2024-11-16T19:16:13.173+0000] {logging_mixin.py:190} INFO - [2024-11-16T19:16:13.173+0000] {dag.py:4180} INFO - Setting next_dagrun for consume_1_and_2_with_dataset_expressions to None, run_after=None
[2024-11-16T19:16:13.181+0000] {logging_mixin.py:190} INFO - [2024-11-16T19:16:13.181+0000] {dag.py:4180} INFO - Setting next_dagrun for consume_1_or_2_with_dataset_expressions to None, run_after=None
[2024-11-16T19:16:13.197+0000] {logging_mixin.py:190} INFO - [2024-11-16T19:16:13.197+0000] {dag.py:4180} INFO - Setting next_dagrun for consume_1_or_both_2_and_3_with_dataset_expressions to None, run_after=None
[2024-11-16T19:16:13.216+0000] {logging_mixin.py:190} INFO - [2024-11-16T19:16:13.215+0000] {dag.py:4180} INFO - Setting next_dagrun for dataset_consumes_1 to None, run_after=None
[2024-11-16T19:16:13.248+0000] {logging_mixin.py:190} INFO - [2024-11-16T19:16:13.247+0000] {dag.py:4180} INFO - Setting next_dagrun for dataset_consumes_1_and_2 to None, run_after=None
[2024-11-16T19:16:13.266+0000] {logging_mixin.py:190} INFO - [2024-11-16T19:16:13.265+0000] {dag.py:4180} INFO - Setting next_dagrun for dataset_consumes_1_never_scheduled to None, run_after=None
[2024-11-16T19:16:13.277+0000] {logging_mixin.py:190} INFO - [2024-11-16T19:16:13.276+0000] {dag.py:4180} INFO - Setting next_dagrun for dataset_consumes_unknown_never_scheduled to None, run_after=None
[2024-11-16T19:16:13.317+0000] {logging_mixin.py:190} INFO - [2024-11-16T19:16:13.303+0000] {dag.py:4180} INFO - Setting next_dagrun for dataset_produces_1 to 2024-11-15 00:00:00+00:00, run_after=2024-11-16 00:00:00+00:00
[2024-11-16T19:16:13.322+0000] {logging_mixin.py:190} INFO - [2024-11-16T19:16:13.321+0000] {dag.py:4180} INFO - Setting next_dagrun for dataset_produces_2 to None, run_after=None
[2024-11-16T19:16:13.592+0000] {processor.py:208} INFO - Processing /home/airflow/.local/lib/python3.12/site-packages/airflow/example_dags/example_datasets.py took 4.605 seconds
[2024-11-16T19:16:43.902+0000] {processor.py:186} INFO - Started process (PID=1445) to work on /home/airflow/.local/lib/python3.12/site-packages/airflow/example_dags/example_datasets.py
[2024-11-16T19:16:43.907+0000] {processor.py:914} INFO - Processing file /home/airflow/.local/lib/python3.12/site-packages/airflow/example_dags/example_datasets.py for tasks to queue
[2024-11-16T19:16:43.916+0000] {logging_mixin.py:190} INFO - [2024-11-16T19:16:43.915+0000] {dagbag.py:588} INFO - Filling up the DagBag from /home/airflow/.local/lib/python3.12/site-packages/airflow/example_dags/example_datasets.py
[2024-11-16T19:16:45.588+0000] {processor.py:925} INFO - DAG(s) 'dataset_produces_2', 'dataset_produces_1', 'consume_1_or_2_with_dataset_expressions', 'dataset_consumes_unknown_never_scheduled', 'dataset_consumes_1', 'consume_1_or_both_2_and_3_with_dataset_expressions', 'conditional_dataset_and_time_based_timetable', 'consume_1_and_2_with_dataset_expressions', 'dataset_consumes_1_never_scheduled', 'dataset_consumes_1_and_2' retrieved from /home/airflow/.local/lib/python3.12/site-packages/airflow/example_dags/example_datasets.py
[2024-11-16T19:16:45.700+0000] {logging_mixin.py:190} INFO - [2024-11-16T19:16:45.699+0000] {dag.py:3239} INFO - Sync 10 DAGs
[2024-11-16T19:16:45.827+0000] {logging_mixin.py:190} INFO - [2024-11-16T19:16:45.826+0000] {dag.py:4180} INFO - Setting next_dagrun for conditional_dataset_and_time_based_timetable to 2024-11-13 01:00:00+00:00, run_after=2024-11-13 01:00:00+00:00
[2024-11-16T19:16:45.836+0000] {logging_mixin.py:190} INFO - [2024-11-16T19:16:45.835+0000] {dag.py:4180} INFO - Setting next_dagrun for consume_1_and_2_with_dataset_expressions to None, run_after=None
[2024-11-16T19:16:45.841+0000] {logging_mixin.py:190} INFO - [2024-11-16T19:16:45.840+0000] {dag.py:4180} INFO - Setting next_dagrun for consume_1_or_2_with_dataset_expressions to None, run_after=None
[2024-11-16T19:16:45.844+0000] {logging_mixin.py:190} INFO - [2024-11-16T19:16:45.844+0000] {dag.py:4180} INFO - Setting next_dagrun for consume_1_or_both_2_and_3_with_dataset_expressions to None, run_after=None
[2024-11-16T19:16:45.847+0000] {logging_mixin.py:190} INFO - [2024-11-16T19:16:45.847+0000] {dag.py:4180} INFO - Setting next_dagrun for dataset_consumes_1 to None, run_after=None
[2024-11-16T19:16:45.863+0000] {logging_mixin.py:190} INFO - [2024-11-16T19:16:45.863+0000] {dag.py:4180} INFO - Setting next_dagrun for dataset_consumes_1_and_2 to None, run_after=None
[2024-11-16T19:16:45.869+0000] {logging_mixin.py:190} INFO - [2024-11-16T19:16:45.869+0000] {dag.py:4180} INFO - Setting next_dagrun for dataset_consumes_1_never_scheduled to None, run_after=None
[2024-11-16T19:16:45.875+0000] {logging_mixin.py:190} INFO - [2024-11-16T19:16:45.874+0000] {dag.py:4180} INFO - Setting next_dagrun for dataset_consumes_unknown_never_scheduled to None, run_after=None
[2024-11-16T19:16:45.885+0000] {logging_mixin.py:190} INFO - [2024-11-16T19:16:45.884+0000] {dag.py:4180} INFO - Setting next_dagrun for dataset_produces_1 to 2024-11-15 00:00:00+00:00, run_after=2024-11-16 00:00:00+00:00
[2024-11-16T19:16:45.890+0000] {logging_mixin.py:190} INFO - [2024-11-16T19:16:45.889+0000] {dag.py:4180} INFO - Setting next_dagrun for dataset_produces_2 to None, run_after=None
[2024-11-16T19:16:46.078+0000] {processor.py:208} INFO - Processing /home/airflow/.local/lib/python3.12/site-packages/airflow/example_dags/example_datasets.py took 2.210 seconds
[2024-11-16T19:17:16.809+0000] {processor.py:186} INFO - Started process (PID=1512) to work on /home/airflow/.local/lib/python3.12/site-packages/airflow/example_dags/example_datasets.py
[2024-11-16T19:17:16.817+0000] {processor.py:914} INFO - Processing file /home/airflow/.local/lib/python3.12/site-packages/airflow/example_dags/example_datasets.py for tasks to queue
[2024-11-16T19:17:16.826+0000] {logging_mixin.py:190} INFO - [2024-11-16T19:17:16.825+0000] {dagbag.py:588} INFO - Filling up the DagBag from /home/airflow/.local/lib/python3.12/site-packages/airflow/example_dags/example_datasets.py
[2024-11-16T19:17:18.469+0000] {processor.py:925} INFO - DAG(s) 'conditional_dataset_and_time_based_timetable', 'dataset_consumes_unknown_never_scheduled', 'dataset_produces_2', 'dataset_consumes_1_and_2', 'dataset_produces_1', 'consume_1_or_2_with_dataset_expressions', 'dataset_consumes_1_never_scheduled', 'consume_1_and_2_with_dataset_expressions', 'consume_1_or_both_2_and_3_with_dataset_expressions', 'dataset_consumes_1' retrieved from /home/airflow/.local/lib/python3.12/site-packages/airflow/example_dags/example_datasets.py
[2024-11-16T19:17:18.627+0000] {logging_mixin.py:190} INFO - [2024-11-16T19:17:18.627+0000] {dag.py:3239} INFO - Sync 10 DAGs
[2024-11-16T19:17:18.683+0000] {logging_mixin.py:190} INFO - [2024-11-16T19:17:18.682+0000] {dag.py:4180} INFO - Setting next_dagrun for conditional_dataset_and_time_based_timetable to 2024-11-13 01:00:00+00:00, run_after=2024-11-13 01:00:00+00:00
[2024-11-16T19:17:18.692+0000] {logging_mixin.py:190} INFO - [2024-11-16T19:17:18.692+0000] {dag.py:4180} INFO - Setting next_dagrun for consume_1_and_2_with_dataset_expressions to None, run_after=None
[2024-11-16T19:17:18.700+0000] {logging_mixin.py:190} INFO - [2024-11-16T19:17:18.699+0000] {dag.py:4180} INFO - Setting next_dagrun for consume_1_or_2_with_dataset_expressions to None, run_after=None
[2024-11-16T19:17:18.703+0000] {logging_mixin.py:190} INFO - [2024-11-16T19:17:18.703+0000] {dag.py:4180} INFO - Setting next_dagrun for consume_1_or_both_2_and_3_with_dataset_expressions to None, run_after=None
[2024-11-16T19:17:18.707+0000] {logging_mixin.py:190} INFO - [2024-11-16T19:17:18.706+0000] {dag.py:4180} INFO - Setting next_dagrun for dataset_consumes_1 to None, run_after=None
[2024-11-16T19:17:18.710+0000] {logging_mixin.py:190} INFO - [2024-11-16T19:17:18.710+0000] {dag.py:4180} INFO - Setting next_dagrun for dataset_consumes_1_and_2 to None, run_after=None
[2024-11-16T19:17:18.713+0000] {logging_mixin.py:190} INFO - [2024-11-16T19:17:18.713+0000] {dag.py:4180} INFO - Setting next_dagrun for dataset_consumes_1_never_scheduled to None, run_after=None
[2024-11-16T19:17:18.717+0000] {logging_mixin.py:190} INFO - [2024-11-16T19:17:18.716+0000] {dag.py:4180} INFO - Setting next_dagrun for dataset_consumes_unknown_never_scheduled to None, run_after=None
[2024-11-16T19:17:18.723+0000] {logging_mixin.py:190} INFO - [2024-11-16T19:17:18.722+0000] {dag.py:4180} INFO - Setting next_dagrun for dataset_produces_1 to 2024-11-15 00:00:00+00:00, run_after=2024-11-16 00:00:00+00:00
[2024-11-16T19:17:18.726+0000] {logging_mixin.py:190} INFO - [2024-11-16T19:17:18.725+0000] {dag.py:4180} INFO - Setting next_dagrun for dataset_produces_2 to None, run_after=None
[2024-11-16T19:17:18.859+0000] {processor.py:208} INFO - Processing /home/airflow/.local/lib/python3.12/site-packages/airflow/example_dags/example_datasets.py took 2.090 seconds
