[2024-11-16T18:59:54.327+0000] {processor.py:186} INFO - Started process (PID=125) to work on /home/airflow/.local/lib/python3.12/site-packages/airflow/example_dags/example_branch_labels.py
[2024-11-16T18:59:54.419+0000] {processor.py:914} INFO - Processing file /home/airflow/.local/lib/python3.12/site-packages/airflow/example_dags/example_branch_labels.py for tasks to queue
[2024-11-16T18:59:54.439+0000] {logging_mixin.py:190} INFO - [2024-11-16T18:59:54.438+0000] {dagbag.py:588} INFO - Filling up the DagBag from /home/airflow/.local/lib/python3.12/site-packages/airflow/example_dags/example_branch_labels.py
[2024-11-16T18:59:54.564+0000] {processor.py:925} INFO - DAG(s) 'example_branch_labels' retrieved from /home/airflow/.local/lib/python3.12/site-packages/airflow/example_dags/example_branch_labels.py
[2024-11-16T18:59:56.485+0000] {logging_mixin.py:190} INFO - [2024-11-16T18:59:56.483+0000] {override.py:1911} INFO - Created Permission View: can delete on DAG:example_branch_labels
[2024-11-16T18:59:56.819+0000] {logging_mixin.py:190} INFO - [2024-11-16T18:59:56.819+0000] {override.py:1911} INFO - Created Permission View: can edit on DAG:example_branch_labels
[2024-11-16T18:59:57.142+0000] {logging_mixin.py:190} INFO - [2024-11-16T18:59:57.141+0000] {override.py:1911} INFO - Created Permission View: can read on DAG:example_branch_labels
[2024-11-16T18:59:57.645+0000] {logging_mixin.py:190} INFO - [2024-11-16T18:59:57.644+0000] {override.py:1911} INFO - Created Permission View: menu access on DAG Run:example_branch_labels
[2024-11-16T18:59:57.955+0000] {logging_mixin.py:190} INFO - [2024-11-16T18:59:57.953+0000] {override.py:1911} INFO - Created Permission View: can delete on DAG Run:example_branch_labels
[2024-11-16T18:59:58.366+0000] {logging_mixin.py:190} INFO - [2024-11-16T18:59:58.329+0000] {override.py:1911} INFO - Created Permission View: can read on DAG Run:example_branch_labels
[2024-11-16T18:59:58.525+0000] {logging_mixin.py:190} INFO - [2024-11-16T18:59:58.525+0000] {override.py:1911} INFO - Created Permission View: can create on DAG Run:example_branch_labels
[2024-11-16T18:59:58.544+0000] {logging_mixin.py:190} INFO - [2024-11-16T18:59:58.544+0000] {dag.py:3239} INFO - Sync 1 DAGs
[2024-11-16T18:59:58.766+0000] {logging_mixin.py:190} INFO - [2024-11-16T18:59:58.734+0000] {dag.py:3262} INFO - Creating ORM DAG for example_branch_labels
[2024-11-16T18:59:58.890+0000] {logging_mixin.py:190} INFO - [2024-11-16T18:59:58.889+0000] {dag.py:4180} INFO - Setting next_dagrun for example_branch_labels to 2024-11-15 00:00:00+00:00, run_after=2024-11-16 00:00:00+00:00
[2024-11-16T18:59:59.074+0000] {processor.py:208} INFO - Processing /home/airflow/.local/lib/python3.12/site-packages/airflow/example_dags/example_branch_labels.py took 4.850 seconds
[2024-11-16T19:00:43.041+0000] {processor.py:186} INFO - Started process (PID=193) to work on /home/airflow/.local/lib/python3.12/site-packages/airflow/example_dags/example_branch_labels.py
[2024-11-16T19:00:43.068+0000] {processor.py:914} INFO - Processing file /home/airflow/.local/lib/python3.12/site-packages/airflow/example_dags/example_branch_labels.py for tasks to queue
[2024-11-16T19:00:43.083+0000] {logging_mixin.py:190} INFO - [2024-11-16T19:00:43.080+0000] {dagbag.py:588} INFO - Filling up the DagBag from /home/airflow/.local/lib/python3.12/site-packages/airflow/example_dags/example_branch_labels.py
[2024-11-16T19:00:43.138+0000] {processor.py:925} INFO - DAG(s) 'example_branch_labels' retrieved from /home/airflow/.local/lib/python3.12/site-packages/airflow/example_dags/example_branch_labels.py
[2024-11-16T19:00:43.273+0000] {logging_mixin.py:190} INFO - [2024-11-16T19:00:43.273+0000] {dag.py:3239} INFO - Sync 1 DAGs
[2024-11-16T19:00:43.464+0000] {logging_mixin.py:190} INFO - [2024-11-16T19:00:43.464+0000] {dag.py:4180} INFO - Setting next_dagrun for example_branch_labels to 2024-11-15 00:00:00+00:00, run_after=2024-11-16 00:00:00+00:00
[2024-11-16T19:00:43.600+0000] {processor.py:208} INFO - Processing /home/airflow/.local/lib/python3.12/site-packages/airflow/example_dags/example_branch_labels.py took 0.598 seconds
[2024-11-16T19:01:15.658+0000] {processor.py:186} INFO - Started process (PID=255) to work on /home/airflow/.local/lib/python3.12/site-packages/airflow/example_dags/example_branch_labels.py
[2024-11-16T19:01:15.667+0000] {processor.py:914} INFO - Processing file /home/airflow/.local/lib/python3.12/site-packages/airflow/example_dags/example_branch_labels.py for tasks to queue
[2024-11-16T19:01:15.686+0000] {logging_mixin.py:190} INFO - [2024-11-16T19:01:15.677+0000] {dagbag.py:588} INFO - Filling up the DagBag from /home/airflow/.local/lib/python3.12/site-packages/airflow/example_dags/example_branch_labels.py
[2024-11-16T19:01:15.788+0000] {processor.py:925} INFO - DAG(s) 'example_branch_labels' retrieved from /home/airflow/.local/lib/python3.12/site-packages/airflow/example_dags/example_branch_labels.py
[2024-11-16T19:01:15.940+0000] {logging_mixin.py:190} INFO - [2024-11-16T19:01:15.939+0000] {dag.py:3239} INFO - Sync 1 DAGs
[2024-11-16T19:01:16.062+0000] {logging_mixin.py:190} INFO - [2024-11-16T19:01:16.061+0000] {dag.py:4180} INFO - Setting next_dagrun for example_branch_labels to 2024-11-15 00:00:00+00:00, run_after=2024-11-16 00:00:00+00:00
[2024-11-16T19:01:16.138+0000] {processor.py:208} INFO - Processing /home/airflow/.local/lib/python3.12/site-packages/airflow/example_dags/example_branch_labels.py took 0.513 seconds
[2024-11-16T19:02:01.904+0000] {processor.py:186} INFO - Started process (PID=317) to work on /home/airflow/.local/lib/python3.12/site-packages/airflow/example_dags/example_branch_labels.py
[2024-11-16T19:02:01.906+0000] {processor.py:914} INFO - Processing file /home/airflow/.local/lib/python3.12/site-packages/airflow/example_dags/example_branch_labels.py for tasks to queue
[2024-11-16T19:02:01.923+0000] {logging_mixin.py:190} INFO - [2024-11-16T19:02:01.922+0000] {dagbag.py:588} INFO - Filling up the DagBag from /home/airflow/.local/lib/python3.12/site-packages/airflow/example_dags/example_branch_labels.py
[2024-11-16T19:02:02.000+0000] {processor.py:925} INFO - DAG(s) 'example_branch_labels' retrieved from /home/airflow/.local/lib/python3.12/site-packages/airflow/example_dags/example_branch_labels.py
[2024-11-16T19:02:02.209+0000] {logging_mixin.py:190} INFO - [2024-11-16T19:02:02.197+0000] {dag.py:3239} INFO - Sync 1 DAGs
[2024-11-16T19:02:02.582+0000] {logging_mixin.py:190} INFO - [2024-11-16T19:02:02.582+0000] {dag.py:4180} INFO - Setting next_dagrun for example_branch_labels to 2024-11-15 00:00:00+00:00, run_after=2024-11-16 00:00:00+00:00
[2024-11-16T19:02:03.049+0000] {processor.py:208} INFO - Processing /home/airflow/.local/lib/python3.12/site-packages/airflow/example_dags/example_branch_labels.py took 1.208 seconds
[2024-11-16T19:02:46.846+0000] {processor.py:186} INFO - Started process (PID=391) to work on /home/airflow/.local/lib/python3.12/site-packages/airflow/example_dags/example_branch_labels.py
[2024-11-16T19:02:46.848+0000] {processor.py:914} INFO - Processing file /home/airflow/.local/lib/python3.12/site-packages/airflow/example_dags/example_branch_labels.py for tasks to queue
[2024-11-16T19:02:46.877+0000] {logging_mixin.py:190} INFO - [2024-11-16T19:02:46.865+0000] {dagbag.py:588} INFO - Filling up the DagBag from /home/airflow/.local/lib/python3.12/site-packages/airflow/example_dags/example_branch_labels.py
[2024-11-16T19:02:46.977+0000] {processor.py:925} INFO - DAG(s) 'example_branch_labels' retrieved from /home/airflow/.local/lib/python3.12/site-packages/airflow/example_dags/example_branch_labels.py
[2024-11-16T19:02:47.238+0000] {logging_mixin.py:190} INFO - [2024-11-16T19:02:47.237+0000] {dag.py:3239} INFO - Sync 1 DAGs
[2024-11-16T19:02:47.513+0000] {logging_mixin.py:190} INFO - [2024-11-16T19:02:47.513+0000] {dag.py:4180} INFO - Setting next_dagrun for example_branch_labels to 2024-11-15 00:00:00+00:00, run_after=2024-11-16 00:00:00+00:00
[2024-11-16T19:02:47.749+0000] {processor.py:208} INFO - Processing /home/airflow/.local/lib/python3.12/site-packages/airflow/example_dags/example_branch_labels.py took 0.983 seconds
[2024-11-16T19:03:18.136+0000] {processor.py:186} INFO - Started process (PID=454) to work on /home/airflow/.local/lib/python3.12/site-packages/airflow/example_dags/example_branch_labels.py
[2024-11-16T19:03:18.139+0000] {processor.py:914} INFO - Processing file /home/airflow/.local/lib/python3.12/site-packages/airflow/example_dags/example_branch_labels.py for tasks to queue
[2024-11-16T19:03:18.146+0000] {logging_mixin.py:190} INFO - [2024-11-16T19:03:18.145+0000] {dagbag.py:588} INFO - Filling up the DagBag from /home/airflow/.local/lib/python3.12/site-packages/airflow/example_dags/example_branch_labels.py
[2024-11-16T19:03:18.185+0000] {processor.py:925} INFO - DAG(s) 'example_branch_labels' retrieved from /home/airflow/.local/lib/python3.12/site-packages/airflow/example_dags/example_branch_labels.py
[2024-11-16T19:03:18.263+0000] {logging_mixin.py:190} INFO - [2024-11-16T19:03:18.263+0000] {dag.py:3239} INFO - Sync 1 DAGs
[2024-11-16T19:03:18.391+0000] {logging_mixin.py:190} INFO - [2024-11-16T19:03:18.391+0000] {dag.py:4180} INFO - Setting next_dagrun for example_branch_labels to 2024-11-15 00:00:00+00:00, run_after=2024-11-16 00:00:00+00:00
[2024-11-16T19:03:18.448+0000] {processor.py:208} INFO - Processing /home/airflow/.local/lib/python3.12/site-packages/airflow/example_dags/example_branch_labels.py took 0.334 seconds
[2024-11-16T19:03:49.077+0000] {processor.py:186} INFO - Started process (PID=517) to work on /home/airflow/.local/lib/python3.12/site-packages/airflow/example_dags/example_branch_labels.py
[2024-11-16T19:03:49.080+0000] {processor.py:914} INFO - Processing file /home/airflow/.local/lib/python3.12/site-packages/airflow/example_dags/example_branch_labels.py for tasks to queue
[2024-11-16T19:03:49.090+0000] {logging_mixin.py:190} INFO - [2024-11-16T19:03:49.089+0000] {dagbag.py:588} INFO - Filling up the DagBag from /home/airflow/.local/lib/python3.12/site-packages/airflow/example_dags/example_branch_labels.py
[2024-11-16T19:03:49.120+0000] {processor.py:925} INFO - DAG(s) 'example_branch_labels' retrieved from /home/airflow/.local/lib/python3.12/site-packages/airflow/example_dags/example_branch_labels.py
[2024-11-16T19:03:49.174+0000] {logging_mixin.py:190} INFO - [2024-11-16T19:03:49.174+0000] {dag.py:3239} INFO - Sync 1 DAGs
[2024-11-16T19:03:49.230+0000] {logging_mixin.py:190} INFO - [2024-11-16T19:03:49.229+0000] {dag.py:4180} INFO - Setting next_dagrun for example_branch_labels to 2024-11-15 00:00:00+00:00, run_after=2024-11-16 00:00:00+00:00
[2024-11-16T19:03:49.274+0000] {processor.py:208} INFO - Processing /home/airflow/.local/lib/python3.12/site-packages/airflow/example_dags/example_branch_labels.py took 0.232 seconds
[2024-11-16T19:04:22.049+0000] {processor.py:186} INFO - Started process (PID=580) to work on /home/airflow/.local/lib/python3.12/site-packages/airflow/example_dags/example_branch_labels.py
[2024-11-16T19:04:22.051+0000] {processor.py:914} INFO - Processing file /home/airflow/.local/lib/python3.12/site-packages/airflow/example_dags/example_branch_labels.py for tasks to queue
[2024-11-16T19:04:22.056+0000] {logging_mixin.py:190} INFO - [2024-11-16T19:04:22.055+0000] {dagbag.py:588} INFO - Filling up the DagBag from /home/airflow/.local/lib/python3.12/site-packages/airflow/example_dags/example_branch_labels.py
[2024-11-16T19:04:22.080+0000] {processor.py:925} INFO - DAG(s) 'example_branch_labels' retrieved from /home/airflow/.local/lib/python3.12/site-packages/airflow/example_dags/example_branch_labels.py
[2024-11-16T19:04:22.133+0000] {logging_mixin.py:190} INFO - [2024-11-16T19:04:22.132+0000] {dag.py:3239} INFO - Sync 1 DAGs
[2024-11-16T19:04:22.193+0000] {logging_mixin.py:190} INFO - [2024-11-16T19:04:22.193+0000] {dag.py:4180} INFO - Setting next_dagrun for example_branch_labels to 2024-11-15 00:00:00+00:00, run_after=2024-11-16 00:00:00+00:00
[2024-11-16T19:04:22.241+0000] {processor.py:208} INFO - Processing /home/airflow/.local/lib/python3.12/site-packages/airflow/example_dags/example_branch_labels.py took 0.208 seconds
[2024-11-16T19:06:19.104+0000] {processor.py:186} INFO - Started process (PID=660) to work on /home/airflow/.local/lib/python3.12/site-packages/airflow/example_dags/example_branch_labels.py
[2024-11-16T19:06:19.138+0000] {processor.py:914} INFO - Processing file /home/airflow/.local/lib/python3.12/site-packages/airflow/example_dags/example_branch_labels.py for tasks to queue
[2024-11-16T19:06:19.235+0000] {logging_mixin.py:190} INFO - [2024-11-16T19:06:19.233+0000] {dagbag.py:588} INFO - Filling up the DagBag from /home/airflow/.local/lib/python3.12/site-packages/airflow/example_dags/example_branch_labels.py
[2024-11-16T19:06:19.394+0000] {processor.py:925} INFO - DAG(s) 'example_branch_labels' retrieved from /home/airflow/.local/lib/python3.12/site-packages/airflow/example_dags/example_branch_labels.py
[2024-11-16T19:06:19.747+0000] {logging_mixin.py:190} INFO - [2024-11-16T19:06:19.746+0000] {dag.py:3239} INFO - Sync 1 DAGs
[2024-11-16T19:06:20.157+0000] {logging_mixin.py:190} INFO - [2024-11-16T19:06:20.156+0000] {dag.py:4180} INFO - Setting next_dagrun for example_branch_labels to 2024-11-15 00:00:00+00:00, run_after=2024-11-16 00:00:00+00:00
[2024-11-16T19:06:20.399+0000] {processor.py:208} INFO - Processing /home/airflow/.local/lib/python3.12/site-packages/airflow/example_dags/example_branch_labels.py took 1.376 seconds
[2024-11-16T19:09:02.241+0000] {processor.py:186} INFO - Started process (PID=778) to work on /home/airflow/.local/lib/python3.12/site-packages/airflow/example_dags/example_branch_labels.py
[2024-11-16T19:09:02.258+0000] {processor.py:914} INFO - Processing file /home/airflow/.local/lib/python3.12/site-packages/airflow/example_dags/example_branch_labels.py for tasks to queue
[2024-11-16T19:09:02.295+0000] {logging_mixin.py:190} INFO - [2024-11-16T19:09:02.294+0000] {dagbag.py:588} INFO - Filling up the DagBag from /home/airflow/.local/lib/python3.12/site-packages/airflow/example_dags/example_branch_labels.py
[2024-11-16T19:09:02.445+0000] {processor.py:925} INFO - DAG(s) 'example_branch_labels' retrieved from /home/airflow/.local/lib/python3.12/site-packages/airflow/example_dags/example_branch_labels.py
[2024-11-16T19:09:02.853+0000] {logging_mixin.py:190} INFO - [2024-11-16T19:09:02.852+0000] {dag.py:3239} INFO - Sync 1 DAGs
[2024-11-16T19:09:03.264+0000] {logging_mixin.py:190} INFO - [2024-11-16T19:09:03.264+0000] {dag.py:4180} INFO - Setting next_dagrun for example_branch_labels to 2024-11-15 00:00:00+00:00, run_after=2024-11-16 00:00:00+00:00
[2024-11-16T19:09:03.493+0000] {processor.py:208} INFO - Processing /home/airflow/.local/lib/python3.12/site-packages/airflow/example_dags/example_branch_labels.py took 1.328 seconds
[2024-11-16T19:11:06.391+0000] {processor.py:186} INFO - Started process (PID=882) to work on /home/airflow/.local/lib/python3.12/site-packages/airflow/example_dags/example_branch_labels.py
[2024-11-16T19:11:06.400+0000] {processor.py:914} INFO - Processing file /home/airflow/.local/lib/python3.12/site-packages/airflow/example_dags/example_branch_labels.py for tasks to queue
[2024-11-16T19:11:06.448+0000] {logging_mixin.py:190} INFO - [2024-11-16T19:11:06.446+0000] {dagbag.py:588} INFO - Filling up the DagBag from /home/airflow/.local/lib/python3.12/site-packages/airflow/example_dags/example_branch_labels.py
[2024-11-16T19:11:06.575+0000] {processor.py:925} INFO - DAG(s) 'example_branch_labels' retrieved from /home/airflow/.local/lib/python3.12/site-packages/airflow/example_dags/example_branch_labels.py
[2024-11-16T19:11:06.914+0000] {logging_mixin.py:190} INFO - [2024-11-16T19:11:06.913+0000] {dag.py:3239} INFO - Sync 1 DAGs
[2024-11-16T19:11:07.230+0000] {logging_mixin.py:190} INFO - [2024-11-16T19:11:07.229+0000] {dag.py:4180} INFO - Setting next_dagrun for example_branch_labels to 2024-11-15 00:00:00+00:00, run_after=2024-11-16 00:00:00+00:00
[2024-11-16T19:11:07.568+0000] {processor.py:208} INFO - Processing /home/airflow/.local/lib/python3.12/site-packages/airflow/example_dags/example_branch_labels.py took 1.242 seconds
[2024-11-16T19:12:24.799+0000] {processor.py:186} INFO - Started process (PID=967) to work on /home/airflow/.local/lib/python3.12/site-packages/airflow/example_dags/example_branch_labels.py
[2024-11-16T19:12:24.814+0000] {processor.py:914} INFO - Processing file /home/airflow/.local/lib/python3.12/site-packages/airflow/example_dags/example_branch_labels.py for tasks to queue
[2024-11-16T19:12:24.838+0000] {logging_mixin.py:190} INFO - [2024-11-16T19:12:24.837+0000] {dagbag.py:588} INFO - Filling up the DagBag from /home/airflow/.local/lib/python3.12/site-packages/airflow/example_dags/example_branch_labels.py
[2024-11-16T19:12:24.984+0000] {processor.py:925} INFO - DAG(s) 'example_branch_labels' retrieved from /home/airflow/.local/lib/python3.12/site-packages/airflow/example_dags/example_branch_labels.py
[2024-11-16T19:12:25.229+0000] {logging_mixin.py:190} INFO - [2024-11-16T19:12:25.217+0000] {dag.py:3239} INFO - Sync 1 DAGs
[2024-11-16T19:12:25.550+0000] {logging_mixin.py:190} INFO - [2024-11-16T19:12:25.549+0000] {dag.py:4180} INFO - Setting next_dagrun for example_branch_labels to 2024-11-15 00:00:00+00:00, run_after=2024-11-16 00:00:00+00:00
[2024-11-16T19:12:25.815+0000] {processor.py:208} INFO - Processing /home/airflow/.local/lib/python3.12/site-packages/airflow/example_dags/example_branch_labels.py took 1.092 seconds
[2024-11-16T19:13:07.541+0000] {processor.py:186} INFO - Started process (PID=1035) to work on /home/airflow/.local/lib/python3.12/site-packages/airflow/example_dags/example_branch_labels.py
[2024-11-16T19:13:07.544+0000] {processor.py:914} INFO - Processing file /home/airflow/.local/lib/python3.12/site-packages/airflow/example_dags/example_branch_labels.py for tasks to queue
[2024-11-16T19:13:07.550+0000] {logging_mixin.py:190} INFO - [2024-11-16T19:13:07.549+0000] {dagbag.py:588} INFO - Filling up the DagBag from /home/airflow/.local/lib/python3.12/site-packages/airflow/example_dags/example_branch_labels.py
[2024-11-16T19:13:07.577+0000] {processor.py:925} INFO - DAG(s) 'example_branch_labels' retrieved from /home/airflow/.local/lib/python3.12/site-packages/airflow/example_dags/example_branch_labels.py
[2024-11-16T19:13:07.631+0000] {logging_mixin.py:190} INFO - [2024-11-16T19:13:07.631+0000] {dag.py:3239} INFO - Sync 1 DAGs
[2024-11-16T19:13:07.723+0000] {logging_mixin.py:190} INFO - [2024-11-16T19:13:07.722+0000] {dag.py:4180} INFO - Setting next_dagrun for example_branch_labels to 2024-11-15 00:00:00+00:00, run_after=2024-11-16 00:00:00+00:00
[2024-11-16T19:13:07.806+0000] {processor.py:208} INFO - Processing /home/airflow/.local/lib/python3.12/site-packages/airflow/example_dags/example_branch_labels.py took 0.282 seconds
[2024-11-16T19:13:55.525+0000] {processor.py:186} INFO - Started process (PID=1109) to work on /home/airflow/.local/lib/python3.12/site-packages/airflow/example_dags/example_branch_labels.py
[2024-11-16T19:13:55.528+0000] {processor.py:914} INFO - Processing file /home/airflow/.local/lib/python3.12/site-packages/airflow/example_dags/example_branch_labels.py for tasks to queue
[2024-11-16T19:13:55.535+0000] {logging_mixin.py:190} INFO - [2024-11-16T19:13:55.534+0000] {dagbag.py:588} INFO - Filling up the DagBag from /home/airflow/.local/lib/python3.12/site-packages/airflow/example_dags/example_branch_labels.py
[2024-11-16T19:13:55.573+0000] {processor.py:925} INFO - DAG(s) 'example_branch_labels' retrieved from /home/airflow/.local/lib/python3.12/site-packages/airflow/example_dags/example_branch_labels.py
[2024-11-16T19:13:55.626+0000] {logging_mixin.py:190} INFO - [2024-11-16T19:13:55.626+0000] {dag.py:3239} INFO - Sync 1 DAGs
[2024-11-16T19:13:55.685+0000] {logging_mixin.py:190} INFO - [2024-11-16T19:13:55.685+0000] {dag.py:4180} INFO - Setting next_dagrun for example_branch_labels to 2024-11-15 00:00:00+00:00, run_after=2024-11-16 00:00:00+00:00
[2024-11-16T19:13:55.723+0000] {processor.py:208} INFO - Processing /home/airflow/.local/lib/python3.12/site-packages/airflow/example_dags/example_branch_labels.py took 0.216 seconds
[2024-11-16T19:14:27.476+0000] {processor.py:186} INFO - Started process (PID=1175) to work on /home/airflow/.local/lib/python3.12/site-packages/airflow/example_dags/example_branch_labels.py
[2024-11-16T19:14:27.482+0000] {processor.py:914} INFO - Processing file /home/airflow/.local/lib/python3.12/site-packages/airflow/example_dags/example_branch_labels.py for tasks to queue
[2024-11-16T19:14:27.488+0000] {logging_mixin.py:190} INFO - [2024-11-16T19:14:27.487+0000] {dagbag.py:588} INFO - Filling up the DagBag from /home/airflow/.local/lib/python3.12/site-packages/airflow/example_dags/example_branch_labels.py
[2024-11-16T19:14:27.527+0000] {processor.py:925} INFO - DAG(s) 'example_branch_labels' retrieved from /home/airflow/.local/lib/python3.12/site-packages/airflow/example_dags/example_branch_labels.py
[2024-11-16T19:14:27.602+0000] {logging_mixin.py:190} INFO - [2024-11-16T19:14:27.602+0000] {dag.py:3239} INFO - Sync 1 DAGs
[2024-11-16T19:14:27.662+0000] {logging_mixin.py:190} INFO - [2024-11-16T19:14:27.661+0000] {dag.py:4180} INFO - Setting next_dagrun for example_branch_labels to 2024-11-15 00:00:00+00:00, run_after=2024-11-16 00:00:00+00:00
[2024-11-16T19:14:27.702+0000] {processor.py:208} INFO - Processing /home/airflow/.local/lib/python3.12/site-packages/airflow/example_dags/example_branch_labels.py took 0.254 seconds
[2024-11-16T19:15:00.228+0000] {processor.py:186} INFO - Started process (PID=1239) to work on /home/airflow/.local/lib/python3.12/site-packages/airflow/example_dags/example_branch_labels.py
[2024-11-16T19:15:00.234+0000] {processor.py:914} INFO - Processing file /home/airflow/.local/lib/python3.12/site-packages/airflow/example_dags/example_branch_labels.py for tasks to queue
[2024-11-16T19:15:00.266+0000] {logging_mixin.py:190} INFO - [2024-11-16T19:15:00.265+0000] {dagbag.py:588} INFO - Filling up the DagBag from /home/airflow/.local/lib/python3.12/site-packages/airflow/example_dags/example_branch_labels.py
[2024-11-16T19:15:00.383+0000] {processor.py:925} INFO - DAG(s) 'example_branch_labels' retrieved from /home/airflow/.local/lib/python3.12/site-packages/airflow/example_dags/example_branch_labels.py
[2024-11-16T19:15:00.559+0000] {logging_mixin.py:190} INFO - [2024-11-16T19:15:00.558+0000] {dag.py:3239} INFO - Sync 1 DAGs
[2024-11-16T19:15:00.763+0000] {logging_mixin.py:190} INFO - [2024-11-16T19:15:00.762+0000] {dag.py:4180} INFO - Setting next_dagrun for example_branch_labels to 2024-11-15 00:00:00+00:00, run_after=2024-11-16 00:00:00+00:00
[2024-11-16T19:15:00.974+0000] {processor.py:208} INFO - Processing /home/airflow/.local/lib/python3.12/site-packages/airflow/example_dags/example_branch_labels.py took 0.814 seconds
[2024-11-16T19:15:31.744+0000] {processor.py:186} INFO - Started process (PID=1302) to work on /home/airflow/.local/lib/python3.12/site-packages/airflow/example_dags/example_branch_labels.py
[2024-11-16T19:15:31.761+0000] {processor.py:914} INFO - Processing file /home/airflow/.local/lib/python3.12/site-packages/airflow/example_dags/example_branch_labels.py for tasks to queue
[2024-11-16T19:15:31.772+0000] {logging_mixin.py:190} INFO - [2024-11-16T19:15:31.771+0000] {dagbag.py:588} INFO - Filling up the DagBag from /home/airflow/.local/lib/python3.12/site-packages/airflow/example_dags/example_branch_labels.py
[2024-11-16T19:15:31.853+0000] {processor.py:925} INFO - DAG(s) 'example_branch_labels' retrieved from /home/airflow/.local/lib/python3.12/site-packages/airflow/example_dags/example_branch_labels.py
[2024-11-16T19:15:31.935+0000] {logging_mixin.py:190} INFO - [2024-11-16T19:15:31.934+0000] {dag.py:3239} INFO - Sync 1 DAGs
[2024-11-16T19:15:32.031+0000] {logging_mixin.py:190} INFO - [2024-11-16T19:15:32.030+0000] {dag.py:4180} INFO - Setting next_dagrun for example_branch_labels to 2024-11-15 00:00:00+00:00, run_after=2024-11-16 00:00:00+00:00
[2024-11-16T19:15:32.138+0000] {processor.py:208} INFO - Processing /home/airflow/.local/lib/python3.12/site-packages/airflow/example_dags/example_branch_labels.py took 0.466 seconds
[2024-11-16T19:16:02.382+0000] {processor.py:186} INFO - Started process (PID=1366) to work on /home/airflow/.local/lib/python3.12/site-packages/airflow/example_dags/example_branch_labels.py
[2024-11-16T19:16:02.390+0000] {processor.py:914} INFO - Processing file /home/airflow/.local/lib/python3.12/site-packages/airflow/example_dags/example_branch_labels.py for tasks to queue
[2024-11-16T19:16:02.412+0000] {logging_mixin.py:190} INFO - [2024-11-16T19:16:02.411+0000] {dagbag.py:588} INFO - Filling up the DagBag from /home/airflow/.local/lib/python3.12/site-packages/airflow/example_dags/example_branch_labels.py
[2024-11-16T19:16:02.472+0000] {processor.py:925} INFO - DAG(s) 'example_branch_labels' retrieved from /home/airflow/.local/lib/python3.12/site-packages/airflow/example_dags/example_branch_labels.py
[2024-11-16T19:16:02.550+0000] {logging_mixin.py:190} INFO - [2024-11-16T19:16:02.547+0000] {dag.py:3239} INFO - Sync 1 DAGs
[2024-11-16T19:16:02.652+0000] {logging_mixin.py:190} INFO - [2024-11-16T19:16:02.651+0000] {dag.py:4180} INFO - Setting next_dagrun for example_branch_labels to 2024-11-15 00:00:00+00:00, run_after=2024-11-16 00:00:00+00:00
[2024-11-16T19:16:02.700+0000] {processor.py:208} INFO - Processing /home/airflow/.local/lib/python3.12/site-packages/airflow/example_dags/example_branch_labels.py took 0.348 seconds
[2024-11-16T19:16:32.973+0000] {processor.py:186} INFO - Started process (PID=1430) to work on /home/airflow/.local/lib/python3.12/site-packages/airflow/example_dags/example_branch_labels.py
[2024-11-16T19:16:32.975+0000] {processor.py:914} INFO - Processing file /home/airflow/.local/lib/python3.12/site-packages/airflow/example_dags/example_branch_labels.py for tasks to queue
[2024-11-16T19:16:32.980+0000] {logging_mixin.py:190} INFO - [2024-11-16T19:16:32.979+0000] {dagbag.py:588} INFO - Filling up the DagBag from /home/airflow/.local/lib/python3.12/site-packages/airflow/example_dags/example_branch_labels.py
[2024-11-16T19:16:33.000+0000] {processor.py:925} INFO - DAG(s) 'example_branch_labels' retrieved from /home/airflow/.local/lib/python3.12/site-packages/airflow/example_dags/example_branch_labels.py
[2024-11-16T19:16:33.042+0000] {logging_mixin.py:190} INFO - [2024-11-16T19:16:33.042+0000] {dag.py:3239} INFO - Sync 1 DAGs
[2024-11-16T19:16:33.119+0000] {logging_mixin.py:190} INFO - [2024-11-16T19:16:33.118+0000] {dag.py:4180} INFO - Setting next_dagrun for example_branch_labels to 2024-11-15 00:00:00+00:00, run_after=2024-11-16 00:00:00+00:00
[2024-11-16T19:16:33.186+0000] {processor.py:208} INFO - Processing /home/airflow/.local/lib/python3.12/site-packages/airflow/example_dags/example_branch_labels.py took 0.226 seconds
[2024-11-16T19:17:04.232+0000] {processor.py:186} INFO - Started process (PID=1493) to work on /home/airflow/.local/lib/python3.12/site-packages/airflow/example_dags/example_branch_labels.py
[2024-11-16T19:17:04.234+0000] {processor.py:914} INFO - Processing file /home/airflow/.local/lib/python3.12/site-packages/airflow/example_dags/example_branch_labels.py for tasks to queue
[2024-11-16T19:17:04.240+0000] {logging_mixin.py:190} INFO - [2024-11-16T19:17:04.240+0000] {dagbag.py:588} INFO - Filling up the DagBag from /home/airflow/.local/lib/python3.12/site-packages/airflow/example_dags/example_branch_labels.py
[2024-11-16T19:17:04.272+0000] {processor.py:925} INFO - DAG(s) 'example_branch_labels' retrieved from /home/airflow/.local/lib/python3.12/site-packages/airflow/example_dags/example_branch_labels.py
[2024-11-16T19:17:04.337+0000] {logging_mixin.py:190} INFO - [2024-11-16T19:17:04.336+0000] {dag.py:3239} INFO - Sync 1 DAGs
[2024-11-16T19:17:04.402+0000] {logging_mixin.py:190} INFO - [2024-11-16T19:17:04.401+0000] {dag.py:4180} INFO - Setting next_dagrun for example_branch_labels to 2024-11-15 00:00:00+00:00, run_after=2024-11-16 00:00:00+00:00
[2024-11-16T19:17:04.443+0000] {processor.py:208} INFO - Processing /home/airflow/.local/lib/python3.12/site-packages/airflow/example_dags/example_branch_labels.py took 0.225 seconds
