[2024-11-16T18:59:20.790+0000] {processor.py:186} INFO - Started process (PID=95) to work on /home/airflow/.local/lib/python3.12/site-packages/airflow/example_dags/example_task_group.py
[2024-11-16T18:59:20.808+0000] {processor.py:914} INFO - Processing file /home/airflow/.local/lib/python3.12/site-packages/airflow/example_dags/example_task_group.py for tasks to queue
[2024-11-16T18:59:20.816+0000] {logging_mixin.py:190} INFO - [2024-11-16T18:59:20.815+0000] {dagbag.py:588} INFO - Filling up the DagBag from /home/airflow/.local/lib/python3.12/site-packages/airflow/example_dags/example_task_group.py
[2024-11-16T18:59:20.885+0000] {processor.py:925} INFO - DAG(s) 'example_task_group' retrieved from /home/airflow/.local/lib/python3.12/site-packages/airflow/example_dags/example_task_group.py
[2024-11-16T18:59:21.323+0000] {logging_mixin.py:190} INFO - [2024-11-16T18:59:21.322+0000] {override.py:1911} INFO - Created Permission View: can delete on DAG:example_task_group
[2024-11-16T18:59:21.393+0000] {logging_mixin.py:190} INFO - [2024-11-16T18:59:21.393+0000] {override.py:1911} INFO - Created Permission View: can edit on DAG:example_task_group
[2024-11-16T18:59:21.429+0000] {logging_mixin.py:190} INFO - [2024-11-16T18:59:21.429+0000] {override.py:1911} INFO - Created Permission View: can read on DAG:example_task_group
[2024-11-16T18:59:21.480+0000] {logging_mixin.py:190} INFO - [2024-11-16T18:59:21.479+0000] {override.py:1911} INFO - Created Permission View: menu access on DAG Run:example_task_group
[2024-11-16T18:59:21.518+0000] {logging_mixin.py:190} INFO - [2024-11-16T18:59:21.517+0000] {override.py:1911} INFO - Created Permission View: can delete on DAG Run:example_task_group
[2024-11-16T18:59:21.547+0000] {logging_mixin.py:190} INFO - [2024-11-16T18:59:21.546+0000] {override.py:1911} INFO - Created Permission View: can read on DAG Run:example_task_group
[2024-11-16T18:59:21.566+0000] {logging_mixin.py:190} INFO - [2024-11-16T18:59:21.565+0000] {override.py:1911} INFO - Created Permission View: can create on DAG Run:example_task_group
[2024-11-16T18:59:21.568+0000] {logging_mixin.py:190} INFO - [2024-11-16T18:59:21.567+0000] {dag.py:3239} INFO - Sync 1 DAGs
[2024-11-16T18:59:21.607+0000] {logging_mixin.py:190} INFO - [2024-11-16T18:59:21.607+0000] {dag.py:3262} INFO - Creating ORM DAG for example_task_group
[2024-11-16T18:59:21.613+0000] {logging_mixin.py:190} INFO - [2024-11-16T18:59:21.612+0000] {dag.py:4180} INFO - Setting next_dagrun for example_task_group to None, run_after=None
[2024-11-16T18:59:21.671+0000] {processor.py:208} INFO - Processing /home/airflow/.local/lib/python3.12/site-packages/airflow/example_dags/example_task_group.py took 0.909 seconds
[2024-11-16T19:00:29.071+0000] {processor.py:186} INFO - Started process (PID=163) to work on /home/airflow/.local/lib/python3.12/site-packages/airflow/example_dags/example_task_group.py
[2024-11-16T19:00:29.075+0000] {processor.py:914} INFO - Processing file /home/airflow/.local/lib/python3.12/site-packages/airflow/example_dags/example_task_group.py for tasks to queue
[2024-11-16T19:00:29.085+0000] {logging_mixin.py:190} INFO - [2024-11-16T19:00:29.084+0000] {dagbag.py:588} INFO - Filling up the DagBag from /home/airflow/.local/lib/python3.12/site-packages/airflow/example_dags/example_task_group.py
[2024-11-16T19:00:29.108+0000] {processor.py:925} INFO - DAG(s) 'example_task_group' retrieved from /home/airflow/.local/lib/python3.12/site-packages/airflow/example_dags/example_task_group.py
[2024-11-16T19:00:29.171+0000] {logging_mixin.py:190} INFO - [2024-11-16T19:00:29.170+0000] {dag.py:3239} INFO - Sync 1 DAGs
[2024-11-16T19:00:29.212+0000] {logging_mixin.py:190} INFO - [2024-11-16T19:00:29.211+0000] {dag.py:4180} INFO - Setting next_dagrun for example_task_group to None, run_after=None
[2024-11-16T19:00:29.271+0000] {processor.py:208} INFO - Processing /home/airflow/.local/lib/python3.12/site-packages/airflow/example_dags/example_task_group.py took 0.220 seconds
[2024-11-16T19:01:03.030+0000] {processor.py:186} INFO - Started process (PID=226) to work on /home/airflow/.local/lib/python3.12/site-packages/airflow/example_dags/example_task_group.py
[2024-11-16T19:01:03.032+0000] {processor.py:914} INFO - Processing file /home/airflow/.local/lib/python3.12/site-packages/airflow/example_dags/example_task_group.py for tasks to queue
[2024-11-16T19:01:03.043+0000] {logging_mixin.py:190} INFO - [2024-11-16T19:01:03.042+0000] {dagbag.py:588} INFO - Filling up the DagBag from /home/airflow/.local/lib/python3.12/site-packages/airflow/example_dags/example_task_group.py
[2024-11-16T19:01:03.074+0000] {processor.py:925} INFO - DAG(s) 'example_task_group' retrieved from /home/airflow/.local/lib/python3.12/site-packages/airflow/example_dags/example_task_group.py
[2024-11-16T19:01:03.138+0000] {logging_mixin.py:190} INFO - [2024-11-16T19:01:03.137+0000] {dag.py:3239} INFO - Sync 1 DAGs
[2024-11-16T19:01:03.185+0000] {logging_mixin.py:190} INFO - [2024-11-16T19:01:03.184+0000] {dag.py:4180} INFO - Setting next_dagrun for example_task_group to None, run_after=None
[2024-11-16T19:01:03.293+0000] {processor.py:208} INFO - Processing /home/airflow/.local/lib/python3.12/site-packages/airflow/example_dags/example_task_group.py took 0.305 seconds
[2024-11-16T19:01:47.040+0000] {processor.py:186} INFO - Started process (PID=294) to work on /home/airflow/.local/lib/python3.12/site-packages/airflow/example_dags/example_task_group.py
[2024-11-16T19:01:47.045+0000] {processor.py:914} INFO - Processing file /home/airflow/.local/lib/python3.12/site-packages/airflow/example_dags/example_task_group.py for tasks to queue
[2024-11-16T19:01:47.054+0000] {logging_mixin.py:190} INFO - [2024-11-16T19:01:47.051+0000] {dagbag.py:588} INFO - Filling up the DagBag from /home/airflow/.local/lib/python3.12/site-packages/airflow/example_dags/example_task_group.py
[2024-11-16T19:01:47.113+0000] {processor.py:925} INFO - DAG(s) 'example_task_group' retrieved from /home/airflow/.local/lib/python3.12/site-packages/airflow/example_dags/example_task_group.py
[2024-11-16T19:01:47.272+0000] {logging_mixin.py:190} INFO - [2024-11-16T19:01:47.271+0000] {dag.py:3239} INFO - Sync 1 DAGs
[2024-11-16T19:01:47.416+0000] {logging_mixin.py:190} INFO - [2024-11-16T19:01:47.416+0000] {dag.py:4180} INFO - Setting next_dagrun for example_task_group to None, run_after=None
[2024-11-16T19:01:47.677+0000] {processor.py:208} INFO - Processing /home/airflow/.local/lib/python3.12/site-packages/airflow/example_dags/example_task_group.py took 0.656 seconds
[2024-11-16T19:02:31.896+0000] {processor.py:186} INFO - Started process (PID=354) to work on /home/airflow/.local/lib/python3.12/site-packages/airflow/example_dags/example_task_group.py
[2024-11-16T19:02:31.900+0000] {processor.py:914} INFO - Processing file /home/airflow/.local/lib/python3.12/site-packages/airflow/example_dags/example_task_group.py for tasks to queue
[2024-11-16T19:02:31.906+0000] {logging_mixin.py:190} INFO - [2024-11-16T19:02:31.905+0000] {dagbag.py:588} INFO - Filling up the DagBag from /home/airflow/.local/lib/python3.12/site-packages/airflow/example_dags/example_task_group.py
[2024-11-16T19:02:31.931+0000] {processor.py:925} INFO - DAG(s) 'example_task_group' retrieved from /home/airflow/.local/lib/python3.12/site-packages/airflow/example_dags/example_task_group.py
[2024-11-16T19:02:31.997+0000] {logging_mixin.py:190} INFO - [2024-11-16T19:02:31.996+0000] {dag.py:3239} INFO - Sync 1 DAGs
[2024-11-16T19:02:32.044+0000] {logging_mixin.py:190} INFO - [2024-11-16T19:02:32.044+0000] {dag.py:4180} INFO - Setting next_dagrun for example_task_group to None, run_after=None
[2024-11-16T19:02:32.095+0000] {processor.py:208} INFO - Processing /home/airflow/.local/lib/python3.12/site-packages/airflow/example_dags/example_task_group.py took 0.227 seconds
[2024-11-16T19:03:05.111+0000] {processor.py:186} INFO - Started process (PID=417) to work on /home/airflow/.local/lib/python3.12/site-packages/airflow/example_dags/example_task_group.py
[2024-11-16T19:03:05.125+0000] {processor.py:914} INFO - Processing file /home/airflow/.local/lib/python3.12/site-packages/airflow/example_dags/example_task_group.py for tasks to queue
[2024-11-16T19:03:05.147+0000] {logging_mixin.py:190} INFO - [2024-11-16T19:03:05.146+0000] {dagbag.py:588} INFO - Filling up the DagBag from /home/airflow/.local/lib/python3.12/site-packages/airflow/example_dags/example_task_group.py
[2024-11-16T19:03:05.222+0000] {processor.py:925} INFO - DAG(s) 'example_task_group' retrieved from /home/airflow/.local/lib/python3.12/site-packages/airflow/example_dags/example_task_group.py
[2024-11-16T19:03:05.471+0000] {logging_mixin.py:190} INFO - [2024-11-16T19:03:05.470+0000] {dag.py:3239} INFO - Sync 1 DAGs
[2024-11-16T19:03:05.578+0000] {logging_mixin.py:190} INFO - [2024-11-16T19:03:05.577+0000] {dag.py:4180} INFO - Setting next_dagrun for example_task_group to None, run_after=None
[2024-11-16T19:03:05.692+0000] {processor.py:208} INFO - Processing /home/airflow/.local/lib/python3.12/site-packages/airflow/example_dags/example_task_group.py took 0.620 seconds
[2024-11-16T19:03:36.416+0000] {processor.py:186} INFO - Started process (PID=480) to work on /home/airflow/.local/lib/python3.12/site-packages/airflow/example_dags/example_task_group.py
[2024-11-16T19:03:36.425+0000] {processor.py:914} INFO - Processing file /home/airflow/.local/lib/python3.12/site-packages/airflow/example_dags/example_task_group.py for tasks to queue
[2024-11-16T19:03:36.440+0000] {logging_mixin.py:190} INFO - [2024-11-16T19:03:36.438+0000] {dagbag.py:588} INFO - Filling up the DagBag from /home/airflow/.local/lib/python3.12/site-packages/airflow/example_dags/example_task_group.py
[2024-11-16T19:03:36.471+0000] {processor.py:925} INFO - DAG(s) 'example_task_group' retrieved from /home/airflow/.local/lib/python3.12/site-packages/airflow/example_dags/example_task_group.py
[2024-11-16T19:03:36.535+0000] {logging_mixin.py:190} INFO - [2024-11-16T19:03:36.534+0000] {dag.py:3239} INFO - Sync 1 DAGs
[2024-11-16T19:03:36.582+0000] {logging_mixin.py:190} INFO - [2024-11-16T19:03:36.580+0000] {dag.py:4180} INFO - Setting next_dagrun for example_task_group to None, run_after=None
[2024-11-16T19:03:36.647+0000] {processor.py:208} INFO - Processing /home/airflow/.local/lib/python3.12/site-packages/airflow/example_dags/example_task_group.py took 0.301 seconds
[2024-11-16T19:04:13.472+0000] {processor.py:186} INFO - Started process (PID=549) to work on /home/airflow/.local/lib/python3.12/site-packages/airflow/example_dags/example_task_group.py
[2024-11-16T19:04:13.474+0000] {processor.py:914} INFO - Processing file /home/airflow/.local/lib/python3.12/site-packages/airflow/example_dags/example_task_group.py for tasks to queue
[2024-11-16T19:04:13.483+0000] {logging_mixin.py:190} INFO - [2024-11-16T19:04:13.482+0000] {dagbag.py:588} INFO - Filling up the DagBag from /home/airflow/.local/lib/python3.12/site-packages/airflow/example_dags/example_task_group.py
[2024-11-16T19:04:13.545+0000] {processor.py:925} INFO - DAG(s) 'example_task_group' retrieved from /home/airflow/.local/lib/python3.12/site-packages/airflow/example_dags/example_task_group.py
[2024-11-16T19:04:13.631+0000] {logging_mixin.py:190} INFO - [2024-11-16T19:04:13.630+0000] {dag.py:3239} INFO - Sync 1 DAGs
[2024-11-16T19:04:13.684+0000] {logging_mixin.py:190} INFO - [2024-11-16T19:04:13.683+0000] {dag.py:4180} INFO - Setting next_dagrun for example_task_group to None, run_after=None
[2024-11-16T19:04:13.739+0000] {processor.py:208} INFO - Processing /home/airflow/.local/lib/python3.12/site-packages/airflow/example_dags/example_task_group.py took 0.286 seconds
[2024-11-16T19:05:35.557+0000] {processor.py:186} INFO - Started process (PID=624) to work on /home/airflow/.local/lib/python3.12/site-packages/airflow/example_dags/example_task_group.py
[2024-11-16T19:05:35.574+0000] {processor.py:914} INFO - Processing file /home/airflow/.local/lib/python3.12/site-packages/airflow/example_dags/example_task_group.py for tasks to queue
[2024-11-16T19:05:35.639+0000] {logging_mixin.py:190} INFO - [2024-11-16T19:05:35.638+0000] {dagbag.py:588} INFO - Filling up the DagBag from /home/airflow/.local/lib/python3.12/site-packages/airflow/example_dags/example_task_group.py
[2024-11-16T19:05:35.750+0000] {processor.py:925} INFO - DAG(s) 'example_task_group' retrieved from /home/airflow/.local/lib/python3.12/site-packages/airflow/example_dags/example_task_group.py
[2024-11-16T19:05:36.108+0000] {logging_mixin.py:190} INFO - [2024-11-16T19:05:36.107+0000] {dag.py:3239} INFO - Sync 1 DAGs
[2024-11-16T19:05:36.320+0000] {logging_mixin.py:190} INFO - [2024-11-16T19:05:36.319+0000] {dag.py:4180} INFO - Setting next_dagrun for example_task_group to None, run_after=None
[2024-11-16T19:05:36.552+0000] {processor.py:208} INFO - Processing /home/airflow/.local/lib/python3.12/site-packages/airflow/example_dags/example_task_group.py took 1.061 seconds
[2024-11-16T19:07:03.307+0000] {processor.py:186} INFO - Started process (PID=692) to work on /home/airflow/.local/lib/python3.12/site-packages/airflow/example_dags/example_task_group.py
[2024-11-16T19:07:03.344+0000] {processor.py:914} INFO - Processing file /home/airflow/.local/lib/python3.12/site-packages/airflow/example_dags/example_task_group.py for tasks to queue
[2024-11-16T19:07:03.409+0000] {logging_mixin.py:190} INFO - [2024-11-16T19:07:03.407+0000] {dagbag.py:588} INFO - Filling up the DagBag from /home/airflow/.local/lib/python3.12/site-packages/airflow/example_dags/example_task_group.py
[2024-11-16T19:07:03.538+0000] {processor.py:925} INFO - DAG(s) 'example_task_group' retrieved from /home/airflow/.local/lib/python3.12/site-packages/airflow/example_dags/example_task_group.py
[2024-11-16T19:07:03.749+0000] {logging_mixin.py:190} INFO - [2024-11-16T19:07:03.749+0000] {dag.py:3239} INFO - Sync 1 DAGs
[2024-11-16T19:07:03.944+0000] {logging_mixin.py:190} INFO - [2024-11-16T19:07:03.944+0000] {dag.py:4180} INFO - Setting next_dagrun for example_task_group to None, run_after=None
[2024-11-16T19:07:04.256+0000] {processor.py:208} INFO - Processing /home/airflow/.local/lib/python3.12/site-packages/airflow/example_dags/example_task_group.py took 1.096 seconds
[2024-11-16T19:08:26.521+0000] {processor.py:186} INFO - Started process (PID=750) to work on /home/airflow/.local/lib/python3.12/site-packages/airflow/example_dags/example_task_group.py
[2024-11-16T19:08:26.556+0000] {processor.py:914} INFO - Processing file /home/airflow/.local/lib/python3.12/site-packages/airflow/example_dags/example_task_group.py for tasks to queue
[2024-11-16T19:08:26.590+0000] {logging_mixin.py:190} INFO - [2024-11-16T19:08:26.589+0000] {dagbag.py:588} INFO - Filling up the DagBag from /home/airflow/.local/lib/python3.12/site-packages/airflow/example_dags/example_task_group.py
[2024-11-16T19:08:26.733+0000] {processor.py:925} INFO - DAG(s) 'example_task_group' retrieved from /home/airflow/.local/lib/python3.12/site-packages/airflow/example_dags/example_task_group.py
[2024-11-16T19:08:27.014+0000] {logging_mixin.py:190} INFO - [2024-11-16T19:08:27.013+0000] {dag.py:3239} INFO - Sync 1 DAGs
[2024-11-16T19:08:27.272+0000] {logging_mixin.py:190} INFO - [2024-11-16T19:08:27.272+0000] {dag.py:4180} INFO - Setting next_dagrun for example_task_group to None, run_after=None
[2024-11-16T19:08:27.486+0000] {processor.py:208} INFO - Processing /home/airflow/.local/lib/python3.12/site-packages/airflow/example_dags/example_task_group.py took 1.051 seconds
[2024-11-16T19:09:37.151+0000] {processor.py:186} INFO - Started process (PID=810) to work on /home/airflow/.local/lib/python3.12/site-packages/airflow/example_dags/example_task_group.py
[2024-11-16T19:09:37.160+0000] {processor.py:914} INFO - Processing file /home/airflow/.local/lib/python3.12/site-packages/airflow/example_dags/example_task_group.py for tasks to queue
[2024-11-16T19:09:37.185+0000] {logging_mixin.py:190} INFO - [2024-11-16T19:09:37.183+0000] {dagbag.py:588} INFO - Filling up the DagBag from /home/airflow/.local/lib/python3.12/site-packages/airflow/example_dags/example_task_group.py
[2024-11-16T19:09:37.402+0000] {processor.py:925} INFO - DAG(s) 'example_task_group' retrieved from /home/airflow/.local/lib/python3.12/site-packages/airflow/example_dags/example_task_group.py
[2024-11-16T19:09:37.817+0000] {logging_mixin.py:190} INFO - [2024-11-16T19:09:37.816+0000] {dag.py:3239} INFO - Sync 1 DAGs
[2024-11-16T19:09:38.206+0000] {logging_mixin.py:190} INFO - [2024-11-16T19:09:38.205+0000] {dag.py:4180} INFO - Setting next_dagrun for example_task_group to None, run_after=None
[2024-11-16T19:09:38.605+0000] {processor.py:208} INFO - Processing /home/airflow/.local/lib/python3.12/site-packages/airflow/example_dags/example_task_group.py took 1.536 seconds
[2024-11-16T19:10:36.608+0000] {processor.py:186} INFO - Started process (PID=861) to work on /home/airflow/.local/lib/python3.12/site-packages/airflow/example_dags/example_task_group.py
[2024-11-16T19:10:36.625+0000] {processor.py:914} INFO - Processing file /home/airflow/.local/lib/python3.12/site-packages/airflow/example_dags/example_task_group.py for tasks to queue
[2024-11-16T19:10:36.665+0000] {logging_mixin.py:190} INFO - [2024-11-16T19:10:36.664+0000] {dagbag.py:588} INFO - Filling up the DagBag from /home/airflow/.local/lib/python3.12/site-packages/airflow/example_dags/example_task_group.py
[2024-11-16T19:10:36.829+0000] {processor.py:925} INFO - DAG(s) 'example_task_group' retrieved from /home/airflow/.local/lib/python3.12/site-packages/airflow/example_dags/example_task_group.py
[2024-11-16T19:10:37.213+0000] {logging_mixin.py:190} INFO - [2024-11-16T19:10:37.212+0000] {dag.py:3239} INFO - Sync 1 DAGs
[2024-11-16T19:10:37.479+0000] {logging_mixin.py:190} INFO - [2024-11-16T19:10:37.478+0000] {dag.py:4180} INFO - Setting next_dagrun for example_task_group to None, run_after=None
[2024-11-16T19:10:37.710+0000] {processor.py:208} INFO - Processing /home/airflow/.local/lib/python3.12/site-packages/airflow/example_dags/example_task_group.py took 1.159 seconds
[2024-11-16T19:11:34.294+0000] {processor.py:186} INFO - Started process (PID=914) to work on /home/airflow/.local/lib/python3.12/site-packages/airflow/example_dags/example_task_group.py
[2024-11-16T19:11:34.306+0000] {processor.py:914} INFO - Processing file /home/airflow/.local/lib/python3.12/site-packages/airflow/example_dags/example_task_group.py for tasks to queue
[2024-11-16T19:11:34.313+0000] {logging_mixin.py:190} INFO - [2024-11-16T19:11:34.312+0000] {dagbag.py:588} INFO - Filling up the DagBag from /home/airflow/.local/lib/python3.12/site-packages/airflow/example_dags/example_task_group.py
[2024-11-16T19:11:34.381+0000] {processor.py:925} INFO - DAG(s) 'example_task_group' retrieved from /home/airflow/.local/lib/python3.12/site-packages/airflow/example_dags/example_task_group.py
[2024-11-16T19:11:34.513+0000] {logging_mixin.py:190} INFO - [2024-11-16T19:11:34.513+0000] {dag.py:3239} INFO - Sync 1 DAGs
[2024-11-16T19:11:34.572+0000] {logging_mixin.py:190} INFO - [2024-11-16T19:11:34.572+0000] {dag.py:4180} INFO - Setting next_dagrun for example_task_group to None, run_after=None
[2024-11-16T19:11:34.836+0000] {processor.py:208} INFO - Processing /home/airflow/.local/lib/python3.12/site-packages/airflow/example_dags/example_task_group.py took 0.593 seconds
[2024-11-16T19:12:40.126+0000] {processor.py:186} INFO - Started process (PID=985) to work on /home/airflow/.local/lib/python3.12/site-packages/airflow/example_dags/example_task_group.py
[2024-11-16T19:12:40.146+0000] {processor.py:914} INFO - Processing file /home/airflow/.local/lib/python3.12/site-packages/airflow/example_dags/example_task_group.py for tasks to queue
[2024-11-16T19:12:40.165+0000] {logging_mixin.py:190} INFO - [2024-11-16T19:12:40.164+0000] {dagbag.py:588} INFO - Filling up the DagBag from /home/airflow/.local/lib/python3.12/site-packages/airflow/example_dags/example_task_group.py
[2024-11-16T19:12:40.250+0000] {processor.py:925} INFO - DAG(s) 'example_task_group' retrieved from /home/airflow/.local/lib/python3.12/site-packages/airflow/example_dags/example_task_group.py
[2024-11-16T19:12:40.368+0000] {logging_mixin.py:190} INFO - [2024-11-16T19:12:40.367+0000] {dag.py:3239} INFO - Sync 1 DAGs
[2024-11-16T19:12:40.508+0000] {logging_mixin.py:190} INFO - [2024-11-16T19:12:40.507+0000] {dag.py:4180} INFO - Setting next_dagrun for example_task_group to None, run_after=None
[2024-11-16T19:12:40.661+0000] {processor.py:208} INFO - Processing /home/airflow/.local/lib/python3.12/site-packages/airflow/example_dags/example_task_group.py took 0.575 seconds
[2024-11-16T19:13:11.886+0000] {processor.py:186} INFO - Started process (PID=1048) to work on /home/airflow/.local/lib/python3.12/site-packages/airflow/example_dags/example_task_group.py
[2024-11-16T19:13:11.942+0000] {processor.py:914} INFO - Processing file /home/airflow/.local/lib/python3.12/site-packages/airflow/example_dags/example_task_group.py for tasks to queue
[2024-11-16T19:13:11.992+0000] {logging_mixin.py:190} INFO - [2024-11-16T19:13:11.991+0000] {dagbag.py:588} INFO - Filling up the DagBag from /home/airflow/.local/lib/python3.12/site-packages/airflow/example_dags/example_task_group.py
[2024-11-16T19:13:12.067+0000] {processor.py:925} INFO - DAG(s) 'example_task_group' retrieved from /home/airflow/.local/lib/python3.12/site-packages/airflow/example_dags/example_task_group.py
[2024-11-16T19:13:12.239+0000] {logging_mixin.py:190} INFO - [2024-11-16T19:13:12.239+0000] {dag.py:3239} INFO - Sync 1 DAGs
[2024-11-16T19:13:12.466+0000] {logging_mixin.py:190} INFO - [2024-11-16T19:13:12.466+0000] {dag.py:4180} INFO - Setting next_dagrun for example_task_group to None, run_after=None
[2024-11-16T19:13:12.745+0000] {processor.py:208} INFO - Processing /home/airflow/.local/lib/python3.12/site-packages/airflow/example_dags/example_task_group.py took 0.912 seconds
[2024-11-16T19:13:56.776+0000] {processor.py:186} INFO - Started process (PID=1117) to work on /home/airflow/.local/lib/python3.12/site-packages/airflow/example_dags/example_task_group.py
[2024-11-16T19:13:56.778+0000] {processor.py:914} INFO - Processing file /home/airflow/.local/lib/python3.12/site-packages/airflow/example_dags/example_task_group.py for tasks to queue
[2024-11-16T19:13:56.784+0000] {logging_mixin.py:190} INFO - [2024-11-16T19:13:56.783+0000] {dagbag.py:588} INFO - Filling up the DagBag from /home/airflow/.local/lib/python3.12/site-packages/airflow/example_dags/example_task_group.py
[2024-11-16T19:13:56.811+0000] {processor.py:925} INFO - DAG(s) 'example_task_group' retrieved from /home/airflow/.local/lib/python3.12/site-packages/airflow/example_dags/example_task_group.py
[2024-11-16T19:13:56.856+0000] {logging_mixin.py:190} INFO - [2024-11-16T19:13:56.855+0000] {dag.py:3239} INFO - Sync 1 DAGs
[2024-11-16T19:13:56.889+0000] {logging_mixin.py:190} INFO - [2024-11-16T19:13:56.889+0000] {dag.py:4180} INFO - Setting next_dagrun for example_task_group to None, run_after=None
[2024-11-16T19:13:56.925+0000] {processor.py:208} INFO - Processing /home/airflow/.local/lib/python3.12/site-packages/airflow/example_dags/example_task_group.py took 0.163 seconds
[2024-11-16T19:14:27.190+0000] {processor.py:186} INFO - Started process (PID=1174) to work on /home/airflow/.local/lib/python3.12/site-packages/airflow/example_dags/example_task_group.py
[2024-11-16T19:14:27.193+0000] {processor.py:914} INFO - Processing file /home/airflow/.local/lib/python3.12/site-packages/airflow/example_dags/example_task_group.py for tasks to queue
[2024-11-16T19:14:27.201+0000] {logging_mixin.py:190} INFO - [2024-11-16T19:14:27.199+0000] {dagbag.py:588} INFO - Filling up the DagBag from /home/airflow/.local/lib/python3.12/site-packages/airflow/example_dags/example_task_group.py
[2024-11-16T19:14:27.244+0000] {processor.py:925} INFO - DAG(s) 'example_task_group' retrieved from /home/airflow/.local/lib/python3.12/site-packages/airflow/example_dags/example_task_group.py
[2024-11-16T19:14:27.309+0000] {logging_mixin.py:190} INFO - [2024-11-16T19:14:27.308+0000] {dag.py:3239} INFO - Sync 1 DAGs
[2024-11-16T19:14:27.341+0000] {logging_mixin.py:190} INFO - [2024-11-16T19:14:27.341+0000] {dag.py:4180} INFO - Setting next_dagrun for example_task_group to None, run_after=None
[2024-11-16T19:14:27.394+0000] {processor.py:208} INFO - Processing /home/airflow/.local/lib/python3.12/site-packages/airflow/example_dags/example_task_group.py took 0.223 seconds
[2024-11-16T19:14:59.176+0000] {processor.py:186} INFO - Started process (PID=1237) to work on /home/airflow/.local/lib/python3.12/site-packages/airflow/example_dags/example_task_group.py
[2024-11-16T19:14:59.184+0000] {processor.py:914} INFO - Processing file /home/airflow/.local/lib/python3.12/site-packages/airflow/example_dags/example_task_group.py for tasks to queue
[2024-11-16T19:14:59.203+0000] {logging_mixin.py:190} INFO - [2024-11-16T19:14:59.202+0000] {dagbag.py:588} INFO - Filling up the DagBag from /home/airflow/.local/lib/python3.12/site-packages/airflow/example_dags/example_task_group.py
[2024-11-16T19:14:59.287+0000] {processor.py:925} INFO - DAG(s) 'example_task_group' retrieved from /home/airflow/.local/lib/python3.12/site-packages/airflow/example_dags/example_task_group.py
[2024-11-16T19:14:59.486+0000] {logging_mixin.py:190} INFO - [2024-11-16T19:14:59.485+0000] {dag.py:3239} INFO - Sync 1 DAGs
[2024-11-16T19:14:59.602+0000] {logging_mixin.py:190} INFO - [2024-11-16T19:14:59.601+0000] {dag.py:4180} INFO - Setting next_dagrun for example_task_group to None, run_after=None
[2024-11-16T19:14:59.767+0000] {processor.py:208} INFO - Processing /home/airflow/.local/lib/python3.12/site-packages/airflow/example_dags/example_task_group.py took 0.631 seconds
[2024-11-16T19:15:30.475+0000] {processor.py:186} INFO - Started process (PID=1301) to work on /home/airflow/.local/lib/python3.12/site-packages/airflow/example_dags/example_task_group.py
[2024-11-16T19:15:30.478+0000] {processor.py:914} INFO - Processing file /home/airflow/.local/lib/python3.12/site-packages/airflow/example_dags/example_task_group.py for tasks to queue
[2024-11-16T19:15:30.484+0000] {logging_mixin.py:190} INFO - [2024-11-16T19:15:30.483+0000] {dagbag.py:588} INFO - Filling up the DagBag from /home/airflow/.local/lib/python3.12/site-packages/airflow/example_dags/example_task_group.py
[2024-11-16T19:15:30.505+0000] {processor.py:925} INFO - DAG(s) 'example_task_group' retrieved from /home/airflow/.local/lib/python3.12/site-packages/airflow/example_dags/example_task_group.py
[2024-11-16T19:15:30.588+0000] {logging_mixin.py:190} INFO - [2024-11-16T19:15:30.588+0000] {dag.py:3239} INFO - Sync 1 DAGs
[2024-11-16T19:15:30.698+0000] {logging_mixin.py:190} INFO - [2024-11-16T19:15:30.697+0000] {dag.py:4180} INFO - Setting next_dagrun for example_task_group to None, run_after=None
[2024-11-16T19:15:30.748+0000] {processor.py:208} INFO - Processing /home/airflow/.local/lib/python3.12/site-packages/airflow/example_dags/example_task_group.py took 0.295 seconds
[2024-11-16T19:16:00.904+0000] {processor.py:186} INFO - Started process (PID=1364) to work on /home/airflow/.local/lib/python3.12/site-packages/airflow/example_dags/example_task_group.py
[2024-11-16T19:16:00.906+0000] {processor.py:914} INFO - Processing file /home/airflow/.local/lib/python3.12/site-packages/airflow/example_dags/example_task_group.py for tasks to queue
[2024-11-16T19:16:00.913+0000] {logging_mixin.py:190} INFO - [2024-11-16T19:16:00.912+0000] {dagbag.py:588} INFO - Filling up the DagBag from /home/airflow/.local/lib/python3.12/site-packages/airflow/example_dags/example_task_group.py
[2024-11-16T19:16:00.942+0000] {processor.py:925} INFO - DAG(s) 'example_task_group' retrieved from /home/airflow/.local/lib/python3.12/site-packages/airflow/example_dags/example_task_group.py
[2024-11-16T19:16:01.030+0000] {logging_mixin.py:190} INFO - [2024-11-16T19:16:01.029+0000] {dag.py:3239} INFO - Sync 1 DAGs
[2024-11-16T19:16:01.115+0000] {logging_mixin.py:190} INFO - [2024-11-16T19:16:01.114+0000] {dag.py:4180} INFO - Setting next_dagrun for example_task_group to None, run_after=None
[2024-11-16T19:16:01.175+0000] {processor.py:208} INFO - Processing /home/airflow/.local/lib/python3.12/site-packages/airflow/example_dags/example_task_group.py took 0.287 seconds
[2024-11-16T19:16:31.554+0000] {processor.py:186} INFO - Started process (PID=1428) to work on /home/airflow/.local/lib/python3.12/site-packages/airflow/example_dags/example_task_group.py
[2024-11-16T19:16:31.558+0000] {processor.py:914} INFO - Processing file /home/airflow/.local/lib/python3.12/site-packages/airflow/example_dags/example_task_group.py for tasks to queue
[2024-11-16T19:16:31.567+0000] {logging_mixin.py:190} INFO - [2024-11-16T19:16:31.566+0000] {dagbag.py:588} INFO - Filling up the DagBag from /home/airflow/.local/lib/python3.12/site-packages/airflow/example_dags/example_task_group.py
[2024-11-16T19:16:31.602+0000] {processor.py:925} INFO - DAG(s) 'example_task_group' retrieved from /home/airflow/.local/lib/python3.12/site-packages/airflow/example_dags/example_task_group.py
[2024-11-16T19:16:31.753+0000] {logging_mixin.py:190} INFO - [2024-11-16T19:16:31.744+0000] {dag.py:3239} INFO - Sync 1 DAGs
[2024-11-16T19:16:31.805+0000] {logging_mixin.py:190} INFO - [2024-11-16T19:16:31.804+0000] {dag.py:4180} INFO - Setting next_dagrun for example_task_group to None, run_after=None
[2024-11-16T19:16:31.871+0000] {processor.py:208} INFO - Processing /home/airflow/.local/lib/python3.12/site-packages/airflow/example_dags/example_task_group.py took 0.339 seconds
[2024-11-16T19:17:02.767+0000] {processor.py:186} INFO - Started process (PID=1491) to work on /home/airflow/.local/lib/python3.12/site-packages/airflow/example_dags/example_task_group.py
[2024-11-16T19:17:02.770+0000] {processor.py:914} INFO - Processing file /home/airflow/.local/lib/python3.12/site-packages/airflow/example_dags/example_task_group.py for tasks to queue
[2024-11-16T19:17:02.780+0000] {logging_mixin.py:190} INFO - [2024-11-16T19:17:02.776+0000] {dagbag.py:588} INFO - Filling up the DagBag from /home/airflow/.local/lib/python3.12/site-packages/airflow/example_dags/example_task_group.py
[2024-11-16T19:17:02.828+0000] {processor.py:925} INFO - DAG(s) 'example_task_group' retrieved from /home/airflow/.local/lib/python3.12/site-packages/airflow/example_dags/example_task_group.py
[2024-11-16T19:17:02.979+0000] {logging_mixin.py:190} INFO - [2024-11-16T19:17:02.978+0000] {dag.py:3239} INFO - Sync 1 DAGs
[2024-11-16T19:17:03.061+0000] {logging_mixin.py:190} INFO - [2024-11-16T19:17:03.061+0000] {dag.py:4180} INFO - Setting next_dagrun for example_task_group to None, run_after=None
[2024-11-16T19:17:03.135+0000] {processor.py:208} INFO - Processing /home/airflow/.local/lib/python3.12/site-packages/airflow/example_dags/example_task_group.py took 0.391 seconds
[2024-11-16T19:17:37.251+0000] {processor.py:186} INFO - Started process (PID=1546) to work on /home/airflow/.local/lib/python3.12/site-packages/airflow/example_dags/example_task_group.py
[2024-11-16T19:17:37.264+0000] {processor.py:914} INFO - Processing file /home/airflow/.local/lib/python3.12/site-packages/airflow/example_dags/example_task_group.py for tasks to queue
[2024-11-16T19:17:37.279+0000] {logging_mixin.py:190} INFO - [2024-11-16T19:17:37.278+0000] {dagbag.py:588} INFO - Filling up the DagBag from /home/airflow/.local/lib/python3.12/site-packages/airflow/example_dags/example_task_group.py
[2024-11-16T19:17:37.375+0000] {processor.py:925} INFO - DAG(s) 'example_task_group' retrieved from /home/airflow/.local/lib/python3.12/site-packages/airflow/example_dags/example_task_group.py
[2024-11-16T19:17:37.568+0000] {logging_mixin.py:190} INFO - [2024-11-16T19:17:37.567+0000] {dag.py:3239} INFO - Sync 1 DAGs
[2024-11-16T19:17:37.689+0000] {logging_mixin.py:190} INFO - [2024-11-16T19:17:37.688+0000] {dag.py:4180} INFO - Setting next_dagrun for example_task_group to None, run_after=None
[2024-11-16T19:17:37.832+0000] {processor.py:208} INFO - Processing /home/airflow/.local/lib/python3.12/site-packages/airflow/example_dags/example_task_group.py took 0.621 seconds
