[2024-11-16T18:59:10.371+0000] {processor.py:186} INFO - Started process (PID=84) to work on /home/airflow/.local/lib/python3.12/site-packages/airflow/example_dags/example_branch_python_dop_operator_3.py
[2024-11-16T18:59:10.374+0000] {processor.py:914} INFO - Processing file /home/airflow/.local/lib/python3.12/site-packages/airflow/example_dags/example_branch_python_dop_operator_3.py for tasks to queue
[2024-11-16T18:59:10.390+0000] {logging_mixin.py:190} INFO - [2024-11-16T18:59:10.390+0000] {dagbag.py:588} INFO - Filling up the DagBag from /home/airflow/.local/lib/python3.12/site-packages/airflow/example_dags/example_branch_python_dop_operator_3.py
[2024-11-16T18:59:10.480+0000] {processor.py:925} INFO - DAG(s) 'example_branch_dop_operator_v3' retrieved from /home/airflow/.local/lib/python3.12/site-packages/airflow/example_dags/example_branch_python_dop_operator_3.py
[2024-11-16T18:59:10.903+0000] {logging_mixin.py:190} INFO - [2024-11-16T18:59:10.902+0000] {override.py:1911} INFO - Created Permission View: can delete on DAG:example_branch_dop_operator_v3
[2024-11-16T18:59:10.946+0000] {logging_mixin.py:190} INFO - [2024-11-16T18:59:10.945+0000] {override.py:1911} INFO - Created Permission View: can edit on DAG:example_branch_dop_operator_v3
[2024-11-16T18:59:10.964+0000] {logging_mixin.py:190} INFO - [2024-11-16T18:59:10.963+0000] {override.py:1911} INFO - Created Permission View: can read on DAG:example_branch_dop_operator_v3
[2024-11-16T18:59:10.990+0000] {logging_mixin.py:190} INFO - [2024-11-16T18:59:10.990+0000] {override.py:1911} INFO - Created Permission View: menu access on DAG Run:example_branch_dop_operator_v3
[2024-11-16T18:59:11.009+0000] {logging_mixin.py:190} INFO - [2024-11-16T18:59:11.008+0000] {override.py:1911} INFO - Created Permission View: can delete on DAG Run:example_branch_dop_operator_v3
[2024-11-16T18:59:11.028+0000] {logging_mixin.py:190} INFO - [2024-11-16T18:59:11.027+0000] {override.py:1911} INFO - Created Permission View: can read on DAG Run:example_branch_dop_operator_v3
[2024-11-16T18:59:11.051+0000] {logging_mixin.py:190} INFO - [2024-11-16T18:59:11.051+0000] {override.py:1911} INFO - Created Permission View: can create on DAG Run:example_branch_dop_operator_v3
[2024-11-16T18:59:11.053+0000] {logging_mixin.py:190} INFO - [2024-11-16T18:59:11.053+0000] {dag.py:3239} INFO - Sync 1 DAGs
[2024-11-16T18:59:11.096+0000] {logging_mixin.py:190} INFO - [2024-11-16T18:59:11.096+0000] {dag.py:3262} INFO - Creating ORM DAG for example_branch_dop_operator_v3
[2024-11-16T18:59:11.152+0000] {logging_mixin.py:190} INFO - [2024-11-16T18:59:11.151+0000] {dag.py:4180} INFO - Setting next_dagrun for example_branch_dop_operator_v3 to 2024-11-16 18:58:00+00:00, run_after=2024-11-16 18:59:00+00:00
[2024-11-16T18:59:11.220+0000] {processor.py:208} INFO - Processing /home/airflow/.local/lib/python3.12/site-packages/airflow/example_dags/example_branch_python_dop_operator_3.py took 0.872 seconds
[2024-11-16T19:00:26.321+0000] {processor.py:186} INFO - Started process (PID=152) to work on /home/airflow/.local/lib/python3.12/site-packages/airflow/example_dags/example_branch_python_dop_operator_3.py
[2024-11-16T19:00:26.324+0000] {processor.py:914} INFO - Processing file /home/airflow/.local/lib/python3.12/site-packages/airflow/example_dags/example_branch_python_dop_operator_3.py for tasks to queue
[2024-11-16T19:00:26.333+0000] {logging_mixin.py:190} INFO - [2024-11-16T19:00:26.333+0000] {dagbag.py:588} INFO - Filling up the DagBag from /home/airflow/.local/lib/python3.12/site-packages/airflow/example_dags/example_branch_python_dop_operator_3.py
[2024-11-16T19:00:26.380+0000] {processor.py:925} INFO - DAG(s) 'example_branch_dop_operator_v3' retrieved from /home/airflow/.local/lib/python3.12/site-packages/airflow/example_dags/example_branch_python_dop_operator_3.py
[2024-11-16T19:00:26.444+0000] {logging_mixin.py:190} INFO - [2024-11-16T19:00:26.441+0000] {dag.py:3239} INFO - Sync 1 DAGs
[2024-11-16T19:00:26.533+0000] {logging_mixin.py:190} INFO - [2024-11-16T19:00:26.533+0000] {dag.py:4180} INFO - Setting next_dagrun for example_branch_dop_operator_v3 to 2024-11-16 18:59:00+00:00, run_after=2024-11-16 19:00:00+00:00
[2024-11-16T19:00:26.596+0000] {processor.py:208} INFO - Processing /home/airflow/.local/lib/python3.12/site-packages/airflow/example_dags/example_branch_python_dop_operator_3.py took 0.295 seconds
[2024-11-16T19:00:56.864+0000] {processor.py:186} INFO - Started process (PID=214) to work on /home/airflow/.local/lib/python3.12/site-packages/airflow/example_dags/example_branch_python_dop_operator_3.py
[2024-11-16T19:00:56.872+0000] {processor.py:914} INFO - Processing file /home/airflow/.local/lib/python3.12/site-packages/airflow/example_dags/example_branch_python_dop_operator_3.py for tasks to queue
[2024-11-16T19:00:56.880+0000] {logging_mixin.py:190} INFO - [2024-11-16T19:00:56.878+0000] {dagbag.py:588} INFO - Filling up the DagBag from /home/airflow/.local/lib/python3.12/site-packages/airflow/example_dags/example_branch_python_dop_operator_3.py
[2024-11-16T19:00:57.038+0000] {processor.py:925} INFO - DAG(s) 'example_branch_dop_operator_v3' retrieved from /home/airflow/.local/lib/python3.12/site-packages/airflow/example_dags/example_branch_python_dop_operator_3.py
[2024-11-16T19:00:57.116+0000] {logging_mixin.py:190} INFO - [2024-11-16T19:00:57.116+0000] {dag.py:3239} INFO - Sync 1 DAGs
[2024-11-16T19:00:57.224+0000] {logging_mixin.py:190} INFO - [2024-11-16T19:00:57.224+0000] {dag.py:4180} INFO - Setting next_dagrun for example_branch_dop_operator_v3 to 2024-11-16 18:59:00+00:00, run_after=2024-11-16 19:00:00+00:00
[2024-11-16T19:00:57.358+0000] {processor.py:208} INFO - Processing /home/airflow/.local/lib/python3.12/site-packages/airflow/example_dags/example_branch_python_dop_operator_3.py took 0.530 seconds
[2024-11-16T19:01:35.681+0000] {processor.py:186} INFO - Started process (PID=275) to work on /home/airflow/.local/lib/python3.12/site-packages/airflow/example_dags/example_branch_python_dop_operator_3.py
[2024-11-16T19:01:35.687+0000] {processor.py:914} INFO - Processing file /home/airflow/.local/lib/python3.12/site-packages/airflow/example_dags/example_branch_python_dop_operator_3.py for tasks to queue
[2024-11-16T19:01:35.701+0000] {logging_mixin.py:190} INFO - [2024-11-16T19:01:35.700+0000] {dagbag.py:588} INFO - Filling up the DagBag from /home/airflow/.local/lib/python3.12/site-packages/airflow/example_dags/example_branch_python_dop_operator_3.py
[2024-11-16T19:01:35.795+0000] {processor.py:925} INFO - DAG(s) 'example_branch_dop_operator_v3' retrieved from /home/airflow/.local/lib/python3.12/site-packages/airflow/example_dags/example_branch_python_dop_operator_3.py
[2024-11-16T19:01:35.913+0000] {logging_mixin.py:190} INFO - [2024-11-16T19:01:35.912+0000] {dag.py:3239} INFO - Sync 1 DAGs
[2024-11-16T19:01:36.084+0000] {logging_mixin.py:190} INFO - [2024-11-16T19:01:36.083+0000] {dag.py:4180} INFO - Setting next_dagrun for example_branch_dop_operator_v3 to 2024-11-16 19:00:00+00:00, run_after=2024-11-16 19:01:00+00:00
[2024-11-16T19:01:36.246+0000] {processor.py:208} INFO - Processing /home/airflow/.local/lib/python3.12/site-packages/airflow/example_dags/example_branch_python_dop_operator_3.py took 0.598 seconds
[2024-11-16T19:02:27.319+0000] {processor.py:186} INFO - Started process (PID=343) to work on /home/airflow/.local/lib/python3.12/site-packages/airflow/example_dags/example_branch_python_dop_operator_3.py
[2024-11-16T19:02:27.322+0000] {processor.py:914} INFO - Processing file /home/airflow/.local/lib/python3.12/site-packages/airflow/example_dags/example_branch_python_dop_operator_3.py for tasks to queue
[2024-11-16T19:02:27.329+0000] {logging_mixin.py:190} INFO - [2024-11-16T19:02:27.328+0000] {dagbag.py:588} INFO - Filling up the DagBag from /home/airflow/.local/lib/python3.12/site-packages/airflow/example_dags/example_branch_python_dop_operator_3.py
[2024-11-16T19:02:27.385+0000] {processor.py:925} INFO - DAG(s) 'example_branch_dop_operator_v3' retrieved from /home/airflow/.local/lib/python3.12/site-packages/airflow/example_dags/example_branch_python_dop_operator_3.py
[2024-11-16T19:02:27.500+0000] {logging_mixin.py:190} INFO - [2024-11-16T19:02:27.498+0000] {dag.py:3239} INFO - Sync 1 DAGs
[2024-11-16T19:02:27.692+0000] {logging_mixin.py:190} INFO - [2024-11-16T19:02:27.691+0000] {dag.py:4180} INFO - Setting next_dagrun for example_branch_dop_operator_v3 to 2024-11-16 19:01:00+00:00, run_after=2024-11-16 19:02:00+00:00
[2024-11-16T19:02:27.810+0000] {processor.py:208} INFO - Processing /home/airflow/.local/lib/python3.12/site-packages/airflow/example_dags/example_branch_python_dop_operator_3.py took 0.515 seconds
[2024-11-16T19:02:58.025+0000] {processor.py:186} INFO - Started process (PID=405) to work on /home/airflow/.local/lib/python3.12/site-packages/airflow/example_dags/example_branch_python_dop_operator_3.py
[2024-11-16T19:02:58.031+0000] {processor.py:914} INFO - Processing file /home/airflow/.local/lib/python3.12/site-packages/airflow/example_dags/example_branch_python_dop_operator_3.py for tasks to queue
[2024-11-16T19:02:58.038+0000] {logging_mixin.py:190} INFO - [2024-11-16T19:02:58.037+0000] {dagbag.py:588} INFO - Filling up the DagBag from /home/airflow/.local/lib/python3.12/site-packages/airflow/example_dags/example_branch_python_dop_operator_3.py
[2024-11-16T19:02:58.084+0000] {processor.py:925} INFO - DAG(s) 'example_branch_dop_operator_v3' retrieved from /home/airflow/.local/lib/python3.12/site-packages/airflow/example_dags/example_branch_python_dop_operator_3.py
[2024-11-16T19:02:58.152+0000] {logging_mixin.py:190} INFO - [2024-11-16T19:02:58.151+0000] {dag.py:3239} INFO - Sync 1 DAGs
[2024-11-16T19:02:58.285+0000] {logging_mixin.py:190} INFO - [2024-11-16T19:02:58.285+0000] {dag.py:4180} INFO - Setting next_dagrun for example_branch_dop_operator_v3 to 2024-11-16 19:01:00+00:00, run_after=2024-11-16 19:02:00+00:00
[2024-11-16T19:02:58.340+0000] {processor.py:208} INFO - Processing /home/airflow/.local/lib/python3.12/site-packages/airflow/example_dags/example_branch_python_dop_operator_3.py took 0.335 seconds
[2024-11-16T19:03:31.156+0000] {processor.py:186} INFO - Started process (PID=463) to work on /home/airflow/.local/lib/python3.12/site-packages/airflow/example_dags/example_branch_python_dop_operator_3.py
[2024-11-16T19:03:31.159+0000] {processor.py:914} INFO - Processing file /home/airflow/.local/lib/python3.12/site-packages/airflow/example_dags/example_branch_python_dop_operator_3.py for tasks to queue
[2024-11-16T19:03:31.182+0000] {logging_mixin.py:190} INFO - [2024-11-16T19:03:31.180+0000] {dagbag.py:588} INFO - Filling up the DagBag from /home/airflow/.local/lib/python3.12/site-packages/airflow/example_dags/example_branch_python_dop_operator_3.py
[2024-11-16T19:03:31.266+0000] {processor.py:925} INFO - DAG(s) 'example_branch_dop_operator_v3' retrieved from /home/airflow/.local/lib/python3.12/site-packages/airflow/example_dags/example_branch_python_dop_operator_3.py
[2024-11-16T19:03:31.399+0000] {logging_mixin.py:190} INFO - [2024-11-16T19:03:31.398+0000] {dag.py:3239} INFO - Sync 1 DAGs
[2024-11-16T19:03:31.558+0000] {logging_mixin.py:190} INFO - [2024-11-16T19:03:31.557+0000] {dag.py:4180} INFO - Setting next_dagrun for example_branch_dop_operator_v3 to 2024-11-16 19:02:00+00:00, run_after=2024-11-16 19:03:00+00:00
[2024-11-16T19:03:31.634+0000] {processor.py:208} INFO - Processing /home/airflow/.local/lib/python3.12/site-packages/airflow/example_dags/example_branch_python_dop_operator_3.py took 0.513 seconds
[2024-11-16T19:04:01.895+0000] {processor.py:186} INFO - Started process (PID=525) to work on /home/airflow/.local/lib/python3.12/site-packages/airflow/example_dags/example_branch_python_dop_operator_3.py
[2024-11-16T19:04:01.901+0000] {processor.py:914} INFO - Processing file /home/airflow/.local/lib/python3.12/site-packages/airflow/example_dags/example_branch_python_dop_operator_3.py for tasks to queue
[2024-11-16T19:04:01.911+0000] {logging_mixin.py:190} INFO - [2024-11-16T19:04:01.910+0000] {dagbag.py:588} INFO - Filling up the DagBag from /home/airflow/.local/lib/python3.12/site-packages/airflow/example_dags/example_branch_python_dop_operator_3.py
[2024-11-16T19:04:01.953+0000] {processor.py:925} INFO - DAG(s) 'example_branch_dop_operator_v3' retrieved from /home/airflow/.local/lib/python3.12/site-packages/airflow/example_dags/example_branch_python_dop_operator_3.py
[2024-11-16T19:04:02.043+0000] {logging_mixin.py:190} INFO - [2024-11-16T19:04:02.042+0000] {dag.py:3239} INFO - Sync 1 DAGs
[2024-11-16T19:04:02.279+0000] {logging_mixin.py:190} INFO - [2024-11-16T19:04:02.279+0000] {dag.py:4180} INFO - Setting next_dagrun for example_branch_dop_operator_v3 to 2024-11-16 19:03:00+00:00, run_after=2024-11-16 19:04:00+00:00
[2024-11-16T19:04:02.563+0000] {processor.py:208} INFO - Processing /home/airflow/.local/lib/python3.12/site-packages/airflow/example_dags/example_branch_python_dop_operator_3.py took 0.692 seconds
[2024-11-16T19:04:32.907+0000] {processor.py:186} INFO - Started process (PID=587) to work on /home/airflow/.local/lib/python3.12/site-packages/airflow/example_dags/example_branch_python_dop_operator_3.py
[2024-11-16T19:04:32.912+0000] {processor.py:914} INFO - Processing file /home/airflow/.local/lib/python3.12/site-packages/airflow/example_dags/example_branch_python_dop_operator_3.py for tasks to queue
[2024-11-16T19:04:32.927+0000] {logging_mixin.py:190} INFO - [2024-11-16T19:04:32.926+0000] {dagbag.py:588} INFO - Filling up the DagBag from /home/airflow/.local/lib/python3.12/site-packages/airflow/example_dags/example_branch_python_dop_operator_3.py
[2024-11-16T19:04:32.972+0000] {processor.py:925} INFO - DAG(s) 'example_branch_dop_operator_v3' retrieved from /home/airflow/.local/lib/python3.12/site-packages/airflow/example_dags/example_branch_python_dop_operator_3.py
[2024-11-16T19:04:33.033+0000] {logging_mixin.py:190} INFO - [2024-11-16T19:04:33.033+0000] {dag.py:3239} INFO - Sync 1 DAGs
[2024-11-16T19:04:33.119+0000] {logging_mixin.py:190} INFO - [2024-11-16T19:04:33.119+0000] {dag.py:4180} INFO - Setting next_dagrun for example_branch_dop_operator_v3 to 2024-11-16 19:03:00+00:00, run_after=2024-11-16 19:04:00+00:00
[2024-11-16T19:04:33.177+0000] {processor.py:208} INFO - Processing /home/airflow/.local/lib/python3.12/site-packages/airflow/example_dags/example_branch_python_dop_operator_3.py took 0.299 seconds
[2024-11-16T19:06:39.698+0000] {processor.py:186} INFO - Started process (PID=675) to work on /home/airflow/.local/lib/python3.12/site-packages/airflow/example_dags/example_branch_python_dop_operator_3.py
[2024-11-16T19:06:39.713+0000] {processor.py:914} INFO - Processing file /home/airflow/.local/lib/python3.12/site-packages/airflow/example_dags/example_branch_python_dop_operator_3.py for tasks to queue
[2024-11-16T19:06:39.748+0000] {logging_mixin.py:190} INFO - [2024-11-16T19:06:39.747+0000] {dagbag.py:588} INFO - Filling up the DagBag from /home/airflow/.local/lib/python3.12/site-packages/airflow/example_dags/example_branch_python_dop_operator_3.py
[2024-11-16T19:06:40.033+0000] {processor.py:925} INFO - DAG(s) 'example_branch_dop_operator_v3' retrieved from /home/airflow/.local/lib/python3.12/site-packages/airflow/example_dags/example_branch_python_dop_operator_3.py
[2024-11-16T19:06:40.717+0000] {logging_mixin.py:190} INFO - [2024-11-16T19:06:40.717+0000] {dag.py:3239} INFO - Sync 1 DAGs
[2024-11-16T19:06:41.441+0000] {logging_mixin.py:190} INFO - [2024-11-16T19:06:41.440+0000] {dag.py:4180} INFO - Setting next_dagrun for example_branch_dop_operator_v3 to 2024-11-16 19:05:00+00:00, run_after=2024-11-16 19:06:00+00:00
[2024-11-16T19:06:42.365+0000] {processor.py:208} INFO - Processing /home/airflow/.local/lib/python3.12/site-packages/airflow/example_dags/example_branch_python_dop_operator_3.py took 2.822 seconds
[2024-11-16T19:08:03.403+0000] {processor.py:186} INFO - Started process (PID=733) to work on /home/airflow/.local/lib/python3.12/site-packages/airflow/example_dags/example_branch_python_dop_operator_3.py
[2024-11-16T19:08:03.418+0000] {processor.py:914} INFO - Processing file /home/airflow/.local/lib/python3.12/site-packages/airflow/example_dags/example_branch_python_dop_operator_3.py for tasks to queue
[2024-11-16T19:08:03.437+0000] {logging_mixin.py:190} INFO - [2024-11-16T19:08:03.436+0000] {dagbag.py:588} INFO - Filling up the DagBag from /home/airflow/.local/lib/python3.12/site-packages/airflow/example_dags/example_branch_python_dop_operator_3.py
[2024-11-16T19:08:03.750+0000] {processor.py:925} INFO - DAG(s) 'example_branch_dop_operator_v3' retrieved from /home/airflow/.local/lib/python3.12/site-packages/airflow/example_dags/example_branch_python_dop_operator_3.py
[2024-11-16T19:08:04.221+0000] {logging_mixin.py:190} INFO - [2024-11-16T19:08:04.220+0000] {dag.py:3239} INFO - Sync 1 DAGs
[2024-11-16T19:08:04.912+0000] {logging_mixin.py:190} INFO - [2024-11-16T19:08:04.900+0000] {dag.py:4180} INFO - Setting next_dagrun for example_branch_dop_operator_v3 to 2024-11-16 19:07:00+00:00, run_after=2024-11-16 19:08:00+00:00
[2024-11-16T19:08:05.365+0000] {processor.py:208} INFO - Processing /home/airflow/.local/lib/python3.12/site-packages/airflow/example_dags/example_branch_python_dop_operator_3.py took 2.203 seconds
[2024-11-16T19:09:19.873+0000] {processor.py:186} INFO - Started process (PID=799) to work on /home/airflow/.local/lib/python3.12/site-packages/airflow/example_dags/example_branch_python_dop_operator_3.py
[2024-11-16T19:09:19.904+0000] {processor.py:914} INFO - Processing file /home/airflow/.local/lib/python3.12/site-packages/airflow/example_dags/example_branch_python_dop_operator_3.py for tasks to queue
[2024-11-16T19:09:19.999+0000] {logging_mixin.py:190} INFO - [2024-11-16T19:09:19.970+0000] {dagbag.py:588} INFO - Filling up the DagBag from /home/airflow/.local/lib/python3.12/site-packages/airflow/example_dags/example_branch_python_dop_operator_3.py
[2024-11-16T19:09:20.144+0000] {processor.py:925} INFO - DAG(s) 'example_branch_dop_operator_v3' retrieved from /home/airflow/.local/lib/python3.12/site-packages/airflow/example_dags/example_branch_python_dop_operator_3.py
[2024-11-16T19:09:20.749+0000] {logging_mixin.py:190} INFO - [2024-11-16T19:09:20.748+0000] {dag.py:3239} INFO - Sync 1 DAGs
[2024-11-16T19:09:21.203+0000] {logging_mixin.py:190} INFO - [2024-11-16T19:09:21.203+0000] {dag.py:4180} INFO - Setting next_dagrun for example_branch_dop_operator_v3 to 2024-11-16 19:08:00+00:00, run_after=2024-11-16 19:09:00+00:00
[2024-11-16T19:09:21.660+0000] {processor.py:208} INFO - Processing /home/airflow/.local/lib/python3.12/site-packages/airflow/example_dags/example_branch_python_dop_operator_3.py took 1.900 seconds
[2024-11-16T19:10:23.150+0000] {processor.py:186} INFO - Started process (PID=850) to work on /home/airflow/.local/lib/python3.12/site-packages/airflow/example_dags/example_branch_python_dop_operator_3.py
[2024-11-16T19:10:23.160+0000] {processor.py:914} INFO - Processing file /home/airflow/.local/lib/python3.12/site-packages/airflow/example_dags/example_branch_python_dop_operator_3.py for tasks to queue
[2024-11-16T19:10:23.206+0000] {logging_mixin.py:190} INFO - [2024-11-16T19:10:23.192+0000] {dagbag.py:588} INFO - Filling up the DagBag from /home/airflow/.local/lib/python3.12/site-packages/airflow/example_dags/example_branch_python_dop_operator_3.py
[2024-11-16T19:10:23.351+0000] {processor.py:925} INFO - DAG(s) 'example_branch_dop_operator_v3' retrieved from /home/airflow/.local/lib/python3.12/site-packages/airflow/example_dags/example_branch_python_dop_operator_3.py
[2024-11-16T19:10:23.522+0000] {logging_mixin.py:190} INFO - [2024-11-16T19:10:23.522+0000] {dag.py:3239} INFO - Sync 1 DAGs
[2024-11-16T19:10:23.829+0000] {logging_mixin.py:190} INFO - [2024-11-16T19:10:23.829+0000] {dag.py:4180} INFO - Setting next_dagrun for example_branch_dop_operator_v3 to 2024-11-16 19:09:00+00:00, run_after=2024-11-16 19:10:00+00:00
[2024-11-16T19:10:24.273+0000] {processor.py:208} INFO - Processing /home/airflow/.local/lib/python3.12/site-packages/airflow/example_dags/example_branch_python_dop_operator_3.py took 1.176 seconds
[2024-11-16T19:11:17.739+0000] {processor.py:186} INFO - Started process (PID=897) to work on /home/airflow/.local/lib/python3.12/site-packages/airflow/example_dags/example_branch_python_dop_operator_3.py
[2024-11-16T19:11:17.798+0000] {processor.py:914} INFO - Processing file /home/airflow/.local/lib/python3.12/site-packages/airflow/example_dags/example_branch_python_dop_operator_3.py for tasks to queue
[2024-11-16T19:11:17.808+0000] {logging_mixin.py:190} INFO - [2024-11-16T19:11:17.806+0000] {dagbag.py:588} INFO - Filling up the DagBag from /home/airflow/.local/lib/python3.12/site-packages/airflow/example_dags/example_branch_python_dop_operator_3.py
[2024-11-16T19:11:17.888+0000] {processor.py:925} INFO - DAG(s) 'example_branch_dop_operator_v3' retrieved from /home/airflow/.local/lib/python3.12/site-packages/airflow/example_dags/example_branch_python_dop_operator_3.py
[2024-11-16T19:11:18.091+0000] {logging_mixin.py:190} INFO - [2024-11-16T19:11:18.088+0000] {dag.py:3239} INFO - Sync 1 DAGs
[2024-11-16T19:11:18.685+0000] {logging_mixin.py:190} INFO - [2024-11-16T19:11:18.625+0000] {dag.py:4180} INFO - Setting next_dagrun for example_branch_dop_operator_v3 to 2024-11-16 19:10:00+00:00, run_after=2024-11-16 19:11:00+00:00
[2024-11-16T19:11:19.075+0000] {processor.py:208} INFO - Processing /home/airflow/.local/lib/python3.12/site-packages/airflow/example_dags/example_branch_python_dop_operator_3.py took 1.385 seconds
[2024-11-16T19:12:03.468+0000] {processor.py:186} INFO - Started process (PID=946) to work on /home/airflow/.local/lib/python3.12/site-packages/airflow/example_dags/example_branch_python_dop_operator_3.py
[2024-11-16T19:12:03.499+0000] {processor.py:914} INFO - Processing file /home/airflow/.local/lib/python3.12/site-packages/airflow/example_dags/example_branch_python_dop_operator_3.py for tasks to queue
[2024-11-16T19:12:03.529+0000] {logging_mixin.py:190} INFO - [2024-11-16T19:12:03.527+0000] {dagbag.py:588} INFO - Filling up the DagBag from /home/airflow/.local/lib/python3.12/site-packages/airflow/example_dags/example_branch_python_dop_operator_3.py
[2024-11-16T19:12:03.580+0000] {processor.py:925} INFO - DAG(s) 'example_branch_dop_operator_v3' retrieved from /home/airflow/.local/lib/python3.12/site-packages/airflow/example_dags/example_branch_python_dop_operator_3.py
[2024-11-16T19:12:03.794+0000] {logging_mixin.py:190} INFO - [2024-11-16T19:12:03.793+0000] {dag.py:3239} INFO - Sync 1 DAGs
[2024-11-16T19:12:04.047+0000] {logging_mixin.py:190} INFO - [2024-11-16T19:12:04.046+0000] {dag.py:4180} INFO - Setting next_dagrun for example_branch_dop_operator_v3 to 2024-11-16 19:11:00+00:00, run_after=2024-11-16 19:12:00+00:00
[2024-11-16T19:12:04.237+0000] {processor.py:208} INFO - Processing /home/airflow/.local/lib/python3.12/site-packages/airflow/example_dags/example_branch_python_dop_operator_3.py took 0.809 seconds
[2024-11-16T19:12:57.721+0000] {processor.py:186} INFO - Started process (PID=1014) to work on /home/airflow/.local/lib/python3.12/site-packages/airflow/example_dags/example_branch_python_dop_operator_3.py
[2024-11-16T19:12:57.723+0000] {processor.py:914} INFO - Processing file /home/airflow/.local/lib/python3.12/site-packages/airflow/example_dags/example_branch_python_dop_operator_3.py for tasks to queue
[2024-11-16T19:12:57.730+0000] {logging_mixin.py:190} INFO - [2024-11-16T19:12:57.729+0000] {dagbag.py:588} INFO - Filling up the DagBag from /home/airflow/.local/lib/python3.12/site-packages/airflow/example_dags/example_branch_python_dop_operator_3.py
[2024-11-16T19:12:57.762+0000] {processor.py:925} INFO - DAG(s) 'example_branch_dop_operator_v3' retrieved from /home/airflow/.local/lib/python3.12/site-packages/airflow/example_dags/example_branch_python_dop_operator_3.py
[2024-11-16T19:12:57.828+0000] {logging_mixin.py:190} INFO - [2024-11-16T19:12:57.827+0000] {dag.py:3239} INFO - Sync 1 DAGs
[2024-11-16T19:12:57.960+0000] {logging_mixin.py:190} INFO - [2024-11-16T19:12:57.959+0000] {dag.py:4180} INFO - Setting next_dagrun for example_branch_dop_operator_v3 to 2024-11-16 19:11:00+00:00, run_after=2024-11-16 19:12:00+00:00
[2024-11-16T19:12:58.044+0000] {processor.py:208} INFO - Processing /home/airflow/.local/lib/python3.12/site-packages/airflow/example_dags/example_branch_python_dop_operator_3.py took 0.342 seconds
[2024-11-16T19:13:34.926+0000] {processor.py:186} INFO - Started process (PID=1076) to work on /home/airflow/.local/lib/python3.12/site-packages/airflow/example_dags/example_branch_python_dop_operator_3.py
[2024-11-16T19:13:34.930+0000] {processor.py:914} INFO - Processing file /home/airflow/.local/lib/python3.12/site-packages/airflow/example_dags/example_branch_python_dop_operator_3.py for tasks to queue
[2024-11-16T19:13:34.936+0000] {logging_mixin.py:190} INFO - [2024-11-16T19:13:34.935+0000] {dagbag.py:588} INFO - Filling up the DagBag from /home/airflow/.local/lib/python3.12/site-packages/airflow/example_dags/example_branch_python_dop_operator_3.py
[2024-11-16T19:13:35.031+0000] {processor.py:925} INFO - DAG(s) 'example_branch_dop_operator_v3' retrieved from /home/airflow/.local/lib/python3.12/site-packages/airflow/example_dags/example_branch_python_dop_operator_3.py
[2024-11-16T19:13:35.152+0000] {logging_mixin.py:190} INFO - [2024-11-16T19:13:35.152+0000] {dag.py:3239} INFO - Sync 1 DAGs
[2024-11-16T19:13:35.386+0000] {logging_mixin.py:190} INFO - [2024-11-16T19:13:35.376+0000] {dag.py:4180} INFO - Setting next_dagrun for example_branch_dop_operator_v3 to 2024-11-16 19:12:00+00:00, run_after=2024-11-16 19:13:00+00:00
[2024-11-16T19:13:35.692+0000] {processor.py:208} INFO - Processing /home/airflow/.local/lib/python3.12/site-packages/airflow/example_dags/example_branch_python_dop_operator_3.py took 0.788 seconds
[2024-11-16T19:14:06.192+0000] {processor.py:186} INFO - Started process (PID=1138) to work on /home/airflow/.local/lib/python3.12/site-packages/airflow/example_dags/example_branch_python_dop_operator_3.py
[2024-11-16T19:14:06.194+0000] {processor.py:914} INFO - Processing file /home/airflow/.local/lib/python3.12/site-packages/airflow/example_dags/example_branch_python_dop_operator_3.py for tasks to queue
[2024-11-16T19:14:06.203+0000] {logging_mixin.py:190} INFO - [2024-11-16T19:14:06.202+0000] {dagbag.py:588} INFO - Filling up the DagBag from /home/airflow/.local/lib/python3.12/site-packages/airflow/example_dags/example_branch_python_dop_operator_3.py
[2024-11-16T19:14:06.243+0000] {processor.py:925} INFO - DAG(s) 'example_branch_dop_operator_v3' retrieved from /home/airflow/.local/lib/python3.12/site-packages/airflow/example_dags/example_branch_python_dop_operator_3.py
[2024-11-16T19:14:06.422+0000] {logging_mixin.py:190} INFO - [2024-11-16T19:14:06.394+0000] {dag.py:3239} INFO - Sync 1 DAGs
[2024-11-16T19:14:06.650+0000] {logging_mixin.py:190} INFO - [2024-11-16T19:14:06.649+0000] {dag.py:4180} INFO - Setting next_dagrun for example_branch_dop_operator_v3 to 2024-11-16 19:13:00+00:00, run_after=2024-11-16 19:14:00+00:00
[2024-11-16T19:14:06.745+0000] {processor.py:208} INFO - Processing /home/airflow/.local/lib/python3.12/site-packages/airflow/example_dags/example_branch_python_dop_operator_3.py took 0.584 seconds
[2024-11-16T19:14:36.989+0000] {processor.py:186} INFO - Started process (PID=1204) to work on /home/airflow/.local/lib/python3.12/site-packages/airflow/example_dags/example_branch_python_dop_operator_3.py
[2024-11-16T19:14:36.991+0000] {processor.py:914} INFO - Processing file /home/airflow/.local/lib/python3.12/site-packages/airflow/example_dags/example_branch_python_dop_operator_3.py for tasks to queue
[2024-11-16T19:14:36.996+0000] {logging_mixin.py:190} INFO - [2024-11-16T19:14:36.996+0000] {dagbag.py:588} INFO - Filling up the DagBag from /home/airflow/.local/lib/python3.12/site-packages/airflow/example_dags/example_branch_python_dop_operator_3.py
[2024-11-16T19:14:37.021+0000] {processor.py:925} INFO - DAG(s) 'example_branch_dop_operator_v3' retrieved from /home/airflow/.local/lib/python3.12/site-packages/airflow/example_dags/example_branch_python_dop_operator_3.py
[2024-11-16T19:14:37.070+0000] {logging_mixin.py:190} INFO - [2024-11-16T19:14:37.069+0000] {dag.py:3239} INFO - Sync 1 DAGs
[2024-11-16T19:14:37.163+0000] {logging_mixin.py:190} INFO - [2024-11-16T19:14:37.162+0000] {dag.py:4180} INFO - Setting next_dagrun for example_branch_dop_operator_v3 to 2024-11-16 19:13:00+00:00, run_after=2024-11-16 19:14:00+00:00
[2024-11-16T19:14:37.218+0000] {processor.py:208} INFO - Processing /home/airflow/.local/lib/python3.12/site-packages/airflow/example_dags/example_branch_python_dop_operator_3.py took 0.246 seconds
[2024-11-16T19:15:12.755+0000] {processor.py:186} INFO - Started process (PID=1265) to work on /home/airflow/.local/lib/python3.12/site-packages/airflow/example_dags/example_branch_python_dop_operator_3.py
[2024-11-16T19:15:12.758+0000] {processor.py:914} INFO - Processing file /home/airflow/.local/lib/python3.12/site-packages/airflow/example_dags/example_branch_python_dop_operator_3.py for tasks to queue
[2024-11-16T19:15:12.764+0000] {logging_mixin.py:190} INFO - [2024-11-16T19:15:12.763+0000] {dagbag.py:588} INFO - Filling up the DagBag from /home/airflow/.local/lib/python3.12/site-packages/airflow/example_dags/example_branch_python_dop_operator_3.py
[2024-11-16T19:15:12.796+0000] {processor.py:925} INFO - DAG(s) 'example_branch_dop_operator_v3' retrieved from /home/airflow/.local/lib/python3.12/site-packages/airflow/example_dags/example_branch_python_dop_operator_3.py
[2024-11-16T19:15:12.879+0000] {logging_mixin.py:190} INFO - [2024-11-16T19:15:12.879+0000] {dag.py:3239} INFO - Sync 1 DAGs
[2024-11-16T19:15:13.040+0000] {logging_mixin.py:190} INFO - [2024-11-16T19:15:13.040+0000] {dag.py:4180} INFO - Setting next_dagrun for example_branch_dop_operator_v3 to 2024-11-16 19:14:00+00:00, run_after=2024-11-16 19:15:00+00:00
[2024-11-16T19:15:13.104+0000] {processor.py:208} INFO - Processing /home/airflow/.local/lib/python3.12/site-packages/airflow/example_dags/example_branch_python_dop_operator_3.py took 0.368 seconds
[2024-11-16T19:15:44.915+0000] {processor.py:186} INFO - Started process (PID=1326) to work on /home/airflow/.local/lib/python3.12/site-packages/airflow/example_dags/example_branch_python_dop_operator_3.py
[2024-11-16T19:15:44.917+0000] {processor.py:914} INFO - Processing file /home/airflow/.local/lib/python3.12/site-packages/airflow/example_dags/example_branch_python_dop_operator_3.py for tasks to queue
[2024-11-16T19:15:44.922+0000] {logging_mixin.py:190} INFO - [2024-11-16T19:15:44.922+0000] {dagbag.py:588} INFO - Filling up the DagBag from /home/airflow/.local/lib/python3.12/site-packages/airflow/example_dags/example_branch_python_dop_operator_3.py
[2024-11-16T19:15:44.946+0000] {processor.py:925} INFO - DAG(s) 'example_branch_dop_operator_v3' retrieved from /home/airflow/.local/lib/python3.12/site-packages/airflow/example_dags/example_branch_python_dop_operator_3.py
[2024-11-16T19:15:44.995+0000] {logging_mixin.py:190} INFO - [2024-11-16T19:15:44.994+0000] {dag.py:3239} INFO - Sync 1 DAGs
[2024-11-16T19:15:45.086+0000] {logging_mixin.py:190} INFO - [2024-11-16T19:15:45.085+0000] {dag.py:4180} INFO - Setting next_dagrun for example_branch_dop_operator_v3 to 2024-11-16 19:14:00+00:00, run_after=2024-11-16 19:15:00+00:00
[2024-11-16T19:15:45.135+0000] {processor.py:208} INFO - Processing /home/airflow/.local/lib/python3.12/site-packages/airflow/example_dags/example_branch_python_dop_operator_3.py took 0.234 seconds
[2024-11-16T19:16:17.553+0000] {processor.py:186} INFO - Started process (PID=1390) to work on /home/airflow/.local/lib/python3.12/site-packages/airflow/example_dags/example_branch_python_dop_operator_3.py
[2024-11-16T19:16:17.557+0000] {processor.py:914} INFO - Processing file /home/airflow/.local/lib/python3.12/site-packages/airflow/example_dags/example_branch_python_dop_operator_3.py for tasks to queue
[2024-11-16T19:16:17.564+0000] {logging_mixin.py:190} INFO - [2024-11-16T19:16:17.563+0000] {dagbag.py:588} INFO - Filling up the DagBag from /home/airflow/.local/lib/python3.12/site-packages/airflow/example_dags/example_branch_python_dop_operator_3.py
[2024-11-16T19:16:17.606+0000] {processor.py:925} INFO - DAG(s) 'example_branch_dop_operator_v3' retrieved from /home/airflow/.local/lib/python3.12/site-packages/airflow/example_dags/example_branch_python_dop_operator_3.py
[2024-11-16T19:16:17.681+0000] {logging_mixin.py:190} INFO - [2024-11-16T19:16:17.681+0000] {dag.py:3239} INFO - Sync 1 DAGs
[2024-11-16T19:16:17.763+0000] {logging_mixin.py:190} INFO - [2024-11-16T19:16:17.763+0000] {dag.py:4180} INFO - Setting next_dagrun for example_branch_dop_operator_v3 to 2024-11-16 19:15:00+00:00, run_after=2024-11-16 19:16:00+00:00
[2024-11-16T19:16:17.823+0000] {processor.py:208} INFO - Processing /home/airflow/.local/lib/python3.12/site-packages/airflow/example_dags/example_branch_python_dop_operator_3.py took 0.293 seconds
[2024-11-16T19:16:48.262+0000] {processor.py:186} INFO - Started process (PID=1452) to work on /home/airflow/.local/lib/python3.12/site-packages/airflow/example_dags/example_branch_python_dop_operator_3.py
[2024-11-16T19:16:48.265+0000] {processor.py:914} INFO - Processing file /home/airflow/.local/lib/python3.12/site-packages/airflow/example_dags/example_branch_python_dop_operator_3.py for tasks to queue
[2024-11-16T19:16:48.272+0000] {logging_mixin.py:190} INFO - [2024-11-16T19:16:48.271+0000] {dagbag.py:588} INFO - Filling up the DagBag from /home/airflow/.local/lib/python3.12/site-packages/airflow/example_dags/example_branch_python_dop_operator_3.py
[2024-11-16T19:16:48.356+0000] {processor.py:925} INFO - DAG(s) 'example_branch_dop_operator_v3' retrieved from /home/airflow/.local/lib/python3.12/site-packages/airflow/example_dags/example_branch_python_dop_operator_3.py
[2024-11-16T19:16:48.508+0000] {logging_mixin.py:190} INFO - [2024-11-16T19:16:48.508+0000] {dag.py:3239} INFO - Sync 1 DAGs
[2024-11-16T19:16:48.603+0000] {logging_mixin.py:190} INFO - [2024-11-16T19:16:48.603+0000] {dag.py:4180} INFO - Setting next_dagrun for example_branch_dop_operator_v3 to 2024-11-16 19:15:00+00:00, run_after=2024-11-16 19:16:00+00:00
[2024-11-16T19:16:48.665+0000] {processor.py:208} INFO - Processing /home/airflow/.local/lib/python3.12/site-packages/airflow/example_dags/example_branch_python_dop_operator_3.py took 0.431 seconds
[2024-11-16T19:17:19.098+0000] {processor.py:186} INFO - Started process (PID=1515) to work on /home/airflow/.local/lib/python3.12/site-packages/airflow/example_dags/example_branch_python_dop_operator_3.py
[2024-11-16T19:17:19.104+0000] {processor.py:914} INFO - Processing file /home/airflow/.local/lib/python3.12/site-packages/airflow/example_dags/example_branch_python_dop_operator_3.py for tasks to queue
[2024-11-16T19:17:19.111+0000] {logging_mixin.py:190} INFO - [2024-11-16T19:17:19.110+0000] {dagbag.py:588} INFO - Filling up the DagBag from /home/airflow/.local/lib/python3.12/site-packages/airflow/example_dags/example_branch_python_dop_operator_3.py
[2024-11-16T19:17:19.142+0000] {processor.py:925} INFO - DAG(s) 'example_branch_dop_operator_v3' retrieved from /home/airflow/.local/lib/python3.12/site-packages/airflow/example_dags/example_branch_python_dop_operator_3.py
[2024-11-16T19:17:19.189+0000] {logging_mixin.py:190} INFO - [2024-11-16T19:17:19.188+0000] {dag.py:3239} INFO - Sync 1 DAGs
[2024-11-16T19:17:19.266+0000] {logging_mixin.py:190} INFO - [2024-11-16T19:17:19.266+0000] {dag.py:4180} INFO - Setting next_dagrun for example_branch_dop_operator_v3 to 2024-11-16 19:16:00+00:00, run_after=2024-11-16 19:17:00+00:00
[2024-11-16T19:17:19.330+0000] {processor.py:208} INFO - Processing /home/airflow/.local/lib/python3.12/site-packages/airflow/example_dags/example_branch_python_dop_operator_3.py took 0.263 seconds
