[2024-11-16T18:59:41.200+0000] {processor.py:186} INFO - Started process (PID=121) to work on /home/airflow/.local/lib/python3.12/site-packages/airflow/example_dags/example_time_delta_sensor_async.py
[2024-11-16T18:59:41.224+0000] {processor.py:914} INFO - Processing file /home/airflow/.local/lib/python3.12/site-packages/airflow/example_dags/example_time_delta_sensor_async.py for tasks to queue
[2024-11-16T18:59:41.235+0000] {logging_mixin.py:190} INFO - [2024-11-16T18:59:41.234+0000] {dagbag.py:588} INFO - Filling up the DagBag from /home/airflow/.local/lib/python3.12/site-packages/airflow/example_dags/example_time_delta_sensor_async.py
[2024-11-16T18:59:41.305+0000] {processor.py:925} INFO - DAG(s) 'example_time_delta_sensor_async' retrieved from /home/airflow/.local/lib/python3.12/site-packages/airflow/example_dags/example_time_delta_sensor_async.py
[2024-11-16T18:59:41.690+0000] {logging_mixin.py:190} INFO - [2024-11-16T18:59:41.689+0000] {override.py:1911} INFO - Created Permission View: can delete on DAG:example_time_delta_sensor_async
[2024-11-16T18:59:41.722+0000] {logging_mixin.py:190} INFO - [2024-11-16T18:59:41.721+0000] {override.py:1911} INFO - Created Permission View: can edit on DAG:example_time_delta_sensor_async
[2024-11-16T18:59:41.744+0000] {logging_mixin.py:190} INFO - [2024-11-16T18:59:41.744+0000] {override.py:1911} INFO - Created Permission View: can read on DAG:example_time_delta_sensor_async
[2024-11-16T18:59:41.764+0000] {logging_mixin.py:190} INFO - [2024-11-16T18:59:41.763+0000] {override.py:1911} INFO - Created Permission View: menu access on DAG Run:example_time_delta_sensor_async
[2024-11-16T18:59:41.781+0000] {logging_mixin.py:190} INFO - [2024-11-16T18:59:41.780+0000] {override.py:1911} INFO - Created Permission View: can delete on DAG Run:example_time_delta_sensor_async
[2024-11-16T18:59:41.817+0000] {logging_mixin.py:190} INFO - [2024-11-16T18:59:41.817+0000] {override.py:1911} INFO - Created Permission View: can read on DAG Run:example_time_delta_sensor_async
[2024-11-16T18:59:41.838+0000] {logging_mixin.py:190} INFO - [2024-11-16T18:59:41.837+0000] {override.py:1911} INFO - Created Permission View: can create on DAG Run:example_time_delta_sensor_async
[2024-11-16T18:59:41.839+0000] {logging_mixin.py:190} INFO - [2024-11-16T18:59:41.839+0000] {dag.py:3239} INFO - Sync 1 DAGs
[2024-11-16T18:59:41.886+0000] {logging_mixin.py:190} INFO - [2024-11-16T18:59:41.885+0000] {dag.py:3262} INFO - Creating ORM DAG for example_time_delta_sensor_async
[2024-11-16T18:59:41.888+0000] {logging_mixin.py:190} INFO - [2024-11-16T18:59:41.888+0000] {dag.py:4180} INFO - Setting next_dagrun for example_time_delta_sensor_async to None, run_after=None
[2024-11-16T18:59:41.933+0000] {processor.py:208} INFO - Processing /home/airflow/.local/lib/python3.12/site-packages/airflow/example_dags/example_time_delta_sensor_async.py took 0.782 seconds
[2024-11-16T19:00:40.715+0000] {processor.py:186} INFO - Started process (PID=188) to work on /home/airflow/.local/lib/python3.12/site-packages/airflow/example_dags/example_time_delta_sensor_async.py
[2024-11-16T19:00:40.718+0000] {processor.py:914} INFO - Processing file /home/airflow/.local/lib/python3.12/site-packages/airflow/example_dags/example_time_delta_sensor_async.py for tasks to queue
[2024-11-16T19:00:40.727+0000] {logging_mixin.py:190} INFO - [2024-11-16T19:00:40.726+0000] {dagbag.py:588} INFO - Filling up the DagBag from /home/airflow/.local/lib/python3.12/site-packages/airflow/example_dags/example_time_delta_sensor_async.py
[2024-11-16T19:00:40.773+0000] {processor.py:925} INFO - DAG(s) 'example_time_delta_sensor_async' retrieved from /home/airflow/.local/lib/python3.12/site-packages/airflow/example_dags/example_time_delta_sensor_async.py
[2024-11-16T19:00:40.887+0000] {logging_mixin.py:190} INFO - [2024-11-16T19:00:40.886+0000] {dag.py:3239} INFO - Sync 1 DAGs
[2024-11-16T19:00:41.010+0000] {logging_mixin.py:190} INFO - [2024-11-16T19:00:41.009+0000] {dag.py:4180} INFO - Setting next_dagrun for example_time_delta_sensor_async to None, run_after=None
[2024-11-16T19:00:41.152+0000] {processor.py:208} INFO - Processing /home/airflow/.local/lib/python3.12/site-packages/airflow/example_dags/example_time_delta_sensor_async.py took 0.464 seconds
[2024-11-16T19:01:12.346+0000] {processor.py:186} INFO - Started process (PID=251) to work on /home/airflow/.local/lib/python3.12/site-packages/airflow/example_dags/example_time_delta_sensor_async.py
[2024-11-16T19:01:12.349+0000] {processor.py:914} INFO - Processing file /home/airflow/.local/lib/python3.12/site-packages/airflow/example_dags/example_time_delta_sensor_async.py for tasks to queue
[2024-11-16T19:01:12.354+0000] {logging_mixin.py:190} INFO - [2024-11-16T19:01:12.353+0000] {dagbag.py:588} INFO - Filling up the DagBag from /home/airflow/.local/lib/python3.12/site-packages/airflow/example_dags/example_time_delta_sensor_async.py
[2024-11-16T19:01:12.391+0000] {processor.py:925} INFO - DAG(s) 'example_time_delta_sensor_async' retrieved from /home/airflow/.local/lib/python3.12/site-packages/airflow/example_dags/example_time_delta_sensor_async.py
[2024-11-16T19:01:12.504+0000] {logging_mixin.py:190} INFO - [2024-11-16T19:01:12.504+0000] {dag.py:3239} INFO - Sync 1 DAGs
[2024-11-16T19:01:12.657+0000] {logging_mixin.py:190} INFO - [2024-11-16T19:01:12.657+0000] {dag.py:4180} INFO - Setting next_dagrun for example_time_delta_sensor_async to None, run_after=None
[2024-11-16T19:01:12.858+0000] {processor.py:208} INFO - Processing /home/airflow/.local/lib/python3.12/site-packages/airflow/example_dags/example_time_delta_sensor_async.py took 0.532 seconds
[2024-11-16T19:01:57.471+0000] {processor.py:186} INFO - Started process (PID=313) to work on /home/airflow/.local/lib/python3.12/site-packages/airflow/example_dags/example_time_delta_sensor_async.py
[2024-11-16T19:01:57.487+0000] {processor.py:914} INFO - Processing file /home/airflow/.local/lib/python3.12/site-packages/airflow/example_dags/example_time_delta_sensor_async.py for tasks to queue
[2024-11-16T19:01:57.522+0000] {logging_mixin.py:190} INFO - [2024-11-16T19:01:57.521+0000] {dagbag.py:588} INFO - Filling up the DagBag from /home/airflow/.local/lib/python3.12/site-packages/airflow/example_dags/example_time_delta_sensor_async.py
[2024-11-16T19:01:57.597+0000] {processor.py:925} INFO - DAG(s) 'example_time_delta_sensor_async' retrieved from /home/airflow/.local/lib/python3.12/site-packages/airflow/example_dags/example_time_delta_sensor_async.py
[2024-11-16T19:01:57.831+0000] {logging_mixin.py:190} INFO - [2024-11-16T19:01:57.830+0000] {dag.py:3239} INFO - Sync 1 DAGs
[2024-11-16T19:01:57.916+0000] {logging_mixin.py:190} INFO - [2024-11-16T19:01:57.915+0000] {dag.py:4180} INFO - Setting next_dagrun for example_time_delta_sensor_async to None, run_after=None
[2024-11-16T19:01:58.104+0000] {processor.py:208} INFO - Processing /home/airflow/.local/lib/python3.12/site-packages/airflow/example_dags/example_time_delta_sensor_async.py took 0.678 seconds
[2024-11-16T19:02:43.751+0000] {processor.py:186} INFO - Started process (PID=387) to work on /home/airflow/.local/lib/python3.12/site-packages/airflow/example_dags/example_time_delta_sensor_async.py
[2024-11-16T19:02:43.755+0000] {processor.py:914} INFO - Processing file /home/airflow/.local/lib/python3.12/site-packages/airflow/example_dags/example_time_delta_sensor_async.py for tasks to queue
[2024-11-16T19:02:43.764+0000] {logging_mixin.py:190} INFO - [2024-11-16T19:02:43.763+0000] {dagbag.py:588} INFO - Filling up the DagBag from /home/airflow/.local/lib/python3.12/site-packages/airflow/example_dags/example_time_delta_sensor_async.py
[2024-11-16T19:02:43.789+0000] {processor.py:925} INFO - DAG(s) 'example_time_delta_sensor_async' retrieved from /home/airflow/.local/lib/python3.12/site-packages/airflow/example_dags/example_time_delta_sensor_async.py
[2024-11-16T19:02:43.870+0000] {logging_mixin.py:190} INFO - [2024-11-16T19:02:43.869+0000] {dag.py:3239} INFO - Sync 1 DAGs
[2024-11-16T19:02:43.948+0000] {logging_mixin.py:190} INFO - [2024-11-16T19:02:43.942+0000] {dag.py:4180} INFO - Setting next_dagrun for example_time_delta_sensor_async to None, run_after=None
[2024-11-16T19:02:44.081+0000] {processor.py:208} INFO - Processing /home/airflow/.local/lib/python3.12/site-packages/airflow/example_dags/example_time_delta_sensor_async.py took 0.351 seconds
[2024-11-16T19:03:14.863+0000] {processor.py:186} INFO - Started process (PID=450) to work on /home/airflow/.local/lib/python3.12/site-packages/airflow/example_dags/example_time_delta_sensor_async.py
[2024-11-16T19:03:14.875+0000] {processor.py:914} INFO - Processing file /home/airflow/.local/lib/python3.12/site-packages/airflow/example_dags/example_time_delta_sensor_async.py for tasks to queue
[2024-11-16T19:03:14.883+0000] {logging_mixin.py:190} INFO - [2024-11-16T19:03:14.881+0000] {dagbag.py:588} INFO - Filling up the DagBag from /home/airflow/.local/lib/python3.12/site-packages/airflow/example_dags/example_time_delta_sensor_async.py
[2024-11-16T19:03:14.927+0000] {processor.py:925} INFO - DAG(s) 'example_time_delta_sensor_async' retrieved from /home/airflow/.local/lib/python3.12/site-packages/airflow/example_dags/example_time_delta_sensor_async.py
[2024-11-16T19:03:15.058+0000] {logging_mixin.py:190} INFO - [2024-11-16T19:03:15.057+0000] {dag.py:3239} INFO - Sync 1 DAGs
[2024-11-16T19:03:15.178+0000] {logging_mixin.py:190} INFO - [2024-11-16T19:03:15.177+0000] {dag.py:4180} INFO - Setting next_dagrun for example_time_delta_sensor_async to None, run_after=None
[2024-11-16T19:03:15.296+0000] {processor.py:208} INFO - Processing /home/airflow/.local/lib/python3.12/site-packages/airflow/example_dags/example_time_delta_sensor_async.py took 0.469 seconds
[2024-11-16T19:03:47.969+0000] {processor.py:186} INFO - Started process (PID=513) to work on /home/airflow/.local/lib/python3.12/site-packages/airflow/example_dags/example_time_delta_sensor_async.py
[2024-11-16T19:03:47.980+0000] {processor.py:914} INFO - Processing file /home/airflow/.local/lib/python3.12/site-packages/airflow/example_dags/example_time_delta_sensor_async.py for tasks to queue
[2024-11-16T19:03:47.990+0000] {logging_mixin.py:190} INFO - [2024-11-16T19:03:47.989+0000] {dagbag.py:588} INFO - Filling up the DagBag from /home/airflow/.local/lib/python3.12/site-packages/airflow/example_dags/example_time_delta_sensor_async.py
[2024-11-16T19:03:48.026+0000] {processor.py:925} INFO - DAG(s) 'example_time_delta_sensor_async' retrieved from /home/airflow/.local/lib/python3.12/site-packages/airflow/example_dags/example_time_delta_sensor_async.py
[2024-11-16T19:03:48.105+0000] {logging_mixin.py:190} INFO - [2024-11-16T19:03:48.104+0000] {dag.py:3239} INFO - Sync 1 DAGs
[2024-11-16T19:03:48.178+0000] {logging_mixin.py:190} INFO - [2024-11-16T19:03:48.177+0000] {dag.py:4180} INFO - Setting next_dagrun for example_time_delta_sensor_async to None, run_after=None
[2024-11-16T19:03:48.265+0000] {processor.py:208} INFO - Processing /home/airflow/.local/lib/python3.12/site-packages/airflow/example_dags/example_time_delta_sensor_async.py took 0.321 seconds
[2024-11-16T19:04:20.737+0000] {processor.py:186} INFO - Started process (PID=576) to work on /home/airflow/.local/lib/python3.12/site-packages/airflow/example_dags/example_time_delta_sensor_async.py
[2024-11-16T19:04:20.739+0000] {processor.py:914} INFO - Processing file /home/airflow/.local/lib/python3.12/site-packages/airflow/example_dags/example_time_delta_sensor_async.py for tasks to queue
[2024-11-16T19:04:20.751+0000] {logging_mixin.py:190} INFO - [2024-11-16T19:04:20.745+0000] {dagbag.py:588} INFO - Filling up the DagBag from /home/airflow/.local/lib/python3.12/site-packages/airflow/example_dags/example_time_delta_sensor_async.py
[2024-11-16T19:04:20.772+0000] {processor.py:925} INFO - DAG(s) 'example_time_delta_sensor_async' retrieved from /home/airflow/.local/lib/python3.12/site-packages/airflow/example_dags/example_time_delta_sensor_async.py
[2024-11-16T19:04:20.852+0000] {logging_mixin.py:190} INFO - [2024-11-16T19:04:20.851+0000] {dag.py:3239} INFO - Sync 1 DAGs
[2024-11-16T19:04:20.904+0000] {logging_mixin.py:190} INFO - [2024-11-16T19:04:20.904+0000] {dag.py:4180} INFO - Setting next_dagrun for example_time_delta_sensor_async to None, run_after=None
[2024-11-16T19:04:20.955+0000] {processor.py:208} INFO - Processing /home/airflow/.local/lib/python3.12/site-packages/airflow/example_dags/example_time_delta_sensor_async.py took 0.241 seconds
[2024-11-16T19:06:12.406+0000] {processor.py:186} INFO - Started process (PID=656) to work on /home/airflow/.local/lib/python3.12/site-packages/airflow/example_dags/example_time_delta_sensor_async.py
[2024-11-16T19:06:12.422+0000] {processor.py:914} INFO - Processing file /home/airflow/.local/lib/python3.12/site-packages/airflow/example_dags/example_time_delta_sensor_async.py for tasks to queue
[2024-11-16T19:06:12.518+0000] {logging_mixin.py:190} INFO - [2024-11-16T19:06:12.489+0000] {dagbag.py:588} INFO - Filling up the DagBag from /home/airflow/.local/lib/python3.12/site-packages/airflow/example_dags/example_time_delta_sensor_async.py
[2024-11-16T19:06:12.599+0000] {processor.py:925} INFO - DAG(s) 'example_time_delta_sensor_async' retrieved from /home/airflow/.local/lib/python3.12/site-packages/airflow/example_dags/example_time_delta_sensor_async.py
[2024-11-16T19:06:12.874+0000] {logging_mixin.py:190} INFO - [2024-11-16T19:06:12.874+0000] {dag.py:3239} INFO - Sync 1 DAGs
[2024-11-16T19:06:13.350+0000] {logging_mixin.py:190} INFO - [2024-11-16T19:06:13.336+0000] {dag.py:4180} INFO - Setting next_dagrun for example_time_delta_sensor_async to None, run_after=None
[2024-11-16T19:06:13.951+0000] {processor.py:208} INFO - Processing /home/airflow/.local/lib/python3.12/site-packages/airflow/example_dags/example_time_delta_sensor_async.py took 1.659 seconds
[2024-11-16T19:08:57.326+0000] {processor.py:186} INFO - Started process (PID=774) to work on /home/airflow/.local/lib/python3.12/site-packages/airflow/example_dags/example_time_delta_sensor_async.py
[2024-11-16T19:08:57.375+0000] {processor.py:914} INFO - Processing file /home/airflow/.local/lib/python3.12/site-packages/airflow/example_dags/example_time_delta_sensor_async.py for tasks to queue
[2024-11-16T19:08:57.421+0000] {logging_mixin.py:190} INFO - [2024-11-16T19:08:57.408+0000] {dagbag.py:588} INFO - Filling up the DagBag from /home/airflow/.local/lib/python3.12/site-packages/airflow/example_dags/example_time_delta_sensor_async.py
[2024-11-16T19:08:57.566+0000] {processor.py:925} INFO - DAG(s) 'example_time_delta_sensor_async' retrieved from /home/airflow/.local/lib/python3.12/site-packages/airflow/example_dags/example_time_delta_sensor_async.py
[2024-11-16T19:08:57.944+0000] {logging_mixin.py:190} INFO - [2024-11-16T19:08:57.943+0000] {dag.py:3239} INFO - Sync 1 DAGs
[2024-11-16T19:08:58.450+0000] {logging_mixin.py:190} INFO - [2024-11-16T19:08:58.437+0000] {dag.py:4180} INFO - Setting next_dagrun for example_time_delta_sensor_async to None, run_after=None
[2024-11-16T19:08:58.863+0000] {processor.py:208} INFO - Processing /home/airflow/.local/lib/python3.12/site-packages/airflow/example_dags/example_time_delta_sensor_async.py took 1.650 seconds
[2024-11-16T19:11:00.959+0000] {processor.py:186} INFO - Started process (PID=878) to work on /home/airflow/.local/lib/python3.12/site-packages/airflow/example_dags/example_time_delta_sensor_async.py
[2024-11-16T19:11:01.008+0000] {processor.py:914} INFO - Processing file /home/airflow/.local/lib/python3.12/site-packages/airflow/example_dags/example_time_delta_sensor_async.py for tasks to queue
[2024-11-16T19:11:01.043+0000] {logging_mixin.py:190} INFO - [2024-11-16T19:11:01.042+0000] {dagbag.py:588} INFO - Filling up the DagBag from /home/airflow/.local/lib/python3.12/site-packages/airflow/example_dags/example_time_delta_sensor_async.py
[2024-11-16T19:11:01.183+0000] {processor.py:925} INFO - DAG(s) 'example_time_delta_sensor_async' retrieved from /home/airflow/.local/lib/python3.12/site-packages/airflow/example_dags/example_time_delta_sensor_async.py
[2024-11-16T19:11:01.476+0000] {logging_mixin.py:190} INFO - [2024-11-16T19:11:01.461+0000] {dag.py:3239} INFO - Sync 1 DAGs
[2024-11-16T19:11:01.716+0000] {logging_mixin.py:190} INFO - [2024-11-16T19:11:01.703+0000] {dag.py:4180} INFO - Setting next_dagrun for example_time_delta_sensor_async to None, run_after=None
[2024-11-16T19:11:02.255+0000] {processor.py:208} INFO - Processing /home/airflow/.local/lib/python3.12/site-packages/airflow/example_dags/example_time_delta_sensor_async.py took 1.428 seconds
[2024-11-16T19:12:22.001+0000] {processor.py:186} INFO - Started process (PID=963) to work on /home/airflow/.local/lib/python3.12/site-packages/airflow/example_dags/example_time_delta_sensor_async.py
[2024-11-16T19:12:22.029+0000] {processor.py:914} INFO - Processing file /home/airflow/.local/lib/python3.12/site-packages/airflow/example_dags/example_time_delta_sensor_async.py for tasks to queue
[2024-11-16T19:12:22.047+0000] {logging_mixin.py:190} INFO - [2024-11-16T19:12:22.046+0000] {dagbag.py:588} INFO - Filling up the DagBag from /home/airflow/.local/lib/python3.12/site-packages/airflow/example_dags/example_time_delta_sensor_async.py
[2024-11-16T19:12:22.110+0000] {processor.py:925} INFO - DAG(s) 'example_time_delta_sensor_async' retrieved from /home/airflow/.local/lib/python3.12/site-packages/airflow/example_dags/example_time_delta_sensor_async.py
[2024-11-16T19:12:22.302+0000] {logging_mixin.py:190} INFO - [2024-11-16T19:12:22.302+0000] {dag.py:3239} INFO - Sync 1 DAGs
[2024-11-16T19:12:22.510+0000] {logging_mixin.py:190} INFO - [2024-11-16T19:12:22.498+0000] {dag.py:4180} INFO - Setting next_dagrun for example_time_delta_sensor_async to None, run_after=None
[2024-11-16T19:12:22.756+0000] {processor.py:208} INFO - Processing /home/airflow/.local/lib/python3.12/site-packages/airflow/example_dags/example_time_delta_sensor_async.py took 0.794 seconds
[2024-11-16T19:13:05.518+0000] {processor.py:186} INFO - Started process (PID=1026) to work on /home/airflow/.local/lib/python3.12/site-packages/airflow/example_dags/example_time_delta_sensor_async.py
[2024-11-16T19:13:05.525+0000] {processor.py:914} INFO - Processing file /home/airflow/.local/lib/python3.12/site-packages/airflow/example_dags/example_time_delta_sensor_async.py for tasks to queue
[2024-11-16T19:13:05.537+0000] {logging_mixin.py:190} INFO - [2024-11-16T19:13:05.536+0000] {dagbag.py:588} INFO - Filling up the DagBag from /home/airflow/.local/lib/python3.12/site-packages/airflow/example_dags/example_time_delta_sensor_async.py
[2024-11-16T19:13:05.561+0000] {processor.py:925} INFO - DAG(s) 'example_time_delta_sensor_async' retrieved from /home/airflow/.local/lib/python3.12/site-packages/airflow/example_dags/example_time_delta_sensor_async.py
[2024-11-16T19:13:05.620+0000] {logging_mixin.py:190} INFO - [2024-11-16T19:13:05.620+0000] {dag.py:3239} INFO - Sync 1 DAGs
[2024-11-16T19:13:05.682+0000] {logging_mixin.py:190} INFO - [2024-11-16T19:13:05.681+0000] {dag.py:4180} INFO - Setting next_dagrun for example_time_delta_sensor_async to None, run_after=None
[2024-11-16T19:13:05.810+0000] {processor.py:208} INFO - Processing /home/airflow/.local/lib/python3.12/site-packages/airflow/example_dags/example_time_delta_sensor_async.py took 0.305 seconds
[2024-11-16T19:13:53.728+0000] {processor.py:186} INFO - Started process (PID=1105) to work on /home/airflow/.local/lib/python3.12/site-packages/airflow/example_dags/example_time_delta_sensor_async.py
[2024-11-16T19:13:53.731+0000] {processor.py:914} INFO - Processing file /home/airflow/.local/lib/python3.12/site-packages/airflow/example_dags/example_time_delta_sensor_async.py for tasks to queue
[2024-11-16T19:13:53.743+0000] {logging_mixin.py:190} INFO - [2024-11-16T19:13:53.742+0000] {dagbag.py:588} INFO - Filling up the DagBag from /home/airflow/.local/lib/python3.12/site-packages/airflow/example_dags/example_time_delta_sensor_async.py
[2024-11-16T19:13:53.796+0000] {processor.py:925} INFO - DAG(s) 'example_time_delta_sensor_async' retrieved from /home/airflow/.local/lib/python3.12/site-packages/airflow/example_dags/example_time_delta_sensor_async.py
[2024-11-16T19:13:53.918+0000] {logging_mixin.py:190} INFO - [2024-11-16T19:13:53.917+0000] {dag.py:3239} INFO - Sync 1 DAGs
[2024-11-16T19:13:54.012+0000] {logging_mixin.py:190} INFO - [2024-11-16T19:13:54.011+0000] {dag.py:4180} INFO - Setting next_dagrun for example_time_delta_sensor_async to None, run_after=None
[2024-11-16T19:13:54.197+0000] {processor.py:208} INFO - Processing /home/airflow/.local/lib/python3.12/site-packages/airflow/example_dags/example_time_delta_sensor_async.py took 0.493 seconds
[2024-11-16T19:14:24.357+0000] {processor.py:186} INFO - Started process (PID=1169) to work on /home/airflow/.local/lib/python3.12/site-packages/airflow/example_dags/example_time_delta_sensor_async.py
[2024-11-16T19:14:24.359+0000] {processor.py:914} INFO - Processing file /home/airflow/.local/lib/python3.12/site-packages/airflow/example_dags/example_time_delta_sensor_async.py for tasks to queue
[2024-11-16T19:14:24.364+0000] {logging_mixin.py:190} INFO - [2024-11-16T19:14:24.363+0000] {dagbag.py:588} INFO - Filling up the DagBag from /home/airflow/.local/lib/python3.12/site-packages/airflow/example_dags/example_time_delta_sensor_async.py
[2024-11-16T19:14:24.380+0000] {processor.py:925} INFO - DAG(s) 'example_time_delta_sensor_async' retrieved from /home/airflow/.local/lib/python3.12/site-packages/airflow/example_dags/example_time_delta_sensor_async.py
[2024-11-16T19:14:24.433+0000] {logging_mixin.py:190} INFO - [2024-11-16T19:14:24.433+0000] {dag.py:3239} INFO - Sync 1 DAGs
[2024-11-16T19:14:24.464+0000] {logging_mixin.py:190} INFO - [2024-11-16T19:14:24.463+0000] {dag.py:4180} INFO - Setting next_dagrun for example_time_delta_sensor_async to None, run_after=None
[2024-11-16T19:14:24.504+0000] {processor.py:208} INFO - Processing /home/airflow/.local/lib/python3.12/site-packages/airflow/example_dags/example_time_delta_sensor_async.py took 0.161 seconds
[2024-11-16T19:14:56.941+0000] {processor.py:186} INFO - Started process (PID=1233) to work on /home/airflow/.local/lib/python3.12/site-packages/airflow/example_dags/example_time_delta_sensor_async.py
[2024-11-16T19:14:56.945+0000] {processor.py:914} INFO - Processing file /home/airflow/.local/lib/python3.12/site-packages/airflow/example_dags/example_time_delta_sensor_async.py for tasks to queue
[2024-11-16T19:14:56.968+0000] {logging_mixin.py:190} INFO - [2024-11-16T19:14:56.967+0000] {dagbag.py:588} INFO - Filling up the DagBag from /home/airflow/.local/lib/python3.12/site-packages/airflow/example_dags/example_time_delta_sensor_async.py
[2024-11-16T19:14:57.009+0000] {processor.py:925} INFO - DAG(s) 'example_time_delta_sensor_async' retrieved from /home/airflow/.local/lib/python3.12/site-packages/airflow/example_dags/example_time_delta_sensor_async.py
[2024-11-16T19:14:57.119+0000] {logging_mixin.py:190} INFO - [2024-11-16T19:14:57.118+0000] {dag.py:3239} INFO - Sync 1 DAGs
[2024-11-16T19:14:57.193+0000] {logging_mixin.py:190} INFO - [2024-11-16T19:14:57.193+0000] {dag.py:4180} INFO - Setting next_dagrun for example_time_delta_sensor_async to None, run_after=None
[2024-11-16T19:14:57.319+0000] {processor.py:208} INFO - Processing /home/airflow/.local/lib/python3.12/site-packages/airflow/example_dags/example_time_delta_sensor_async.py took 0.420 seconds
[2024-11-16T19:15:27.789+0000] {processor.py:186} INFO - Started process (PID=1297) to work on /home/airflow/.local/lib/python3.12/site-packages/airflow/example_dags/example_time_delta_sensor_async.py
[2024-11-16T19:15:27.792+0000] {processor.py:914} INFO - Processing file /home/airflow/.local/lib/python3.12/site-packages/airflow/example_dags/example_time_delta_sensor_async.py for tasks to queue
[2024-11-16T19:15:27.806+0000] {logging_mixin.py:190} INFO - [2024-11-16T19:15:27.805+0000] {dagbag.py:588} INFO - Filling up the DagBag from /home/airflow/.local/lib/python3.12/site-packages/airflow/example_dags/example_time_delta_sensor_async.py
[2024-11-16T19:15:27.828+0000] {processor.py:925} INFO - DAG(s) 'example_time_delta_sensor_async' retrieved from /home/airflow/.local/lib/python3.12/site-packages/airflow/example_dags/example_time_delta_sensor_async.py
[2024-11-16T19:15:27.892+0000] {logging_mixin.py:190} INFO - [2024-11-16T19:15:27.891+0000] {dag.py:3239} INFO - Sync 1 DAGs
[2024-11-16T19:15:27.962+0000] {logging_mixin.py:190} INFO - [2024-11-16T19:15:27.961+0000] {dag.py:4180} INFO - Setting next_dagrun for example_time_delta_sensor_async to None, run_after=None
[2024-11-16T19:15:28.031+0000] {processor.py:208} INFO - Processing /home/airflow/.local/lib/python3.12/site-packages/airflow/example_dags/example_time_delta_sensor_async.py took 0.283 seconds
[2024-11-16T19:15:58.181+0000] {processor.py:186} INFO - Started process (PID=1361) to work on /home/airflow/.local/lib/python3.12/site-packages/airflow/example_dags/example_time_delta_sensor_async.py
[2024-11-16T19:15:58.184+0000] {processor.py:914} INFO - Processing file /home/airflow/.local/lib/python3.12/site-packages/airflow/example_dags/example_time_delta_sensor_async.py for tasks to queue
[2024-11-16T19:15:58.190+0000] {logging_mixin.py:190} INFO - [2024-11-16T19:15:58.189+0000] {dagbag.py:588} INFO - Filling up the DagBag from /home/airflow/.local/lib/python3.12/site-packages/airflow/example_dags/example_time_delta_sensor_async.py
[2024-11-16T19:15:58.206+0000] {processor.py:925} INFO - DAG(s) 'example_time_delta_sensor_async' retrieved from /home/airflow/.local/lib/python3.12/site-packages/airflow/example_dags/example_time_delta_sensor_async.py
[2024-11-16T19:15:58.246+0000] {logging_mixin.py:190} INFO - [2024-11-16T19:15:58.245+0000] {dag.py:3239} INFO - Sync 1 DAGs
[2024-11-16T19:15:58.283+0000] {logging_mixin.py:190} INFO - [2024-11-16T19:15:58.282+0000] {dag.py:4180} INFO - Setting next_dagrun for example_time_delta_sensor_async to None, run_after=None
[2024-11-16T19:15:58.326+0000] {processor.py:208} INFO - Processing /home/airflow/.local/lib/python3.12/site-packages/airflow/example_dags/example_time_delta_sensor_async.py took 0.161 seconds
[2024-11-16T19:16:28.923+0000] {processor.py:186} INFO - Started process (PID=1425) to work on /home/airflow/.local/lib/python3.12/site-packages/airflow/example_dags/example_time_delta_sensor_async.py
[2024-11-16T19:16:28.925+0000] {processor.py:914} INFO - Processing file /home/airflow/.local/lib/python3.12/site-packages/airflow/example_dags/example_time_delta_sensor_async.py for tasks to queue
[2024-11-16T19:16:28.931+0000] {logging_mixin.py:190} INFO - [2024-11-16T19:16:28.929+0000] {dagbag.py:588} INFO - Filling up the DagBag from /home/airflow/.local/lib/python3.12/site-packages/airflow/example_dags/example_time_delta_sensor_async.py
[2024-11-16T19:16:28.946+0000] {processor.py:925} INFO - DAG(s) 'example_time_delta_sensor_async' retrieved from /home/airflow/.local/lib/python3.12/site-packages/airflow/example_dags/example_time_delta_sensor_async.py
[2024-11-16T19:16:28.990+0000] {logging_mixin.py:190} INFO - [2024-11-16T19:16:28.990+0000] {dag.py:3239} INFO - Sync 1 DAGs
[2024-11-16T19:16:29.030+0000] {logging_mixin.py:190} INFO - [2024-11-16T19:16:29.030+0000] {dag.py:4180} INFO - Setting next_dagrun for example_time_delta_sensor_async to None, run_after=None
[2024-11-16T19:16:29.095+0000] {processor.py:208} INFO - Processing /home/airflow/.local/lib/python3.12/site-packages/airflow/example_dags/example_time_delta_sensor_async.py took 0.189 seconds
[2024-11-16T19:17:01.098+0000] {processor.py:186} INFO - Started process (PID=1488) to work on /home/airflow/.local/lib/python3.12/site-packages/airflow/example_dags/example_time_delta_sensor_async.py
[2024-11-16T19:17:01.100+0000] {processor.py:914} INFO - Processing file /home/airflow/.local/lib/python3.12/site-packages/airflow/example_dags/example_time_delta_sensor_async.py for tasks to queue
[2024-11-16T19:17:01.106+0000] {logging_mixin.py:190} INFO - [2024-11-16T19:17:01.105+0000] {dagbag.py:588} INFO - Filling up the DagBag from /home/airflow/.local/lib/python3.12/site-packages/airflow/example_dags/example_time_delta_sensor_async.py
[2024-11-16T19:17:01.127+0000] {processor.py:925} INFO - DAG(s) 'example_time_delta_sensor_async' retrieved from /home/airflow/.local/lib/python3.12/site-packages/airflow/example_dags/example_time_delta_sensor_async.py
[2024-11-16T19:17:01.180+0000] {logging_mixin.py:190} INFO - [2024-11-16T19:17:01.180+0000] {dag.py:3239} INFO - Sync 1 DAGs
[2024-11-16T19:17:01.214+0000] {logging_mixin.py:190} INFO - [2024-11-16T19:17:01.213+0000] {dag.py:4180} INFO - Setting next_dagrun for example_time_delta_sensor_async to None, run_after=None
[2024-11-16T19:17:01.271+0000] {processor.py:208} INFO - Processing /home/airflow/.local/lib/python3.12/site-packages/airflow/example_dags/example_time_delta_sensor_async.py took 0.192 seconds
[2024-11-16T19:17:43.098+0000] {processor.py:186} INFO - Started process (PID=1552) to work on /home/airflow/.local/lib/python3.12/site-packages/airflow/example_dags/example_time_delta_sensor_async.py
[2024-11-16T19:17:43.129+0000] {processor.py:914} INFO - Processing file /home/airflow/.local/lib/python3.12/site-packages/airflow/example_dags/example_time_delta_sensor_async.py for tasks to queue
[2024-11-16T19:17:43.149+0000] {logging_mixin.py:190} INFO - [2024-11-16T19:17:43.148+0000] {dagbag.py:588} INFO - Filling up the DagBag from /home/airflow/.local/lib/python3.12/site-packages/airflow/example_dags/example_time_delta_sensor_async.py
[2024-11-16T19:17:43.231+0000] {processor.py:925} INFO - DAG(s) 'example_time_delta_sensor_async' retrieved from /home/airflow/.local/lib/python3.12/site-packages/airflow/example_dags/example_time_delta_sensor_async.py
[2024-11-16T19:17:43.482+0000] {logging_mixin.py:190} INFO - [2024-11-16T19:17:43.481+0000] {dag.py:3239} INFO - Sync 1 DAGs
[2024-11-16T19:17:43.639+0000] {logging_mixin.py:190} INFO - [2024-11-16T19:17:43.638+0000] {dag.py:4180} INFO - Setting next_dagrun for example_time_delta_sensor_async to None, run_after=None
[2024-11-16T19:17:43.812+0000] {processor.py:208} INFO - Processing /home/airflow/.local/lib/python3.12/site-packages/airflow/example_dags/example_time_delta_sensor_async.py took 0.817 seconds
