[2024-11-16T19:00:11.510+0000] {processor.py:186} INFO - Started process (PID=137) to work on /home/airflow/.local/lib/python3.12/site-packages/airflow/example_dags/example_task_group_decorator.py
[2024-11-16T19:00:11.512+0000] {processor.py:914} INFO - Processing file /home/airflow/.local/lib/python3.12/site-packages/airflow/example_dags/example_task_group_decorator.py for tasks to queue
[2024-11-16T19:00:11.528+0000] {logging_mixin.py:190} INFO - [2024-11-16T19:00:11.527+0000] {dagbag.py:588} INFO - Filling up the DagBag from /home/airflow/.local/lib/python3.12/site-packages/airflow/example_dags/example_task_group_decorator.py
[2024-11-16T19:00:11.713+0000] {processor.py:925} INFO - DAG(s) 'example_task_group_decorator' retrieved from /home/airflow/.local/lib/python3.12/site-packages/airflow/example_dags/example_task_group_decorator.py
[2024-11-16T19:00:12.876+0000] {logging_mixin.py:190} INFO - [2024-11-16T19:00:12.874+0000] {override.py:1911} INFO - Created Permission View: can delete on DAG:example_task_group_decorator
[2024-11-16T19:00:13.030+0000] {logging_mixin.py:190} INFO - [2024-11-16T19:00:13.030+0000] {override.py:1911} INFO - Created Permission View: can edit on DAG:example_task_group_decorator
[2024-11-16T19:00:13.133+0000] {logging_mixin.py:190} INFO - [2024-11-16T19:00:13.132+0000] {override.py:1911} INFO - Created Permission View: can read on DAG:example_task_group_decorator
[2024-11-16T19:00:13.289+0000] {logging_mixin.py:190} INFO - [2024-11-16T19:00:13.288+0000] {override.py:1911} INFO - Created Permission View: menu access on DAG Run:example_task_group_decorator
[2024-11-16T19:00:13.385+0000] {logging_mixin.py:190} INFO - [2024-11-16T19:00:13.384+0000] {override.py:1911} INFO - Created Permission View: can delete on DAG Run:example_task_group_decorator
[2024-11-16T19:00:13.546+0000] {logging_mixin.py:190} INFO - [2024-11-16T19:00:13.545+0000] {override.py:1911} INFO - Created Permission View: can read on DAG Run:example_task_group_decorator
[2024-11-16T19:00:13.771+0000] {logging_mixin.py:190} INFO - [2024-11-16T19:00:13.769+0000] {override.py:1911} INFO - Created Permission View: can create on DAG Run:example_task_group_decorator
[2024-11-16T19:00:13.786+0000] {logging_mixin.py:190} INFO - [2024-11-16T19:00:13.785+0000] {dag.py:3239} INFO - Sync 1 DAGs
[2024-11-16T19:00:13.953+0000] {logging_mixin.py:190} INFO - [2024-11-16T19:00:13.952+0000] {dag.py:3262} INFO - Creating ORM DAG for example_task_group_decorator
[2024-11-16T19:00:13.967+0000] {logging_mixin.py:190} INFO - [2024-11-16T19:00:13.958+0000] {dag.py:4180} INFO - Setting next_dagrun for example_task_group_decorator to None, run_after=None
[2024-11-16T19:00:14.247+0000] {processor.py:208} INFO - Processing /home/airflow/.local/lib/python3.12/site-packages/airflow/example_dags/example_task_group_decorator.py took 2.764 seconds
[2024-11-16T19:00:49.543+0000] {processor.py:186} INFO - Started process (PID=200) to work on /home/airflow/.local/lib/python3.12/site-packages/airflow/example_dags/example_task_group_decorator.py
[2024-11-16T19:00:49.579+0000] {processor.py:914} INFO - Processing file /home/airflow/.local/lib/python3.12/site-packages/airflow/example_dags/example_task_group_decorator.py for tasks to queue
[2024-11-16T19:00:49.604+0000] {logging_mixin.py:190} INFO - [2024-11-16T19:00:49.601+0000] {dagbag.py:588} INFO - Filling up the DagBag from /home/airflow/.local/lib/python3.12/site-packages/airflow/example_dags/example_task_group_decorator.py
[2024-11-16T19:00:49.867+0000] {processor.py:925} INFO - DAG(s) 'example_task_group_decorator' retrieved from /home/airflow/.local/lib/python3.12/site-packages/airflow/example_dags/example_task_group_decorator.py
[2024-11-16T19:00:50.000+0000] {logging_mixin.py:190} INFO - [2024-11-16T19:00:49.999+0000] {dag.py:3239} INFO - Sync 1 DAGs
[2024-11-16T19:00:50.089+0000] {logging_mixin.py:190} INFO - [2024-11-16T19:00:50.088+0000] {dag.py:4180} INFO - Setting next_dagrun for example_task_group_decorator to None, run_after=None
[2024-11-16T19:00:50.178+0000] {processor.py:208} INFO - Processing /home/airflow/.local/lib/python3.12/site-packages/airflow/example_dags/example_task_group_decorator.py took 0.699 seconds
[2024-11-16T19:01:21.163+0000] {processor.py:186} INFO - Started process (PID=262) to work on /home/airflow/.local/lib/python3.12/site-packages/airflow/example_dags/example_task_group_decorator.py
[2024-11-16T19:01:21.170+0000] {processor.py:914} INFO - Processing file /home/airflow/.local/lib/python3.12/site-packages/airflow/example_dags/example_task_group_decorator.py for tasks to queue
[2024-11-16T19:01:21.179+0000] {logging_mixin.py:190} INFO - [2024-11-16T19:01:21.177+0000] {dagbag.py:588} INFO - Filling up the DagBag from /home/airflow/.local/lib/python3.12/site-packages/airflow/example_dags/example_task_group_decorator.py
[2024-11-16T19:01:21.284+0000] {processor.py:925} INFO - DAG(s) 'example_task_group_decorator' retrieved from /home/airflow/.local/lib/python3.12/site-packages/airflow/example_dags/example_task_group_decorator.py
[2024-11-16T19:01:21.465+0000] {logging_mixin.py:190} INFO - [2024-11-16T19:01:21.464+0000] {dag.py:3239} INFO - Sync 1 DAGs
[2024-11-16T19:01:21.595+0000] {logging_mixin.py:190} INFO - [2024-11-16T19:01:21.594+0000] {dag.py:4180} INFO - Setting next_dagrun for example_task_group_decorator to None, run_after=None
[2024-11-16T19:01:21.731+0000] {processor.py:208} INFO - Processing /home/airflow/.local/lib/python3.12/site-packages/airflow/example_dags/example_task_group_decorator.py took 0.602 seconds
[2024-11-16T19:02:21.592+0000] {processor.py:186} INFO - Started process (PID=336) to work on /home/airflow/.local/lib/python3.12/site-packages/airflow/example_dags/example_task_group_decorator.py
[2024-11-16T19:02:21.790+0000] {processor.py:914} INFO - Processing file /home/airflow/.local/lib/python3.12/site-packages/airflow/example_dags/example_task_group_decorator.py for tasks to queue
[2024-11-16T19:02:22.019+0000] {logging_mixin.py:190} INFO - [2024-11-16T19:02:22.018+0000] {dagbag.py:588} INFO - Filling up the DagBag from /home/airflow/.local/lib/python3.12/site-packages/airflow/example_dags/example_task_group_decorator.py
[2024-11-16T19:02:22.232+0000] {processor.py:925} INFO - DAG(s) 'example_task_group_decorator' retrieved from /home/airflow/.local/lib/python3.12/site-packages/airflow/example_dags/example_task_group_decorator.py
[2024-11-16T19:02:22.586+0000] {logging_mixin.py:190} INFO - [2024-11-16T19:02:22.586+0000] {dag.py:3239} INFO - Sync 1 DAGs
[2024-11-16T19:02:23.542+0000] {logging_mixin.py:190} INFO - [2024-11-16T19:02:23.509+0000] {dag.py:4180} INFO - Setting next_dagrun for example_task_group_decorator to None, run_after=None
[2024-11-16T19:02:24.237+0000] {processor.py:208} INFO - Processing /home/airflow/.local/lib/python3.12/site-packages/airflow/example_dags/example_task_group_decorator.py took 2.699 seconds
[2024-11-16T19:02:55.915+0000] {processor.py:186} INFO - Started process (PID=399) to work on /home/airflow/.local/lib/python3.12/site-packages/airflow/example_dags/example_task_group_decorator.py
[2024-11-16T19:02:55.934+0000] {processor.py:914} INFO - Processing file /home/airflow/.local/lib/python3.12/site-packages/airflow/example_dags/example_task_group_decorator.py for tasks to queue
[2024-11-16T19:02:55.946+0000] {logging_mixin.py:190} INFO - [2024-11-16T19:02:55.945+0000] {dagbag.py:588} INFO - Filling up the DagBag from /home/airflow/.local/lib/python3.12/site-packages/airflow/example_dags/example_task_group_decorator.py
[2024-11-16T19:02:56.029+0000] {processor.py:925} INFO - DAG(s) 'example_task_group_decorator' retrieved from /home/airflow/.local/lib/python3.12/site-packages/airflow/example_dags/example_task_group_decorator.py
[2024-11-16T19:02:56.131+0000] {logging_mixin.py:190} INFO - [2024-11-16T19:02:56.131+0000] {dag.py:3239} INFO - Sync 1 DAGs
[2024-11-16T19:02:56.173+0000] {logging_mixin.py:190} INFO - [2024-11-16T19:02:56.173+0000] {dag.py:4180} INFO - Setting next_dagrun for example_task_group_decorator to None, run_after=None
[2024-11-16T19:02:56.231+0000] {processor.py:208} INFO - Processing /home/airflow/.local/lib/python3.12/site-packages/airflow/example_dags/example_task_group_decorator.py took 0.342 seconds
[2024-11-16T19:03:30.322+0000] {processor.py:186} INFO - Started process (PID=462) to work on /home/airflow/.local/lib/python3.12/site-packages/airflow/example_dags/example_task_group_decorator.py
[2024-11-16T19:03:30.325+0000] {processor.py:914} INFO - Processing file /home/airflow/.local/lib/python3.12/site-packages/airflow/example_dags/example_task_group_decorator.py for tasks to queue
[2024-11-16T19:03:30.339+0000] {logging_mixin.py:190} INFO - [2024-11-16T19:03:30.333+0000] {dagbag.py:588} INFO - Filling up the DagBag from /home/airflow/.local/lib/python3.12/site-packages/airflow/example_dags/example_task_group_decorator.py
[2024-11-16T19:03:30.502+0000] {processor.py:925} INFO - DAG(s) 'example_task_group_decorator' retrieved from /home/airflow/.local/lib/python3.12/site-packages/airflow/example_dags/example_task_group_decorator.py
[2024-11-16T19:03:30.816+0000] {logging_mixin.py:190} INFO - [2024-11-16T19:03:30.816+0000] {dag.py:3239} INFO - Sync 1 DAGs
[2024-11-16T19:03:30.925+0000] {logging_mixin.py:190} INFO - [2024-11-16T19:03:30.924+0000] {dag.py:4180} INFO - Setting next_dagrun for example_task_group_decorator to None, run_after=None
[2024-11-16T19:03:31.019+0000] {processor.py:208} INFO - Processing /home/airflow/.local/lib/python3.12/site-packages/airflow/example_dags/example_task_group_decorator.py took 0.744 seconds
[2024-11-16T19:04:01.420+0000] {processor.py:186} INFO - Started process (PID=524) to work on /home/airflow/.local/lib/python3.12/site-packages/airflow/example_dags/example_task_group_decorator.py
[2024-11-16T19:04:01.427+0000] {processor.py:914} INFO - Processing file /home/airflow/.local/lib/python3.12/site-packages/airflow/example_dags/example_task_group_decorator.py for tasks to queue
[2024-11-16T19:04:01.434+0000] {logging_mixin.py:190} INFO - [2024-11-16T19:04:01.433+0000] {dagbag.py:588} INFO - Filling up the DagBag from /home/airflow/.local/lib/python3.12/site-packages/airflow/example_dags/example_task_group_decorator.py
[2024-11-16T19:04:01.514+0000] {processor.py:925} INFO - DAG(s) 'example_task_group_decorator' retrieved from /home/airflow/.local/lib/python3.12/site-packages/airflow/example_dags/example_task_group_decorator.py
[2024-11-16T19:04:01.645+0000] {logging_mixin.py:190} INFO - [2024-11-16T19:04:01.645+0000] {dag.py:3239} INFO - Sync 1 DAGs
[2024-11-16T19:04:01.708+0000] {logging_mixin.py:190} INFO - [2024-11-16T19:04:01.707+0000] {dag.py:4180} INFO - Setting next_dagrun for example_task_group_decorator to None, run_after=None
[2024-11-16T19:04:01.772+0000] {processor.py:208} INFO - Processing /home/airflow/.local/lib/python3.12/site-packages/airflow/example_dags/example_task_group_decorator.py took 0.406 seconds
[2024-11-16T19:04:32.739+0000] {processor.py:186} INFO - Started process (PID=586) to work on /home/airflow/.local/lib/python3.12/site-packages/airflow/example_dags/example_task_group_decorator.py
[2024-11-16T19:04:32.742+0000] {processor.py:914} INFO - Processing file /home/airflow/.local/lib/python3.12/site-packages/airflow/example_dags/example_task_group_decorator.py for tasks to queue
[2024-11-16T19:04:32.748+0000] {logging_mixin.py:190} INFO - [2024-11-16T19:04:32.747+0000] {dagbag.py:588} INFO - Filling up the DagBag from /home/airflow/.local/lib/python3.12/site-packages/airflow/example_dags/example_task_group_decorator.py
[2024-11-16T19:04:32.829+0000] {processor.py:925} INFO - DAG(s) 'example_task_group_decorator' retrieved from /home/airflow/.local/lib/python3.12/site-packages/airflow/example_dags/example_task_group_decorator.py
[2024-11-16T19:04:32.972+0000] {logging_mixin.py:190} INFO - [2024-11-16T19:04:32.969+0000] {dag.py:3239} INFO - Sync 1 DAGs
[2024-11-16T19:04:33.022+0000] {logging_mixin.py:190} INFO - [2024-11-16T19:04:33.021+0000] {dag.py:4180} INFO - Setting next_dagrun for example_task_group_decorator to None, run_after=None
[2024-11-16T19:04:33.072+0000] {processor.py:208} INFO - Processing /home/airflow/.local/lib/python3.12/site-packages/airflow/example_dags/example_task_group_decorator.py took 0.379 seconds
[2024-11-16T19:07:40.828+0000] {processor.py:186} INFO - Started process (PID=713) to work on /home/airflow/.local/lib/python3.12/site-packages/airflow/example_dags/example_task_group_decorator.py
[2024-11-16T19:07:40.842+0000] {processor.py:914} INFO - Processing file /home/airflow/.local/lib/python3.12/site-packages/airflow/example_dags/example_task_group_decorator.py for tasks to queue
[2024-11-16T19:07:40.873+0000] {logging_mixin.py:190} INFO - [2024-11-16T19:07:40.860+0000] {dagbag.py:588} INFO - Filling up the DagBag from /home/airflow/.local/lib/python3.12/site-packages/airflow/example_dags/example_task_group_decorator.py
[2024-11-16T19:07:41.463+0000] {processor.py:925} INFO - DAG(s) 'example_task_group_decorator' retrieved from /home/airflow/.local/lib/python3.12/site-packages/airflow/example_dags/example_task_group_decorator.py
[2024-11-16T19:07:42.418+0000] {logging_mixin.py:190} INFO - [2024-11-16T19:07:42.389+0000] {dag.py:3239} INFO - Sync 1 DAGs
[2024-11-16T19:07:42.740+0000] {logging_mixin.py:190} INFO - [2024-11-16T19:07:42.739+0000] {dag.py:4180} INFO - Setting next_dagrun for example_task_group_decorator to None, run_after=None
[2024-11-16T19:07:43.396+0000] {processor.py:208} INFO - Processing /home/airflow/.local/lib/python3.12/site-packages/airflow/example_dags/example_task_group_decorator.py took 2.698 seconds
[2024-11-16T19:10:05.914+0000] {processor.py:186} INFO - Started process (PID=831) to work on /home/airflow/.local/lib/python3.12/site-packages/airflow/example_dags/example_task_group_decorator.py
[2024-11-16T19:10:05.930+0000] {processor.py:914} INFO - Processing file /home/airflow/.local/lib/python3.12/site-packages/airflow/example_dags/example_task_group_decorator.py for tasks to queue
[2024-11-16T19:10:05.956+0000] {logging_mixin.py:190} INFO - [2024-11-16T19:10:05.954+0000] {dagbag.py:588} INFO - Filling up the DagBag from /home/airflow/.local/lib/python3.12/site-packages/airflow/example_dags/example_task_group_decorator.py
[2024-11-16T19:10:06.470+0000] {processor.py:925} INFO - DAG(s) 'example_task_group_decorator' retrieved from /home/airflow/.local/lib/python3.12/site-packages/airflow/example_dags/example_task_group_decorator.py
[2024-11-16T19:10:07.028+0000] {logging_mixin.py:190} INFO - [2024-11-16T19:10:07.028+0000] {dag.py:3239} INFO - Sync 1 DAGs
[2024-11-16T19:10:07.260+0000] {logging_mixin.py:190} INFO - [2024-11-16T19:10:07.259+0000] {dag.py:4180} INFO - Setting next_dagrun for example_task_group_decorator to None, run_after=None
[2024-11-16T19:10:07.953+0000] {processor.py:208} INFO - Processing /home/airflow/.local/lib/python3.12/site-packages/airflow/example_dags/example_task_group_decorator.py took 2.347 seconds
[2024-11-16T19:11:52.769+0000] {processor.py:186} INFO - Started process (PID=933) to work on /home/airflow/.local/lib/python3.12/site-packages/airflow/example_dags/example_task_group_decorator.py
[2024-11-16T19:11:52.779+0000] {processor.py:914} INFO - Processing file /home/airflow/.local/lib/python3.12/site-packages/airflow/example_dags/example_task_group_decorator.py for tasks to queue
[2024-11-16T19:11:52.800+0000] {logging_mixin.py:190} INFO - [2024-11-16T19:11:52.799+0000] {dagbag.py:588} INFO - Filling up the DagBag from /home/airflow/.local/lib/python3.12/site-packages/airflow/example_dags/example_task_group_decorator.py
[2024-11-16T19:11:52.964+0000] {processor.py:925} INFO - DAG(s) 'example_task_group_decorator' retrieved from /home/airflow/.local/lib/python3.12/site-packages/airflow/example_dags/example_task_group_decorator.py
[2024-11-16T19:11:53.286+0000] {logging_mixin.py:190} INFO - [2024-11-16T19:11:53.286+0000] {dag.py:3239} INFO - Sync 1 DAGs
[2024-11-16T19:11:53.494+0000] {logging_mixin.py:190} INFO - [2024-11-16T19:11:53.493+0000] {dag.py:4180} INFO - Setting next_dagrun for example_task_group_decorator to None, run_after=None
[2024-11-16T19:11:53.705+0000] {processor.py:208} INFO - Processing /home/airflow/.local/lib/python3.12/site-packages/airflow/example_dags/example_task_group_decorator.py took 0.999 seconds
[2024-11-16T19:12:53.448+0000] {processor.py:186} INFO - Started process (PID=1004) to work on /home/airflow/.local/lib/python3.12/site-packages/airflow/example_dags/example_task_group_decorator.py
[2024-11-16T19:12:53.450+0000] {processor.py:914} INFO - Processing file /home/airflow/.local/lib/python3.12/site-packages/airflow/example_dags/example_task_group_decorator.py for tasks to queue
[2024-11-16T19:12:53.457+0000] {logging_mixin.py:190} INFO - [2024-11-16T19:12:53.456+0000] {dagbag.py:588} INFO - Filling up the DagBag from /home/airflow/.local/lib/python3.12/site-packages/airflow/example_dags/example_task_group_decorator.py
[2024-11-16T19:12:53.528+0000] {processor.py:925} INFO - DAG(s) 'example_task_group_decorator' retrieved from /home/airflow/.local/lib/python3.12/site-packages/airflow/example_dags/example_task_group_decorator.py
[2024-11-16T19:12:53.631+0000] {logging_mixin.py:190} INFO - [2024-11-16T19:12:53.630+0000] {dag.py:3239} INFO - Sync 1 DAGs
[2024-11-16T19:12:53.680+0000] {logging_mixin.py:190} INFO - [2024-11-16T19:12:53.680+0000] {dag.py:4180} INFO - Setting next_dagrun for example_task_group_decorator to None, run_after=None
[2024-11-16T19:12:53.764+0000] {processor.py:208} INFO - Processing /home/airflow/.local/lib/python3.12/site-packages/airflow/example_dags/example_task_group_decorator.py took 0.336 seconds
[2024-11-16T19:13:24.091+0000] {processor.py:186} INFO - Started process (PID=1066) to work on /home/airflow/.local/lib/python3.12/site-packages/airflow/example_dags/example_task_group_decorator.py
[2024-11-16T19:13:24.093+0000] {processor.py:914} INFO - Processing file /home/airflow/.local/lib/python3.12/site-packages/airflow/example_dags/example_task_group_decorator.py for tasks to queue
[2024-11-16T19:13:24.117+0000] {logging_mixin.py:190} INFO - [2024-11-16T19:13:24.116+0000] {dagbag.py:588} INFO - Filling up the DagBag from /home/airflow/.local/lib/python3.12/site-packages/airflow/example_dags/example_task_group_decorator.py
[2024-11-16T19:13:24.304+0000] {processor.py:925} INFO - DAG(s) 'example_task_group_decorator' retrieved from /home/airflow/.local/lib/python3.12/site-packages/airflow/example_dags/example_task_group_decorator.py
[2024-11-16T19:13:24.548+0000] {logging_mixin.py:190} INFO - [2024-11-16T19:13:24.547+0000] {dag.py:3239} INFO - Sync 1 DAGs
[2024-11-16T19:13:24.773+0000] {logging_mixin.py:190} INFO - [2024-11-16T19:13:24.772+0000] {dag.py:4180} INFO - Setting next_dagrun for example_task_group_decorator to None, run_after=None
[2024-11-16T19:13:24.951+0000] {processor.py:208} INFO - Processing /home/airflow/.local/lib/python3.12/site-packages/airflow/example_dags/example_task_group_decorator.py took 0.891 seconds
[2024-11-16T19:13:58.712+0000] {processor.py:186} INFO - Started process (PID=1128) to work on /home/airflow/.local/lib/python3.12/site-packages/airflow/example_dags/example_task_group_decorator.py
[2024-11-16T19:13:58.714+0000] {processor.py:914} INFO - Processing file /home/airflow/.local/lib/python3.12/site-packages/airflow/example_dags/example_task_group_decorator.py for tasks to queue
[2024-11-16T19:13:58.719+0000] {logging_mixin.py:190} INFO - [2024-11-16T19:13:58.718+0000] {dagbag.py:588} INFO - Filling up the DagBag from /home/airflow/.local/lib/python3.12/site-packages/airflow/example_dags/example_task_group_decorator.py
[2024-11-16T19:13:58.768+0000] {processor.py:925} INFO - DAG(s) 'example_task_group_decorator' retrieved from /home/airflow/.local/lib/python3.12/site-packages/airflow/example_dags/example_task_group_decorator.py
[2024-11-16T19:13:58.830+0000] {logging_mixin.py:190} INFO - [2024-11-16T19:13:58.829+0000] {dag.py:3239} INFO - Sync 1 DAGs
[2024-11-16T19:13:58.867+0000] {logging_mixin.py:190} INFO - [2024-11-16T19:13:58.866+0000] {dag.py:4180} INFO - Setting next_dagrun for example_task_group_decorator to None, run_after=None
[2024-11-16T19:13:58.923+0000] {processor.py:208} INFO - Processing /home/airflow/.local/lib/python3.12/site-packages/airflow/example_dags/example_task_group_decorator.py took 0.229 seconds
[2024-11-16T19:14:31.163+0000] {processor.py:186} INFO - Started process (PID=1192) to work on /home/airflow/.local/lib/python3.12/site-packages/airflow/example_dags/example_task_group_decorator.py
[2024-11-16T19:14:31.166+0000] {processor.py:914} INFO - Processing file /home/airflow/.local/lib/python3.12/site-packages/airflow/example_dags/example_task_group_decorator.py for tasks to queue
[2024-11-16T19:14:31.174+0000] {logging_mixin.py:190} INFO - [2024-11-16T19:14:31.173+0000] {dagbag.py:588} INFO - Filling up the DagBag from /home/airflow/.local/lib/python3.12/site-packages/airflow/example_dags/example_task_group_decorator.py
[2024-11-16T19:14:31.246+0000] {processor.py:925} INFO - DAG(s) 'example_task_group_decorator' retrieved from /home/airflow/.local/lib/python3.12/site-packages/airflow/example_dags/example_task_group_decorator.py
[2024-11-16T19:14:31.332+0000] {logging_mixin.py:190} INFO - [2024-11-16T19:14:31.332+0000] {dag.py:3239} INFO - Sync 1 DAGs
[2024-11-16T19:14:31.363+0000] {logging_mixin.py:190} INFO - [2024-11-16T19:14:31.363+0000] {dag.py:4180} INFO - Setting next_dagrun for example_task_group_decorator to None, run_after=None
[2024-11-16T19:14:31.415+0000] {processor.py:208} INFO - Processing /home/airflow/.local/lib/python3.12/site-packages/airflow/example_dags/example_task_group_decorator.py took 0.268 seconds
[2024-11-16T19:15:11.177+0000] {processor.py:186} INFO - Started process (PID=1256) to work on /home/airflow/.local/lib/python3.12/site-packages/airflow/example_dags/example_task_group_decorator.py
[2024-11-16T19:15:11.180+0000] {processor.py:914} INFO - Processing file /home/airflow/.local/lib/python3.12/site-packages/airflow/example_dags/example_task_group_decorator.py for tasks to queue
[2024-11-16T19:15:11.188+0000] {logging_mixin.py:190} INFO - [2024-11-16T19:15:11.187+0000] {dagbag.py:588} INFO - Filling up the DagBag from /home/airflow/.local/lib/python3.12/site-packages/airflow/example_dags/example_task_group_decorator.py
[2024-11-16T19:15:11.263+0000] {processor.py:925} INFO - DAG(s) 'example_task_group_decorator' retrieved from /home/airflow/.local/lib/python3.12/site-packages/airflow/example_dags/example_task_group_decorator.py
[2024-11-16T19:15:11.362+0000] {logging_mixin.py:190} INFO - [2024-11-16T19:15:11.361+0000] {dag.py:3239} INFO - Sync 1 DAGs
[2024-11-16T19:15:11.407+0000] {logging_mixin.py:190} INFO - [2024-11-16T19:15:11.406+0000] {dag.py:4180} INFO - Setting next_dagrun for example_task_group_decorator to None, run_after=None
[2024-11-16T19:15:11.452+0000] {processor.py:208} INFO - Processing /home/airflow/.local/lib/python3.12/site-packages/airflow/example_dags/example_task_group_decorator.py took 0.297 seconds
[2024-11-16T19:15:41.648+0000] {processor.py:186} INFO - Started process (PID=1319) to work on /home/airflow/.local/lib/python3.12/site-packages/airflow/example_dags/example_task_group_decorator.py
[2024-11-16T19:15:41.650+0000] {processor.py:914} INFO - Processing file /home/airflow/.local/lib/python3.12/site-packages/airflow/example_dags/example_task_group_decorator.py for tasks to queue
[2024-11-16T19:15:41.655+0000] {logging_mixin.py:190} INFO - [2024-11-16T19:15:41.655+0000] {dagbag.py:588} INFO - Filling up the DagBag from /home/airflow/.local/lib/python3.12/site-packages/airflow/example_dags/example_task_group_decorator.py
[2024-11-16T19:15:41.693+0000] {processor.py:925} INFO - DAG(s) 'example_task_group_decorator' retrieved from /home/airflow/.local/lib/python3.12/site-packages/airflow/example_dags/example_task_group_decorator.py
[2024-11-16T19:15:41.818+0000] {logging_mixin.py:190} INFO - [2024-11-16T19:15:41.817+0000] {dag.py:3239} INFO - Sync 1 DAGs
[2024-11-16T19:15:41.883+0000] {logging_mixin.py:190} INFO - [2024-11-16T19:15:41.881+0000] {dag.py:4180} INFO - Setting next_dagrun for example_task_group_decorator to None, run_after=None
[2024-11-16T19:15:41.944+0000] {processor.py:208} INFO - Processing /home/airflow/.local/lib/python3.12/site-packages/airflow/example_dags/example_task_group_decorator.py took 0.314 seconds
[2024-11-16T19:16:12.040+0000] {processor.py:186} INFO - Started process (PID=1382) to work on /home/airflow/.local/lib/python3.12/site-packages/airflow/example_dags/example_task_group_decorator.py
[2024-11-16T19:16:12.050+0000] {processor.py:914} INFO - Processing file /home/airflow/.local/lib/python3.12/site-packages/airflow/example_dags/example_task_group_decorator.py for tasks to queue
[2024-11-16T19:16:12.058+0000] {logging_mixin.py:190} INFO - [2024-11-16T19:16:12.057+0000] {dagbag.py:588} INFO - Filling up the DagBag from /home/airflow/.local/lib/python3.12/site-packages/airflow/example_dags/example_task_group_decorator.py
[2024-11-16T19:16:12.264+0000] {processor.py:925} INFO - DAG(s) 'example_task_group_decorator' retrieved from /home/airflow/.local/lib/python3.12/site-packages/airflow/example_dags/example_task_group_decorator.py
[2024-11-16T19:16:12.465+0000] {logging_mixin.py:190} INFO - [2024-11-16T19:16:12.464+0000] {dag.py:3239} INFO - Sync 1 DAGs
[2024-11-16T19:16:12.745+0000] {logging_mixin.py:190} INFO - [2024-11-16T19:16:12.745+0000] {dag.py:4180} INFO - Setting next_dagrun for example_task_group_decorator to None, run_after=None
[2024-11-16T19:16:13.218+0000] {processor.py:208} INFO - Processing /home/airflow/.local/lib/python3.12/site-packages/airflow/example_dags/example_task_group_decorator.py took 1.199 seconds
[2024-11-16T19:16:43.882+0000] {processor.py:186} INFO - Started process (PID=1446) to work on /home/airflow/.local/lib/python3.12/site-packages/airflow/example_dags/example_task_group_decorator.py
[2024-11-16T19:16:43.885+0000] {processor.py:914} INFO - Processing file /home/airflow/.local/lib/python3.12/site-packages/airflow/example_dags/example_task_group_decorator.py for tasks to queue
[2024-11-16T19:16:43.903+0000] {logging_mixin.py:190} INFO - [2024-11-16T19:16:43.902+0000] {dagbag.py:588} INFO - Filling up the DagBag from /home/airflow/.local/lib/python3.12/site-packages/airflow/example_dags/example_task_group_decorator.py
[2024-11-16T19:16:43.960+0000] {processor.py:925} INFO - DAG(s) 'example_task_group_decorator' retrieved from /home/airflow/.local/lib/python3.12/site-packages/airflow/example_dags/example_task_group_decorator.py
[2024-11-16T19:16:44.035+0000] {logging_mixin.py:190} INFO - [2024-11-16T19:16:44.035+0000] {dag.py:3239} INFO - Sync 1 DAGs
[2024-11-16T19:16:44.079+0000] {logging_mixin.py:190} INFO - [2024-11-16T19:16:44.078+0000] {dag.py:4180} INFO - Setting next_dagrun for example_task_group_decorator to None, run_after=None
[2024-11-16T19:16:44.127+0000] {processor.py:208} INFO - Processing /home/airflow/.local/lib/python3.12/site-packages/airflow/example_dags/example_task_group_decorator.py took 0.271 seconds
[2024-11-16T19:17:15.071+0000] {processor.py:186} INFO - Started process (PID=1508) to work on /home/airflow/.local/lib/python3.12/site-packages/airflow/example_dags/example_task_group_decorator.py
[2024-11-16T19:17:15.073+0000] {processor.py:914} INFO - Processing file /home/airflow/.local/lib/python3.12/site-packages/airflow/example_dags/example_task_group_decorator.py for tasks to queue
[2024-11-16T19:17:15.086+0000] {logging_mixin.py:190} INFO - [2024-11-16T19:17:15.081+0000] {dagbag.py:588} INFO - Filling up the DagBag from /home/airflow/.local/lib/python3.12/site-packages/airflow/example_dags/example_task_group_decorator.py
[2024-11-16T19:17:15.121+0000] {processor.py:925} INFO - DAG(s) 'example_task_group_decorator' retrieved from /home/airflow/.local/lib/python3.12/site-packages/airflow/example_dags/example_task_group_decorator.py
[2024-11-16T19:17:15.208+0000] {logging_mixin.py:190} INFO - [2024-11-16T19:17:15.207+0000] {dag.py:3239} INFO - Sync 1 DAGs
[2024-11-16T19:17:15.257+0000] {logging_mixin.py:190} INFO - [2024-11-16T19:17:15.256+0000] {dag.py:4180} INFO - Setting next_dagrun for example_task_group_decorator to None, run_after=None
[2024-11-16T19:17:15.305+0000] {processor.py:208} INFO - Processing /home/airflow/.local/lib/python3.12/site-packages/airflow/example_dags/example_task_group_decorator.py took 0.266 seconds
