[2024-11-16T18:59:40.809+0000] {processor.py:186} INFO - Started process (PID=120) to work on /home/airflow/.local/lib/python3.12/site-packages/airflow/example_dags/example_dataset_alias_with_no_taskflow.py
[2024-11-16T18:59:40.812+0000] {processor.py:914} INFO - Processing file /home/airflow/.local/lib/python3.12/site-packages/airflow/example_dags/example_dataset_alias_with_no_taskflow.py for tasks to queue
[2024-11-16T18:59:40.824+0000] {logging_mixin.py:190} INFO - [2024-11-16T18:59:40.823+0000] {dagbag.py:588} INFO - Filling up the DagBag from /home/airflow/.local/lib/python3.12/site-packages/airflow/example_dags/example_dataset_alias_with_no_taskflow.py
[2024-11-16T18:59:46.520+0000] {processor.py:925} INFO - DAG(s) 'dataset_s3_bucket_consumer_with_no_taskflow', 'dataset_s3_bucket_producer_with_no_taskflow', 'dataset_alias_example_alias_producer_with_no_taskflow', 'dataset_alias_example_alias_consumer_with_no_taskflow' retrieved from /home/airflow/.local/lib/python3.12/site-packages/airflow/example_dags/example_dataset_alias_with_no_taskflow.py
[2024-11-16T18:59:48.195+0000] {logging_mixin.py:190} INFO - [2024-11-16T18:59:48.193+0000] {override.py:1911} INFO - Created Permission View: can delete on DAG:dataset_s3_bucket_consumer_with_no_taskflow
[2024-11-16T18:59:48.597+0000] {logging_mixin.py:190} INFO - [2024-11-16T18:59:48.596+0000] {override.py:1911} INFO - Created Permission View: can edit on DAG:dataset_s3_bucket_consumer_with_no_taskflow
[2024-11-16T18:59:49.341+0000] {logging_mixin.py:190} INFO - [2024-11-16T18:59:49.340+0000] {override.py:1911} INFO - Created Permission View: can read on DAG:dataset_s3_bucket_consumer_with_no_taskflow
[2024-11-16T18:59:49.566+0000] {logging_mixin.py:190} INFO - [2024-11-16T18:59:49.565+0000] {override.py:1911} INFO - Created Permission View: menu access on DAG Run:dataset_s3_bucket_consumer_with_no_taskflow
[2024-11-16T18:59:49.664+0000] {logging_mixin.py:190} INFO - [2024-11-16T18:59:49.664+0000] {override.py:1911} INFO - Created Permission View: can delete on DAG Run:dataset_s3_bucket_consumer_with_no_taskflow
[2024-11-16T18:59:49.718+0000] {logging_mixin.py:190} INFO - [2024-11-16T18:59:49.717+0000] {override.py:1911} INFO - Created Permission View: can read on DAG Run:dataset_s3_bucket_consumer_with_no_taskflow
[2024-11-16T18:59:49.792+0000] {logging_mixin.py:190} INFO - [2024-11-16T18:59:49.791+0000] {override.py:1911} INFO - Created Permission View: can create on DAG Run:dataset_s3_bucket_consumer_with_no_taskflow
[2024-11-16T18:59:50.051+0000] {logging_mixin.py:190} INFO - [2024-11-16T18:59:50.050+0000] {override.py:1911} INFO - Created Permission View: can delete on DAG:dataset_s3_bucket_producer_with_no_taskflow
[2024-11-16T18:59:50.130+0000] {logging_mixin.py:190} INFO - [2024-11-16T18:59:50.129+0000] {override.py:1911} INFO - Created Permission View: can edit on DAG:dataset_s3_bucket_producer_with_no_taskflow
[2024-11-16T18:59:50.359+0000] {logging_mixin.py:190} INFO - [2024-11-16T18:59:50.358+0000] {override.py:1911} INFO - Created Permission View: can read on DAG:dataset_s3_bucket_producer_with_no_taskflow
[2024-11-16T18:59:50.639+0000] {logging_mixin.py:190} INFO - [2024-11-16T18:59:50.638+0000] {override.py:1911} INFO - Created Permission View: menu access on DAG Run:dataset_s3_bucket_producer_with_no_taskflow
[2024-11-16T18:59:50.721+0000] {logging_mixin.py:190} INFO - [2024-11-16T18:59:50.720+0000] {override.py:1911} INFO - Created Permission View: can delete on DAG Run:dataset_s3_bucket_producer_with_no_taskflow
[2024-11-16T18:59:50.790+0000] {logging_mixin.py:190} INFO - [2024-11-16T18:59:50.789+0000] {override.py:1911} INFO - Created Permission View: can read on DAG Run:dataset_s3_bucket_producer_with_no_taskflow
[2024-11-16T18:59:50.849+0000] {logging_mixin.py:190} INFO - [2024-11-16T18:59:50.848+0000] {override.py:1911} INFO - Created Permission View: can create on DAG Run:dataset_s3_bucket_producer_with_no_taskflow
[2024-11-16T18:59:50.986+0000] {logging_mixin.py:190} INFO - [2024-11-16T18:59:50.981+0000] {override.py:1911} INFO - Created Permission View: can delete on DAG:dataset_alias_example_alias_producer_with_no_taskflow
[2024-11-16T18:59:51.058+0000] {logging_mixin.py:190} INFO - [2024-11-16T18:59:51.058+0000] {override.py:1911} INFO - Created Permission View: can edit on DAG:dataset_alias_example_alias_producer_with_no_taskflow
[2024-11-16T18:59:51.123+0000] {logging_mixin.py:190} INFO - [2024-11-16T18:59:51.122+0000] {override.py:1911} INFO - Created Permission View: can read on DAG:dataset_alias_example_alias_producer_with_no_taskflow
[2024-11-16T18:59:51.170+0000] {logging_mixin.py:190} INFO - [2024-11-16T18:59:51.168+0000] {override.py:1911} INFO - Created Permission View: menu access on DAG Run:dataset_alias_example_alias_producer_with_no_taskflow
[2024-11-16T18:59:51.375+0000] {logging_mixin.py:190} INFO - [2024-11-16T18:59:51.374+0000] {override.py:1911} INFO - Created Permission View: can delete on DAG Run:dataset_alias_example_alias_producer_with_no_taskflow
[2024-11-16T18:59:51.570+0000] {logging_mixin.py:190} INFO - [2024-11-16T18:59:51.569+0000] {override.py:1911} INFO - Created Permission View: can read on DAG Run:dataset_alias_example_alias_producer_with_no_taskflow
[2024-11-16T18:59:51.830+0000] {logging_mixin.py:190} INFO - [2024-11-16T18:59:51.830+0000] {override.py:1911} INFO - Created Permission View: can create on DAG Run:dataset_alias_example_alias_producer_with_no_taskflow
[2024-11-16T18:59:52.087+0000] {logging_mixin.py:190} INFO - [2024-11-16T18:59:52.086+0000] {override.py:1911} INFO - Created Permission View: can delete on DAG:dataset_alias_example_alias_consumer_with_no_taskflow
[2024-11-16T18:59:52.218+0000] {logging_mixin.py:190} INFO - [2024-11-16T18:59:52.217+0000] {override.py:1911} INFO - Created Permission View: can edit on DAG:dataset_alias_example_alias_consumer_with_no_taskflow
[2024-11-16T18:59:52.433+0000] {logging_mixin.py:190} INFO - [2024-11-16T18:59:52.432+0000] {override.py:1911} INFO - Created Permission View: can read on DAG:dataset_alias_example_alias_consumer_with_no_taskflow
[2024-11-16T18:59:52.636+0000] {logging_mixin.py:190} INFO - [2024-11-16T18:59:52.635+0000] {override.py:1911} INFO - Created Permission View: menu access on DAG Run:dataset_alias_example_alias_consumer_with_no_taskflow
[2024-11-16T18:59:52.863+0000] {logging_mixin.py:190} INFO - [2024-11-16T18:59:52.862+0000] {override.py:1911} INFO - Created Permission View: can delete on DAG Run:dataset_alias_example_alias_consumer_with_no_taskflow
[2024-11-16T18:59:52.992+0000] {logging_mixin.py:190} INFO - [2024-11-16T18:59:52.991+0000] {override.py:1911} INFO - Created Permission View: can read on DAG Run:dataset_alias_example_alias_consumer_with_no_taskflow
[2024-11-16T18:59:53.104+0000] {logging_mixin.py:190} INFO - [2024-11-16T18:59:53.103+0000] {override.py:1911} INFO - Created Permission View: can create on DAG Run:dataset_alias_example_alias_consumer_with_no_taskflow
[2024-11-16T18:59:53.112+0000] {logging_mixin.py:190} INFO - [2024-11-16T18:59:53.109+0000] {dag.py:3239} INFO - Sync 4 DAGs
[2024-11-16T18:59:53.284+0000] {logging_mixin.py:190} INFO - [2024-11-16T18:59:53.282+0000] {dag.py:3262} INFO - Creating ORM DAG for dataset_alias_example_alias_producer_with_no_taskflow
[2024-11-16T18:59:53.300+0000] {logging_mixin.py:190} INFO - [2024-11-16T18:59:53.299+0000] {dag.py:3262} INFO - Creating ORM DAG for dataset_s3_bucket_consumer_with_no_taskflow
[2024-11-16T18:59:53.316+0000] {logging_mixin.py:190} INFO - [2024-11-16T18:59:53.315+0000] {dag.py:3262} INFO - Creating ORM DAG for dataset_alias_example_alias_consumer_with_no_taskflow
[2024-11-16T18:59:53.332+0000] {logging_mixin.py:190} INFO - [2024-11-16T18:59:53.332+0000] {dag.py:3262} INFO - Creating ORM DAG for dataset_s3_bucket_producer_with_no_taskflow
[2024-11-16T18:59:53.417+0000] {logging_mixin.py:190} INFO - [2024-11-16T18:59:53.416+0000] {dag.py:4180} INFO - Setting next_dagrun for dataset_alias_example_alias_consumer_with_no_taskflow to None, run_after=None
[2024-11-16T18:59:53.431+0000] {logging_mixin.py:190} INFO - [2024-11-16T18:59:53.431+0000] {dag.py:4180} INFO - Setting next_dagrun for dataset_alias_example_alias_producer_with_no_taskflow to None, run_after=None
[2024-11-16T18:59:53.445+0000] {logging_mixin.py:190} INFO - [2024-11-16T18:59:53.444+0000] {dag.py:4180} INFO - Setting next_dagrun for dataset_s3_bucket_consumer_with_no_taskflow to None, run_after=None
[2024-11-16T18:59:53.453+0000] {logging_mixin.py:190} INFO - [2024-11-16T18:59:53.452+0000] {dag.py:4180} INFO - Setting next_dagrun for dataset_s3_bucket_producer_with_no_taskflow to None, run_after=None
[2024-11-16T18:59:53.739+0000] {processor.py:208} INFO - Processing /home/airflow/.local/lib/python3.12/site-packages/airflow/example_dags/example_dataset_alias_with_no_taskflow.py took 12.960 seconds
[2024-11-16T19:00:41.425+0000] {processor.py:186} INFO - Started process (PID=190) to work on /home/airflow/.local/lib/python3.12/site-packages/airflow/example_dags/example_dataset_alias_with_no_taskflow.py
[2024-11-16T19:00:41.434+0000] {processor.py:914} INFO - Processing file /home/airflow/.local/lib/python3.12/site-packages/airflow/example_dags/example_dataset_alias_with_no_taskflow.py for tasks to queue
[2024-11-16T19:00:41.440+0000] {logging_mixin.py:190} INFO - [2024-11-16T19:00:41.439+0000] {dagbag.py:588} INFO - Filling up the DagBag from /home/airflow/.local/lib/python3.12/site-packages/airflow/example_dags/example_dataset_alias_with_no_taskflow.py
[2024-11-16T19:00:46.169+0000] {processor.py:925} INFO - DAG(s) 'dataset_s3_bucket_producer_with_no_taskflow', 'dataset_s3_bucket_consumer_with_no_taskflow', 'dataset_alias_example_alias_producer_with_no_taskflow', 'dataset_alias_example_alias_consumer_with_no_taskflow' retrieved from /home/airflow/.local/lib/python3.12/site-packages/airflow/example_dags/example_dataset_alias_with_no_taskflow.py
[2024-11-16T19:00:46.266+0000] {logging_mixin.py:190} INFO - [2024-11-16T19:00:46.264+0000] {dag.py:3239} INFO - Sync 4 DAGs
[2024-11-16T19:00:46.468+0000] {logging_mixin.py:190} INFO - [2024-11-16T19:00:46.467+0000] {dag.py:4180} INFO - Setting next_dagrun for dataset_alias_example_alias_consumer_with_no_taskflow to None, run_after=None
[2024-11-16T19:00:46.502+0000] {logging_mixin.py:190} INFO - [2024-11-16T19:00:46.501+0000] {dag.py:4180} INFO - Setting next_dagrun for dataset_alias_example_alias_producer_with_no_taskflow to None, run_after=None
[2024-11-16T19:00:46.506+0000] {logging_mixin.py:190} INFO - [2024-11-16T19:00:46.506+0000] {dag.py:4180} INFO - Setting next_dagrun for dataset_s3_bucket_consumer_with_no_taskflow to None, run_after=None
[2024-11-16T19:00:46.510+0000] {logging_mixin.py:190} INFO - [2024-11-16T19:00:46.510+0000] {dag.py:4180} INFO - Setting next_dagrun for dataset_s3_bucket_producer_with_no_taskflow to None, run_after=None
[2024-11-16T19:00:46.648+0000] {processor.py:208} INFO - Processing /home/airflow/.local/lib/python3.12/site-packages/airflow/example_dags/example_dataset_alias_with_no_taskflow.py took 5.278 seconds
[2024-11-16T19:01:17.143+0000] {processor.py:186} INFO - Started process (PID=258) to work on /home/airflow/.local/lib/python3.12/site-packages/airflow/example_dags/example_dataset_alias_with_no_taskflow.py
[2024-11-16T19:01:17.146+0000] {processor.py:914} INFO - Processing file /home/airflow/.local/lib/python3.12/site-packages/airflow/example_dags/example_dataset_alias_with_no_taskflow.py for tasks to queue
[2024-11-16T19:01:17.159+0000] {logging_mixin.py:190} INFO - [2024-11-16T19:01:17.159+0000] {dagbag.py:588} INFO - Filling up the DagBag from /home/airflow/.local/lib/python3.12/site-packages/airflow/example_dags/example_dataset_alias_with_no_taskflow.py
[2024-11-16T19:01:21.160+0000] {processor.py:925} INFO - DAG(s) 'dataset_alias_example_alias_producer_with_no_taskflow', 'dataset_alias_example_alias_consumer_with_no_taskflow', 'dataset_s3_bucket_producer_with_no_taskflow', 'dataset_s3_bucket_consumer_with_no_taskflow' retrieved from /home/airflow/.local/lib/python3.12/site-packages/airflow/example_dags/example_dataset_alias_with_no_taskflow.py
[2024-11-16T19:01:21.362+0000] {logging_mixin.py:190} INFO - [2024-11-16T19:01:21.361+0000] {dag.py:3239} INFO - Sync 4 DAGs
[2024-11-16T19:01:21.574+0000] {logging_mixin.py:190} INFO - [2024-11-16T19:01:21.563+0000] {dag.py:4180} INFO - Setting next_dagrun for dataset_alias_example_alias_consumer_with_no_taskflow to None, run_after=None
[2024-11-16T19:01:21.609+0000] {logging_mixin.py:190} INFO - [2024-11-16T19:01:21.608+0000] {dag.py:4180} INFO - Setting next_dagrun for dataset_alias_example_alias_producer_with_no_taskflow to None, run_after=None
[2024-11-16T19:01:21.614+0000] {logging_mixin.py:190} INFO - [2024-11-16T19:01:21.613+0000] {dag.py:4180} INFO - Setting next_dagrun for dataset_s3_bucket_consumer_with_no_taskflow to None, run_after=None
[2024-11-16T19:01:21.630+0000] {logging_mixin.py:190} INFO - [2024-11-16T19:01:21.630+0000] {dag.py:4180} INFO - Setting next_dagrun for dataset_s3_bucket_producer_with_no_taskflow to None, run_after=None
[2024-11-16T19:01:21.873+0000] {processor.py:208} INFO - Processing /home/airflow/.local/lib/python3.12/site-packages/airflow/example_dags/example_dataset_alias_with_no_taskflow.py took 4.761 seconds
[2024-11-16T19:02:08.779+0000] {processor.py:186} INFO - Started process (PID=334) to work on /home/airflow/.local/lib/python3.12/site-packages/airflow/example_dags/example_dataset_alias_with_no_taskflow.py
[2024-11-16T19:02:08.796+0000] {processor.py:914} INFO - Processing file /home/airflow/.local/lib/python3.12/site-packages/airflow/example_dags/example_dataset_alias_with_no_taskflow.py for tasks to queue
[2024-11-16T19:02:08.846+0000] {logging_mixin.py:190} INFO - [2024-11-16T19:02:08.830+0000] {dagbag.py:588} INFO - Filling up the DagBag from /home/airflow/.local/lib/python3.12/site-packages/airflow/example_dags/example_dataset_alias_with_no_taskflow.py
[2024-11-16T19:02:17.266+0000] {processor.py:925} INFO - DAG(s) 'dataset_alias_example_alias_consumer_with_no_taskflow', 'dataset_s3_bucket_consumer_with_no_taskflow', 'dataset_s3_bucket_producer_with_no_taskflow', 'dataset_alias_example_alias_producer_with_no_taskflow' retrieved from /home/airflow/.local/lib/python3.12/site-packages/airflow/example_dags/example_dataset_alias_with_no_taskflow.py
[2024-11-16T19:02:17.580+0000] {logging_mixin.py:190} INFO - [2024-11-16T19:02:17.578+0000] {dag.py:3239} INFO - Sync 4 DAGs
[2024-11-16T19:02:17.923+0000] {logging_mixin.py:190} INFO - [2024-11-16T19:02:17.922+0000] {dag.py:4180} INFO - Setting next_dagrun for dataset_alias_example_alias_consumer_with_no_taskflow to None, run_after=None
[2024-11-16T19:02:18.038+0000] {logging_mixin.py:190} INFO - [2024-11-16T19:02:18.037+0000] {dag.py:4180} INFO - Setting next_dagrun for dataset_alias_example_alias_producer_with_no_taskflow to None, run_after=None
[2024-11-16T19:02:18.150+0000] {logging_mixin.py:190} INFO - [2024-11-16T19:02:18.150+0000] {dag.py:4180} INFO - Setting next_dagrun for dataset_s3_bucket_consumer_with_no_taskflow to None, run_after=None
[2024-11-16T19:02:18.158+0000] {logging_mixin.py:190} INFO - [2024-11-16T19:02:18.157+0000] {dag.py:4180} INFO - Setting next_dagrun for dataset_s3_bucket_producer_with_no_taskflow to None, run_after=None
[2024-11-16T19:02:18.432+0000] {processor.py:208} INFO - Processing /home/airflow/.local/lib/python3.12/site-packages/airflow/example_dags/example_dataset_alias_with_no_taskflow.py took 9.758 seconds
[2024-11-16T19:02:51.296+0000] {processor.py:186} INFO - Started process (PID=397) to work on /home/airflow/.local/lib/python3.12/site-packages/airflow/example_dags/example_dataset_alias_with_no_taskflow.py
[2024-11-16T19:02:51.299+0000] {processor.py:914} INFO - Processing file /home/airflow/.local/lib/python3.12/site-packages/airflow/example_dags/example_dataset_alias_with_no_taskflow.py for tasks to queue
[2024-11-16T19:02:51.314+0000] {logging_mixin.py:190} INFO - [2024-11-16T19:02:51.313+0000] {dagbag.py:588} INFO - Filling up the DagBag from /home/airflow/.local/lib/python3.12/site-packages/airflow/example_dags/example_dataset_alias_with_no_taskflow.py
[2024-11-16T19:02:54.716+0000] {processor.py:925} INFO - DAG(s) 'dataset_s3_bucket_producer_with_no_taskflow', 'dataset_s3_bucket_consumer_with_no_taskflow', 'dataset_alias_example_alias_consumer_with_no_taskflow', 'dataset_alias_example_alias_producer_with_no_taskflow' retrieved from /home/airflow/.local/lib/python3.12/site-packages/airflow/example_dags/example_dataset_alias_with_no_taskflow.py
[2024-11-16T19:02:54.887+0000] {logging_mixin.py:190} INFO - [2024-11-16T19:02:54.886+0000] {dag.py:3239} INFO - Sync 4 DAGs
[2024-11-16T19:02:55.043+0000] {logging_mixin.py:190} INFO - [2024-11-16T19:02:55.043+0000] {dag.py:4180} INFO - Setting next_dagrun for dataset_alias_example_alias_consumer_with_no_taskflow to None, run_after=None
[2024-11-16T19:02:55.118+0000] {logging_mixin.py:190} INFO - [2024-11-16T19:02:55.118+0000] {dag.py:4180} INFO - Setting next_dagrun for dataset_alias_example_alias_producer_with_no_taskflow to None, run_after=None
[2024-11-16T19:02:55.190+0000] {logging_mixin.py:190} INFO - [2024-11-16T19:02:55.189+0000] {dag.py:4180} INFO - Setting next_dagrun for dataset_s3_bucket_consumer_with_no_taskflow to None, run_after=None
[2024-11-16T19:02:55.343+0000] {logging_mixin.py:190} INFO - [2024-11-16T19:02:55.340+0000] {dag.py:4180} INFO - Setting next_dagrun for dataset_s3_bucket_producer_with_no_taskflow to None, run_after=None
[2024-11-16T19:02:55.836+0000] {processor.py:208} INFO - Processing /home/airflow/.local/lib/python3.12/site-packages/airflow/example_dags/example_dataset_alias_with_no_taskflow.py took 4.569 seconds
[2024-11-16T19:03:26.395+0000] {processor.py:186} INFO - Started process (PID=461) to work on /home/airflow/.local/lib/python3.12/site-packages/airflow/example_dags/example_dataset_alias_with_no_taskflow.py
[2024-11-16T19:03:26.399+0000] {processor.py:914} INFO - Processing file /home/airflow/.local/lib/python3.12/site-packages/airflow/example_dags/example_dataset_alias_with_no_taskflow.py for tasks to queue
[2024-11-16T19:03:26.414+0000] {logging_mixin.py:190} INFO - [2024-11-16T19:03:26.413+0000] {dagbag.py:588} INFO - Filling up the DagBag from /home/airflow/.local/lib/python3.12/site-packages/airflow/example_dags/example_dataset_alias_with_no_taskflow.py
[2024-11-16T19:03:30.959+0000] {processor.py:925} INFO - DAG(s) 'dataset_alias_example_alias_producer_with_no_taskflow', 'dataset_s3_bucket_producer_with_no_taskflow', 'dataset_s3_bucket_consumer_with_no_taskflow', 'dataset_alias_example_alias_consumer_with_no_taskflow' retrieved from /home/airflow/.local/lib/python3.12/site-packages/airflow/example_dags/example_dataset_alias_with_no_taskflow.py
[2024-11-16T19:03:31.059+0000] {logging_mixin.py:190} INFO - [2024-11-16T19:03:31.058+0000] {dag.py:3239} INFO - Sync 4 DAGs
[2024-11-16T19:03:31.168+0000] {logging_mixin.py:190} INFO - [2024-11-16T19:03:31.167+0000] {dag.py:4180} INFO - Setting next_dagrun for dataset_alias_example_alias_consumer_with_no_taskflow to None, run_after=None
[2024-11-16T19:03:31.185+0000] {logging_mixin.py:190} INFO - [2024-11-16T19:03:31.184+0000] {dag.py:4180} INFO - Setting next_dagrun for dataset_alias_example_alias_producer_with_no_taskflow to None, run_after=None
[2024-11-16T19:03:31.202+0000] {logging_mixin.py:190} INFO - [2024-11-16T19:03:31.201+0000] {dag.py:4180} INFO - Setting next_dagrun for dataset_s3_bucket_consumer_with_no_taskflow to None, run_after=None
[2024-11-16T19:03:31.207+0000] {logging_mixin.py:190} INFO - [2024-11-16T19:03:31.206+0000] {dag.py:4180} INFO - Setting next_dagrun for dataset_s3_bucket_producer_with_no_taskflow to None, run_after=None
[2024-11-16T19:03:31.341+0000] {processor.py:208} INFO - Processing /home/airflow/.local/lib/python3.12/site-packages/airflow/example_dags/example_dataset_alias_with_no_taskflow.py took 4.991 seconds
[2024-11-16T19:04:03.112+0000] {processor.py:186} INFO - Started process (PID=526) to work on /home/airflow/.local/lib/python3.12/site-packages/airflow/example_dags/example_dataset_alias_with_no_taskflow.py
[2024-11-16T19:04:03.116+0000] {processor.py:914} INFO - Processing file /home/airflow/.local/lib/python3.12/site-packages/airflow/example_dags/example_dataset_alias_with_no_taskflow.py for tasks to queue
[2024-11-16T19:04:03.128+0000] {logging_mixin.py:190} INFO - [2024-11-16T19:04:03.127+0000] {dagbag.py:588} INFO - Filling up the DagBag from /home/airflow/.local/lib/python3.12/site-packages/airflow/example_dags/example_dataset_alias_with_no_taskflow.py
[2024-11-16T19:04:07.249+0000] {processor.py:925} INFO - DAG(s) 'dataset_alias_example_alias_producer_with_no_taskflow', 'dataset_s3_bucket_consumer_with_no_taskflow', 'dataset_s3_bucket_producer_with_no_taskflow', 'dataset_alias_example_alias_consumer_with_no_taskflow' retrieved from /home/airflow/.local/lib/python3.12/site-packages/airflow/example_dags/example_dataset_alias_with_no_taskflow.py
[2024-11-16T19:04:07.413+0000] {logging_mixin.py:190} INFO - [2024-11-16T19:04:07.410+0000] {dag.py:3239} INFO - Sync 4 DAGs
[2024-11-16T19:04:07.511+0000] {logging_mixin.py:190} INFO - [2024-11-16T19:04:07.508+0000] {dag.py:4180} INFO - Setting next_dagrun for dataset_alias_example_alias_consumer_with_no_taskflow to None, run_after=None
[2024-11-16T19:04:07.521+0000] {logging_mixin.py:190} INFO - [2024-11-16T19:04:07.520+0000] {dag.py:4180} INFO - Setting next_dagrun for dataset_alias_example_alias_producer_with_no_taskflow to None, run_after=None
[2024-11-16T19:04:07.528+0000] {logging_mixin.py:190} INFO - [2024-11-16T19:04:07.528+0000] {dag.py:4180} INFO - Setting next_dagrun for dataset_s3_bucket_consumer_with_no_taskflow to None, run_after=None
[2024-11-16T19:04:07.534+0000] {logging_mixin.py:190} INFO - [2024-11-16T19:04:07.533+0000] {dag.py:4180} INFO - Setting next_dagrun for dataset_s3_bucket_producer_with_no_taskflow to None, run_after=None
[2024-11-16T19:04:07.636+0000] {processor.py:208} INFO - Processing /home/airflow/.local/lib/python3.12/site-packages/airflow/example_dags/example_dataset_alias_with_no_taskflow.py took 4.548 seconds
[2024-11-16T19:04:40.659+0000] {processor.py:186} INFO - Started process (PID=598) to work on /home/airflow/.local/lib/python3.12/site-packages/airflow/example_dags/example_dataset_alias_with_no_taskflow.py
[2024-11-16T19:04:40.678+0000] {processor.py:914} INFO - Processing file /home/airflow/.local/lib/python3.12/site-packages/airflow/example_dags/example_dataset_alias_with_no_taskflow.py for tasks to queue
[2024-11-16T19:04:40.703+0000] {logging_mixin.py:190} INFO - [2024-11-16T19:04:40.695+0000] {dagbag.py:588} INFO - Filling up the DagBag from /home/airflow/.local/lib/python3.12/site-packages/airflow/example_dags/example_dataset_alias_with_no_taskflow.py
[2024-11-16T19:04:50.522+0000] {processor.py:925} INFO - DAG(s) 'dataset_s3_bucket_producer_with_no_taskflow', 'dataset_s3_bucket_consumer_with_no_taskflow', 'dataset_alias_example_alias_producer_with_no_taskflow', 'dataset_alias_example_alias_consumer_with_no_taskflow' retrieved from /home/airflow/.local/lib/python3.12/site-packages/airflow/example_dags/example_dataset_alias_with_no_taskflow.py
[2024-11-16T19:04:50.840+0000] {logging_mixin.py:190} INFO - [2024-11-16T19:04:50.837+0000] {dag.py:3239} INFO - Sync 4 DAGs
[2024-11-16T19:04:51.233+0000] {logging_mixin.py:190} INFO - [2024-11-16T19:04:51.232+0000] {dag.py:4180} INFO - Setting next_dagrun for dataset_alias_example_alias_consumer_with_no_taskflow to None, run_after=None
[2024-11-16T19:04:51.277+0000] {logging_mixin.py:190} INFO - [2024-11-16T19:04:51.276+0000] {dag.py:4180} INFO - Setting next_dagrun for dataset_alias_example_alias_producer_with_no_taskflow to None, run_after=None
[2024-11-16T19:04:51.575+0000] {logging_mixin.py:190} INFO - [2024-11-16T19:04:51.574+0000] {dag.py:4180} INFO - Setting next_dagrun for dataset_s3_bucket_consumer_with_no_taskflow to None, run_after=None
[2024-11-16T19:04:51.913+0000] {logging_mixin.py:190} INFO - [2024-11-16T19:04:51.912+0000] {dag.py:4180} INFO - Setting next_dagrun for dataset_s3_bucket_producer_with_no_taskflow to None, run_after=None
[2024-11-16T19:04:52.212+0000] {processor.py:208} INFO - Processing /home/airflow/.local/lib/python3.12/site-packages/airflow/example_dags/example_dataset_alias_with_no_taskflow.py took 11.607 seconds
[2024-11-16T19:07:20.434+0000] {processor.py:186} INFO - Started process (PID=711) to work on /home/airflow/.local/lib/python3.12/site-packages/airflow/example_dags/example_dataset_alias_with_no_taskflow.py
[2024-11-16T19:07:20.495+0000] {processor.py:914} INFO - Processing file /home/airflow/.local/lib/python3.12/site-packages/airflow/example_dags/example_dataset_alias_with_no_taskflow.py for tasks to queue
[2024-11-16T19:07:20.529+0000] {logging_mixin.py:190} INFO - [2024-11-16T19:07:20.528+0000] {dagbag.py:588} INFO - Filling up the DagBag from /home/airflow/.local/lib/python3.12/site-packages/airflow/example_dags/example_dataset_alias_with_no_taskflow.py
[2024-11-16T19:07:37.847+0000] {processor.py:925} INFO - DAG(s) 'dataset_s3_bucket_producer_with_no_taskflow', 'dataset_s3_bucket_consumer_with_no_taskflow', 'dataset_alias_example_alias_consumer_with_no_taskflow', 'dataset_alias_example_alias_producer_with_no_taskflow' retrieved from /home/airflow/.local/lib/python3.12/site-packages/airflow/example_dags/example_dataset_alias_with_no_taskflow.py
[2024-11-16T19:07:38.631+0000] {logging_mixin.py:190} INFO - [2024-11-16T19:07:38.629+0000] {dag.py:3239} INFO - Sync 4 DAGs
[2024-11-16T19:07:39.249+0000] {logging_mixin.py:190} INFO - [2024-11-16T19:07:39.249+0000] {dag.py:4180} INFO - Setting next_dagrun for dataset_alias_example_alias_consumer_with_no_taskflow to None, run_after=None
[2024-11-16T19:07:39.424+0000] {logging_mixin.py:190} INFO - [2024-11-16T19:07:39.423+0000] {dag.py:4180} INFO - Setting next_dagrun for dataset_alias_example_alias_producer_with_no_taskflow to None, run_after=None
[2024-11-16T19:07:39.489+0000] {logging_mixin.py:190} INFO - [2024-11-16T19:07:39.488+0000] {dag.py:4180} INFO - Setting next_dagrun for dataset_s3_bucket_consumer_with_no_taskflow to None, run_after=None
[2024-11-16T19:07:39.507+0000] {logging_mixin.py:190} INFO - [2024-11-16T19:07:39.506+0000] {dag.py:4180} INFO - Setting next_dagrun for dataset_s3_bucket_producer_with_no_taskflow to None, run_after=None
[2024-11-16T19:07:40.039+0000] {processor.py:208} INFO - Processing /home/airflow/.local/lib/python3.12/site-packages/airflow/example_dags/example_dataset_alias_with_no_taskflow.py took 19.878 seconds
[2024-11-16T19:09:52.711+0000] {processor.py:186} INFO - Started process (PID=829) to work on /home/airflow/.local/lib/python3.12/site-packages/airflow/example_dags/example_dataset_alias_with_no_taskflow.py
[2024-11-16T19:09:52.728+0000] {processor.py:914} INFO - Processing file /home/airflow/.local/lib/python3.12/site-packages/airflow/example_dags/example_dataset_alias_with_no_taskflow.py for tasks to queue
[2024-11-16T19:09:52.746+0000] {logging_mixin.py:190} INFO - [2024-11-16T19:09:52.745+0000] {dagbag.py:588} INFO - Filling up the DagBag from /home/airflow/.local/lib/python3.12/site-packages/airflow/example_dags/example_dataset_alias_with_no_taskflow.py
[2024-11-16T19:10:02.750+0000] {processor.py:925} INFO - DAG(s) 'dataset_alias_example_alias_consumer_with_no_taskflow', 'dataset_s3_bucket_consumer_with_no_taskflow', 'dataset_alias_example_alias_producer_with_no_taskflow', 'dataset_s3_bucket_producer_with_no_taskflow' retrieved from /home/airflow/.local/lib/python3.12/site-packages/airflow/example_dags/example_dataset_alias_with_no_taskflow.py
[2024-11-16T19:10:03.154+0000] {logging_mixin.py:190} INFO - [2024-11-16T19:10:03.152+0000] {dag.py:3239} INFO - Sync 4 DAGs
[2024-11-16T19:10:03.688+0000] {logging_mixin.py:190} INFO - [2024-11-16T19:10:03.688+0000] {dag.py:4180} INFO - Setting next_dagrun for dataset_alias_example_alias_consumer_with_no_taskflow to None, run_after=None
[2024-11-16T19:10:03.801+0000] {logging_mixin.py:190} INFO - [2024-11-16T19:10:03.801+0000] {dag.py:4180} INFO - Setting next_dagrun for dataset_alias_example_alias_producer_with_no_taskflow to None, run_after=None
[2024-11-16T19:10:03.864+0000] {logging_mixin.py:190} INFO - [2024-11-16T19:10:03.864+0000] {dag.py:4180} INFO - Setting next_dagrun for dataset_s3_bucket_consumer_with_no_taskflow to None, run_after=None
[2024-11-16T19:10:03.978+0000] {logging_mixin.py:190} INFO - [2024-11-16T19:10:03.978+0000] {dag.py:4180} INFO - Setting next_dagrun for dataset_s3_bucket_producer_with_no_taskflow to None, run_after=None
[2024-11-16T19:10:04.610+0000] {processor.py:208} INFO - Processing /home/airflow/.local/lib/python3.12/site-packages/airflow/example_dags/example_dataset_alias_with_no_taskflow.py took 11.941 seconds
[2024-11-16T19:11:44.202+0000] {processor.py:186} INFO - Started process (PID=925) to work on /home/airflow/.local/lib/python3.12/site-packages/airflow/example_dags/example_dataset_alias_with_no_taskflow.py
[2024-11-16T19:11:44.205+0000] {processor.py:914} INFO - Processing file /home/airflow/.local/lib/python3.12/site-packages/airflow/example_dags/example_dataset_alias_with_no_taskflow.py for tasks to queue
[2024-11-16T19:11:44.212+0000] {logging_mixin.py:190} INFO - [2024-11-16T19:11:44.211+0000] {dagbag.py:588} INFO - Filling up the DagBag from /home/airflow/.local/lib/python3.12/site-packages/airflow/example_dags/example_dataset_alias_with_no_taskflow.py
[2024-11-16T19:11:50.841+0000] {processor.py:925} INFO - DAG(s) 'dataset_s3_bucket_consumer_with_no_taskflow', 'dataset_alias_example_alias_consumer_with_no_taskflow', 'dataset_s3_bucket_producer_with_no_taskflow', 'dataset_alias_example_alias_producer_with_no_taskflow' retrieved from /home/airflow/.local/lib/python3.12/site-packages/airflow/example_dags/example_dataset_alias_with_no_taskflow.py
[2024-11-16T19:11:51.134+0000] {logging_mixin.py:190} INFO - [2024-11-16T19:11:51.122+0000] {dag.py:3239} INFO - Sync 4 DAGs
[2024-11-16T19:11:51.572+0000] {logging_mixin.py:190} INFO - [2024-11-16T19:11:51.571+0000] {dag.py:4180} INFO - Setting next_dagrun for dataset_alias_example_alias_consumer_with_no_taskflow to None, run_after=None
[2024-11-16T19:11:51.697+0000] {logging_mixin.py:190} INFO - [2024-11-16T19:11:51.696+0000] {dag.py:4180} INFO - Setting next_dagrun for dataset_alias_example_alias_producer_with_no_taskflow to None, run_after=None
[2024-11-16T19:11:51.757+0000] {logging_mixin.py:190} INFO - [2024-11-16T19:11:51.756+0000] {dag.py:4180} INFO - Setting next_dagrun for dataset_s3_bucket_consumer_with_no_taskflow to None, run_after=None
[2024-11-16T19:11:51.779+0000] {logging_mixin.py:190} INFO - [2024-11-16T19:11:51.778+0000] {dag.py:4180} INFO - Setting next_dagrun for dataset_s3_bucket_producer_with_no_taskflow to None, run_after=None
[2024-11-16T19:11:52.050+0000] {processor.py:208} INFO - Processing /home/airflow/.local/lib/python3.12/site-packages/airflow/example_dags/example_dataset_alias_with_no_taskflow.py took 7.867 seconds
[2024-11-16T19:12:47.597+0000] {processor.py:186} INFO - Started process (PID=996) to work on /home/airflow/.local/lib/python3.12/site-packages/airflow/example_dags/example_dataset_alias_with_no_taskflow.py
[2024-11-16T19:12:47.599+0000] {processor.py:914} INFO - Processing file /home/airflow/.local/lib/python3.12/site-packages/airflow/example_dags/example_dataset_alias_with_no_taskflow.py for tasks to queue
[2024-11-16T19:12:47.631+0000] {logging_mixin.py:190} INFO - [2024-11-16T19:12:47.629+0000] {dagbag.py:588} INFO - Filling up the DagBag from /home/airflow/.local/lib/python3.12/site-packages/airflow/example_dags/example_dataset_alias_with_no_taskflow.py
[2024-11-16T19:12:52.800+0000] {processor.py:925} INFO - DAG(s) 'dataset_s3_bucket_producer_with_no_taskflow', 'dataset_alias_example_alias_producer_with_no_taskflow', 'dataset_s3_bucket_consumer_with_no_taskflow', 'dataset_alias_example_alias_consumer_with_no_taskflow' retrieved from /home/airflow/.local/lib/python3.12/site-packages/airflow/example_dags/example_dataset_alias_with_no_taskflow.py
[2024-11-16T19:12:52.966+0000] {logging_mixin.py:190} INFO - [2024-11-16T19:12:52.964+0000] {dag.py:3239} INFO - Sync 4 DAGs
[2024-11-16T19:12:53.213+0000] {logging_mixin.py:190} INFO - [2024-11-16T19:12:53.212+0000] {dag.py:4180} INFO - Setting next_dagrun for dataset_alias_example_alias_consumer_with_no_taskflow to None, run_after=None
[2024-11-16T19:12:53.239+0000] {logging_mixin.py:190} INFO - [2024-11-16T19:12:53.238+0000] {dag.py:4180} INFO - Setting next_dagrun for dataset_alias_example_alias_producer_with_no_taskflow to None, run_after=None
[2024-11-16T19:12:53.244+0000] {logging_mixin.py:190} INFO - [2024-11-16T19:12:53.244+0000] {dag.py:4180} INFO - Setting next_dagrun for dataset_s3_bucket_consumer_with_no_taskflow to None, run_after=None
[2024-11-16T19:12:53.248+0000] {logging_mixin.py:190} INFO - [2024-11-16T19:12:53.248+0000] {dag.py:4180} INFO - Setting next_dagrun for dataset_s3_bucket_producer_with_no_taskflow to None, run_after=None
[2024-11-16T19:12:53.326+0000] {processor.py:208} INFO - Processing /home/airflow/.local/lib/python3.12/site-packages/airflow/example_dags/example_dataset_alias_with_no_taskflow.py took 5.795 seconds
[2024-11-16T19:13:24.071+0000] {processor.py:186} INFO - Started process (PID=1065) to work on /home/airflow/.local/lib/python3.12/site-packages/airflow/example_dags/example_dataset_alias_with_no_taskflow.py
[2024-11-16T19:13:24.080+0000] {processor.py:914} INFO - Processing file /home/airflow/.local/lib/python3.12/site-packages/airflow/example_dags/example_dataset_alias_with_no_taskflow.py for tasks to queue
[2024-11-16T19:13:24.091+0000] {logging_mixin.py:190} INFO - [2024-11-16T19:13:24.090+0000] {dagbag.py:588} INFO - Filling up the DagBag from /home/airflow/.local/lib/python3.12/site-packages/airflow/example_dags/example_dataset_alias_with_no_taskflow.py
[2024-11-16T19:13:29.879+0000] {processor.py:925} INFO - DAG(s) 'dataset_alias_example_alias_consumer_with_no_taskflow', 'dataset_s3_bucket_consumer_with_no_taskflow', 'dataset_alias_example_alias_producer_with_no_taskflow', 'dataset_s3_bucket_producer_with_no_taskflow' retrieved from /home/airflow/.local/lib/python3.12/site-packages/airflow/example_dags/example_dataset_alias_with_no_taskflow.py
[2024-11-16T19:13:29.981+0000] {logging_mixin.py:190} INFO - [2024-11-16T19:13:29.980+0000] {dag.py:3239} INFO - Sync 4 DAGs
[2024-11-16T19:13:30.252+0000] {logging_mixin.py:190} INFO - [2024-11-16T19:13:30.251+0000] {dag.py:4180} INFO - Setting next_dagrun for dataset_alias_example_alias_consumer_with_no_taskflow to None, run_after=None
[2024-11-16T19:13:30.352+0000] {logging_mixin.py:190} INFO - [2024-11-16T19:13:30.352+0000] {dag.py:4180} INFO - Setting next_dagrun for dataset_alias_example_alias_producer_with_no_taskflow to None, run_after=None
[2024-11-16T19:13:30.372+0000] {logging_mixin.py:190} INFO - [2024-11-16T19:13:30.371+0000] {dag.py:4180} INFO - Setting next_dagrun for dataset_s3_bucket_consumer_with_no_taskflow to None, run_after=None
[2024-11-16T19:13:30.386+0000] {logging_mixin.py:190} INFO - [2024-11-16T19:13:30.376+0000] {dag.py:4180} INFO - Setting next_dagrun for dataset_s3_bucket_producer_with_no_taskflow to None, run_after=None
[2024-11-16T19:13:30.686+0000] {processor.py:208} INFO - Processing /home/airflow/.local/lib/python3.12/site-packages/airflow/example_dags/example_dataset_alias_with_no_taskflow.py took 6.667 seconds
[2024-11-16T19:14:01.064+0000] {processor.py:186} INFO - Started process (PID=1129) to work on /home/airflow/.local/lib/python3.12/site-packages/airflow/example_dags/example_dataset_alias_with_no_taskflow.py
[2024-11-16T19:14:01.066+0000] {processor.py:914} INFO - Processing file /home/airflow/.local/lib/python3.12/site-packages/airflow/example_dags/example_dataset_alias_with_no_taskflow.py for tasks to queue
[2024-11-16T19:14:01.072+0000] {logging_mixin.py:190} INFO - [2024-11-16T19:14:01.071+0000] {dagbag.py:588} INFO - Filling up the DagBag from /home/airflow/.local/lib/python3.12/site-packages/airflow/example_dags/example_dataset_alias_with_no_taskflow.py
[2024-11-16T19:14:03.045+0000] {processor.py:925} INFO - DAG(s) 'dataset_alias_example_alias_producer_with_no_taskflow', 'dataset_alias_example_alias_consumer_with_no_taskflow', 'dataset_s3_bucket_producer_with_no_taskflow', 'dataset_s3_bucket_consumer_with_no_taskflow' retrieved from /home/airflow/.local/lib/python3.12/site-packages/airflow/example_dags/example_dataset_alias_with_no_taskflow.py
[2024-11-16T19:14:03.114+0000] {logging_mixin.py:190} INFO - [2024-11-16T19:14:03.112+0000] {dag.py:3239} INFO - Sync 4 DAGs
[2024-11-16T19:14:03.194+0000] {logging_mixin.py:190} INFO - [2024-11-16T19:14:03.193+0000] {dag.py:4180} INFO - Setting next_dagrun for dataset_alias_example_alias_consumer_with_no_taskflow to None, run_after=None
[2024-11-16T19:14:03.203+0000] {logging_mixin.py:190} INFO - [2024-11-16T19:14:03.203+0000] {dag.py:4180} INFO - Setting next_dagrun for dataset_alias_example_alias_producer_with_no_taskflow to None, run_after=None
[2024-11-16T19:14:03.209+0000] {logging_mixin.py:190} INFO - [2024-11-16T19:14:03.209+0000] {dag.py:4180} INFO - Setting next_dagrun for dataset_s3_bucket_consumer_with_no_taskflow to None, run_after=None
[2024-11-16T19:14:03.213+0000] {logging_mixin.py:190} INFO - [2024-11-16T19:14:03.213+0000] {dag.py:4180} INFO - Setting next_dagrun for dataset_s3_bucket_producer_with_no_taskflow to None, run_after=None
[2024-11-16T19:14:03.309+0000] {processor.py:208} INFO - Processing /home/airflow/.local/lib/python3.12/site-packages/airflow/example_dags/example_dataset_alias_with_no_taskflow.py took 2.258 seconds
[2024-11-16T19:14:33.478+0000] {processor.py:186} INFO - Started process (PID=1194) to work on /home/airflow/.local/lib/python3.12/site-packages/airflow/example_dags/example_dataset_alias_with_no_taskflow.py
[2024-11-16T19:14:33.480+0000] {processor.py:914} INFO - Processing file /home/airflow/.local/lib/python3.12/site-packages/airflow/example_dags/example_dataset_alias_with_no_taskflow.py for tasks to queue
[2024-11-16T19:14:33.485+0000] {logging_mixin.py:190} INFO - [2024-11-16T19:14:33.484+0000] {dagbag.py:588} INFO - Filling up the DagBag from /home/airflow/.local/lib/python3.12/site-packages/airflow/example_dags/example_dataset_alias_with_no_taskflow.py
[2024-11-16T19:14:35.108+0000] {processor.py:925} INFO - DAG(s) 'dataset_alias_example_alias_producer_with_no_taskflow', 'dataset_s3_bucket_consumer_with_no_taskflow', 'dataset_s3_bucket_producer_with_no_taskflow', 'dataset_alias_example_alias_consumer_with_no_taskflow' retrieved from /home/airflow/.local/lib/python3.12/site-packages/airflow/example_dags/example_dataset_alias_with_no_taskflow.py
[2024-11-16T19:14:35.188+0000] {logging_mixin.py:190} INFO - [2024-11-16T19:14:35.184+0000] {dag.py:3239} INFO - Sync 4 DAGs
[2024-11-16T19:14:35.315+0000] {logging_mixin.py:190} INFO - [2024-11-16T19:14:35.314+0000] {dag.py:4180} INFO - Setting next_dagrun for dataset_alias_example_alias_consumer_with_no_taskflow to None, run_after=None
[2024-11-16T19:14:35.325+0000] {logging_mixin.py:190} INFO - [2024-11-16T19:14:35.324+0000] {dag.py:4180} INFO - Setting next_dagrun for dataset_alias_example_alias_producer_with_no_taskflow to None, run_after=None
[2024-11-16T19:14:35.331+0000] {logging_mixin.py:190} INFO - [2024-11-16T19:14:35.330+0000] {dag.py:4180} INFO - Setting next_dagrun for dataset_s3_bucket_consumer_with_no_taskflow to None, run_after=None
[2024-11-16T19:14:35.338+0000] {logging_mixin.py:190} INFO - [2024-11-16T19:14:35.338+0000] {dag.py:4180} INFO - Setting next_dagrun for dataset_s3_bucket_producer_with_no_taskflow to None, run_after=None
[2024-11-16T19:14:35.410+0000] {processor.py:208} INFO - Processing /home/airflow/.local/lib/python3.12/site-packages/airflow/example_dags/example_dataset_alias_with_no_taskflow.py took 1.945 seconds
[2024-11-16T19:15:08.649+0000] {processor.py:186} INFO - Started process (PID=1255) to work on /home/airflow/.local/lib/python3.12/site-packages/airflow/example_dags/example_dataset_alias_with_no_taskflow.py
[2024-11-16T19:15:08.655+0000] {processor.py:914} INFO - Processing file /home/airflow/.local/lib/python3.12/site-packages/airflow/example_dags/example_dataset_alias_with_no_taskflow.py for tasks to queue
[2024-11-16T19:15:08.664+0000] {logging_mixin.py:190} INFO - [2024-11-16T19:15:08.662+0000] {dagbag.py:588} INFO - Filling up the DagBag from /home/airflow/.local/lib/python3.12/site-packages/airflow/example_dags/example_dataset_alias_with_no_taskflow.py
[2024-11-16T19:15:11.420+0000] {processor.py:925} INFO - DAG(s) 'dataset_alias_example_alias_producer_with_no_taskflow', 'dataset_s3_bucket_producer_with_no_taskflow', 'dataset_s3_bucket_consumer_with_no_taskflow', 'dataset_alias_example_alias_consumer_with_no_taskflow' retrieved from /home/airflow/.local/lib/python3.12/site-packages/airflow/example_dags/example_dataset_alias_with_no_taskflow.py
[2024-11-16T19:15:11.504+0000] {logging_mixin.py:190} INFO - [2024-11-16T19:15:11.502+0000] {dag.py:3239} INFO - Sync 4 DAGs
[2024-11-16T19:15:11.605+0000] {logging_mixin.py:190} INFO - [2024-11-16T19:15:11.604+0000] {dag.py:4180} INFO - Setting next_dagrun for dataset_alias_example_alias_consumer_with_no_taskflow to None, run_after=None
[2024-11-16T19:15:11.615+0000] {logging_mixin.py:190} INFO - [2024-11-16T19:15:11.614+0000] {dag.py:4180} INFO - Setting next_dagrun for dataset_alias_example_alias_producer_with_no_taskflow to None, run_after=None
[2024-11-16T19:15:11.622+0000] {logging_mixin.py:190} INFO - [2024-11-16T19:15:11.621+0000] {dag.py:4180} INFO - Setting next_dagrun for dataset_s3_bucket_consumer_with_no_taskflow to None, run_after=None
[2024-11-16T19:15:11.628+0000] {logging_mixin.py:190} INFO - [2024-11-16T19:15:11.628+0000] {dag.py:4180} INFO - Setting next_dagrun for dataset_s3_bucket_producer_with_no_taskflow to None, run_after=None
[2024-11-16T19:15:11.685+0000] {processor.py:208} INFO - Processing /home/airflow/.local/lib/python3.12/site-packages/airflow/example_dags/example_dataset_alias_with_no_taskflow.py took 3.069 seconds
[2024-11-16T19:15:42.692+0000] {processor.py:186} INFO - Started process (PID=1320) to work on /home/airflow/.local/lib/python3.12/site-packages/airflow/example_dags/example_dataset_alias_with_no_taskflow.py
[2024-11-16T19:15:42.704+0000] {processor.py:914} INFO - Processing file /home/airflow/.local/lib/python3.12/site-packages/airflow/example_dags/example_dataset_alias_with_no_taskflow.py for tasks to queue
[2024-11-16T19:15:42.722+0000] {logging_mixin.py:190} INFO - [2024-11-16T19:15:42.710+0000] {dagbag.py:588} INFO - Filling up the DagBag from /home/airflow/.local/lib/python3.12/site-packages/airflow/example_dags/example_dataset_alias_with_no_taskflow.py
[2024-11-16T19:15:44.462+0000] {processor.py:925} INFO - DAG(s) 'dataset_alias_example_alias_consumer_with_no_taskflow', 'dataset_s3_bucket_producer_with_no_taskflow', 'dataset_s3_bucket_consumer_with_no_taskflow', 'dataset_alias_example_alias_producer_with_no_taskflow' retrieved from /home/airflow/.local/lib/python3.12/site-packages/airflow/example_dags/example_dataset_alias_with_no_taskflow.py
[2024-11-16T19:15:44.526+0000] {logging_mixin.py:190} INFO - [2024-11-16T19:15:44.525+0000] {dag.py:3239} INFO - Sync 4 DAGs
[2024-11-16T19:15:44.588+0000] {logging_mixin.py:190} INFO - [2024-11-16T19:15:44.587+0000] {dag.py:4180} INFO - Setting next_dagrun for dataset_alias_example_alias_consumer_with_no_taskflow to None, run_after=None
[2024-11-16T19:15:44.595+0000] {logging_mixin.py:190} INFO - [2024-11-16T19:15:44.594+0000] {dag.py:4180} INFO - Setting next_dagrun for dataset_alias_example_alias_producer_with_no_taskflow to None, run_after=None
[2024-11-16T19:15:44.599+0000] {logging_mixin.py:190} INFO - [2024-11-16T19:15:44.598+0000] {dag.py:4180} INFO - Setting next_dagrun for dataset_s3_bucket_consumer_with_no_taskflow to None, run_after=None
[2024-11-16T19:15:44.602+0000] {logging_mixin.py:190} INFO - [2024-11-16T19:15:44.601+0000] {dag.py:4180} INFO - Setting next_dagrun for dataset_s3_bucket_producer_with_no_taskflow to None, run_after=None
[2024-11-16T19:15:44.664+0000] {processor.py:208} INFO - Processing /home/airflow/.local/lib/python3.12/site-packages/airflow/example_dags/example_dataset_alias_with_no_taskflow.py took 2.009 seconds
[2024-11-16T19:16:16.647+0000] {processor.py:186} INFO - Started process (PID=1389) to work on /home/airflow/.local/lib/python3.12/site-packages/airflow/example_dags/example_dataset_alias_with_no_taskflow.py
[2024-11-16T19:16:16.649+0000] {processor.py:914} INFO - Processing file /home/airflow/.local/lib/python3.12/site-packages/airflow/example_dags/example_dataset_alias_with_no_taskflow.py for tasks to queue
[2024-11-16T19:16:16.655+0000] {logging_mixin.py:190} INFO - [2024-11-16T19:16:16.654+0000] {dagbag.py:588} INFO - Filling up the DagBag from /home/airflow/.local/lib/python3.12/site-packages/airflow/example_dags/example_dataset_alias_with_no_taskflow.py
[2024-11-16T19:16:18.746+0000] {processor.py:925} INFO - DAG(s) 'dataset_s3_bucket_producer_with_no_taskflow', 'dataset_alias_example_alias_consumer_with_no_taskflow', 'dataset_s3_bucket_consumer_with_no_taskflow', 'dataset_alias_example_alias_producer_with_no_taskflow' retrieved from /home/airflow/.local/lib/python3.12/site-packages/airflow/example_dags/example_dataset_alias_with_no_taskflow.py
[2024-11-16T19:16:18.817+0000] {logging_mixin.py:190} INFO - [2024-11-16T19:16:18.816+0000] {dag.py:3239} INFO - Sync 4 DAGs
[2024-11-16T19:16:18.880+0000] {logging_mixin.py:190} INFO - [2024-11-16T19:16:18.879+0000] {dag.py:4180} INFO - Setting next_dagrun for dataset_alias_example_alias_consumer_with_no_taskflow to None, run_after=None
[2024-11-16T19:16:18.887+0000] {logging_mixin.py:190} INFO - [2024-11-16T19:16:18.887+0000] {dag.py:4180} INFO - Setting next_dagrun for dataset_alias_example_alias_producer_with_no_taskflow to None, run_after=None
[2024-11-16T19:16:18.892+0000] {logging_mixin.py:190} INFO - [2024-11-16T19:16:18.891+0000] {dag.py:4180} INFO - Setting next_dagrun for dataset_s3_bucket_consumer_with_no_taskflow to None, run_after=None
[2024-11-16T19:16:18.896+0000] {logging_mixin.py:190} INFO - [2024-11-16T19:16:18.895+0000] {dag.py:4180} INFO - Setting next_dagrun for dataset_s3_bucket_producer_with_no_taskflow to None, run_after=None
[2024-11-16T19:16:18.949+0000] {processor.py:208} INFO - Processing /home/airflow/.local/lib/python3.12/site-packages/airflow/example_dags/example_dataset_alias_with_no_taskflow.py took 2.317 seconds
[2024-11-16T19:16:51.876+0000] {processor.py:186} INFO - Started process (PID=1459) to work on /home/airflow/.local/lib/python3.12/site-packages/airflow/example_dags/example_dataset_alias_with_no_taskflow.py
[2024-11-16T19:16:51.942+0000] {processor.py:914} INFO - Processing file /home/airflow/.local/lib/python3.12/site-packages/airflow/example_dags/example_dataset_alias_with_no_taskflow.py for tasks to queue
[2024-11-16T19:16:51.964+0000] {logging_mixin.py:190} INFO - [2024-11-16T19:16:51.963+0000] {dagbag.py:588} INFO - Filling up the DagBag from /home/airflow/.local/lib/python3.12/site-packages/airflow/example_dags/example_dataset_alias_with_no_taskflow.py
[2024-11-16T19:16:54.963+0000] {processor.py:925} INFO - DAG(s) 'dataset_s3_bucket_consumer_with_no_taskflow', 'dataset_alias_example_alias_consumer_with_no_taskflow', 'dataset_s3_bucket_producer_with_no_taskflow', 'dataset_alias_example_alias_producer_with_no_taskflow' retrieved from /home/airflow/.local/lib/python3.12/site-packages/airflow/example_dags/example_dataset_alias_with_no_taskflow.py
[2024-11-16T19:16:55.048+0000] {logging_mixin.py:190} INFO - [2024-11-16T19:16:55.044+0000] {dag.py:3239} INFO - Sync 4 DAGs
[2024-11-16T19:16:55.140+0000] {logging_mixin.py:190} INFO - [2024-11-16T19:16:55.139+0000] {dag.py:4180} INFO - Setting next_dagrun for dataset_alias_example_alias_consumer_with_no_taskflow to None, run_after=None
[2024-11-16T19:16:55.159+0000] {logging_mixin.py:190} INFO - [2024-11-16T19:16:55.158+0000] {dag.py:4180} INFO - Setting next_dagrun for dataset_alias_example_alias_producer_with_no_taskflow to None, run_after=None
[2024-11-16T19:16:55.164+0000] {logging_mixin.py:190} INFO - [2024-11-16T19:16:55.163+0000] {dag.py:4180} INFO - Setting next_dagrun for dataset_s3_bucket_consumer_with_no_taskflow to None, run_after=None
[2024-11-16T19:16:55.168+0000] {logging_mixin.py:190} INFO - [2024-11-16T19:16:55.168+0000] {dag.py:4180} INFO - Setting next_dagrun for dataset_s3_bucket_producer_with_no_taskflow to None, run_after=None
[2024-11-16T19:16:55.260+0000] {processor.py:208} INFO - Processing /home/airflow/.local/lib/python3.12/site-packages/airflow/example_dags/example_dataset_alias_with_no_taskflow.py took 3.458 seconds
[2024-11-16T19:17:26.937+0000] {processor.py:186} INFO - Started process (PID=1533) to work on /home/airflow/.local/lib/python3.12/site-packages/airflow/example_dags/example_dataset_alias_with_no_taskflow.py
[2024-11-16T19:17:26.945+0000] {processor.py:914} INFO - Processing file /home/airflow/.local/lib/python3.12/site-packages/airflow/example_dags/example_dataset_alias_with_no_taskflow.py for tasks to queue
[2024-11-16T19:17:26.952+0000] {logging_mixin.py:190} INFO - [2024-11-16T19:17:26.951+0000] {dagbag.py:588} INFO - Filling up the DagBag from /home/airflow/.local/lib/python3.12/site-packages/airflow/example_dags/example_dataset_alias_with_no_taskflow.py
[2024-11-16T19:17:32.658+0000] {processor.py:925} INFO - DAG(s) 'dataset_s3_bucket_consumer_with_no_taskflow', 'dataset_alias_example_alias_consumer_with_no_taskflow', 'dataset_alias_example_alias_producer_with_no_taskflow', 'dataset_s3_bucket_producer_with_no_taskflow' retrieved from /home/airflow/.local/lib/python3.12/site-packages/airflow/example_dags/example_dataset_alias_with_no_taskflow.py
[2024-11-16T19:17:32.929+0000] {logging_mixin.py:190} INFO - [2024-11-16T19:17:32.926+0000] {dag.py:3239} INFO - Sync 4 DAGs
[2024-11-16T19:17:33.250+0000] {logging_mixin.py:190} INFO - [2024-11-16T19:17:33.249+0000] {dag.py:4180} INFO - Setting next_dagrun for dataset_alias_example_alias_consumer_with_no_taskflow to None, run_after=None
[2024-11-16T19:17:33.297+0000] {logging_mixin.py:190} INFO - [2024-11-16T19:17:33.296+0000] {dag.py:4180} INFO - Setting next_dagrun for dataset_alias_example_alias_producer_with_no_taskflow to None, run_after=None
[2024-11-16T19:17:33.313+0000] {logging_mixin.py:190} INFO - [2024-11-16T19:17:33.312+0000] {dag.py:4180} INFO - Setting next_dagrun for dataset_s3_bucket_consumer_with_no_taskflow to None, run_after=None
[2024-11-16T19:17:33.328+0000] {logging_mixin.py:190} INFO - [2024-11-16T19:17:33.327+0000] {dag.py:4180} INFO - Setting next_dagrun for dataset_s3_bucket_producer_with_no_taskflow to None, run_after=None
[2024-11-16T19:17:33.543+0000] {processor.py:208} INFO - Processing /home/airflow/.local/lib/python3.12/site-packages/airflow/example_dags/example_dataset_alias_with_no_taskflow.py took 6.648 seconds
