[2024-11-16T19:00:13.149+0000] {processor.py:186} INFO - Started process (PID=138) to work on /home/airflow/.local/lib/python3.12/site-packages/airflow/example_dags/example_latest_only_with_trigger.py
[2024-11-16T19:00:13.169+0000] {processor.py:914} INFO - Processing file /home/airflow/.local/lib/python3.12/site-packages/airflow/example_dags/example_latest_only_with_trigger.py for tasks to queue
[2024-11-16T19:00:13.190+0000] {logging_mixin.py:190} INFO - [2024-11-16T19:00:13.189+0000] {dagbag.py:588} INFO - Filling up the DagBag from /home/airflow/.local/lib/python3.12/site-packages/airflow/example_dags/example_latest_only_with_trigger.py
[2024-11-16T19:00:13.297+0000] {processor.py:925} INFO - DAG(s) 'latest_only_with_trigger' retrieved from /home/airflow/.local/lib/python3.12/site-packages/airflow/example_dags/example_latest_only_with_trigger.py
[2024-11-16T19:00:14.550+0000] {logging_mixin.py:190} INFO - [2024-11-16T19:00:14.548+0000] {override.py:1911} INFO - Created Permission View: can delete on DAG:latest_only_with_trigger
[2024-11-16T19:00:14.673+0000] {logging_mixin.py:190} INFO - [2024-11-16T19:00:14.665+0000] {override.py:1911} INFO - Created Permission View: can edit on DAG:latest_only_with_trigger
[2024-11-16T19:00:14.731+0000] {logging_mixin.py:190} INFO - [2024-11-16T19:00:14.716+0000] {override.py:1911} INFO - Created Permission View: can read on DAG:latest_only_with_trigger
[2024-11-16T19:00:14.837+0000] {logging_mixin.py:190} INFO - [2024-11-16T19:00:14.834+0000] {override.py:1911} INFO - Created Permission View: menu access on DAG Run:latest_only_with_trigger
[2024-11-16T19:00:14.903+0000] {logging_mixin.py:190} INFO - [2024-11-16T19:00:14.902+0000] {override.py:1911} INFO - Created Permission View: can delete on DAG Run:latest_only_with_trigger
[2024-11-16T19:00:14.950+0000] {logging_mixin.py:190} INFO - [2024-11-16T19:00:14.949+0000] {override.py:1911} INFO - Created Permission View: can read on DAG Run:latest_only_with_trigger
[2024-11-16T19:00:14.994+0000] {logging_mixin.py:190} INFO - [2024-11-16T19:00:14.994+0000] {override.py:1911} INFO - Created Permission View: can create on DAG Run:latest_only_with_trigger
[2024-11-16T19:00:14.996+0000] {logging_mixin.py:190} INFO - [2024-11-16T19:00:14.996+0000] {dag.py:3239} INFO - Sync 1 DAGs
[2024-11-16T19:00:15.102+0000] {logging_mixin.py:190} INFO - [2024-11-16T19:00:15.102+0000] {dag.py:3262} INFO - Creating ORM DAG for latest_only_with_trigger
[2024-11-16T19:00:15.179+0000] {logging_mixin.py:190} INFO - [2024-11-16T19:00:15.177+0000] {dag.py:4180} INFO - Setting next_dagrun for latest_only_with_trigger to 2024-11-16 12:00:00+00:00, run_after=2024-11-16 16:00:00+00:00
[2024-11-16T19:00:15.268+0000] {processor.py:208} INFO - Processing /home/airflow/.local/lib/python3.12/site-packages/airflow/example_dags/example_latest_only_with_trigger.py took 2.180 seconds
[2024-11-16T19:00:50.303+0000] {processor.py:186} INFO - Started process (PID=201) to work on /home/airflow/.local/lib/python3.12/site-packages/airflow/example_dags/example_latest_only_with_trigger.py
[2024-11-16T19:00:50.309+0000] {processor.py:914} INFO - Processing file /home/airflow/.local/lib/python3.12/site-packages/airflow/example_dags/example_latest_only_with_trigger.py for tasks to queue
[2024-11-16T19:00:50.321+0000] {logging_mixin.py:190} INFO - [2024-11-16T19:00:50.320+0000] {dagbag.py:588} INFO - Filling up the DagBag from /home/airflow/.local/lib/python3.12/site-packages/airflow/example_dags/example_latest_only_with_trigger.py
[2024-11-16T19:00:50.359+0000] {processor.py:925} INFO - DAG(s) 'latest_only_with_trigger' retrieved from /home/airflow/.local/lib/python3.12/site-packages/airflow/example_dags/example_latest_only_with_trigger.py
[2024-11-16T19:00:50.490+0000] {logging_mixin.py:190} INFO - [2024-11-16T19:00:50.489+0000] {dag.py:3239} INFO - Sync 1 DAGs
[2024-11-16T19:00:50.602+0000] {logging_mixin.py:190} INFO - [2024-11-16T19:00:50.602+0000] {dag.py:4180} INFO - Setting next_dagrun for latest_only_with_trigger to 2024-11-16 12:00:00+00:00, run_after=2024-11-16 16:00:00+00:00
[2024-11-16T19:00:50.684+0000] {processor.py:208} INFO - Processing /home/airflow/.local/lib/python3.12/site-packages/airflow/example_dags/example_latest_only_with_trigger.py took 0.407 seconds
[2024-11-16T19:01:22.059+0000] {processor.py:186} INFO - Started process (PID=263) to work on /home/airflow/.local/lib/python3.12/site-packages/airflow/example_dags/example_latest_only_with_trigger.py
[2024-11-16T19:01:22.073+0000] {processor.py:914} INFO - Processing file /home/airflow/.local/lib/python3.12/site-packages/airflow/example_dags/example_latest_only_with_trigger.py for tasks to queue
[2024-11-16T19:01:22.092+0000] {logging_mixin.py:190} INFO - [2024-11-16T19:01:22.082+0000] {dagbag.py:588} INFO - Filling up the DagBag from /home/airflow/.local/lib/python3.12/site-packages/airflow/example_dags/example_latest_only_with_trigger.py
[2024-11-16T19:01:22.188+0000] {processor.py:925} INFO - DAG(s) 'latest_only_with_trigger' retrieved from /home/airflow/.local/lib/python3.12/site-packages/airflow/example_dags/example_latest_only_with_trigger.py
[2024-11-16T19:01:22.354+0000] {logging_mixin.py:190} INFO - [2024-11-16T19:01:22.353+0000] {dag.py:3239} INFO - Sync 1 DAGs
[2024-11-16T19:01:22.545+0000] {logging_mixin.py:190} INFO - [2024-11-16T19:01:22.544+0000] {dag.py:4180} INFO - Setting next_dagrun for latest_only_with_trigger to 2024-11-16 12:00:00+00:00, run_after=2024-11-16 16:00:00+00:00
[2024-11-16T19:01:22.690+0000] {processor.py:208} INFO - Processing /home/airflow/.local/lib/python3.12/site-packages/airflow/example_dags/example_latest_only_with_trigger.py took 0.694 seconds
[2024-11-16T19:02:22.917+0000] {processor.py:186} INFO - Started process (PID=337) to work on /home/airflow/.local/lib/python3.12/site-packages/airflow/example_dags/example_latest_only_with_trigger.py
[2024-11-16T19:02:23.046+0000] {processor.py:914} INFO - Processing file /home/airflow/.local/lib/python3.12/site-packages/airflow/example_dags/example_latest_only_with_trigger.py for tasks to queue
[2024-11-16T19:02:23.283+0000] {logging_mixin.py:190} INFO - [2024-11-16T19:02:23.282+0000] {dagbag.py:588} INFO - Filling up the DagBag from /home/airflow/.local/lib/python3.12/site-packages/airflow/example_dags/example_latest_only_with_trigger.py
[2024-11-16T19:02:23.573+0000] {processor.py:925} INFO - DAG(s) 'latest_only_with_trigger' retrieved from /home/airflow/.local/lib/python3.12/site-packages/airflow/example_dags/example_latest_only_with_trigger.py
[2024-11-16T19:02:24.101+0000] {logging_mixin.py:190} INFO - [2024-11-16T19:02:24.086+0000] {dag.py:3239} INFO - Sync 1 DAGs
[2024-11-16T19:02:24.766+0000] {logging_mixin.py:190} INFO - [2024-11-16T19:02:24.754+0000] {dag.py:4180} INFO - Setting next_dagrun for latest_only_with_trigger to 2024-11-16 12:00:00+00:00, run_after=2024-11-16 16:00:00+00:00
[2024-11-16T19:02:25.175+0000] {processor.py:208} INFO - Processing /home/airflow/.local/lib/python3.12/site-packages/airflow/example_dags/example_latest_only_with_trigger.py took 2.414 seconds
[2024-11-16T19:02:56.029+0000] {processor.py:186} INFO - Started process (PID=400) to work on /home/airflow/.local/lib/python3.12/site-packages/airflow/example_dags/example_latest_only_with_trigger.py
[2024-11-16T19:02:56.033+0000] {processor.py:914} INFO - Processing file /home/airflow/.local/lib/python3.12/site-packages/airflow/example_dags/example_latest_only_with_trigger.py for tasks to queue
[2024-11-16T19:02:56.041+0000] {logging_mixin.py:190} INFO - [2024-11-16T19:02:56.040+0000] {dagbag.py:588} INFO - Filling up the DagBag from /home/airflow/.local/lib/python3.12/site-packages/airflow/example_dags/example_latest_only_with_trigger.py
[2024-11-16T19:02:56.073+0000] {processor.py:925} INFO - DAG(s) 'latest_only_with_trigger' retrieved from /home/airflow/.local/lib/python3.12/site-packages/airflow/example_dags/example_latest_only_with_trigger.py
[2024-11-16T19:02:56.149+0000] {logging_mixin.py:190} INFO - [2024-11-16T19:02:56.148+0000] {dag.py:3239} INFO - Sync 1 DAGs
[2024-11-16T19:02:56.224+0000] {logging_mixin.py:190} INFO - [2024-11-16T19:02:56.224+0000] {dag.py:4180} INFO - Setting next_dagrun for latest_only_with_trigger to 2024-11-16 12:00:00+00:00, run_after=2024-11-16 16:00:00+00:00
[2024-11-16T19:02:56.282+0000] {processor.py:208} INFO - Processing /home/airflow/.local/lib/python3.12/site-packages/airflow/example_dags/example_latest_only_with_trigger.py took 0.293 seconds
[2024-11-16T19:03:32.367+0000] {processor.py:186} INFO - Started process (PID=467) to work on /home/airflow/.local/lib/python3.12/site-packages/airflow/example_dags/example_latest_only_with_trigger.py
[2024-11-16T19:03:32.372+0000] {processor.py:914} INFO - Processing file /home/airflow/.local/lib/python3.12/site-packages/airflow/example_dags/example_latest_only_with_trigger.py for tasks to queue
[2024-11-16T19:03:32.386+0000] {logging_mixin.py:190} INFO - [2024-11-16T19:03:32.378+0000] {dagbag.py:588} INFO - Filling up the DagBag from /home/airflow/.local/lib/python3.12/site-packages/airflow/example_dags/example_latest_only_with_trigger.py
[2024-11-16T19:03:32.436+0000] {processor.py:925} INFO - DAG(s) 'latest_only_with_trigger' retrieved from /home/airflow/.local/lib/python3.12/site-packages/airflow/example_dags/example_latest_only_with_trigger.py
[2024-11-16T19:03:32.520+0000] {logging_mixin.py:190} INFO - [2024-11-16T19:03:32.519+0000] {dag.py:3239} INFO - Sync 1 DAGs
[2024-11-16T19:03:32.604+0000] {logging_mixin.py:190} INFO - [2024-11-16T19:03:32.603+0000] {dag.py:4180} INFO - Setting next_dagrun for latest_only_with_trigger to 2024-11-16 12:00:00+00:00, run_after=2024-11-16 16:00:00+00:00
[2024-11-16T19:03:32.659+0000] {processor.py:208} INFO - Processing /home/airflow/.local/lib/python3.12/site-packages/airflow/example_dags/example_latest_only_with_trigger.py took 0.332 seconds
[2024-11-16T19:04:08.184+0000] {processor.py:186} INFO - Started process (PID=531) to work on /home/airflow/.local/lib/python3.12/site-packages/airflow/example_dags/example_latest_only_with_trigger.py
[2024-11-16T19:04:08.220+0000] {processor.py:914} INFO - Processing file /home/airflow/.local/lib/python3.12/site-packages/airflow/example_dags/example_latest_only_with_trigger.py for tasks to queue
[2024-11-16T19:04:08.242+0000] {logging_mixin.py:190} INFO - [2024-11-16T19:04:08.241+0000] {dagbag.py:588} INFO - Filling up the DagBag from /home/airflow/.local/lib/python3.12/site-packages/airflow/example_dags/example_latest_only_with_trigger.py
[2024-11-16T19:04:08.312+0000] {processor.py:925} INFO - DAG(s) 'latest_only_with_trigger' retrieved from /home/airflow/.local/lib/python3.12/site-packages/airflow/example_dags/example_latest_only_with_trigger.py
[2024-11-16T19:04:08.442+0000] {logging_mixin.py:190} INFO - [2024-11-16T19:04:08.441+0000] {dag.py:3239} INFO - Sync 1 DAGs
[2024-11-16T19:04:08.641+0000] {logging_mixin.py:190} INFO - [2024-11-16T19:04:08.640+0000] {dag.py:4180} INFO - Setting next_dagrun for latest_only_with_trigger to 2024-11-16 12:00:00+00:00, run_after=2024-11-16 16:00:00+00:00
[2024-11-16T19:04:08.940+0000] {processor.py:208} INFO - Processing /home/airflow/.local/lib/python3.12/site-packages/airflow/example_dags/example_latest_only_with_trigger.py took 0.833 seconds
[2024-11-16T19:04:53.625+0000] {processor.py:186} INFO - Started process (PID=602) to work on /home/airflow/.local/lib/python3.12/site-packages/airflow/example_dags/example_latest_only_with_trigger.py
[2024-11-16T19:04:53.663+0000] {processor.py:914} INFO - Processing file /home/airflow/.local/lib/python3.12/site-packages/airflow/example_dags/example_latest_only_with_trigger.py for tasks to queue
[2024-11-16T19:04:53.686+0000] {logging_mixin.py:190} INFO - [2024-11-16T19:04:53.685+0000] {dagbag.py:588} INFO - Filling up the DagBag from /home/airflow/.local/lib/python3.12/site-packages/airflow/example_dags/example_latest_only_with_trigger.py
[2024-11-16T19:04:53.865+0000] {processor.py:925} INFO - DAG(s) 'latest_only_with_trigger' retrieved from /home/airflow/.local/lib/python3.12/site-packages/airflow/example_dags/example_latest_only_with_trigger.py
[2024-11-16T19:04:54.173+0000] {logging_mixin.py:190} INFO - [2024-11-16T19:04:54.161+0000] {dag.py:3239} INFO - Sync 1 DAGs
[2024-11-16T19:04:54.573+0000] {logging_mixin.py:190} INFO - [2024-11-16T19:04:54.572+0000] {dag.py:4180} INFO - Setting next_dagrun for latest_only_with_trigger to 2024-11-16 12:00:00+00:00, run_after=2024-11-16 16:00:00+00:00
[2024-11-16T19:04:54.729+0000] {processor.py:208} INFO - Processing /home/airflow/.local/lib/python3.12/site-packages/airflow/example_dags/example_latest_only_with_trigger.py took 1.226 seconds
[2024-11-16T19:07:44.946+0000] {processor.py:186} INFO - Started process (PID=721) to work on /home/airflow/.local/lib/python3.12/site-packages/airflow/example_dags/example_latest_only_with_trigger.py
[2024-11-16T19:07:44.992+0000] {processor.py:914} INFO - Processing file /home/airflow/.local/lib/python3.12/site-packages/airflow/example_dags/example_latest_only_with_trigger.py for tasks to queue
[2024-11-16T19:07:45.137+0000] {logging_mixin.py:190} INFO - [2024-11-16T19:07:45.092+0000] {dagbag.py:588} INFO - Filling up the DagBag from /home/airflow/.local/lib/python3.12/site-packages/airflow/example_dags/example_latest_only_with_trigger.py
[2024-11-16T19:07:45.273+0000] {processor.py:925} INFO - DAG(s) 'latest_only_with_trigger' retrieved from /home/airflow/.local/lib/python3.12/site-packages/airflow/example_dags/example_latest_only_with_trigger.py
[2024-11-16T19:07:45.547+0000] {logging_mixin.py:190} INFO - [2024-11-16T19:07:45.547+0000] {dag.py:3239} INFO - Sync 1 DAGs
[2024-11-16T19:07:45.890+0000] {logging_mixin.py:190} INFO - [2024-11-16T19:07:45.890+0000] {dag.py:4180} INFO - Setting next_dagrun for latest_only_with_trigger to 2024-11-16 12:00:00+00:00, run_after=2024-11-16 16:00:00+00:00
[2024-11-16T19:07:46.263+0000] {processor.py:208} INFO - Processing /home/airflow/.local/lib/python3.12/site-packages/airflow/example_dags/example_latest_only_with_trigger.py took 1.586 seconds
[2024-11-16T19:10:09.463+0000] {processor.py:186} INFO - Started process (PID=832) to work on /home/airflow/.local/lib/python3.12/site-packages/airflow/example_dags/example_latest_only_with_trigger.py
[2024-11-16T19:10:09.509+0000] {processor.py:914} INFO - Processing file /home/airflow/.local/lib/python3.12/site-packages/airflow/example_dags/example_latest_only_with_trigger.py for tasks to queue
[2024-11-16T19:10:09.623+0000] {logging_mixin.py:190} INFO - [2024-11-16T19:10:09.593+0000] {dagbag.py:588} INFO - Filling up the DagBag from /home/airflow/.local/lib/python3.12/site-packages/airflow/example_dags/example_latest_only_with_trigger.py
[2024-11-16T19:10:09.810+0000] {processor.py:925} INFO - DAG(s) 'latest_only_with_trigger' retrieved from /home/airflow/.local/lib/python3.12/site-packages/airflow/example_dags/example_latest_only_with_trigger.py
[2024-11-16T19:10:10.206+0000] {logging_mixin.py:190} INFO - [2024-11-16T19:10:10.205+0000] {dag.py:3239} INFO - Sync 1 DAGs
[2024-11-16T19:10:10.547+0000] {logging_mixin.py:190} INFO - [2024-11-16T19:10:10.546+0000] {dag.py:4180} INFO - Setting next_dagrun for latest_only_with_trigger to 2024-11-16 12:00:00+00:00, run_after=2024-11-16 16:00:00+00:00
[2024-11-16T19:10:10.896+0000] {processor.py:208} INFO - Processing /home/airflow/.local/lib/python3.12/site-packages/airflow/example_dags/example_latest_only_with_trigger.py took 1.586 seconds
[2024-11-16T19:11:54.109+0000] {processor.py:186} INFO - Started process (PID=934) to work on /home/airflow/.local/lib/python3.12/site-packages/airflow/example_dags/example_latest_only_with_trigger.py
[2024-11-16T19:11:54.137+0000] {processor.py:914} INFO - Processing file /home/airflow/.local/lib/python3.12/site-packages/airflow/example_dags/example_latest_only_with_trigger.py for tasks to queue
[2024-11-16T19:11:54.145+0000] {logging_mixin.py:190} INFO - [2024-11-16T19:11:54.144+0000] {dagbag.py:588} INFO - Filling up the DagBag from /home/airflow/.local/lib/python3.12/site-packages/airflow/example_dags/example_latest_only_with_trigger.py
[2024-11-16T19:11:54.222+0000] {processor.py:925} INFO - DAG(s) 'latest_only_with_trigger' retrieved from /home/airflow/.local/lib/python3.12/site-packages/airflow/example_dags/example_latest_only_with_trigger.py
[2024-11-16T19:11:54.418+0000] {logging_mixin.py:190} INFO - [2024-11-16T19:11:54.406+0000] {dag.py:3239} INFO - Sync 1 DAGs
[2024-11-16T19:11:54.712+0000] {logging_mixin.py:190} INFO - [2024-11-16T19:11:54.702+0000] {dag.py:4180} INFO - Setting next_dagrun for latest_only_with_trigger to 2024-11-16 12:00:00+00:00, run_after=2024-11-16 16:00:00+00:00
[2024-11-16T19:11:54.909+0000] {processor.py:208} INFO - Processing /home/airflow/.local/lib/python3.12/site-packages/airflow/example_dags/example_latest_only_with_trigger.py took 0.850 seconds
[2024-11-16T19:12:54.584+0000] {processor.py:186} INFO - Started process (PID=1005) to work on /home/airflow/.local/lib/python3.12/site-packages/airflow/example_dags/example_latest_only_with_trigger.py
[2024-11-16T19:12:54.596+0000] {processor.py:914} INFO - Processing file /home/airflow/.local/lib/python3.12/site-packages/airflow/example_dags/example_latest_only_with_trigger.py for tasks to queue
[2024-11-16T19:12:54.609+0000] {logging_mixin.py:190} INFO - [2024-11-16T19:12:54.608+0000] {dagbag.py:588} INFO - Filling up the DagBag from /home/airflow/.local/lib/python3.12/site-packages/airflow/example_dags/example_latest_only_with_trigger.py
[2024-11-16T19:12:54.632+0000] {processor.py:925} INFO - DAG(s) 'latest_only_with_trigger' retrieved from /home/airflow/.local/lib/python3.12/site-packages/airflow/example_dags/example_latest_only_with_trigger.py
[2024-11-16T19:12:54.766+0000] {logging_mixin.py:190} INFO - [2024-11-16T19:12:54.766+0000] {dag.py:3239} INFO - Sync 1 DAGs
[2024-11-16T19:12:54.879+0000] {logging_mixin.py:190} INFO - [2024-11-16T19:12:54.878+0000] {dag.py:4180} INFO - Setting next_dagrun for latest_only_with_trigger to 2024-11-16 12:00:00+00:00, run_after=2024-11-16 16:00:00+00:00
[2024-11-16T19:12:54.927+0000] {processor.py:208} INFO - Processing /home/airflow/.local/lib/python3.12/site-packages/airflow/example_dags/example_latest_only_with_trigger.py took 0.410 seconds
[2024-11-16T19:13:31.143+0000] {processor.py:186} INFO - Started process (PID=1068) to work on /home/airflow/.local/lib/python3.12/site-packages/airflow/example_dags/example_latest_only_with_trigger.py
[2024-11-16T19:13:31.145+0000] {processor.py:914} INFO - Processing file /home/airflow/.local/lib/python3.12/site-packages/airflow/example_dags/example_latest_only_with_trigger.py for tasks to queue
[2024-11-16T19:13:31.172+0000] {logging_mixin.py:190} INFO - [2024-11-16T19:13:31.171+0000] {dagbag.py:588} INFO - Filling up the DagBag from /home/airflow/.local/lib/python3.12/site-packages/airflow/example_dags/example_latest_only_with_trigger.py
[2024-11-16T19:13:31.217+0000] {processor.py:925} INFO - DAG(s) 'latest_only_with_trigger' retrieved from /home/airflow/.local/lib/python3.12/site-packages/airflow/example_dags/example_latest_only_with_trigger.py
[2024-11-16T19:13:31.310+0000] {logging_mixin.py:190} INFO - [2024-11-16T19:13:31.310+0000] {dag.py:3239} INFO - Sync 1 DAGs
[2024-11-16T19:13:31.447+0000] {logging_mixin.py:190} INFO - [2024-11-16T19:13:31.447+0000] {dag.py:4180} INFO - Setting next_dagrun for latest_only_with_trigger to 2024-11-16 12:00:00+00:00, run_after=2024-11-16 16:00:00+00:00
[2024-11-16T19:13:31.559+0000] {processor.py:208} INFO - Processing /home/airflow/.local/lib/python3.12/site-packages/airflow/example_dags/example_latest_only_with_trigger.py took 0.444 seconds
[2024-11-16T19:14:03.424+0000] {processor.py:186} INFO - Started process (PID=1131) to work on /home/airflow/.local/lib/python3.12/site-packages/airflow/example_dags/example_latest_only_with_trigger.py
[2024-11-16T19:14:03.427+0000] {processor.py:914} INFO - Processing file /home/airflow/.local/lib/python3.12/site-packages/airflow/example_dags/example_latest_only_with_trigger.py for tasks to queue
[2024-11-16T19:14:03.436+0000] {logging_mixin.py:190} INFO - [2024-11-16T19:14:03.435+0000] {dagbag.py:588} INFO - Filling up the DagBag from /home/airflow/.local/lib/python3.12/site-packages/airflow/example_dags/example_latest_only_with_trigger.py
[2024-11-16T19:14:03.459+0000] {processor.py:925} INFO - DAG(s) 'latest_only_with_trigger' retrieved from /home/airflow/.local/lib/python3.12/site-packages/airflow/example_dags/example_latest_only_with_trigger.py
[2024-11-16T19:14:03.530+0000] {logging_mixin.py:190} INFO - [2024-11-16T19:14:03.529+0000] {dag.py:3239} INFO - Sync 1 DAGs
[2024-11-16T19:14:03.597+0000] {logging_mixin.py:190} INFO - [2024-11-16T19:14:03.597+0000] {dag.py:4180} INFO - Setting next_dagrun for latest_only_with_trigger to 2024-11-16 12:00:00+00:00, run_after=2024-11-16 16:00:00+00:00
[2024-11-16T19:14:03.643+0000] {processor.py:208} INFO - Processing /home/airflow/.local/lib/python3.12/site-packages/airflow/example_dags/example_latest_only_with_trigger.py took 0.248 seconds
[2024-11-16T19:14:34.382+0000] {processor.py:186} INFO - Started process (PID=1195) to work on /home/airflow/.local/lib/python3.12/site-packages/airflow/example_dags/example_latest_only_with_trigger.py
[2024-11-16T19:14:34.385+0000] {processor.py:914} INFO - Processing file /home/airflow/.local/lib/python3.12/site-packages/airflow/example_dags/example_latest_only_with_trigger.py for tasks to queue
[2024-11-16T19:14:34.392+0000] {logging_mixin.py:190} INFO - [2024-11-16T19:14:34.390+0000] {dagbag.py:588} INFO - Filling up the DagBag from /home/airflow/.local/lib/python3.12/site-packages/airflow/example_dags/example_latest_only_with_trigger.py
[2024-11-16T19:14:34.420+0000] {processor.py:925} INFO - DAG(s) 'latest_only_with_trigger' retrieved from /home/airflow/.local/lib/python3.12/site-packages/airflow/example_dags/example_latest_only_with_trigger.py
[2024-11-16T19:14:34.507+0000] {logging_mixin.py:190} INFO - [2024-11-16T19:14:34.505+0000] {dag.py:3239} INFO - Sync 1 DAGs
[2024-11-16T19:14:34.575+0000] {logging_mixin.py:190} INFO - [2024-11-16T19:14:34.575+0000] {dag.py:4180} INFO - Setting next_dagrun for latest_only_with_trigger to 2024-11-16 12:00:00+00:00, run_after=2024-11-16 16:00:00+00:00
[2024-11-16T19:14:34.620+0000] {processor.py:208} INFO - Processing /home/airflow/.local/lib/python3.12/site-packages/airflow/example_dags/example_latest_only_with_trigger.py took 0.263 seconds
[2024-11-16T19:15:11.567+0000] {processor.py:186} INFO - Started process (PID=1257) to work on /home/airflow/.local/lib/python3.12/site-packages/airflow/example_dags/example_latest_only_with_trigger.py
[2024-11-16T19:15:11.569+0000] {processor.py:914} INFO - Processing file /home/airflow/.local/lib/python3.12/site-packages/airflow/example_dags/example_latest_only_with_trigger.py for tasks to queue
[2024-11-16T19:15:11.579+0000] {logging_mixin.py:190} INFO - [2024-11-16T19:15:11.578+0000] {dagbag.py:588} INFO - Filling up the DagBag from /home/airflow/.local/lib/python3.12/site-packages/airflow/example_dags/example_latest_only_with_trigger.py
[2024-11-16T19:15:11.611+0000] {processor.py:925} INFO - DAG(s) 'latest_only_with_trigger' retrieved from /home/airflow/.local/lib/python3.12/site-packages/airflow/example_dags/example_latest_only_with_trigger.py
[2024-11-16T19:15:11.675+0000] {logging_mixin.py:190} INFO - [2024-11-16T19:15:11.674+0000] {dag.py:3239} INFO - Sync 1 DAGs
[2024-11-16T19:15:11.739+0000] {logging_mixin.py:190} INFO - [2024-11-16T19:15:11.739+0000] {dag.py:4180} INFO - Setting next_dagrun for latest_only_with_trigger to 2024-11-16 12:00:00+00:00, run_after=2024-11-16 16:00:00+00:00
[2024-11-16T19:15:11.781+0000] {processor.py:208} INFO - Processing /home/airflow/.local/lib/python3.12/site-packages/airflow/example_dags/example_latest_only_with_trigger.py took 0.236 seconds
[2024-11-16T19:15:43.871+0000] {processor.py:186} INFO - Started process (PID=1321) to work on /home/airflow/.local/lib/python3.12/site-packages/airflow/example_dags/example_latest_only_with_trigger.py
[2024-11-16T19:15:43.873+0000] {processor.py:914} INFO - Processing file /home/airflow/.local/lib/python3.12/site-packages/airflow/example_dags/example_latest_only_with_trigger.py for tasks to queue
[2024-11-16T19:15:43.880+0000] {logging_mixin.py:190} INFO - [2024-11-16T19:15:43.879+0000] {dagbag.py:588} INFO - Filling up the DagBag from /home/airflow/.local/lib/python3.12/site-packages/airflow/example_dags/example_latest_only_with_trigger.py
[2024-11-16T19:15:43.900+0000] {processor.py:925} INFO - DAG(s) 'latest_only_with_trigger' retrieved from /home/airflow/.local/lib/python3.12/site-packages/airflow/example_dags/example_latest_only_with_trigger.py
[2024-11-16T19:15:43.948+0000] {logging_mixin.py:190} INFO - [2024-11-16T19:15:43.947+0000] {dag.py:3239} INFO - Sync 1 DAGs
[2024-11-16T19:15:44.014+0000] {logging_mixin.py:190} INFO - [2024-11-16T19:15:44.013+0000] {dag.py:4180} INFO - Setting next_dagrun for latest_only_with_trigger to 2024-11-16 12:00:00+00:00, run_after=2024-11-16 16:00:00+00:00
[2024-11-16T19:15:44.063+0000] {processor.py:208} INFO - Processing /home/airflow/.local/lib/python3.12/site-packages/airflow/example_dags/example_latest_only_with_trigger.py took 0.213 seconds
[2024-11-16T19:16:14.649+0000] {processor.py:186} INFO - Started process (PID=1385) to work on /home/airflow/.local/lib/python3.12/site-packages/airflow/example_dags/example_latest_only_with_trigger.py
[2024-11-16T19:16:14.652+0000] {processor.py:914} INFO - Processing file /home/airflow/.local/lib/python3.12/site-packages/airflow/example_dags/example_latest_only_with_trigger.py for tasks to queue
[2024-11-16T19:16:14.660+0000] {logging_mixin.py:190} INFO - [2024-11-16T19:16:14.659+0000] {dagbag.py:588} INFO - Filling up the DagBag from /home/airflow/.local/lib/python3.12/site-packages/airflow/example_dags/example_latest_only_with_trigger.py
[2024-11-16T19:16:14.689+0000] {processor.py:925} INFO - DAG(s) 'latest_only_with_trigger' retrieved from /home/airflow/.local/lib/python3.12/site-packages/airflow/example_dags/example_latest_only_with_trigger.py
[2024-11-16T19:16:14.789+0000] {logging_mixin.py:190} INFO - [2024-11-16T19:16:14.788+0000] {dag.py:3239} INFO - Sync 1 DAGs
[2024-11-16T19:16:14.924+0000] {logging_mixin.py:190} INFO - [2024-11-16T19:16:14.923+0000] {dag.py:4180} INFO - Setting next_dagrun for latest_only_with_trigger to 2024-11-16 12:00:00+00:00, run_after=2024-11-16 16:00:00+00:00
[2024-11-16T19:16:15.038+0000] {processor.py:208} INFO - Processing /home/airflow/.local/lib/python3.12/site-packages/airflow/example_dags/example_latest_only_with_trigger.py took 0.409 seconds
[2024-11-16T19:16:45.341+0000] {processor.py:186} INFO - Started process (PID=1448) to work on /home/airflow/.local/lib/python3.12/site-packages/airflow/example_dags/example_latest_only_with_trigger.py
[2024-11-16T19:16:45.343+0000] {processor.py:914} INFO - Processing file /home/airflow/.local/lib/python3.12/site-packages/airflow/example_dags/example_latest_only_with_trigger.py for tasks to queue
[2024-11-16T19:16:45.349+0000] {logging_mixin.py:190} INFO - [2024-11-16T19:16:45.348+0000] {dagbag.py:588} INFO - Filling up the DagBag from /home/airflow/.local/lib/python3.12/site-packages/airflow/example_dags/example_latest_only_with_trigger.py
[2024-11-16T19:16:45.369+0000] {processor.py:925} INFO - DAG(s) 'latest_only_with_trigger' retrieved from /home/airflow/.local/lib/python3.12/site-packages/airflow/example_dags/example_latest_only_with_trigger.py
[2024-11-16T19:16:45.423+0000] {logging_mixin.py:190} INFO - [2024-11-16T19:16:45.422+0000] {dag.py:3239} INFO - Sync 1 DAGs
[2024-11-16T19:16:45.483+0000] {logging_mixin.py:190} INFO - [2024-11-16T19:16:45.483+0000] {dag.py:4180} INFO - Setting next_dagrun for latest_only_with_trigger to 2024-11-16 12:00:00+00:00, run_after=2024-11-16 16:00:00+00:00
[2024-11-16T19:16:45.532+0000] {processor.py:208} INFO - Processing /home/airflow/.local/lib/python3.12/site-packages/airflow/example_dags/example_latest_only_with_trigger.py took 0.208 seconds
[2024-11-16T19:17:15.743+0000] {processor.py:186} INFO - Started process (PID=1510) to work on /home/airflow/.local/lib/python3.12/site-packages/airflow/example_dags/example_latest_only_with_trigger.py
[2024-11-16T19:17:15.746+0000] {processor.py:914} INFO - Processing file /home/airflow/.local/lib/python3.12/site-packages/airflow/example_dags/example_latest_only_with_trigger.py for tasks to queue
[2024-11-16T19:17:15.763+0000] {logging_mixin.py:190} INFO - [2024-11-16T19:17:15.762+0000] {dagbag.py:588} INFO - Filling up the DagBag from /home/airflow/.local/lib/python3.12/site-packages/airflow/example_dags/example_latest_only_with_trigger.py
[2024-11-16T19:17:15.802+0000] {processor.py:925} INFO - DAG(s) 'latest_only_with_trigger' retrieved from /home/airflow/.local/lib/python3.12/site-packages/airflow/example_dags/example_latest_only_with_trigger.py
[2024-11-16T19:17:15.894+0000] {logging_mixin.py:190} INFO - [2024-11-16T19:17:15.893+0000] {dag.py:3239} INFO - Sync 1 DAGs
[2024-11-16T19:17:15.963+0000] {logging_mixin.py:190} INFO - [2024-11-16T19:17:15.962+0000] {dag.py:4180} INFO - Setting next_dagrun for latest_only_with_trigger to 2024-11-16 12:00:00+00:00, run_after=2024-11-16 16:00:00+00:00
[2024-11-16T19:17:16.004+0000] {processor.py:208} INFO - Processing /home/airflow/.local/lib/python3.12/site-packages/airflow/example_dags/example_latest_only_with_trigger.py took 0.290 seconds
