[2024-11-16T18:59:36.199+0000] {processor.py:186} INFO - Started process (PID=115) to work on /home/airflow/.local/lib/python3.12/site-packages/airflow/example_dags/example_dag_decorator.py
[2024-11-16T18:59:36.202+0000] {processor.py:914} INFO - Processing file /home/airflow/.local/lib/python3.12/site-packages/airflow/example_dags/example_dag_decorator.py for tasks to queue
[2024-11-16T18:59:36.221+0000] {logging_mixin.py:190} INFO - [2024-11-16T18:59:36.220+0000] {dagbag.py:588} INFO - Filling up the DagBag from /home/airflow/.local/lib/python3.12/site-packages/airflow/example_dags/example_dag_decorator.py
[2024-11-16T18:59:36.313+0000] {processor.py:925} INFO - DAG(s) 'example_dag_decorator' retrieved from /home/airflow/.local/lib/python3.12/site-packages/airflow/example_dags/example_dag_decorator.py
[2024-11-16T18:59:36.979+0000] {logging_mixin.py:190} INFO - [2024-11-16T18:59:36.978+0000] {override.py:1911} INFO - Created Permission View: can delete on DAG:example_dag_decorator
[2024-11-16T18:59:37.017+0000] {logging_mixin.py:190} INFO - [2024-11-16T18:59:37.016+0000] {override.py:1911} INFO - Created Permission View: can edit on DAG:example_dag_decorator
[2024-11-16T18:59:37.031+0000] {logging_mixin.py:190} INFO - [2024-11-16T18:59:37.030+0000] {override.py:1911} INFO - Created Permission View: can read on DAG:example_dag_decorator
[2024-11-16T18:59:37.056+0000] {logging_mixin.py:190} INFO - [2024-11-16T18:59:37.055+0000] {override.py:1911} INFO - Created Permission View: menu access on DAG Run:example_dag_decorator
[2024-11-16T18:59:37.074+0000] {logging_mixin.py:190} INFO - [2024-11-16T18:59:37.073+0000] {override.py:1911} INFO - Created Permission View: can delete on DAG Run:example_dag_decorator
[2024-11-16T18:59:37.093+0000] {logging_mixin.py:190} INFO - [2024-11-16T18:59:37.092+0000] {override.py:1911} INFO - Created Permission View: can read on DAG Run:example_dag_decorator
[2024-11-16T18:59:37.114+0000] {logging_mixin.py:190} INFO - [2024-11-16T18:59:37.113+0000] {override.py:1911} INFO - Created Permission View: can create on DAG Run:example_dag_decorator
[2024-11-16T18:59:37.116+0000] {logging_mixin.py:190} INFO - [2024-11-16T18:59:37.115+0000] {dag.py:3239} INFO - Sync 1 DAGs
[2024-11-16T18:59:37.155+0000] {logging_mixin.py:190} INFO - [2024-11-16T18:59:37.155+0000] {dag.py:3262} INFO - Creating ORM DAG for example_dag_decorator
[2024-11-16T18:59:37.158+0000] {logging_mixin.py:190} INFO - [2024-11-16T18:59:37.157+0000] {dag.py:4180} INFO - Setting next_dagrun for example_dag_decorator to None, run_after=None
[2024-11-16T18:59:37.193+0000] {processor.py:208} INFO - Processing /home/airflow/.local/lib/python3.12/site-packages/airflow/example_dags/example_dag_decorator.py took 1.084 seconds
[2024-11-16T19:00:37.072+0000] {processor.py:186} INFO - Started process (PID=177) to work on /home/airflow/.local/lib/python3.12/site-packages/airflow/example_dags/example_dag_decorator.py
[2024-11-16T19:00:37.093+0000] {processor.py:914} INFO - Processing file /home/airflow/.local/lib/python3.12/site-packages/airflow/example_dags/example_dag_decorator.py for tasks to queue
[2024-11-16T19:00:37.121+0000] {logging_mixin.py:190} INFO - [2024-11-16T19:00:37.117+0000] {dagbag.py:588} INFO - Filling up the DagBag from /home/airflow/.local/lib/python3.12/site-packages/airflow/example_dags/example_dag_decorator.py
[2024-11-16T19:00:37.256+0000] {processor.py:925} INFO - DAG(s) 'example_dag_decorator' retrieved from /home/airflow/.local/lib/python3.12/site-packages/airflow/example_dags/example_dag_decorator.py
[2024-11-16T19:00:37.601+0000] {logging_mixin.py:190} INFO - [2024-11-16T19:00:37.588+0000] {dag.py:3239} INFO - Sync 1 DAGs
[2024-11-16T19:00:37.805+0000] {logging_mixin.py:190} INFO - [2024-11-16T19:00:37.805+0000] {dag.py:4180} INFO - Setting next_dagrun for example_dag_decorator to None, run_after=None
[2024-11-16T19:00:37.971+0000] {processor.py:208} INFO - Processing /home/airflow/.local/lib/python3.12/site-packages/airflow/example_dags/example_dag_decorator.py took 0.972 seconds
[2024-11-16T19:01:08.615+0000] {processor.py:186} INFO - Started process (PID=245) to work on /home/airflow/.local/lib/python3.12/site-packages/airflow/example_dags/example_dag_decorator.py
[2024-11-16T19:01:08.623+0000] {processor.py:914} INFO - Processing file /home/airflow/.local/lib/python3.12/site-packages/airflow/example_dags/example_dag_decorator.py for tasks to queue
[2024-11-16T19:01:08.635+0000] {logging_mixin.py:190} INFO - [2024-11-16T19:01:08.634+0000] {dagbag.py:588} INFO - Filling up the DagBag from /home/airflow/.local/lib/python3.12/site-packages/airflow/example_dags/example_dag_decorator.py
[2024-11-16T19:01:08.688+0000] {processor.py:925} INFO - DAG(s) 'example_dag_decorator' retrieved from /home/airflow/.local/lib/python3.12/site-packages/airflow/example_dags/example_dag_decorator.py
[2024-11-16T19:01:09.247+0000] {logging_mixin.py:190} INFO - [2024-11-16T19:01:09.247+0000] {dag.py:3239} INFO - Sync 1 DAGs
[2024-11-16T19:01:09.291+0000] {logging_mixin.py:190} INFO - [2024-11-16T19:01:09.290+0000] {dag.py:4180} INFO - Setting next_dagrun for example_dag_decorator to None, run_after=None
[2024-11-16T19:01:09.371+0000] {processor.py:208} INFO - Processing /home/airflow/.local/lib/python3.12/site-packages/airflow/example_dags/example_dag_decorator.py took 0.783 seconds
[2024-11-16T19:01:55.374+0000] {processor.py:186} INFO - Started process (PID=308) to work on /home/airflow/.local/lib/python3.12/site-packages/airflow/example_dags/example_dag_decorator.py
[2024-11-16T19:01:55.377+0000] {processor.py:914} INFO - Processing file /home/airflow/.local/lib/python3.12/site-packages/airflow/example_dags/example_dag_decorator.py for tasks to queue
[2024-11-16T19:01:55.388+0000] {logging_mixin.py:190} INFO - [2024-11-16T19:01:55.387+0000] {dagbag.py:588} INFO - Filling up the DagBag from /home/airflow/.local/lib/python3.12/site-packages/airflow/example_dags/example_dag_decorator.py
[2024-11-16T19:01:55.498+0000] {processor.py:925} INFO - DAG(s) 'example_dag_decorator' retrieved from /home/airflow/.local/lib/python3.12/site-packages/airflow/example_dags/example_dag_decorator.py
[2024-11-16T19:01:55.730+0000] {logging_mixin.py:190} INFO - [2024-11-16T19:01:55.729+0000] {dag.py:3239} INFO - Sync 1 DAGs
[2024-11-16T19:01:55.923+0000] {logging_mixin.py:190} INFO - [2024-11-16T19:01:55.922+0000] {dag.py:4180} INFO - Setting next_dagrun for example_dag_decorator to None, run_after=None
[2024-11-16T19:01:56.071+0000] {processor.py:208} INFO - Processing /home/airflow/.local/lib/python3.12/site-packages/airflow/example_dags/example_dag_decorator.py took 0.722 seconds
[2024-11-16T19:02:39.171+0000] {processor.py:186} INFO - Started process (PID=374) to work on /home/airflow/.local/lib/python3.12/site-packages/airflow/example_dags/example_dag_decorator.py
[2024-11-16T19:02:39.173+0000] {processor.py:914} INFO - Processing file /home/airflow/.local/lib/python3.12/site-packages/airflow/example_dags/example_dag_decorator.py for tasks to queue
[2024-11-16T19:02:39.183+0000] {logging_mixin.py:190} INFO - [2024-11-16T19:02:39.182+0000] {dagbag.py:588} INFO - Filling up the DagBag from /home/airflow/.local/lib/python3.12/site-packages/airflow/example_dags/example_dag_decorator.py
[2024-11-16T19:02:39.227+0000] {processor.py:925} INFO - DAG(s) 'example_dag_decorator' retrieved from /home/airflow/.local/lib/python3.12/site-packages/airflow/example_dags/example_dag_decorator.py
[2024-11-16T19:02:39.673+0000] {logging_mixin.py:190} INFO - [2024-11-16T19:02:39.672+0000] {dag.py:3239} INFO - Sync 1 DAGs
[2024-11-16T19:02:39.742+0000] {logging_mixin.py:190} INFO - [2024-11-16T19:02:39.741+0000] {dag.py:4180} INFO - Setting next_dagrun for example_dag_decorator to None, run_after=None
[2024-11-16T19:02:39.804+0000] {processor.py:208} INFO - Processing /home/airflow/.local/lib/python3.12/site-packages/airflow/example_dags/example_dag_decorator.py took 0.651 seconds
[2024-11-16T19:03:10.489+0000] {processor.py:186} INFO - Started process (PID=436) to work on /home/airflow/.local/lib/python3.12/site-packages/airflow/example_dags/example_dag_decorator.py
[2024-11-16T19:03:10.492+0000] {processor.py:914} INFO - Processing file /home/airflow/.local/lib/python3.12/site-packages/airflow/example_dags/example_dag_decorator.py for tasks to queue
[2024-11-16T19:03:10.504+0000] {logging_mixin.py:190} INFO - [2024-11-16T19:03:10.503+0000] {dagbag.py:588} INFO - Filling up the DagBag from /home/airflow/.local/lib/python3.12/site-packages/airflow/example_dags/example_dag_decorator.py
[2024-11-16T19:03:10.562+0000] {processor.py:925} INFO - DAG(s) 'example_dag_decorator' retrieved from /home/airflow/.local/lib/python3.12/site-packages/airflow/example_dags/example_dag_decorator.py
[2024-11-16T19:03:11.006+0000] {logging_mixin.py:190} INFO - [2024-11-16T19:03:11.005+0000] {dag.py:3239} INFO - Sync 1 DAGs
[2024-11-16T19:03:11.039+0000] {logging_mixin.py:190} INFO - [2024-11-16T19:03:11.039+0000] {dag.py:4180} INFO - Setting next_dagrun for example_dag_decorator to None, run_after=None
[2024-11-16T19:03:11.110+0000] {processor.py:208} INFO - Processing /home/airflow/.local/lib/python3.12/site-packages/airflow/example_dags/example_dag_decorator.py took 0.662 seconds
[2024-11-16T19:03:42.169+0000] {processor.py:186} INFO - Started process (PID=500) to work on /home/airflow/.local/lib/python3.12/site-packages/airflow/example_dags/example_dag_decorator.py
[2024-11-16T19:03:42.171+0000] {processor.py:914} INFO - Processing file /home/airflow/.local/lib/python3.12/site-packages/airflow/example_dags/example_dag_decorator.py for tasks to queue
[2024-11-16T19:03:42.177+0000] {logging_mixin.py:190} INFO - [2024-11-16T19:03:42.175+0000] {dagbag.py:588} INFO - Filling up the DagBag from /home/airflow/.local/lib/python3.12/site-packages/airflow/example_dags/example_dag_decorator.py
[2024-11-16T19:03:42.216+0000] {processor.py:925} INFO - DAG(s) 'example_dag_decorator' retrieved from /home/airflow/.local/lib/python3.12/site-packages/airflow/example_dags/example_dag_decorator.py
[2024-11-16T19:03:42.607+0000] {logging_mixin.py:190} INFO - [2024-11-16T19:03:42.607+0000] {dag.py:3239} INFO - Sync 1 DAGs
[2024-11-16T19:03:42.643+0000] {logging_mixin.py:190} INFO - [2024-11-16T19:03:42.643+0000] {dag.py:4180} INFO - Setting next_dagrun for example_dag_decorator to None, run_after=None
[2024-11-16T19:03:42.696+0000] {processor.py:208} INFO - Processing /home/airflow/.local/lib/python3.12/site-packages/airflow/example_dags/example_dag_decorator.py took 0.544 seconds
[2024-11-16T19:04:17.333+0000] {processor.py:186} INFO - Started process (PID=566) to work on /home/airflow/.local/lib/python3.12/site-packages/airflow/example_dags/example_dag_decorator.py
[2024-11-16T19:04:17.336+0000] {processor.py:914} INFO - Processing file /home/airflow/.local/lib/python3.12/site-packages/airflow/example_dags/example_dag_decorator.py for tasks to queue
[2024-11-16T19:04:17.342+0000] {logging_mixin.py:190} INFO - [2024-11-16T19:04:17.341+0000] {dagbag.py:588} INFO - Filling up the DagBag from /home/airflow/.local/lib/python3.12/site-packages/airflow/example_dags/example_dag_decorator.py
[2024-11-16T19:04:17.403+0000] {processor.py:925} INFO - DAG(s) 'example_dag_decorator' retrieved from /home/airflow/.local/lib/python3.12/site-packages/airflow/example_dags/example_dag_decorator.py
[2024-11-16T19:04:18.045+0000] {logging_mixin.py:190} INFO - [2024-11-16T19:04:18.044+0000] {dag.py:3239} INFO - Sync 1 DAGs
[2024-11-16T19:04:18.078+0000] {logging_mixin.py:190} INFO - [2024-11-16T19:04:18.077+0000] {dag.py:4180} INFO - Setting next_dagrun for example_dag_decorator to None, run_after=None
[2024-11-16T19:04:18.136+0000] {processor.py:208} INFO - Processing /home/airflow/.local/lib/python3.12/site-packages/airflow/example_dags/example_dag_decorator.py took 0.843 seconds
[2024-11-16T19:05:58.575+0000] {processor.py:186} INFO - Started process (PID=644) to work on /home/airflow/.local/lib/python3.12/site-packages/airflow/example_dags/example_dag_decorator.py
[2024-11-16T19:05:58.589+0000] {processor.py:914} INFO - Processing file /home/airflow/.local/lib/python3.12/site-packages/airflow/example_dags/example_dag_decorator.py for tasks to queue
[2024-11-16T19:05:58.671+0000] {logging_mixin.py:190} INFO - [2024-11-16T19:05:58.655+0000] {dagbag.py:588} INFO - Filling up the DagBag from /home/airflow/.local/lib/python3.12/site-packages/airflow/example_dags/example_dag_decorator.py
[2024-11-16T19:05:58.817+0000] {processor.py:925} INFO - DAG(s) 'example_dag_decorator' retrieved from /home/airflow/.local/lib/python3.12/site-packages/airflow/example_dags/example_dag_decorator.py
[2024-11-16T19:06:02.231+0000] {logging_mixin.py:190} INFO - [2024-11-16T19:06:02.231+0000] {dag.py:3239} INFO - Sync 1 DAGs
[2024-11-16T19:06:02.566+0000] {logging_mixin.py:190} INFO - [2024-11-16T19:06:02.565+0000] {dag.py:4180} INFO - Setting next_dagrun for example_dag_decorator to None, run_after=None
[2024-11-16T19:06:03.437+0000] {processor.py:208} INFO - Processing /home/airflow/.local/lib/python3.12/site-packages/airflow/example_dags/example_dag_decorator.py took 4.942 seconds
[2024-11-16T19:08:39.495+0000] {processor.py:186} INFO - Started process (PID=763) to work on /home/airflow/.local/lib/python3.12/site-packages/airflow/example_dags/example_dag_decorator.py
[2024-11-16T19:08:39.517+0000] {processor.py:914} INFO - Processing file /home/airflow/.local/lib/python3.12/site-packages/airflow/example_dags/example_dag_decorator.py for tasks to queue
[2024-11-16T19:08:39.580+0000] {logging_mixin.py:190} INFO - [2024-11-16T19:08:39.579+0000] {dagbag.py:588} INFO - Filling up the DagBag from /home/airflow/.local/lib/python3.12/site-packages/airflow/example_dags/example_dag_decorator.py
[2024-11-16T19:08:40.009+0000] {processor.py:925} INFO - DAG(s) 'example_dag_decorator' retrieved from /home/airflow/.local/lib/python3.12/site-packages/airflow/example_dags/example_dag_decorator.py
[2024-11-16T19:08:42.811+0000] {logging_mixin.py:190} INFO - [2024-11-16T19:08:42.810+0000] {dag.py:3239} INFO - Sync 1 DAGs
[2024-11-16T19:08:43.175+0000] {logging_mixin.py:190} INFO - [2024-11-16T19:08:43.174+0000] {dag.py:4180} INFO - Setting next_dagrun for example_dag_decorator to None, run_after=None
[2024-11-16T19:08:43.653+0000] {processor.py:208} INFO - Processing /home/airflow/.local/lib/python3.12/site-packages/airflow/example_dags/example_dag_decorator.py took 4.299 seconds
[2024-11-16T19:10:44.926+0000] {processor.py:186} INFO - Started process (PID=867) to work on /home/airflow/.local/lib/python3.12/site-packages/airflow/example_dags/example_dag_decorator.py
[2024-11-16T19:10:45.003+0000] {processor.py:914} INFO - Processing file /home/airflow/.local/lib/python3.12/site-packages/airflow/example_dags/example_dag_decorator.py for tasks to queue
[2024-11-16T19:10:45.181+0000] {logging_mixin.py:190} INFO - [2024-11-16T19:10:45.149+0000] {dagbag.py:588} INFO - Filling up the DagBag from /home/airflow/.local/lib/python3.12/site-packages/airflow/example_dags/example_dag_decorator.py
[2024-11-16T19:10:45.760+0000] {processor.py:925} INFO - DAG(s) 'example_dag_decorator' retrieved from /home/airflow/.local/lib/python3.12/site-packages/airflow/example_dags/example_dag_decorator.py
[2024-11-16T19:10:49.211+0000] {logging_mixin.py:190} INFO - [2024-11-16T19:10:49.210+0000] {dag.py:3239} INFO - Sync 1 DAGs
[2024-11-16T19:10:49.610+0000] {logging_mixin.py:190} INFO - [2024-11-16T19:10:49.609+0000] {dag.py:4180} INFO - Setting next_dagrun for example_dag_decorator to None, run_after=None
[2024-11-16T19:10:49.948+0000] {processor.py:208} INFO - Processing /home/airflow/.local/lib/python3.12/site-packages/airflow/example_dags/example_dag_decorator.py took 5.120 seconds
[2024-11-16T19:12:12.772+0000] {processor.py:186} INFO - Started process (PID=953) to work on /home/airflow/.local/lib/python3.12/site-packages/airflow/example_dags/example_dag_decorator.py
[2024-11-16T19:12:12.782+0000] {processor.py:914} INFO - Processing file /home/airflow/.local/lib/python3.12/site-packages/airflow/example_dags/example_dag_decorator.py for tasks to queue
[2024-11-16T19:12:12.800+0000] {logging_mixin.py:190} INFO - [2024-11-16T19:12:12.799+0000] {dagbag.py:588} INFO - Filling up the DagBag from /home/airflow/.local/lib/python3.12/site-packages/airflow/example_dags/example_dag_decorator.py
[2024-11-16T19:12:13.032+0000] {processor.py:925} INFO - DAG(s) 'example_dag_decorator' retrieved from /home/airflow/.local/lib/python3.12/site-packages/airflow/example_dags/example_dag_decorator.py
[2024-11-16T19:12:14.369+0000] {logging_mixin.py:190} INFO - [2024-11-16T19:12:14.368+0000] {dag.py:3239} INFO - Sync 1 DAGs
[2024-11-16T19:12:14.503+0000] {logging_mixin.py:190} INFO - [2024-11-16T19:12:14.502+0000] {dag.py:4180} INFO - Setting next_dagrun for example_dag_decorator to None, run_after=None
[2024-11-16T19:12:14.601+0000] {processor.py:208} INFO - Processing /home/airflow/.local/lib/python3.12/site-packages/airflow/example_dags/example_dag_decorator.py took 2.014 seconds
[2024-11-16T19:13:00.563+0000] {processor.py:186} INFO - Started process (PID=1021) to work on /home/airflow/.local/lib/python3.12/site-packages/airflow/example_dags/example_dag_decorator.py
[2024-11-16T19:13:00.569+0000] {processor.py:914} INFO - Processing file /home/airflow/.local/lib/python3.12/site-packages/airflow/example_dags/example_dag_decorator.py for tasks to queue
[2024-11-16T19:13:00.577+0000] {logging_mixin.py:190} INFO - [2024-11-16T19:13:00.575+0000] {dagbag.py:588} INFO - Filling up the DagBag from /home/airflow/.local/lib/python3.12/site-packages/airflow/example_dags/example_dag_decorator.py
[2024-11-16T19:13:00.642+0000] {processor.py:925} INFO - DAG(s) 'example_dag_decorator' retrieved from /home/airflow/.local/lib/python3.12/site-packages/airflow/example_dags/example_dag_decorator.py
[2024-11-16T19:13:01.495+0000] {logging_mixin.py:190} INFO - [2024-11-16T19:13:01.494+0000] {dag.py:3239} INFO - Sync 1 DAGs
[2024-11-16T19:13:01.601+0000] {logging_mixin.py:190} INFO - [2024-11-16T19:13:01.601+0000] {dag.py:4180} INFO - Setting next_dagrun for example_dag_decorator to None, run_after=None
[2024-11-16T19:13:01.845+0000] {processor.py:208} INFO - Processing /home/airflow/.local/lib/python3.12/site-packages/airflow/example_dags/example_dag_decorator.py took 1.307 seconds
[2024-11-16T19:13:40.362+0000] {processor.py:186} INFO - Started process (PID=1082) to work on /home/airflow/.local/lib/python3.12/site-packages/airflow/example_dags/example_dag_decorator.py
[2024-11-16T19:13:40.391+0000] {processor.py:914} INFO - Processing file /home/airflow/.local/lib/python3.12/site-packages/airflow/example_dags/example_dag_decorator.py for tasks to queue
[2024-11-16T19:13:40.412+0000] {logging_mixin.py:190} INFO - [2024-11-16T19:13:40.411+0000] {dagbag.py:588} INFO - Filling up the DagBag from /home/airflow/.local/lib/python3.12/site-packages/airflow/example_dags/example_dag_decorator.py
[2024-11-16T19:13:40.539+0000] {processor.py:925} INFO - DAG(s) 'example_dag_decorator' retrieved from /home/airflow/.local/lib/python3.12/site-packages/airflow/example_dags/example_dag_decorator.py
[2024-11-16T19:13:41.559+0000] {logging_mixin.py:190} INFO - [2024-11-16T19:13:41.558+0000] {dag.py:3239} INFO - Sync 1 DAGs
[2024-11-16T19:13:41.627+0000] {logging_mixin.py:190} INFO - [2024-11-16T19:13:41.627+0000] {dag.py:4180} INFO - Setting next_dagrun for example_dag_decorator to None, run_after=None
[2024-11-16T19:13:41.724+0000] {processor.py:208} INFO - Processing /home/airflow/.local/lib/python3.12/site-packages/airflow/example_dags/example_dag_decorator.py took 1.416 seconds
[2024-11-16T19:14:17.465+0000] {processor.py:186} INFO - Started process (PID=1152) to work on /home/airflow/.local/lib/python3.12/site-packages/airflow/example_dags/example_dag_decorator.py
[2024-11-16T19:14:17.479+0000] {processor.py:914} INFO - Processing file /home/airflow/.local/lib/python3.12/site-packages/airflow/example_dags/example_dag_decorator.py for tasks to queue
[2024-11-16T19:14:17.492+0000] {logging_mixin.py:190} INFO - [2024-11-16T19:14:17.488+0000] {dagbag.py:588} INFO - Filling up the DagBag from /home/airflow/.local/lib/python3.12/site-packages/airflow/example_dags/example_dag_decorator.py
[2024-11-16T19:14:17.535+0000] {processor.py:925} INFO - DAG(s) 'example_dag_decorator' retrieved from /home/airflow/.local/lib/python3.12/site-packages/airflow/example_dags/example_dag_decorator.py
[2024-11-16T19:14:18.133+0000] {logging_mixin.py:190} INFO - [2024-11-16T19:14:18.132+0000] {dag.py:3239} INFO - Sync 1 DAGs
[2024-11-16T19:14:18.175+0000] {logging_mixin.py:190} INFO - [2024-11-16T19:14:18.174+0000] {dag.py:4180} INFO - Setting next_dagrun for example_dag_decorator to None, run_after=None
[2024-11-16T19:14:18.256+0000] {processor.py:208} INFO - Processing /home/airflow/.local/lib/python3.12/site-packages/airflow/example_dags/example_dag_decorator.py took 0.813 seconds
[2024-11-16T19:14:49.116+0000] {processor.py:186} INFO - Started process (PID=1218) to work on /home/airflow/.local/lib/python3.12/site-packages/airflow/example_dags/example_dag_decorator.py
[2024-11-16T19:14:49.129+0000] {processor.py:914} INFO - Processing file /home/airflow/.local/lib/python3.12/site-packages/airflow/example_dags/example_dag_decorator.py for tasks to queue
[2024-11-16T19:14:49.161+0000] {logging_mixin.py:190} INFO - [2024-11-16T19:14:49.160+0000] {dagbag.py:588} INFO - Filling up the DagBag from /home/airflow/.local/lib/python3.12/site-packages/airflow/example_dags/example_dag_decorator.py
[2024-11-16T19:14:49.294+0000] {processor.py:925} INFO - DAG(s) 'example_dag_decorator' retrieved from /home/airflow/.local/lib/python3.12/site-packages/airflow/example_dags/example_dag_decorator.py
[2024-11-16T19:14:50.556+0000] {logging_mixin.py:190} INFO - [2024-11-16T19:14:50.555+0000] {dag.py:3239} INFO - Sync 1 DAGs
[2024-11-16T19:14:50.636+0000] {logging_mixin.py:190} INFO - [2024-11-16T19:14:50.634+0000] {dag.py:4180} INFO - Setting next_dagrun for example_dag_decorator to None, run_after=None
[2024-11-16T19:14:50.785+0000] {processor.py:208} INFO - Processing /home/airflow/.local/lib/python3.12/site-packages/airflow/example_dags/example_dag_decorator.py took 1.747 seconds
[2024-11-16T19:15:21.251+0000] {processor.py:186} INFO - Started process (PID=1282) to work on /home/airflow/.local/lib/python3.12/site-packages/airflow/example_dags/example_dag_decorator.py
[2024-11-16T19:15:21.253+0000] {processor.py:914} INFO - Processing file /home/airflow/.local/lib/python3.12/site-packages/airflow/example_dags/example_dag_decorator.py for tasks to queue
[2024-11-16T19:15:21.262+0000] {logging_mixin.py:190} INFO - [2024-11-16T19:15:21.261+0000] {dagbag.py:588} INFO - Filling up the DagBag from /home/airflow/.local/lib/python3.12/site-packages/airflow/example_dags/example_dag_decorator.py
[2024-11-16T19:15:21.325+0000] {processor.py:925} INFO - DAG(s) 'example_dag_decorator' retrieved from /home/airflow/.local/lib/python3.12/site-packages/airflow/example_dags/example_dag_decorator.py
[2024-11-16T19:15:21.846+0000] {logging_mixin.py:190} INFO - [2024-11-16T19:15:21.845+0000] {dag.py:3239} INFO - Sync 1 DAGs
[2024-11-16T19:15:21.884+0000] {logging_mixin.py:190} INFO - [2024-11-16T19:15:21.883+0000] {dag.py:4180} INFO - Setting next_dagrun for example_dag_decorator to None, run_after=None
[2024-11-16T19:15:21.933+0000] {processor.py:208} INFO - Processing /home/airflow/.local/lib/python3.12/site-packages/airflow/example_dags/example_dag_decorator.py took 0.697 seconds
[2024-11-16T19:15:52.164+0000] {processor.py:186} INFO - Started process (PID=1351) to work on /home/airflow/.local/lib/python3.12/site-packages/airflow/example_dags/example_dag_decorator.py
[2024-11-16T19:15:52.168+0000] {processor.py:914} INFO - Processing file /home/airflow/.local/lib/python3.12/site-packages/airflow/example_dags/example_dag_decorator.py for tasks to queue
[2024-11-16T19:15:52.178+0000] {logging_mixin.py:190} INFO - [2024-11-16T19:15:52.177+0000] {dagbag.py:588} INFO - Filling up the DagBag from /home/airflow/.local/lib/python3.12/site-packages/airflow/example_dags/example_dag_decorator.py
[2024-11-16T19:15:52.270+0000] {processor.py:925} INFO - DAG(s) 'example_dag_decorator' retrieved from /home/airflow/.local/lib/python3.12/site-packages/airflow/example_dags/example_dag_decorator.py
[2024-11-16T19:15:52.707+0000] {logging_mixin.py:190} INFO - [2024-11-16T19:15:52.707+0000] {dag.py:3239} INFO - Sync 1 DAGs
[2024-11-16T19:15:52.774+0000] {logging_mixin.py:190} INFO - [2024-11-16T19:15:52.773+0000] {dag.py:4180} INFO - Setting next_dagrun for example_dag_decorator to None, run_after=None
[2024-11-16T19:15:52.854+0000] {processor.py:208} INFO - Processing /home/airflow/.local/lib/python3.12/site-packages/airflow/example_dags/example_dag_decorator.py took 0.711 seconds
[2024-11-16T19:16:23.182+0000] {processor.py:186} INFO - Started process (PID=1415) to work on /home/airflow/.local/lib/python3.12/site-packages/airflow/example_dags/example_dag_decorator.py
[2024-11-16T19:16:23.201+0000] {processor.py:914} INFO - Processing file /home/airflow/.local/lib/python3.12/site-packages/airflow/example_dags/example_dag_decorator.py for tasks to queue
[2024-11-16T19:16:23.210+0000] {logging_mixin.py:190} INFO - [2024-11-16T19:16:23.209+0000] {dagbag.py:588} INFO - Filling up the DagBag from /home/airflow/.local/lib/python3.12/site-packages/airflow/example_dags/example_dag_decorator.py
[2024-11-16T19:16:23.253+0000] {processor.py:925} INFO - DAG(s) 'example_dag_decorator' retrieved from /home/airflow/.local/lib/python3.12/site-packages/airflow/example_dags/example_dag_decorator.py
[2024-11-16T19:16:23.326+0000] {logging_mixin.py:190} INFO - [2024-11-16T19:16:23.325+0000] {dag.py:3239} INFO - Sync 1 DAGs
[2024-11-16T19:16:23.368+0000] {logging_mixin.py:190} INFO - [2024-11-16T19:16:23.368+0000] {dag.py:4180} INFO - Setting next_dagrun for example_dag_decorator to None, run_after=None
[2024-11-16T19:16:23.409+0000] {processor.py:208} INFO - Processing /home/airflow/.local/lib/python3.12/site-packages/airflow/example_dags/example_dag_decorator.py took 0.268 seconds
[2024-11-16T19:16:56.975+0000] {processor.py:186} INFO - Started process (PID=1480) to work on /home/airflow/.local/lib/python3.12/site-packages/airflow/example_dags/example_dag_decorator.py
[2024-11-16T19:16:56.977+0000] {processor.py:914} INFO - Processing file /home/airflow/.local/lib/python3.12/site-packages/airflow/example_dags/example_dag_decorator.py for tasks to queue
[2024-11-16T19:16:56.985+0000] {logging_mixin.py:190} INFO - [2024-11-16T19:16:56.984+0000] {dagbag.py:588} INFO - Filling up the DagBag from /home/airflow/.local/lib/python3.12/site-packages/airflow/example_dags/example_dag_decorator.py
[2024-11-16T19:16:57.036+0000] {processor.py:925} INFO - DAG(s) 'example_dag_decorator' retrieved from /home/airflow/.local/lib/python3.12/site-packages/airflow/example_dags/example_dag_decorator.py
[2024-11-16T19:16:57.105+0000] {logging_mixin.py:190} INFO - [2024-11-16T19:16:57.105+0000] {dag.py:3239} INFO - Sync 1 DAGs
[2024-11-16T19:16:57.140+0000] {logging_mixin.py:190} INFO - [2024-11-16T19:16:57.140+0000] {dag.py:4180} INFO - Setting next_dagrun for example_dag_decorator to None, run_after=None
[2024-11-16T19:16:57.184+0000] {processor.py:208} INFO - Processing /home/airflow/.local/lib/python3.12/site-packages/airflow/example_dags/example_dag_decorator.py took 0.233 seconds
[2024-11-16T19:17:38.346+0000] {processor.py:186} INFO - Started process (PID=1547) to work on /home/airflow/.local/lib/python3.12/site-packages/airflow/example_dags/example_dag_decorator.py
[2024-11-16T19:17:38.352+0000] {processor.py:914} INFO - Processing file /home/airflow/.local/lib/python3.12/site-packages/airflow/example_dags/example_dag_decorator.py for tasks to queue
[2024-11-16T19:17:38.372+0000] {logging_mixin.py:190} INFO - [2024-11-16T19:17:38.370+0000] {dagbag.py:588} INFO - Filling up the DagBag from /home/airflow/.local/lib/python3.12/site-packages/airflow/example_dags/example_dag_decorator.py
[2024-11-16T19:17:38.474+0000] {processor.py:925} INFO - DAG(s) 'example_dag_decorator' retrieved from /home/airflow/.local/lib/python3.12/site-packages/airflow/example_dags/example_dag_decorator.py
[2024-11-16T19:17:38.665+0000] {logging_mixin.py:190} INFO - [2024-11-16T19:17:38.664+0000] {dag.py:3239} INFO - Sync 1 DAGs
[2024-11-16T19:17:38.782+0000] {logging_mixin.py:190} INFO - [2024-11-16T19:17:38.782+0000] {dag.py:4180} INFO - Setting next_dagrun for example_dag_decorator to None, run_after=None
[2024-11-16T19:17:38.970+0000] {processor.py:208} INFO - Processing /home/airflow/.local/lib/python3.12/site-packages/airflow/example_dags/example_dag_decorator.py took 0.699 seconds
