[2024-11-16T19:00:02.399+0000] {processor.py:186} INFO - Started process (PID=129) to work on /home/airflow/.local/lib/python3.12/site-packages/airflow/example_dags/example_skip_dag.py
[2024-11-16T19:00:02.428+0000] {processor.py:914} INFO - Processing file /home/airflow/.local/lib/python3.12/site-packages/airflow/example_dags/example_skip_dag.py for tasks to queue
[2024-11-16T19:00:02.443+0000] {logging_mixin.py:190} INFO - [2024-11-16T19:00:02.442+0000] {dagbag.py:588} INFO - Filling up the DagBag from /home/airflow/.local/lib/python3.12/site-packages/airflow/example_dags/example_skip_dag.py
[2024-11-16T19:00:02.562+0000] {processor.py:925} INFO - DAG(s) 'example_skip_dag' retrieved from /home/airflow/.local/lib/python3.12/site-packages/airflow/example_dags/example_skip_dag.py
[2024-11-16T19:00:04.123+0000] {logging_mixin.py:190} INFO - [2024-11-16T19:00:04.062+0000] {override.py:1911} INFO - Created Permission View: can delete on DAG:example_skip_dag
[2024-11-16T19:00:04.292+0000] {logging_mixin.py:190} INFO - [2024-11-16T19:00:04.292+0000] {override.py:1911} INFO - Created Permission View: can edit on DAG:example_skip_dag
[2024-11-16T19:00:04.823+0000] {logging_mixin.py:190} INFO - [2024-11-16T19:00:04.822+0000] {override.py:1911} INFO - Created Permission View: can read on DAG:example_skip_dag
[2024-11-16T19:00:05.040+0000] {logging_mixin.py:190} INFO - [2024-11-16T19:00:05.039+0000] {override.py:1911} INFO - Created Permission View: menu access on DAG Run:example_skip_dag
[2024-11-16T19:00:05.313+0000] {logging_mixin.py:190} INFO - [2024-11-16T19:00:05.286+0000] {override.py:1911} INFO - Created Permission View: can delete on DAG Run:example_skip_dag
[2024-11-16T19:00:05.496+0000] {logging_mixin.py:190} INFO - [2024-11-16T19:00:05.494+0000] {override.py:1911} INFO - Created Permission View: can read on DAG Run:example_skip_dag
[2024-11-16T19:00:05.561+0000] {logging_mixin.py:190} INFO - [2024-11-16T19:00:05.559+0000] {override.py:1911} INFO - Created Permission View: can create on DAG Run:example_skip_dag
[2024-11-16T19:00:05.564+0000] {logging_mixin.py:190} INFO - [2024-11-16T19:00:05.563+0000] {dag.py:3239} INFO - Sync 1 DAGs
[2024-11-16T19:00:05.740+0000] {logging_mixin.py:190} INFO - [2024-11-16T19:00:05.740+0000] {dag.py:3262} INFO - Creating ORM DAG for example_skip_dag
[2024-11-16T19:00:05.924+0000] {logging_mixin.py:190} INFO - [2024-11-16T19:00:05.924+0000] {dag.py:4180} INFO - Setting next_dagrun for example_skip_dag to 2024-11-15 00:00:00+00:00, run_after=2024-11-16 00:00:00+00:00
[2024-11-16T19:00:06.324+0000] {processor.py:208} INFO - Processing /home/airflow/.local/lib/python3.12/site-packages/airflow/example_dags/example_skip_dag.py took 4.016 seconds
[2024-11-16T19:00:46.523+0000] {processor.py:186} INFO - Started process (PID=196) to work on /home/airflow/.local/lib/python3.12/site-packages/airflow/example_dags/example_skip_dag.py
[2024-11-16T19:00:46.526+0000] {processor.py:914} INFO - Processing file /home/airflow/.local/lib/python3.12/site-packages/airflow/example_dags/example_skip_dag.py for tasks to queue
[2024-11-16T19:00:46.540+0000] {logging_mixin.py:190} INFO - [2024-11-16T19:00:46.539+0000] {dagbag.py:588} INFO - Filling up the DagBag from /home/airflow/.local/lib/python3.12/site-packages/airflow/example_dags/example_skip_dag.py
[2024-11-16T19:00:46.611+0000] {processor.py:925} INFO - DAG(s) 'example_skip_dag' retrieved from /home/airflow/.local/lib/python3.12/site-packages/airflow/example_dags/example_skip_dag.py
[2024-11-16T19:00:46.937+0000] {logging_mixin.py:190} INFO - [2024-11-16T19:00:46.936+0000] {dag.py:3239} INFO - Sync 1 DAGs
[2024-11-16T19:00:47.228+0000] {logging_mixin.py:190} INFO - [2024-11-16T19:00:47.227+0000] {dag.py:4180} INFO - Setting next_dagrun for example_skip_dag to 2024-11-15 00:00:00+00:00, run_after=2024-11-16 00:00:00+00:00
[2024-11-16T19:00:47.361+0000] {processor.py:208} INFO - Processing /home/airflow/.local/lib/python3.12/site-packages/airflow/example_dags/example_skip_dag.py took 0.889 seconds
[2024-11-16T19:01:17.727+0000] {processor.py:186} INFO - Started process (PID=259) to work on /home/airflow/.local/lib/python3.12/site-packages/airflow/example_dags/example_skip_dag.py
[2024-11-16T19:01:17.742+0000] {processor.py:914} INFO - Processing file /home/airflow/.local/lib/python3.12/site-packages/airflow/example_dags/example_skip_dag.py for tasks to queue
[2024-11-16T19:01:17.760+0000] {logging_mixin.py:190} INFO - [2024-11-16T19:01:17.759+0000] {dagbag.py:588} INFO - Filling up the DagBag from /home/airflow/.local/lib/python3.12/site-packages/airflow/example_dags/example_skip_dag.py
[2024-11-16T19:01:17.845+0000] {processor.py:925} INFO - DAG(s) 'example_skip_dag' retrieved from /home/airflow/.local/lib/python3.12/site-packages/airflow/example_dags/example_skip_dag.py
[2024-11-16T19:01:18.187+0000] {logging_mixin.py:190} INFO - [2024-11-16T19:01:18.186+0000] {dag.py:3239} INFO - Sync 1 DAGs
[2024-11-16T19:01:18.405+0000] {logging_mixin.py:190} INFO - [2024-11-16T19:01:18.405+0000] {dag.py:4180} INFO - Setting next_dagrun for example_skip_dag to 2024-11-15 00:00:00+00:00, run_after=2024-11-16 00:00:00+00:00
[2024-11-16T19:01:18.569+0000] {processor.py:208} INFO - Processing /home/airflow/.local/lib/python3.12/site-packages/airflow/example_dags/example_skip_dag.py took 0.895 seconds
[2024-11-16T19:02:04.179+0000] {processor.py:186} INFO - Started process (PID=320) to work on /home/airflow/.local/lib/python3.12/site-packages/airflow/example_dags/example_skip_dag.py
[2024-11-16T19:02:04.193+0000] {processor.py:914} INFO - Processing file /home/airflow/.local/lib/python3.12/site-packages/airflow/example_dags/example_skip_dag.py for tasks to queue
[2024-11-16T19:02:04.208+0000] {logging_mixin.py:190} INFO - [2024-11-16T19:02:04.207+0000] {dagbag.py:588} INFO - Filling up the DagBag from /home/airflow/.local/lib/python3.12/site-packages/airflow/example_dags/example_skip_dag.py
[2024-11-16T19:02:04.303+0000] {processor.py:925} INFO - DAG(s) 'example_skip_dag' retrieved from /home/airflow/.local/lib/python3.12/site-packages/airflow/example_dags/example_skip_dag.py
[2024-11-16T19:02:04.522+0000] {logging_mixin.py:190} INFO - [2024-11-16T19:02:04.521+0000] {dag.py:3239} INFO - Sync 1 DAGs
[2024-11-16T19:02:04.746+0000] {logging_mixin.py:190} INFO - [2024-11-16T19:02:04.746+0000] {dag.py:4180} INFO - Setting next_dagrun for example_skip_dag to 2024-11-15 00:00:00+00:00, run_after=2024-11-16 00:00:00+00:00
[2024-11-16T19:02:04.974+0000] {processor.py:208} INFO - Processing /home/airflow/.local/lib/python3.12/site-packages/airflow/example_dags/example_skip_dag.py took 0.817 seconds
[2024-11-16T19:02:49.914+0000] {processor.py:186} INFO - Started process (PID=394) to work on /home/airflow/.local/lib/python3.12/site-packages/airflow/example_dags/example_skip_dag.py
[2024-11-16T19:02:49.948+0000] {processor.py:914} INFO - Processing file /home/airflow/.local/lib/python3.12/site-packages/airflow/example_dags/example_skip_dag.py for tasks to queue
[2024-11-16T19:02:49.961+0000] {logging_mixin.py:190} INFO - [2024-11-16T19:02:49.956+0000] {dagbag.py:588} INFO - Filling up the DagBag from /home/airflow/.local/lib/python3.12/site-packages/airflow/example_dags/example_skip_dag.py
[2024-11-16T19:02:50.032+0000] {processor.py:925} INFO - DAG(s) 'example_skip_dag' retrieved from /home/airflow/.local/lib/python3.12/site-packages/airflow/example_dags/example_skip_dag.py
[2024-11-16T19:02:50.164+0000] {logging_mixin.py:190} INFO - [2024-11-16T19:02:50.164+0000] {dag.py:3239} INFO - Sync 1 DAGs
[2024-11-16T19:02:50.297+0000] {logging_mixin.py:190} INFO - [2024-11-16T19:02:50.296+0000] {dag.py:4180} INFO - Setting next_dagrun for example_skip_dag to 2024-11-15 00:00:00+00:00, run_after=2024-11-16 00:00:00+00:00
[2024-11-16T19:02:50.431+0000] {processor.py:208} INFO - Processing /home/airflow/.local/lib/python3.12/site-packages/airflow/example_dags/example_skip_dag.py took 0.587 seconds
[2024-11-16T19:03:21.401+0000] {processor.py:186} INFO - Started process (PID=457) to work on /home/airflow/.local/lib/python3.12/site-packages/airflow/example_dags/example_skip_dag.py
[2024-11-16T19:03:21.404+0000] {processor.py:914} INFO - Processing file /home/airflow/.local/lib/python3.12/site-packages/airflow/example_dags/example_skip_dag.py for tasks to queue
[2024-11-16T19:03:21.424+0000] {logging_mixin.py:190} INFO - [2024-11-16T19:03:21.413+0000] {dagbag.py:588} INFO - Filling up the DagBag from /home/airflow/.local/lib/python3.12/site-packages/airflow/example_dags/example_skip_dag.py
[2024-11-16T19:03:21.455+0000] {processor.py:925} INFO - DAG(s) 'example_skip_dag' retrieved from /home/airflow/.local/lib/python3.12/site-packages/airflow/example_dags/example_skip_dag.py
[2024-11-16T19:03:21.555+0000] {logging_mixin.py:190} INFO - [2024-11-16T19:03:21.554+0000] {dag.py:3239} INFO - Sync 1 DAGs
[2024-11-16T19:03:21.709+0000] {logging_mixin.py:190} INFO - [2024-11-16T19:03:21.707+0000] {dag.py:4180} INFO - Setting next_dagrun for example_skip_dag to 2024-11-15 00:00:00+00:00, run_after=2024-11-16 00:00:00+00:00
[2024-11-16T19:03:21.803+0000] {processor.py:208} INFO - Processing /home/airflow/.local/lib/python3.12/site-packages/airflow/example_dags/example_skip_dag.py took 0.425 seconds
[2024-11-16T19:03:52.598+0000] {processor.py:186} INFO - Started process (PID=520) to work on /home/airflow/.local/lib/python3.12/site-packages/airflow/example_dags/example_skip_dag.py
[2024-11-16T19:03:52.606+0000] {processor.py:914} INFO - Processing file /home/airflow/.local/lib/python3.12/site-packages/airflow/example_dags/example_skip_dag.py for tasks to queue
[2024-11-16T19:03:52.613+0000] {logging_mixin.py:190} INFO - [2024-11-16T19:03:52.612+0000] {dagbag.py:588} INFO - Filling up the DagBag from /home/airflow/.local/lib/python3.12/site-packages/airflow/example_dags/example_skip_dag.py
[2024-11-16T19:03:52.658+0000] {processor.py:925} INFO - DAG(s) 'example_skip_dag' retrieved from /home/airflow/.local/lib/python3.12/site-packages/airflow/example_dags/example_skip_dag.py
[2024-11-16T19:03:52.746+0000] {logging_mixin.py:190} INFO - [2024-11-16T19:03:52.746+0000] {dag.py:3239} INFO - Sync 1 DAGs
[2024-11-16T19:03:52.828+0000] {logging_mixin.py:190} INFO - [2024-11-16T19:03:52.828+0000] {dag.py:4180} INFO - Setting next_dagrun for example_skip_dag to 2024-11-15 00:00:00+00:00, run_after=2024-11-16 00:00:00+00:00
[2024-11-16T19:03:52.893+0000] {processor.py:208} INFO - Processing /home/airflow/.local/lib/python3.12/site-packages/airflow/example_dags/example_skip_dag.py took 0.320 seconds
[2024-11-16T19:04:23.870+0000] {processor.py:186} INFO - Started process (PID=583) to work on /home/airflow/.local/lib/python3.12/site-packages/airflow/example_dags/example_skip_dag.py
[2024-11-16T19:04:23.872+0000] {processor.py:914} INFO - Processing file /home/airflow/.local/lib/python3.12/site-packages/airflow/example_dags/example_skip_dag.py for tasks to queue
[2024-11-16T19:04:23.879+0000] {logging_mixin.py:190} INFO - [2024-11-16T19:04:23.878+0000] {dagbag.py:588} INFO - Filling up the DagBag from /home/airflow/.local/lib/python3.12/site-packages/airflow/example_dags/example_skip_dag.py
[2024-11-16T19:04:23.912+0000] {processor.py:925} INFO - DAG(s) 'example_skip_dag' retrieved from /home/airflow/.local/lib/python3.12/site-packages/airflow/example_dags/example_skip_dag.py
[2024-11-16T19:04:23.979+0000] {logging_mixin.py:190} INFO - [2024-11-16T19:04:23.979+0000] {dag.py:3239} INFO - Sync 1 DAGs
[2024-11-16T19:04:24.086+0000] {logging_mixin.py:190} INFO - [2024-11-16T19:04:24.085+0000] {dag.py:4180} INFO - Setting next_dagrun for example_skip_dag to 2024-11-15 00:00:00+00:00, run_after=2024-11-16 00:00:00+00:00
[2024-11-16T19:04:24.162+0000] {processor.py:208} INFO - Processing /home/airflow/.local/lib/python3.12/site-packages/airflow/example_dags/example_skip_dag.py took 0.314 seconds
[2024-11-16T19:06:24.739+0000] {processor.py:186} INFO - Started process (PID=663) to work on /home/airflow/.local/lib/python3.12/site-packages/airflow/example_dags/example_skip_dag.py
[2024-11-16T19:06:24.756+0000] {processor.py:914} INFO - Processing file /home/airflow/.local/lib/python3.12/site-packages/airflow/example_dags/example_skip_dag.py for tasks to queue
[2024-11-16T19:06:24.788+0000] {logging_mixin.py:190} INFO - [2024-11-16T19:06:24.787+0000] {dagbag.py:588} INFO - Filling up the DagBag from /home/airflow/.local/lib/python3.12/site-packages/airflow/example_dags/example_skip_dag.py
[2024-11-16T19:06:24.884+0000] {processor.py:925} INFO - DAG(s) 'example_skip_dag' retrieved from /home/airflow/.local/lib/python3.12/site-packages/airflow/example_dags/example_skip_dag.py
[2024-11-16T19:06:25.190+0000] {logging_mixin.py:190} INFO - [2024-11-16T19:06:25.189+0000] {dag.py:3239} INFO - Sync 1 DAGs
[2024-11-16T19:06:25.571+0000] {logging_mixin.py:190} INFO - [2024-11-16T19:06:25.558+0000] {dag.py:4180} INFO - Setting next_dagrun for example_skip_dag to 2024-11-15 00:00:00+00:00, run_after=2024-11-16 00:00:00+00:00
[2024-11-16T19:06:25.919+0000] {processor.py:208} INFO - Processing /home/airflow/.local/lib/python3.12/site-packages/airflow/example_dags/example_skip_dag.py took 1.234 seconds
[2024-11-16T19:09:05.297+0000] {processor.py:186} INFO - Started process (PID=781) to work on /home/airflow/.local/lib/python3.12/site-packages/airflow/example_dags/example_skip_dag.py
[2024-11-16T19:09:05.322+0000] {processor.py:914} INFO - Processing file /home/airflow/.local/lib/python3.12/site-packages/airflow/example_dags/example_skip_dag.py for tasks to queue
[2024-11-16T19:09:05.359+0000] {logging_mixin.py:190} INFO - [2024-11-16T19:09:05.357+0000] {dagbag.py:588} INFO - Filling up the DagBag from /home/airflow/.local/lib/python3.12/site-packages/airflow/example_dags/example_skip_dag.py
[2024-11-16T19:09:05.537+0000] {processor.py:925} INFO - DAG(s) 'example_skip_dag' retrieved from /home/airflow/.local/lib/python3.12/site-packages/airflow/example_dags/example_skip_dag.py
[2024-11-16T19:09:05.901+0000] {logging_mixin.py:190} INFO - [2024-11-16T19:09:05.900+0000] {dag.py:3239} INFO - Sync 1 DAGs
[2024-11-16T19:09:06.307+0000] {logging_mixin.py:190} INFO - [2024-11-16T19:09:06.293+0000] {dag.py:4180} INFO - Setting next_dagrun for example_skip_dag to 2024-11-15 00:00:00+00:00, run_after=2024-11-16 00:00:00+00:00
[2024-11-16T19:09:06.607+0000] {processor.py:208} INFO - Processing /home/airflow/.local/lib/python3.12/site-packages/airflow/example_dags/example_skip_dag.py took 1.391 seconds
[2024-11-16T19:11:09.085+0000] {processor.py:186} INFO - Started process (PID=885) to work on /home/airflow/.local/lib/python3.12/site-packages/airflow/example_dags/example_skip_dag.py
[2024-11-16T19:11:09.106+0000] {processor.py:914} INFO - Processing file /home/airflow/.local/lib/python3.12/site-packages/airflow/example_dags/example_skip_dag.py for tasks to queue
[2024-11-16T19:11:09.146+0000] {logging_mixin.py:190} INFO - [2024-11-16T19:11:09.144+0000] {dagbag.py:588} INFO - Filling up the DagBag from /home/airflow/.local/lib/python3.12/site-packages/airflow/example_dags/example_skip_dag.py
[2024-11-16T19:11:09.204+0000] {processor.py:925} INFO - DAG(s) 'example_skip_dag' retrieved from /home/airflow/.local/lib/python3.12/site-packages/airflow/example_dags/example_skip_dag.py
[2024-11-16T19:11:09.427+0000] {logging_mixin.py:190} INFO - [2024-11-16T19:11:09.416+0000] {dag.py:3239} INFO - Sync 1 DAGs
[2024-11-16T19:11:09.683+0000] {logging_mixin.py:190} INFO - [2024-11-16T19:11:09.683+0000] {dag.py:4180} INFO - Setting next_dagrun for example_skip_dag to 2024-11-15 00:00:00+00:00, run_after=2024-11-16 00:00:00+00:00
[2024-11-16T19:11:09.896+0000] {processor.py:208} INFO - Processing /home/airflow/.local/lib/python3.12/site-packages/airflow/example_dags/example_skip_dag.py took 0.925 seconds
[2024-11-16T19:12:26.945+0000] {processor.py:186} INFO - Started process (PID=970) to work on /home/airflow/.local/lib/python3.12/site-packages/airflow/example_dags/example_skip_dag.py
[2024-11-16T19:12:26.955+0000] {processor.py:914} INFO - Processing file /home/airflow/.local/lib/python3.12/site-packages/airflow/example_dags/example_skip_dag.py for tasks to queue
[2024-11-16T19:12:26.976+0000] {logging_mixin.py:190} INFO - [2024-11-16T19:12:26.975+0000] {dagbag.py:588} INFO - Filling up the DagBag from /home/airflow/.local/lib/python3.12/site-packages/airflow/example_dags/example_skip_dag.py
[2024-11-16T19:12:27.092+0000] {processor.py:925} INFO - DAG(s) 'example_skip_dag' retrieved from /home/airflow/.local/lib/python3.12/site-packages/airflow/example_dags/example_skip_dag.py
[2024-11-16T19:12:27.348+0000] {logging_mixin.py:190} INFO - [2024-11-16T19:12:27.347+0000] {dag.py:3239} INFO - Sync 1 DAGs
[2024-11-16T19:12:27.611+0000] {logging_mixin.py:190} INFO - [2024-11-16T19:12:27.610+0000] {dag.py:4180} INFO - Setting next_dagrun for example_skip_dag to 2024-11-15 00:00:00+00:00, run_after=2024-11-16 00:00:00+00:00
[2024-11-16T19:12:27.845+0000] {processor.py:208} INFO - Processing /home/airflow/.local/lib/python3.12/site-packages/airflow/example_dags/example_skip_dag.py took 0.955 seconds
[2024-11-16T19:13:07.973+0000] {processor.py:186} INFO - Started process (PID=1038) to work on /home/airflow/.local/lib/python3.12/site-packages/airflow/example_dags/example_skip_dag.py
[2024-11-16T19:13:07.975+0000] {processor.py:914} INFO - Processing file /home/airflow/.local/lib/python3.12/site-packages/airflow/example_dags/example_skip_dag.py for tasks to queue
[2024-11-16T19:13:07.981+0000] {logging_mixin.py:190} INFO - [2024-11-16T19:13:07.980+0000] {dagbag.py:588} INFO - Filling up the DagBag from /home/airflow/.local/lib/python3.12/site-packages/airflow/example_dags/example_skip_dag.py
[2024-11-16T19:13:08.002+0000] {processor.py:925} INFO - DAG(s) 'example_skip_dag' retrieved from /home/airflow/.local/lib/python3.12/site-packages/airflow/example_dags/example_skip_dag.py
[2024-11-16T19:13:08.060+0000] {logging_mixin.py:190} INFO - [2024-11-16T19:13:08.060+0000] {dag.py:3239} INFO - Sync 1 DAGs
[2024-11-16T19:13:08.113+0000] {logging_mixin.py:190} INFO - [2024-11-16T19:13:08.113+0000] {dag.py:4180} INFO - Setting next_dagrun for example_skip_dag to 2024-11-15 00:00:00+00:00, run_after=2024-11-16 00:00:00+00:00
[2024-11-16T19:13:08.158+0000] {processor.py:208} INFO - Processing /home/airflow/.local/lib/python3.12/site-packages/airflow/example_dags/example_skip_dag.py took 0.204 seconds
[2024-11-16T19:13:55.876+0000] {processor.py:186} INFO - Started process (PID=1112) to work on /home/airflow/.local/lib/python3.12/site-packages/airflow/example_dags/example_skip_dag.py
[2024-11-16T19:13:55.878+0000] {processor.py:914} INFO - Processing file /home/airflow/.local/lib/python3.12/site-packages/airflow/example_dags/example_skip_dag.py for tasks to queue
[2024-11-16T19:13:55.884+0000] {logging_mixin.py:190} INFO - [2024-11-16T19:13:55.883+0000] {dagbag.py:588} INFO - Filling up the DagBag from /home/airflow/.local/lib/python3.12/site-packages/airflow/example_dags/example_skip_dag.py
[2024-11-16T19:13:55.907+0000] {processor.py:925} INFO - DAG(s) 'example_skip_dag' retrieved from /home/airflow/.local/lib/python3.12/site-packages/airflow/example_dags/example_skip_dag.py
[2024-11-16T19:13:55.955+0000] {logging_mixin.py:190} INFO - [2024-11-16T19:13:55.955+0000] {dag.py:3239} INFO - Sync 1 DAGs
[2024-11-16T19:13:56.012+0000] {logging_mixin.py:190} INFO - [2024-11-16T19:13:56.011+0000] {dag.py:4180} INFO - Setting next_dagrun for example_skip_dag to 2024-11-15 00:00:00+00:00, run_after=2024-11-16 00:00:00+00:00
[2024-11-16T19:13:56.062+0000] {processor.py:208} INFO - Processing /home/airflow/.local/lib/python3.12/site-packages/airflow/example_dags/example_skip_dag.py took 0.202 seconds
[2024-11-16T19:14:28.404+0000] {processor.py:186} INFO - Started process (PID=1178) to work on /home/airflow/.local/lib/python3.12/site-packages/airflow/example_dags/example_skip_dag.py
[2024-11-16T19:14:28.411+0000] {processor.py:914} INFO - Processing file /home/airflow/.local/lib/python3.12/site-packages/airflow/example_dags/example_skip_dag.py for tasks to queue
[2024-11-16T19:14:28.424+0000] {logging_mixin.py:190} INFO - [2024-11-16T19:14:28.423+0000] {dagbag.py:588} INFO - Filling up the DagBag from /home/airflow/.local/lib/python3.12/site-packages/airflow/example_dags/example_skip_dag.py
[2024-11-16T19:14:28.466+0000] {processor.py:925} INFO - DAG(s) 'example_skip_dag' retrieved from /home/airflow/.local/lib/python3.12/site-packages/airflow/example_dags/example_skip_dag.py
[2024-11-16T19:14:28.539+0000] {logging_mixin.py:190} INFO - [2024-11-16T19:14:28.538+0000] {dag.py:3239} INFO - Sync 1 DAGs
[2024-11-16T19:14:28.656+0000] {logging_mixin.py:190} INFO - [2024-11-16T19:14:28.655+0000] {dag.py:4180} INFO - Setting next_dagrun for example_skip_dag to 2024-11-15 00:00:00+00:00, run_after=2024-11-16 00:00:00+00:00
[2024-11-16T19:14:28.714+0000] {processor.py:208} INFO - Processing /home/airflow/.local/lib/python3.12/site-packages/airflow/example_dags/example_skip_dag.py took 0.330 seconds
[2024-11-16T19:15:03.421+0000] {processor.py:186} INFO - Started process (PID=1242) to work on /home/airflow/.local/lib/python3.12/site-packages/airflow/example_dags/example_skip_dag.py
[2024-11-16T19:15:03.425+0000] {processor.py:914} INFO - Processing file /home/airflow/.local/lib/python3.12/site-packages/airflow/example_dags/example_skip_dag.py for tasks to queue
[2024-11-16T19:15:03.453+0000] {logging_mixin.py:190} INFO - [2024-11-16T19:15:03.452+0000] {dagbag.py:588} INFO - Filling up the DagBag from /home/airflow/.local/lib/python3.12/site-packages/airflow/example_dags/example_skip_dag.py
[2024-11-16T19:15:03.535+0000] {processor.py:925} INFO - DAG(s) 'example_skip_dag' retrieved from /home/airflow/.local/lib/python3.12/site-packages/airflow/example_dags/example_skip_dag.py
[2024-11-16T19:15:03.717+0000] {logging_mixin.py:190} INFO - [2024-11-16T19:15:03.716+0000] {dag.py:3239} INFO - Sync 1 DAGs
[2024-11-16T19:15:03.915+0000] {logging_mixin.py:190} INFO - [2024-11-16T19:15:03.915+0000] {dag.py:4180} INFO - Setting next_dagrun for example_skip_dag to 2024-11-15 00:00:00+00:00, run_after=2024-11-16 00:00:00+00:00
[2024-11-16T19:15:04.097+0000] {processor.py:208} INFO - Processing /home/airflow/.local/lib/python3.12/site-packages/airflow/example_dags/example_skip_dag.py took 0.746 seconds
[2024-11-16T19:15:34.759+0000] {processor.py:186} INFO - Started process (PID=1305) to work on /home/airflow/.local/lib/python3.12/site-packages/airflow/example_dags/example_skip_dag.py
[2024-11-16T19:15:34.763+0000] {processor.py:914} INFO - Processing file /home/airflow/.local/lib/python3.12/site-packages/airflow/example_dags/example_skip_dag.py for tasks to queue
[2024-11-16T19:15:34.774+0000] {logging_mixin.py:190} INFO - [2024-11-16T19:15:34.773+0000] {dagbag.py:588} INFO - Filling up the DagBag from /home/airflow/.local/lib/python3.12/site-packages/airflow/example_dags/example_skip_dag.py
[2024-11-16T19:15:34.801+0000] {processor.py:925} INFO - DAG(s) 'example_skip_dag' retrieved from /home/airflow/.local/lib/python3.12/site-packages/airflow/example_dags/example_skip_dag.py
[2024-11-16T19:15:34.856+0000] {logging_mixin.py:190} INFO - [2024-11-16T19:15:34.856+0000] {dag.py:3239} INFO - Sync 1 DAGs
[2024-11-16T19:15:34.927+0000] {logging_mixin.py:190} INFO - [2024-11-16T19:15:34.927+0000] {dag.py:4180} INFO - Setting next_dagrun for example_skip_dag to 2024-11-15 00:00:00+00:00, run_after=2024-11-16 00:00:00+00:00
[2024-11-16T19:15:34.979+0000] {processor.py:208} INFO - Processing /home/airflow/.local/lib/python3.12/site-packages/airflow/example_dags/example_skip_dag.py took 0.241 seconds
[2024-11-16T19:16:05.293+0000] {processor.py:186} INFO - Started process (PID=1369) to work on /home/airflow/.local/lib/python3.12/site-packages/airflow/example_dags/example_skip_dag.py
[2024-11-16T19:16:05.295+0000] {processor.py:914} INFO - Processing file /home/airflow/.local/lib/python3.12/site-packages/airflow/example_dags/example_skip_dag.py for tasks to queue
[2024-11-16T19:16:05.301+0000] {logging_mixin.py:190} INFO - [2024-11-16T19:16:05.300+0000] {dagbag.py:588} INFO - Filling up the DagBag from /home/airflow/.local/lib/python3.12/site-packages/airflow/example_dags/example_skip_dag.py
[2024-11-16T19:16:05.323+0000] {processor.py:925} INFO - DAG(s) 'example_skip_dag' retrieved from /home/airflow/.local/lib/python3.12/site-packages/airflow/example_dags/example_skip_dag.py
[2024-11-16T19:16:05.407+0000] {logging_mixin.py:190} INFO - [2024-11-16T19:16:05.406+0000] {dag.py:3239} INFO - Sync 1 DAGs
[2024-11-16T19:16:05.480+0000] {logging_mixin.py:190} INFO - [2024-11-16T19:16:05.480+0000] {dag.py:4180} INFO - Setting next_dagrun for example_skip_dag to 2024-11-15 00:00:00+00:00, run_after=2024-11-16 00:00:00+00:00
[2024-11-16T19:16:05.543+0000] {processor.py:208} INFO - Processing /home/airflow/.local/lib/python3.12/site-packages/airflow/example_dags/example_skip_dag.py took 0.267 seconds
[2024-11-16T19:16:35.927+0000] {processor.py:186} INFO - Started process (PID=1433) to work on /home/airflow/.local/lib/python3.12/site-packages/airflow/example_dags/example_skip_dag.py
[2024-11-16T19:16:35.929+0000] {processor.py:914} INFO - Processing file /home/airflow/.local/lib/python3.12/site-packages/airflow/example_dags/example_skip_dag.py for tasks to queue
[2024-11-16T19:16:35.934+0000] {logging_mixin.py:190} INFO - [2024-11-16T19:16:35.933+0000] {dagbag.py:588} INFO - Filling up the DagBag from /home/airflow/.local/lib/python3.12/site-packages/airflow/example_dags/example_skip_dag.py
[2024-11-16T19:16:35.952+0000] {processor.py:925} INFO - DAG(s) 'example_skip_dag' retrieved from /home/airflow/.local/lib/python3.12/site-packages/airflow/example_dags/example_skip_dag.py
[2024-11-16T19:16:36.000+0000] {logging_mixin.py:190} INFO - [2024-11-16T19:16:35.999+0000] {dag.py:3239} INFO - Sync 1 DAGs
[2024-11-16T19:16:36.055+0000] {logging_mixin.py:190} INFO - [2024-11-16T19:16:36.054+0000] {dag.py:4180} INFO - Setting next_dagrun for example_skip_dag to 2024-11-15 00:00:00+00:00, run_after=2024-11-16 00:00:00+00:00
[2024-11-16T19:16:36.105+0000] {processor.py:208} INFO - Processing /home/airflow/.local/lib/python3.12/site-packages/airflow/example_dags/example_skip_dag.py took 0.191 seconds
[2024-11-16T19:17:06.602+0000] {processor.py:186} INFO - Started process (PID=1496) to work on /home/airflow/.local/lib/python3.12/site-packages/airflow/example_dags/example_skip_dag.py
[2024-11-16T19:17:06.605+0000] {processor.py:914} INFO - Processing file /home/airflow/.local/lib/python3.12/site-packages/airflow/example_dags/example_skip_dag.py for tasks to queue
[2024-11-16T19:17:06.610+0000] {logging_mixin.py:190} INFO - [2024-11-16T19:17:06.609+0000] {dagbag.py:588} INFO - Filling up the DagBag from /home/airflow/.local/lib/python3.12/site-packages/airflow/example_dags/example_skip_dag.py
[2024-11-16T19:17:06.627+0000] {processor.py:925} INFO - DAG(s) 'example_skip_dag' retrieved from /home/airflow/.local/lib/python3.12/site-packages/airflow/example_dags/example_skip_dag.py
[2024-11-16T19:17:06.671+0000] {logging_mixin.py:190} INFO - [2024-11-16T19:17:06.670+0000] {dag.py:3239} INFO - Sync 1 DAGs
[2024-11-16T19:17:06.719+0000] {logging_mixin.py:190} INFO - [2024-11-16T19:17:06.719+0000] {dag.py:4180} INFO - Setting next_dagrun for example_skip_dag to 2024-11-15 00:00:00+00:00, run_after=2024-11-16 00:00:00+00:00
[2024-11-16T19:17:06.760+0000] {processor.py:208} INFO - Processing /home/airflow/.local/lib/python3.12/site-packages/airflow/example_dags/example_skip_dag.py took 0.171 seconds
