[2024-11-16T18:59:08.689+0000] {processor.py:186} INFO - Started process (PID=82) to work on /home/airflow/.local/lib/python3.12/site-packages/airflow/example_dags/example_inlet_event_extra.py
[2024-11-16T18:59:08.692+0000] {processor.py:914} INFO - Processing file /home/airflow/.local/lib/python3.12/site-packages/airflow/example_dags/example_inlet_event_extra.py for tasks to queue
[2024-11-16T18:59:08.699+0000] {logging_mixin.py:190} INFO - [2024-11-16T18:59:08.698+0000] {dagbag.py:588} INFO - Filling up the DagBag from /home/airflow/.local/lib/python3.12/site-packages/airflow/example_dags/example_inlet_event_extra.py
[2024-11-16T18:59:15.048+0000] {processor.py:925} INFO - DAG(s) 'read_dataset_event_from_classic', 'read_dataset_event' retrieved from /home/airflow/.local/lib/python3.12/site-packages/airflow/example_dags/example_inlet_event_extra.py
[2024-11-16T18:59:15.681+0000] {logging_mixin.py:190} INFO - [2024-11-16T18:59:15.679+0000] {override.py:1911} INFO - Created Permission View: can delete on DAG:read_dataset_event_from_classic
[2024-11-16T18:59:15.831+0000] {logging_mixin.py:190} INFO - [2024-11-16T18:59:15.830+0000] {override.py:1911} INFO - Created Permission View: can edit on DAG:read_dataset_event_from_classic
[2024-11-16T18:59:15.896+0000] {logging_mixin.py:190} INFO - [2024-11-16T18:59:15.895+0000] {override.py:1911} INFO - Created Permission View: can read on DAG:read_dataset_event_from_classic
[2024-11-16T18:59:16.003+0000] {logging_mixin.py:190} INFO - [2024-11-16T18:59:16.002+0000] {override.py:1911} INFO - Created Permission View: menu access on DAG Run:read_dataset_event_from_classic
[2024-11-16T18:59:16.054+0000] {logging_mixin.py:190} INFO - [2024-11-16T18:59:16.053+0000] {override.py:1911} INFO - Created Permission View: can delete on DAG Run:read_dataset_event_from_classic
[2024-11-16T18:59:16.103+0000] {logging_mixin.py:190} INFO - [2024-11-16T18:59:16.102+0000] {override.py:1911} INFO - Created Permission View: can read on DAG Run:read_dataset_event_from_classic
[2024-11-16T18:59:16.133+0000] {logging_mixin.py:190} INFO - [2024-11-16T18:59:16.132+0000] {override.py:1911} INFO - Created Permission View: can create on DAG Run:read_dataset_event_from_classic
[2024-11-16T18:59:16.221+0000] {logging_mixin.py:190} INFO - [2024-11-16T18:59:16.220+0000] {override.py:1911} INFO - Created Permission View: can delete on DAG:read_dataset_event
[2024-11-16T18:59:16.284+0000] {logging_mixin.py:190} INFO - [2024-11-16T18:59:16.283+0000] {override.py:1911} INFO - Created Permission View: can edit on DAG:read_dataset_event
[2024-11-16T18:59:16.368+0000] {logging_mixin.py:190} INFO - [2024-11-16T18:59:16.366+0000] {override.py:1911} INFO - Created Permission View: can read on DAG:read_dataset_event
[2024-11-16T18:59:16.419+0000] {logging_mixin.py:190} INFO - [2024-11-16T18:59:16.417+0000] {override.py:1911} INFO - Created Permission View: menu access on DAG Run:read_dataset_event
[2024-11-16T18:59:16.457+0000] {logging_mixin.py:190} INFO - [2024-11-16T18:59:16.457+0000] {override.py:1911} INFO - Created Permission View: can delete on DAG Run:read_dataset_event
[2024-11-16T18:59:16.490+0000] {logging_mixin.py:190} INFO - [2024-11-16T18:59:16.490+0000] {override.py:1911} INFO - Created Permission View: can read on DAG Run:read_dataset_event
[2024-11-16T18:59:16.516+0000] {logging_mixin.py:190} INFO - [2024-11-16T18:59:16.515+0000] {override.py:1911} INFO - Created Permission View: can create on DAG Run:read_dataset_event
[2024-11-16T18:59:16.518+0000] {logging_mixin.py:190} INFO - [2024-11-16T18:59:16.517+0000] {dag.py:3239} INFO - Sync 2 DAGs
[2024-11-16T18:59:16.593+0000] {logging_mixin.py:190} INFO - [2024-11-16T18:59:16.591+0000] {dag.py:3262} INFO - Creating ORM DAG for read_dataset_event_from_classic
[2024-11-16T18:59:16.599+0000] {logging_mixin.py:190} INFO - [2024-11-16T18:59:16.598+0000] {dag.py:3262} INFO - Creating ORM DAG for read_dataset_event
[2024-11-16T18:59:16.667+0000] {logging_mixin.py:190} INFO - [2024-11-16T18:59:16.666+0000] {dag.py:4180} INFO - Setting next_dagrun for read_dataset_event to 2024-11-15 00:00:00+00:00, run_after=2024-11-16 00:00:00+00:00
[2024-11-16T18:59:16.685+0000] {logging_mixin.py:190} INFO - [2024-11-16T18:59:16.684+0000] {dag.py:4180} INFO - Setting next_dagrun for read_dataset_event_from_classic to 2024-11-15 00:00:00+00:00, run_after=2024-11-16 00:00:00+00:00
[2024-11-16T18:59:16.775+0000] {processor.py:208} INFO - Processing /home/airflow/.local/lib/python3.12/site-packages/airflow/example_dags/example_inlet_event_extra.py took 8.113 seconds
[2024-11-16T19:00:24.814+0000] {processor.py:186} INFO - Started process (PID=150) to work on /home/airflow/.local/lib/python3.12/site-packages/airflow/example_dags/example_inlet_event_extra.py
[2024-11-16T19:00:24.817+0000] {processor.py:914} INFO - Processing file /home/airflow/.local/lib/python3.12/site-packages/airflow/example_dags/example_inlet_event_extra.py for tasks to queue
[2024-11-16T19:00:24.850+0000] {logging_mixin.py:190} INFO - [2024-11-16T19:00:24.849+0000] {dagbag.py:588} INFO - Filling up the DagBag from /home/airflow/.local/lib/python3.12/site-packages/airflow/example_dags/example_inlet_event_extra.py
[2024-11-16T19:00:27.586+0000] {processor.py:925} INFO - DAG(s) 'read_dataset_event', 'read_dataset_event_from_classic' retrieved from /home/airflow/.local/lib/python3.12/site-packages/airflow/example_dags/example_inlet_event_extra.py
[2024-11-16T19:00:27.652+0000] {logging_mixin.py:190} INFO - [2024-11-16T19:00:27.652+0000] {dag.py:3239} INFO - Sync 2 DAGs
[2024-11-16T19:00:27.726+0000] {logging_mixin.py:190} INFO - [2024-11-16T19:00:27.725+0000] {dag.py:4180} INFO - Setting next_dagrun for read_dataset_event to 2024-11-15 00:00:00+00:00, run_after=2024-11-16 00:00:00+00:00
[2024-11-16T19:00:27.742+0000] {logging_mixin.py:190} INFO - [2024-11-16T19:00:27.741+0000] {dag.py:4180} INFO - Setting next_dagrun for read_dataset_event_from_classic to 2024-11-15 00:00:00+00:00, run_after=2024-11-16 00:00:00+00:00
[2024-11-16T19:00:27.792+0000] {processor.py:208} INFO - Processing /home/airflow/.local/lib/python3.12/site-packages/airflow/example_dags/example_inlet_event_extra.py took 3.044 seconds
[2024-11-16T19:00:58.448+0000] {processor.py:186} INFO - Started process (PID=217) to work on /home/airflow/.local/lib/python3.12/site-packages/airflow/example_dags/example_inlet_event_extra.py
[2024-11-16T19:00:58.450+0000] {processor.py:914} INFO - Processing file /home/airflow/.local/lib/python3.12/site-packages/airflow/example_dags/example_inlet_event_extra.py for tasks to queue
[2024-11-16T19:00:58.460+0000] {logging_mixin.py:190} INFO - [2024-11-16T19:00:58.459+0000] {dagbag.py:588} INFO - Filling up the DagBag from /home/airflow/.local/lib/python3.12/site-packages/airflow/example_dags/example_inlet_event_extra.py
[2024-11-16T19:01:01.397+0000] {processor.py:925} INFO - DAG(s) 'read_dataset_event_from_classic', 'read_dataset_event' retrieved from /home/airflow/.local/lib/python3.12/site-packages/airflow/example_dags/example_inlet_event_extra.py
[2024-11-16T19:01:01.558+0000] {logging_mixin.py:190} INFO - [2024-11-16T19:01:01.545+0000] {dag.py:3239} INFO - Sync 2 DAGs
[2024-11-16T19:01:01.828+0000] {logging_mixin.py:190} INFO - [2024-11-16T19:01:01.827+0000] {dag.py:4180} INFO - Setting next_dagrun for read_dataset_event to 2024-11-15 00:00:00+00:00, run_after=2024-11-16 00:00:00+00:00
[2024-11-16T19:01:01.900+0000] {logging_mixin.py:190} INFO - [2024-11-16T19:01:01.889+0000] {dag.py:4180} INFO - Setting next_dagrun for read_dataset_event_from_classic to 2024-11-15 00:00:00+00:00, run_after=2024-11-16 00:00:00+00:00
[2024-11-16T19:01:02.022+0000] {processor.py:208} INFO - Processing /home/airflow/.local/lib/python3.12/site-packages/airflow/example_dags/example_inlet_event_extra.py took 3.605 seconds
[2024-11-16T19:01:37.717+0000] {processor.py:186} INFO - Started process (PID=287) to work on /home/airflow/.local/lib/python3.12/site-packages/airflow/example_dags/example_inlet_event_extra.py
[2024-11-16T19:01:37.720+0000] {processor.py:914} INFO - Processing file /home/airflow/.local/lib/python3.12/site-packages/airflow/example_dags/example_inlet_event_extra.py for tasks to queue
[2024-11-16T19:01:37.728+0000] {logging_mixin.py:190} INFO - [2024-11-16T19:01:37.727+0000] {dagbag.py:588} INFO - Filling up the DagBag from /home/airflow/.local/lib/python3.12/site-packages/airflow/example_dags/example_inlet_event_extra.py
[2024-11-16T19:01:45.849+0000] {processor.py:925} INFO - DAG(s) 'read_dataset_event_from_classic', 'read_dataset_event' retrieved from /home/airflow/.local/lib/python3.12/site-packages/airflow/example_dags/example_inlet_event_extra.py
[2024-11-16T19:01:46.153+0000] {logging_mixin.py:190} INFO - [2024-11-16T19:01:46.153+0000] {dag.py:3239} INFO - Sync 2 DAGs
[2024-11-16T19:01:46.383+0000] {logging_mixin.py:190} INFO - [2024-11-16T19:01:46.382+0000] {dag.py:4180} INFO - Setting next_dagrun for read_dataset_event to 2024-11-15 00:00:00+00:00, run_after=2024-11-16 00:00:00+00:00
[2024-11-16T19:01:46.487+0000] {logging_mixin.py:190} INFO - [2024-11-16T19:01:46.486+0000] {dag.py:4180} INFO - Setting next_dagrun for read_dataset_event_from_classic to 2024-11-15 00:00:00+00:00, run_after=2024-11-16 00:00:00+00:00
[2024-11-16T19:01:46.769+0000] {processor.py:208} INFO - Processing /home/airflow/.local/lib/python3.12/site-packages/airflow/example_dags/example_inlet_event_extra.py took 9.086 seconds
[2024-11-16T19:02:27.319+0000] {processor.py:186} INFO - Started process (PID=342) to work on /home/airflow/.local/lib/python3.12/site-packages/airflow/example_dags/example_inlet_event_extra.py
[2024-11-16T19:02:27.321+0000] {processor.py:914} INFO - Processing file /home/airflow/.local/lib/python3.12/site-packages/airflow/example_dags/example_inlet_event_extra.py for tasks to queue
[2024-11-16T19:02:27.327+0000] {logging_mixin.py:190} INFO - [2024-11-16T19:02:27.327+0000] {dagbag.py:588} INFO - Filling up the DagBag from /home/airflow/.local/lib/python3.12/site-packages/airflow/example_dags/example_inlet_event_extra.py
[2024-11-16T19:02:29.801+0000] {processor.py:925} INFO - DAG(s) 'read_dataset_event_from_classic', 'read_dataset_event' retrieved from /home/airflow/.local/lib/python3.12/site-packages/airflow/example_dags/example_inlet_event_extra.py
[2024-11-16T19:02:29.908+0000] {logging_mixin.py:190} INFO - [2024-11-16T19:02:29.907+0000] {dag.py:3239} INFO - Sync 2 DAGs
[2024-11-16T19:02:30.012+0000] {logging_mixin.py:190} INFO - [2024-11-16T19:02:30.012+0000] {dag.py:4180} INFO - Setting next_dagrun for read_dataset_event to 2024-11-15 00:00:00+00:00, run_after=2024-11-16 00:00:00+00:00
[2024-11-16T19:02:30.037+0000] {logging_mixin.py:190} INFO - [2024-11-16T19:02:30.036+0000] {dag.py:4180} INFO - Setting next_dagrun for read_dataset_event_from_classic to 2024-11-15 00:00:00+00:00, run_after=2024-11-16 00:00:00+00:00
[2024-11-16T19:02:30.096+0000] {processor.py:208} INFO - Processing /home/airflow/.local/lib/python3.12/site-packages/airflow/example_dags/example_inlet_event_extra.py took 2.804 seconds
[2024-11-16T19:03:00.886+0000] {processor.py:186} INFO - Started process (PID=409) to work on /home/airflow/.local/lib/python3.12/site-packages/airflow/example_dags/example_inlet_event_extra.py
[2024-11-16T19:03:00.889+0000] {processor.py:914} INFO - Processing file /home/airflow/.local/lib/python3.12/site-packages/airflow/example_dags/example_inlet_event_extra.py for tasks to queue
[2024-11-16T19:03:00.896+0000] {logging_mixin.py:190} INFO - [2024-11-16T19:03:00.894+0000] {dagbag.py:588} INFO - Filling up the DagBag from /home/airflow/.local/lib/python3.12/site-packages/airflow/example_dags/example_inlet_event_extra.py
[2024-11-16T19:03:04.116+0000] {processor.py:925} INFO - DAG(s) 'read_dataset_event_from_classic', 'read_dataset_event' retrieved from /home/airflow/.local/lib/python3.12/site-packages/airflow/example_dags/example_inlet_event_extra.py
[2024-11-16T19:03:04.319+0000] {logging_mixin.py:190} INFO - [2024-11-16T19:03:04.318+0000] {dag.py:3239} INFO - Sync 2 DAGs
[2024-11-16T19:03:04.522+0000] {logging_mixin.py:190} INFO - [2024-11-16T19:03:04.521+0000] {dag.py:4180} INFO - Setting next_dagrun for read_dataset_event to 2024-11-15 00:00:00+00:00, run_after=2024-11-16 00:00:00+00:00
[2024-11-16T19:03:04.596+0000] {logging_mixin.py:190} INFO - [2024-11-16T19:03:04.595+0000] {dag.py:4180} INFO - Setting next_dagrun for read_dataset_event_from_classic to 2024-11-15 00:00:00+00:00, run_after=2024-11-16 00:00:00+00:00
[2024-11-16T19:03:04.739+0000] {processor.py:208} INFO - Processing /home/airflow/.local/lib/python3.12/site-packages/airflow/example_dags/example_inlet_event_extra.py took 3.878 seconds
[2024-11-16T19:03:35.237+0000] {processor.py:186} INFO - Started process (PID=478) to work on /home/airflow/.local/lib/python3.12/site-packages/airflow/example_dags/example_inlet_event_extra.py
[2024-11-16T19:03:35.239+0000] {processor.py:914} INFO - Processing file /home/airflow/.local/lib/python3.12/site-packages/airflow/example_dags/example_inlet_event_extra.py for tasks to queue
[2024-11-16T19:03:35.244+0000] {logging_mixin.py:190} INFO - [2024-11-16T19:03:35.243+0000] {dagbag.py:588} INFO - Filling up the DagBag from /home/airflow/.local/lib/python3.12/site-packages/airflow/example_dags/example_inlet_event_extra.py
[2024-11-16T19:03:37.387+0000] {processor.py:925} INFO - DAG(s) 'read_dataset_event_from_classic', 'read_dataset_event' retrieved from /home/airflow/.local/lib/python3.12/site-packages/airflow/example_dags/example_inlet_event_extra.py
[2024-11-16T19:03:37.503+0000] {logging_mixin.py:190} INFO - [2024-11-16T19:03:37.503+0000] {dag.py:3239} INFO - Sync 2 DAGs
[2024-11-16T19:03:37.673+0000] {logging_mixin.py:190} INFO - [2024-11-16T19:03:37.672+0000] {dag.py:4180} INFO - Setting next_dagrun for read_dataset_event to 2024-11-15 00:00:00+00:00, run_after=2024-11-16 00:00:00+00:00
[2024-11-16T19:03:37.693+0000] {logging_mixin.py:190} INFO - [2024-11-16T19:03:37.693+0000] {dag.py:4180} INFO - Setting next_dagrun for read_dataset_event_from_classic to 2024-11-15 00:00:00+00:00, run_after=2024-11-16 00:00:00+00:00
[2024-11-16T19:03:37.758+0000] {processor.py:208} INFO - Processing /home/airflow/.local/lib/python3.12/site-packages/airflow/example_dags/example_inlet_event_extra.py took 2.537 seconds
[2024-11-16T19:04:09.886+0000] {processor.py:186} INFO - Started process (PID=542) to work on /home/airflow/.local/lib/python3.12/site-packages/airflow/example_dags/example_inlet_event_extra.py
[2024-11-16T19:04:09.888+0000] {processor.py:914} INFO - Processing file /home/airflow/.local/lib/python3.12/site-packages/airflow/example_dags/example_inlet_event_extra.py for tasks to queue
[2024-11-16T19:04:09.901+0000] {logging_mixin.py:190} INFO - [2024-11-16T19:04:09.899+0000] {dagbag.py:588} INFO - Filling up the DagBag from /home/airflow/.local/lib/python3.12/site-packages/airflow/example_dags/example_inlet_event_extra.py
[2024-11-16T19:04:13.116+0000] {processor.py:925} INFO - DAG(s) 'read_dataset_event_from_classic', 'read_dataset_event' retrieved from /home/airflow/.local/lib/python3.12/site-packages/airflow/example_dags/example_inlet_event_extra.py
[2024-11-16T19:04:13.201+0000] {logging_mixin.py:190} INFO - [2024-11-16T19:04:13.200+0000] {dag.py:3239} INFO - Sync 2 DAGs
[2024-11-16T19:04:13.286+0000] {logging_mixin.py:190} INFO - [2024-11-16T19:04:13.286+0000] {dag.py:4180} INFO - Setting next_dagrun for read_dataset_event to 2024-11-15 00:00:00+00:00, run_after=2024-11-16 00:00:00+00:00
[2024-11-16T19:04:13.305+0000] {logging_mixin.py:190} INFO - [2024-11-16T19:04:13.305+0000] {dag.py:4180} INFO - Setting next_dagrun for read_dataset_event_from_classic to 2024-11-15 00:00:00+00:00, run_after=2024-11-16 00:00:00+00:00
[2024-11-16T19:04:13.365+0000] {processor.py:208} INFO - Processing /home/airflow/.local/lib/python3.12/site-packages/airflow/example_dags/example_inlet_event_extra.py took 3.530 seconds
[2024-11-16T19:05:15.319+0000] {processor.py:186} INFO - Started process (PID=618) to work on /home/airflow/.local/lib/python3.12/site-packages/airflow/example_dags/example_inlet_event_extra.py
[2024-11-16T19:05:15.468+0000] {processor.py:914} INFO - Processing file /home/airflow/.local/lib/python3.12/site-packages/airflow/example_dags/example_inlet_event_extra.py for tasks to queue
[2024-11-16T19:05:15.687+0000] {logging_mixin.py:190} INFO - [2024-11-16T19:05:15.686+0000] {dagbag.py:588} INFO - Filling up the DagBag from /home/airflow/.local/lib/python3.12/site-packages/airflow/example_dags/example_inlet_event_extra.py
[2024-11-16T19:05:32.716+0000] {processor.py:925} INFO - DAG(s) 'read_dataset_event_from_classic', 'read_dataset_event' retrieved from /home/airflow/.local/lib/python3.12/site-packages/airflow/example_dags/example_inlet_event_extra.py
[2024-11-16T19:05:33.042+0000] {logging_mixin.py:190} INFO - [2024-11-16T19:05:33.030+0000] {dag.py:3239} INFO - Sync 2 DAGs
[2024-11-16T19:05:33.386+0000] {logging_mixin.py:190} INFO - [2024-11-16T19:05:33.385+0000] {dag.py:4180} INFO - Setting next_dagrun for read_dataset_event to 2024-11-15 00:00:00+00:00, run_after=2024-11-16 00:00:00+00:00
[2024-11-16T19:05:33.450+0000] {logging_mixin.py:190} INFO - [2024-11-16T19:05:33.450+0000] {dag.py:4180} INFO - Setting next_dagrun for read_dataset_event_from_classic to 2024-11-15 00:00:00+00:00, run_after=2024-11-16 00:00:00+00:00
[2024-11-16T19:05:33.611+0000] {processor.py:208} INFO - Processing /home/airflow/.local/lib/python3.12/site-packages/airflow/example_dags/example_inlet_event_extra.py took 18.348 seconds
[2024-11-16T19:06:34.202+0000] {processor.py:186} INFO - Started process (PID=673) to work on /home/airflow/.local/lib/python3.12/site-packages/airflow/example_dags/example_inlet_event_extra.py
[2024-11-16T19:06:34.217+0000] {processor.py:914} INFO - Processing file /home/airflow/.local/lib/python3.12/site-packages/airflow/example_dags/example_inlet_event_extra.py for tasks to queue
[2024-11-16T19:06:34.338+0000] {logging_mixin.py:190} INFO - [2024-11-16T19:06:34.337+0000] {dagbag.py:588} INFO - Filling up the DagBag from /home/airflow/.local/lib/python3.12/site-packages/airflow/example_dags/example_inlet_event_extra.py
[2024-11-16T19:06:48.000+0000] {processor.py:925} INFO - DAG(s) 'read_dataset_event_from_classic', 'read_dataset_event' retrieved from /home/airflow/.local/lib/python3.12/site-packages/airflow/example_dags/example_inlet_event_extra.py
[2024-11-16T19:06:48.567+0000] {logging_mixin.py:190} INFO - [2024-11-16T19:06:48.566+0000] {dag.py:3239} INFO - Sync 2 DAGs
[2024-11-16T19:06:49.211+0000] {logging_mixin.py:190} INFO - [2024-11-16T19:06:49.165+0000] {dag.py:4180} INFO - Setting next_dagrun for read_dataset_event to 2024-11-15 00:00:00+00:00, run_after=2024-11-16 00:00:00+00:00
[2024-11-16T19:06:49.483+0000] {logging_mixin.py:190} INFO - [2024-11-16T19:06:49.482+0000] {dag.py:4180} INFO - Setting next_dagrun for read_dataset_event_from_classic to 2024-11-15 00:00:00+00:00, run_after=2024-11-16 00:00:00+00:00
[2024-11-16T19:06:49.846+0000] {processor.py:208} INFO - Processing /home/airflow/.local/lib/python3.12/site-packages/airflow/example_dags/example_inlet_event_extra.py took 15.782 seconds
[2024-11-16T19:07:56.508+0000] {processor.py:186} INFO - Started process (PID=731) to work on /home/airflow/.local/lib/python3.12/site-packages/airflow/example_dags/example_inlet_event_extra.py
[2024-11-16T19:07:56.523+0000] {processor.py:914} INFO - Processing file /home/airflow/.local/lib/python3.12/site-packages/airflow/example_dags/example_inlet_event_extra.py for tasks to queue
[2024-11-16T19:07:56.557+0000] {logging_mixin.py:190} INFO - [2024-11-16T19:07:56.543+0000] {dagbag.py:588} INFO - Filling up the DagBag from /home/airflow/.local/lib/python3.12/site-packages/airflow/example_dags/example_inlet_event_extra.py
[2024-11-16T19:08:09.160+0000] {processor.py:925} INFO - DAG(s) 'read_dataset_event', 'read_dataset_event_from_classic' retrieved from /home/airflow/.local/lib/python3.12/site-packages/airflow/example_dags/example_inlet_event_extra.py
[2024-11-16T19:08:09.736+0000] {logging_mixin.py:190} INFO - [2024-11-16T19:08:09.735+0000] {dag.py:3239} INFO - Sync 2 DAGs
[2024-11-16T19:08:10.452+0000] {logging_mixin.py:190} INFO - [2024-11-16T19:08:10.449+0000] {dag.py:4180} INFO - Setting next_dagrun for read_dataset_event to 2024-11-15 00:00:00+00:00, run_after=2024-11-16 00:00:00+00:00
[2024-11-16T19:08:10.742+0000] {logging_mixin.py:190} INFO - [2024-11-16T19:08:10.741+0000] {dag.py:4180} INFO - Setting next_dagrun for read_dataset_event_from_classic to 2024-11-15 00:00:00+00:00, run_after=2024-11-16 00:00:00+00:00
[2024-11-16T19:08:11.089+0000] {processor.py:208} INFO - Processing /home/airflow/.local/lib/python3.12/site-packages/airflow/example_dags/example_inlet_event_extra.py took 14.703 seconds
[2024-11-16T19:09:15.544+0000] {processor.py:186} INFO - Started process (PID=791) to work on /home/airflow/.local/lib/python3.12/site-packages/airflow/example_dags/example_inlet_event_extra.py
[2024-11-16T19:09:15.577+0000] {processor.py:914} INFO - Processing file /home/airflow/.local/lib/python3.12/site-packages/airflow/example_dags/example_inlet_event_extra.py for tasks to queue
[2024-11-16T19:09:15.599+0000] {logging_mixin.py:190} INFO - [2024-11-16T19:09:15.597+0000] {dagbag.py:588} INFO - Filling up the DagBag from /home/airflow/.local/lib/python3.12/site-packages/airflow/example_dags/example_inlet_event_extra.py
[2024-11-16T19:09:26.234+0000] {processor.py:925} INFO - DAG(s) 'read_dataset_event_from_classic', 'read_dataset_event' retrieved from /home/airflow/.local/lib/python3.12/site-packages/airflow/example_dags/example_inlet_event_extra.py
[2024-11-16T19:09:26.672+0000] {logging_mixin.py:190} INFO - [2024-11-16T19:09:26.661+0000] {dag.py:3239} INFO - Sync 2 DAGs
[2024-11-16T19:09:27.040+0000] {logging_mixin.py:190} INFO - [2024-11-16T19:09:27.039+0000] {dag.py:4180} INFO - Setting next_dagrun for read_dataset_event to 2024-11-15 00:00:00+00:00, run_after=2024-11-16 00:00:00+00:00
[2024-11-16T19:09:27.238+0000] {logging_mixin.py:190} INFO - [2024-11-16T19:09:27.217+0000] {dag.py:4180} INFO - Setting next_dagrun for read_dataset_event_from_classic to 2024-11-15 00:00:00+00:00, run_after=2024-11-16 00:00:00+00:00
[2024-11-16T19:09:27.578+0000] {processor.py:208} INFO - Processing /home/airflow/.local/lib/python3.12/site-packages/airflow/example_dags/example_inlet_event_extra.py took 12.092 seconds
[2024-11-16T19:10:20.312+0000] {processor.py:186} INFO - Started process (PID=848) to work on /home/airflow/.local/lib/python3.12/site-packages/airflow/example_dags/example_inlet_event_extra.py
[2024-11-16T19:10:20.344+0000] {processor.py:914} INFO - Processing file /home/airflow/.local/lib/python3.12/site-packages/airflow/example_dags/example_inlet_event_extra.py for tasks to queue
[2024-11-16T19:10:20.393+0000] {logging_mixin.py:190} INFO - [2024-11-16T19:10:20.392+0000] {dagbag.py:588} INFO - Filling up the DagBag from /home/airflow/.local/lib/python3.12/site-packages/airflow/example_dags/example_inlet_event_extra.py
[2024-11-16T19:10:28.306+0000] {processor.py:925} INFO - DAG(s) 'read_dataset_event_from_classic', 'read_dataset_event' retrieved from /home/airflow/.local/lib/python3.12/site-packages/airflow/example_dags/example_inlet_event_extra.py
[2024-11-16T19:10:28.614+0000] {logging_mixin.py:190} INFO - [2024-11-16T19:10:28.613+0000] {dag.py:3239} INFO - Sync 2 DAGs
[2024-11-16T19:10:28.965+0000] {logging_mixin.py:190} INFO - [2024-11-16T19:10:28.964+0000] {dag.py:4180} INFO - Setting next_dagrun for read_dataset_event to 2024-11-15 00:00:00+00:00, run_after=2024-11-16 00:00:00+00:00
[2024-11-16T19:10:29.112+0000] {logging_mixin.py:190} INFO - [2024-11-16T19:10:29.112+0000] {dag.py:4180} INFO - Setting next_dagrun for read_dataset_event_from_classic to 2024-11-15 00:00:00+00:00, run_after=2024-11-16 00:00:00+00:00
[2024-11-16T19:10:29.332+0000] {processor.py:208} INFO - Processing /home/airflow/.local/lib/python3.12/site-packages/airflow/example_dags/example_inlet_event_extra.py took 9.218 seconds
[2024-11-16T19:11:15.602+0000] {processor.py:186} INFO - Started process (PID=895) to work on /home/airflow/.local/lib/python3.12/site-packages/airflow/example_dags/example_inlet_event_extra.py
[2024-11-16T19:11:15.621+0000] {processor.py:914} INFO - Processing file /home/airflow/.local/lib/python3.12/site-packages/airflow/example_dags/example_inlet_event_extra.py for tasks to queue
[2024-11-16T19:11:15.660+0000] {logging_mixin.py:190} INFO - [2024-11-16T19:11:15.645+0000] {dagbag.py:588} INFO - Filling up the DagBag from /home/airflow/.local/lib/python3.12/site-packages/airflow/example_dags/example_inlet_event_extra.py
[2024-11-16T19:11:24.397+0000] {processor.py:925} INFO - DAG(s) 'read_dataset_event_from_classic', 'read_dataset_event' retrieved from /home/airflow/.local/lib/python3.12/site-packages/airflow/example_dags/example_inlet_event_extra.py
[2024-11-16T19:11:24.793+0000] {logging_mixin.py:190} INFO - [2024-11-16T19:11:24.793+0000] {dag.py:3239} INFO - Sync 2 DAGs
[2024-11-16T19:11:25.230+0000] {logging_mixin.py:190} INFO - [2024-11-16T19:11:25.229+0000] {dag.py:4180} INFO - Setting next_dagrun for read_dataset_event to 2024-11-15 00:00:00+00:00, run_after=2024-11-16 00:00:00+00:00
[2024-11-16T19:11:25.404+0000] {logging_mixin.py:190} INFO - [2024-11-16T19:11:25.403+0000] {dag.py:4180} INFO - Setting next_dagrun for read_dataset_event_from_classic to 2024-11-15 00:00:00+00:00, run_after=2024-11-16 00:00:00+00:00
[2024-11-16T19:11:25.763+0000] {processor.py:208} INFO - Processing /home/airflow/.local/lib/python3.12/site-packages/airflow/example_dags/example_inlet_event_extra.py took 10.333 seconds
[2024-11-16T19:12:01.294+0000] {processor.py:186} INFO - Started process (PID=944) to work on /home/airflow/.local/lib/python3.12/site-packages/airflow/example_dags/example_inlet_event_extra.py
[2024-11-16T19:12:01.339+0000] {processor.py:914} INFO - Processing file /home/airflow/.local/lib/python3.12/site-packages/airflow/example_dags/example_inlet_event_extra.py for tasks to queue
[2024-11-16T19:12:01.373+0000] {logging_mixin.py:190} INFO - [2024-11-16T19:12:01.372+0000] {dagbag.py:588} INFO - Filling up the DagBag from /home/airflow/.local/lib/python3.12/site-packages/airflow/example_dags/example_inlet_event_extra.py
[2024-11-16T19:12:08.276+0000] {processor.py:925} INFO - DAG(s) 'read_dataset_event', 'read_dataset_event_from_classic' retrieved from /home/airflow/.local/lib/python3.12/site-packages/airflow/example_dags/example_inlet_event_extra.py
[2024-11-16T19:12:08.505+0000] {logging_mixin.py:190} INFO - [2024-11-16T19:12:08.504+0000] {dag.py:3239} INFO - Sync 2 DAGs
[2024-11-16T19:12:09.001+0000] {logging_mixin.py:190} INFO - [2024-11-16T19:12:09.001+0000] {dag.py:4180} INFO - Setting next_dagrun for read_dataset_event to 2024-11-15 00:00:00+00:00, run_after=2024-11-16 00:00:00+00:00
[2024-11-16T19:12:09.158+0000] {logging_mixin.py:190} INFO - [2024-11-16T19:12:09.157+0000] {dag.py:4180} INFO - Setting next_dagrun for read_dataset_event_from_classic to 2024-11-15 00:00:00+00:00, run_after=2024-11-16 00:00:00+00:00
[2024-11-16T19:12:09.335+0000] {processor.py:208} INFO - Processing /home/airflow/.local/lib/python3.12/site-packages/airflow/example_dags/example_inlet_event_extra.py took 8.121 seconds
[2024-11-16T19:12:56.802+0000] {processor.py:186} INFO - Started process (PID=1012) to work on /home/airflow/.local/lib/python3.12/site-packages/airflow/example_dags/example_inlet_event_extra.py
[2024-11-16T19:12:56.816+0000] {processor.py:914} INFO - Processing file /home/airflow/.local/lib/python3.12/site-packages/airflow/example_dags/example_inlet_event_extra.py for tasks to queue
[2024-11-16T19:12:56.828+0000] {logging_mixin.py:190} INFO - [2024-11-16T19:12:56.827+0000] {dagbag.py:588} INFO - Filling up the DagBag from /home/airflow/.local/lib/python3.12/site-packages/airflow/example_dags/example_inlet_event_extra.py
[2024-11-16T19:12:59.547+0000] {processor.py:925} INFO - DAG(s) 'read_dataset_event_from_classic', 'read_dataset_event' retrieved from /home/airflow/.local/lib/python3.12/site-packages/airflow/example_dags/example_inlet_event_extra.py
[2024-11-16T19:12:59.774+0000] {logging_mixin.py:190} INFO - [2024-11-16T19:12:59.773+0000] {dag.py:3239} INFO - Sync 2 DAGs
[2024-11-16T19:12:59.871+0000] {logging_mixin.py:190} INFO - [2024-11-16T19:12:59.871+0000] {dag.py:4180} INFO - Setting next_dagrun for read_dataset_event to 2024-11-15 00:00:00+00:00, run_after=2024-11-16 00:00:00+00:00
[2024-11-16T19:12:59.891+0000] {logging_mixin.py:190} INFO - [2024-11-16T19:12:59.889+0000] {dag.py:4180} INFO - Setting next_dagrun for read_dataset_event_from_classic to 2024-11-15 00:00:00+00:00, run_after=2024-11-16 00:00:00+00:00
[2024-11-16T19:12:59.960+0000] {processor.py:208} INFO - Processing /home/airflow/.local/lib/python3.12/site-packages/airflow/example_dags/example_inlet_event_extra.py took 3.200 seconds
[2024-11-16T19:13:34.108+0000] {processor.py:186} INFO - Started process (PID=1074) to work on /home/airflow/.local/lib/python3.12/site-packages/airflow/example_dags/example_inlet_event_extra.py
[2024-11-16T19:13:34.117+0000] {processor.py:914} INFO - Processing file /home/airflow/.local/lib/python3.12/site-packages/airflow/example_dags/example_inlet_event_extra.py for tasks to queue
[2024-11-16T19:13:34.142+0000] {logging_mixin.py:190} INFO - [2024-11-16T19:13:34.134+0000] {dagbag.py:588} INFO - Filling up the DagBag from /home/airflow/.local/lib/python3.12/site-packages/airflow/example_dags/example_inlet_event_extra.py
[2024-11-16T19:13:38.498+0000] {processor.py:925} INFO - DAG(s) 'read_dataset_event_from_classic', 'read_dataset_event' retrieved from /home/airflow/.local/lib/python3.12/site-packages/airflow/example_dags/example_inlet_event_extra.py
[2024-11-16T19:13:38.939+0000] {logging_mixin.py:190} INFO - [2024-11-16T19:13:38.932+0000] {dag.py:3239} INFO - Sync 2 DAGs
[2024-11-16T19:13:39.177+0000] {logging_mixin.py:190} INFO - [2024-11-16T19:13:39.176+0000] {dag.py:4180} INFO - Setting next_dagrun for read_dataset_event to 2024-11-15 00:00:00+00:00, run_after=2024-11-16 00:00:00+00:00
[2024-11-16T19:13:39.212+0000] {logging_mixin.py:190} INFO - [2024-11-16T19:13:39.211+0000] {dag.py:4180} INFO - Setting next_dagrun for read_dataset_event_from_classic to 2024-11-15 00:00:00+00:00, run_after=2024-11-16 00:00:00+00:00
[2024-11-16T19:13:39.387+0000] {processor.py:208} INFO - Processing /home/airflow/.local/lib/python3.12/site-packages/airflow/example_dags/example_inlet_event_extra.py took 5.345 seconds
[2024-11-16T19:14:11.737+0000] {processor.py:186} INFO - Started process (PID=1142) to work on /home/airflow/.local/lib/python3.12/site-packages/airflow/example_dags/example_inlet_event_extra.py
[2024-11-16T19:14:11.752+0000] {processor.py:914} INFO - Processing file /home/airflow/.local/lib/python3.12/site-packages/airflow/example_dags/example_inlet_event_extra.py for tasks to queue
[2024-11-16T19:14:11.803+0000] {logging_mixin.py:190} INFO - [2024-11-16T19:14:11.802+0000] {dagbag.py:588} INFO - Filling up the DagBag from /home/airflow/.local/lib/python3.12/site-packages/airflow/example_dags/example_inlet_event_extra.py
[2024-11-16T19:14:16.331+0000] {processor.py:925} INFO - DAG(s) 'read_dataset_event_from_classic', 'read_dataset_event' retrieved from /home/airflow/.local/lib/python3.12/site-packages/airflow/example_dags/example_inlet_event_extra.py
[2024-11-16T19:14:16.439+0000] {logging_mixin.py:190} INFO - [2024-11-16T19:14:16.438+0000] {dag.py:3239} INFO - Sync 2 DAGs
[2024-11-16T19:14:16.551+0000] {logging_mixin.py:190} INFO - [2024-11-16T19:14:16.550+0000] {dag.py:4180} INFO - Setting next_dagrun for read_dataset_event to 2024-11-15 00:00:00+00:00, run_after=2024-11-16 00:00:00+00:00
[2024-11-16T19:14:16.571+0000] {logging_mixin.py:190} INFO - [2024-11-16T19:14:16.570+0000] {dag.py:4180} INFO - Setting next_dagrun for read_dataset_event_from_classic to 2024-11-15 00:00:00+00:00, run_after=2024-11-16 00:00:00+00:00
[2024-11-16T19:14:16.678+0000] {processor.py:208} INFO - Processing /home/airflow/.local/lib/python3.12/site-packages/airflow/example_dags/example_inlet_event_extra.py took 5.066 seconds
[2024-11-16T19:14:47.150+0000] {processor.py:186} INFO - Started process (PID=1214) to work on /home/airflow/.local/lib/python3.12/site-packages/airflow/example_dags/example_inlet_event_extra.py
[2024-11-16T19:14:47.159+0000] {processor.py:914} INFO - Processing file /home/airflow/.local/lib/python3.12/site-packages/airflow/example_dags/example_inlet_event_extra.py for tasks to queue
[2024-11-16T19:14:47.173+0000] {logging_mixin.py:190} INFO - [2024-11-16T19:14:47.172+0000] {dagbag.py:588} INFO - Filling up the DagBag from /home/airflow/.local/lib/python3.12/site-packages/airflow/example_dags/example_inlet_event_extra.py
[2024-11-16T19:14:50.433+0000] {processor.py:925} INFO - DAG(s) 'read_dataset_event_from_classic', 'read_dataset_event' retrieved from /home/airflow/.local/lib/python3.12/site-packages/airflow/example_dags/example_inlet_event_extra.py
[2024-11-16T19:14:50.546+0000] {logging_mixin.py:190} INFO - [2024-11-16T19:14:50.546+0000] {dag.py:3239} INFO - Sync 2 DAGs
[2024-11-16T19:14:50.712+0000] {logging_mixin.py:190} INFO - [2024-11-16T19:14:50.711+0000] {dag.py:4180} INFO - Setting next_dagrun for read_dataset_event to 2024-11-15 00:00:00+00:00, run_after=2024-11-16 00:00:00+00:00
[2024-11-16T19:14:50.752+0000] {logging_mixin.py:190} INFO - [2024-11-16T19:14:50.740+0000] {dag.py:4180} INFO - Setting next_dagrun for read_dataset_event_from_classic to 2024-11-15 00:00:00+00:00, run_after=2024-11-16 00:00:00+00:00
[2024-11-16T19:14:50.936+0000] {processor.py:208} INFO - Processing /home/airflow/.local/lib/python3.12/site-packages/airflow/example_dags/example_inlet_event_extra.py took 3.814 seconds
[2024-11-16T19:15:21.246+0000] {processor.py:186} INFO - Started process (PID=1281) to work on /home/airflow/.local/lib/python3.12/site-packages/airflow/example_dags/example_inlet_event_extra.py
[2024-11-16T19:15:21.249+0000] {processor.py:914} INFO - Processing file /home/airflow/.local/lib/python3.12/site-packages/airflow/example_dags/example_inlet_event_extra.py for tasks to queue
[2024-11-16T19:15:21.254+0000] {logging_mixin.py:190} INFO - [2024-11-16T19:15:21.253+0000] {dagbag.py:588} INFO - Filling up the DagBag from /home/airflow/.local/lib/python3.12/site-packages/airflow/example_dags/example_inlet_event_extra.py
[2024-11-16T19:15:24.109+0000] {processor.py:925} INFO - DAG(s) 'read_dataset_event_from_classic', 'read_dataset_event' retrieved from /home/airflow/.local/lib/python3.12/site-packages/airflow/example_dags/example_inlet_event_extra.py
[2024-11-16T19:15:24.166+0000] {logging_mixin.py:190} INFO - [2024-11-16T19:15:24.165+0000] {dag.py:3239} INFO - Sync 2 DAGs
[2024-11-16T19:15:24.276+0000] {logging_mixin.py:190} INFO - [2024-11-16T19:15:24.273+0000] {dag.py:4180} INFO - Setting next_dagrun for read_dataset_event to 2024-11-15 00:00:00+00:00, run_after=2024-11-16 00:00:00+00:00
[2024-11-16T19:15:24.307+0000] {logging_mixin.py:190} INFO - [2024-11-16T19:15:24.306+0000] {dag.py:4180} INFO - Setting next_dagrun for read_dataset_event_from_classic to 2024-11-15 00:00:00+00:00, run_after=2024-11-16 00:00:00+00:00
[2024-11-16T19:15:24.366+0000] {processor.py:208} INFO - Processing /home/airflow/.local/lib/python3.12/site-packages/airflow/example_dags/example_inlet_event_extra.py took 3.134 seconds
[2024-11-16T19:15:54.526+0000] {processor.py:186} INFO - Started process (PID=1354) to work on /home/airflow/.local/lib/python3.12/site-packages/airflow/example_dags/example_inlet_event_extra.py
[2024-11-16T19:15:54.529+0000] {processor.py:914} INFO - Processing file /home/airflow/.local/lib/python3.12/site-packages/airflow/example_dags/example_inlet_event_extra.py for tasks to queue
[2024-11-16T19:15:54.537+0000] {logging_mixin.py:190} INFO - [2024-11-16T19:15:54.535+0000] {dagbag.py:588} INFO - Filling up the DagBag from /home/airflow/.local/lib/python3.12/site-packages/airflow/example_dags/example_inlet_event_extra.py
[2024-11-16T19:15:56.151+0000] {processor.py:925} INFO - DAG(s) 'read_dataset_event_from_classic', 'read_dataset_event' retrieved from /home/airflow/.local/lib/python3.12/site-packages/airflow/example_dags/example_inlet_event_extra.py
[2024-11-16T19:15:56.206+0000] {logging_mixin.py:190} INFO - [2024-11-16T19:15:56.205+0000] {dag.py:3239} INFO - Sync 2 DAGs
[2024-11-16T19:15:56.262+0000] {logging_mixin.py:190} INFO - [2024-11-16T19:15:56.261+0000] {dag.py:4180} INFO - Setting next_dagrun for read_dataset_event to 2024-11-15 00:00:00+00:00, run_after=2024-11-16 00:00:00+00:00
[2024-11-16T19:15:56.272+0000] {logging_mixin.py:190} INFO - [2024-11-16T19:15:56.272+0000] {dag.py:4180} INFO - Setting next_dagrun for read_dataset_event_from_classic to 2024-11-15 00:00:00+00:00, run_after=2024-11-16 00:00:00+00:00
[2024-11-16T19:15:56.303+0000] {processor.py:208} INFO - Processing /home/airflow/.local/lib/python3.12/site-packages/airflow/example_dags/example_inlet_event_extra.py took 1.798 seconds
[2024-11-16T19:16:26.853+0000] {processor.py:186} INFO - Started process (PID=1419) to work on /home/airflow/.local/lib/python3.12/site-packages/airflow/example_dags/example_inlet_event_extra.py
[2024-11-16T19:16:26.856+0000] {processor.py:914} INFO - Processing file /home/airflow/.local/lib/python3.12/site-packages/airflow/example_dags/example_inlet_event_extra.py for tasks to queue
[2024-11-16T19:16:26.863+0000] {logging_mixin.py:190} INFO - [2024-11-16T19:16:26.862+0000] {dagbag.py:588} INFO - Filling up the DagBag from /home/airflow/.local/lib/python3.12/site-packages/airflow/example_dags/example_inlet_event_extra.py
[2024-11-16T19:16:28.340+0000] {processor.py:925} INFO - DAG(s) 'read_dataset_event_from_classic', 'read_dataset_event' retrieved from /home/airflow/.local/lib/python3.12/site-packages/airflow/example_dags/example_inlet_event_extra.py
[2024-11-16T19:16:28.400+0000] {logging_mixin.py:190} INFO - [2024-11-16T19:16:28.399+0000] {dag.py:3239} INFO - Sync 2 DAGs
[2024-11-16T19:16:28.470+0000] {logging_mixin.py:190} INFO - [2024-11-16T19:16:28.470+0000] {dag.py:4180} INFO - Setting next_dagrun for read_dataset_event to 2024-11-15 00:00:00+00:00, run_after=2024-11-16 00:00:00+00:00
[2024-11-16T19:16:28.498+0000] {logging_mixin.py:190} INFO - [2024-11-16T19:16:28.496+0000] {dag.py:4180} INFO - Setting next_dagrun for read_dataset_event_from_classic to 2024-11-15 00:00:00+00:00, run_after=2024-11-16 00:00:00+00:00
[2024-11-16T19:16:28.610+0000] {processor.py:208} INFO - Processing /home/airflow/.local/lib/python3.12/site-packages/airflow/example_dags/example_inlet_event_extra.py took 1.779 seconds
[2024-11-16T19:16:58.918+0000] {processor.py:186} INFO - Started process (PID=1484) to work on /home/airflow/.local/lib/python3.12/site-packages/airflow/example_dags/example_inlet_event_extra.py
[2024-11-16T19:16:58.921+0000] {processor.py:914} INFO - Processing file /home/airflow/.local/lib/python3.12/site-packages/airflow/example_dags/example_inlet_event_extra.py for tasks to queue
[2024-11-16T19:16:58.927+0000] {logging_mixin.py:190} INFO - [2024-11-16T19:16:58.926+0000] {dagbag.py:588} INFO - Filling up the DagBag from /home/airflow/.local/lib/python3.12/site-packages/airflow/example_dags/example_inlet_event_extra.py
[2024-11-16T19:17:01.149+0000] {processor.py:925} INFO - DAG(s) 'read_dataset_event_from_classic', 'read_dataset_event' retrieved from /home/airflow/.local/lib/python3.12/site-packages/airflow/example_dags/example_inlet_event_extra.py
[2024-11-16T19:17:01.200+0000] {logging_mixin.py:190} INFO - [2024-11-16T19:17:01.200+0000] {dag.py:3239} INFO - Sync 2 DAGs
[2024-11-16T19:17:01.266+0000] {logging_mixin.py:190} INFO - [2024-11-16T19:17:01.265+0000] {dag.py:4180} INFO - Setting next_dagrun for read_dataset_event to 2024-11-15 00:00:00+00:00, run_after=2024-11-16 00:00:00+00:00
[2024-11-16T19:17:01.285+0000] {logging_mixin.py:190} INFO - [2024-11-16T19:17:01.285+0000] {dag.py:4180} INFO - Setting next_dagrun for read_dataset_event_from_classic to 2024-11-15 00:00:00+00:00, run_after=2024-11-16 00:00:00+00:00
[2024-11-16T19:17:01.367+0000] {processor.py:208} INFO - Processing /home/airflow/.local/lib/python3.12/site-packages/airflow/example_dags/example_inlet_event_extra.py took 2.461 seconds
[2024-11-16T19:17:34.080+0000] {processor.py:186} INFO - Started process (PID=1543) to work on /home/airflow/.local/lib/python3.12/site-packages/airflow/example_dags/example_inlet_event_extra.py
[2024-11-16T19:17:34.087+0000] {processor.py:914} INFO - Processing file /home/airflow/.local/lib/python3.12/site-packages/airflow/example_dags/example_inlet_event_extra.py for tasks to queue
[2024-11-16T19:17:34.114+0000] {logging_mixin.py:190} INFO - [2024-11-16T19:17:34.107+0000] {dagbag.py:588} INFO - Filling up the DagBag from /home/airflow/.local/lib/python3.12/site-packages/airflow/example_dags/example_inlet_event_extra.py
[2024-11-16T19:17:39.422+0000] {processor.py:925} INFO - DAG(s) 'read_dataset_event', 'read_dataset_event_from_classic' retrieved from /home/airflow/.local/lib/python3.12/site-packages/airflow/example_dags/example_inlet_event_extra.py
[2024-11-16T19:17:39.601+0000] {logging_mixin.py:190} INFO - [2024-11-16T19:17:39.601+0000] {dag.py:3239} INFO - Sync 2 DAGs
[2024-11-16T19:17:40.013+0000] {logging_mixin.py:190} INFO - [2024-11-16T19:17:40.012+0000] {dag.py:4180} INFO - Setting next_dagrun for read_dataset_event to 2024-11-15 00:00:00+00:00, run_after=2024-11-16 00:00:00+00:00
[2024-11-16T19:17:40.193+0000] {logging_mixin.py:190} INFO - [2024-11-16T19:17:40.192+0000] {dag.py:4180} INFO - Setting next_dagrun for read_dataset_event_from_classic to 2024-11-15 00:00:00+00:00, run_after=2024-11-16 00:00:00+00:00
[2024-11-16T19:17:40.355+0000] {processor.py:208} INFO - Processing /home/airflow/.local/lib/python3.12/site-packages/airflow/example_dags/example_inlet_event_extra.py took 6.360 seconds
