[2024-11-16T18:59:12.987+0000] {processor.py:186} INFO - Started process (PID=87) to work on /home/airflow/.local/lib/python3.12/site-packages/airflow/example_dags/example_bash_operator.py
[2024-11-16T18:59:13.006+0000] {processor.py:914} INFO - Processing file /home/airflow/.local/lib/python3.12/site-packages/airflow/example_dags/example_bash_operator.py for tasks to queue
[2024-11-16T18:59:13.032+0000] {logging_mixin.py:190} INFO - [2024-11-16T18:59:13.031+0000] {dagbag.py:588} INFO - Filling up the DagBag from /home/airflow/.local/lib/python3.12/site-packages/airflow/example_dags/example_bash_operator.py
[2024-11-16T18:59:13.078+0000] {processor.py:925} INFO - DAG(s) 'example_bash_operator' retrieved from /home/airflow/.local/lib/python3.12/site-packages/airflow/example_dags/example_bash_operator.py
[2024-11-16T18:59:13.448+0000] {logging_mixin.py:190} INFO - [2024-11-16T18:59:13.445+0000] {override.py:1911} INFO - Created Permission View: can delete on DAG:example_bash_operator
[2024-11-16T18:59:13.512+0000] {logging_mixin.py:190} INFO - [2024-11-16T18:59:13.511+0000] {override.py:1911} INFO - Created Permission View: can edit on DAG:example_bash_operator
[2024-11-16T18:59:13.575+0000] {logging_mixin.py:190} INFO - [2024-11-16T18:59:13.574+0000] {override.py:1911} INFO - Created Permission View: can read on DAG:example_bash_operator
[2024-11-16T18:59:13.608+0000] {logging_mixin.py:190} INFO - [2024-11-16T18:59:13.607+0000] {override.py:1911} INFO - Created Permission View: menu access on DAG Run:example_bash_operator
[2024-11-16T18:59:13.638+0000] {logging_mixin.py:190} INFO - [2024-11-16T18:59:13.637+0000] {override.py:1911} INFO - Created Permission View: can delete on DAG Run:example_bash_operator
[2024-11-16T18:59:13.670+0000] {logging_mixin.py:190} INFO - [2024-11-16T18:59:13.667+0000] {override.py:1911} INFO - Created Permission View: can read on DAG Run:example_bash_operator
[2024-11-16T18:59:13.697+0000] {logging_mixin.py:190} INFO - [2024-11-16T18:59:13.696+0000] {override.py:1911} INFO - Created Permission View: can create on DAG Run:example_bash_operator
[2024-11-16T18:59:13.700+0000] {logging_mixin.py:190} INFO - [2024-11-16T18:59:13.699+0000] {dag.py:3239} INFO - Sync 1 DAGs
[2024-11-16T18:59:13.764+0000] {logging_mixin.py:190} INFO - [2024-11-16T18:59:13.764+0000] {dag.py:3262} INFO - Creating ORM DAG for example_bash_operator
[2024-11-16T18:59:13.806+0000] {logging_mixin.py:190} INFO - [2024-11-16T18:59:13.806+0000] {dag.py:4180} INFO - Setting next_dagrun for example_bash_operator to 2024-11-15 00:00:00+00:00, run_after=2024-11-16 00:00:00+00:00
[2024-11-16T18:59:13.946+0000] {processor.py:208} INFO - Processing /home/airflow/.local/lib/python3.12/site-packages/airflow/example_dags/example_bash_operator.py took 0.993 seconds
[2024-11-16T19:00:27.327+0000] {processor.py:186} INFO - Started process (PID=155) to work on /home/airflow/.local/lib/python3.12/site-packages/airflow/example_dags/example_bash_operator.py
[2024-11-16T19:00:27.331+0000] {processor.py:914} INFO - Processing file /home/airflow/.local/lib/python3.12/site-packages/airflow/example_dags/example_bash_operator.py for tasks to queue
[2024-11-16T19:00:27.340+0000] {logging_mixin.py:190} INFO - [2024-11-16T19:00:27.338+0000] {dagbag.py:588} INFO - Filling up the DagBag from /home/airflow/.local/lib/python3.12/site-packages/airflow/example_dags/example_bash_operator.py
[2024-11-16T19:00:27.388+0000] {processor.py:925} INFO - DAG(s) 'example_bash_operator' retrieved from /home/airflow/.local/lib/python3.12/site-packages/airflow/example_dags/example_bash_operator.py
[2024-11-16T19:00:27.475+0000] {logging_mixin.py:190} INFO - [2024-11-16T19:00:27.475+0000] {dag.py:3239} INFO - Sync 1 DAGs
[2024-11-16T19:00:27.557+0000] {logging_mixin.py:190} INFO - [2024-11-16T19:00:27.557+0000] {dag.py:4180} INFO - Setting next_dagrun for example_bash_operator to 2024-11-15 00:00:00+00:00, run_after=2024-11-16 00:00:00+00:00
[2024-11-16T19:00:27.609+0000] {processor.py:208} INFO - Processing /home/airflow/.local/lib/python3.12/site-packages/airflow/example_dags/example_bash_operator.py took 0.303 seconds
[2024-11-16T19:00:58.468+0000] {processor.py:186} INFO - Started process (PID=218) to work on /home/airflow/.local/lib/python3.12/site-packages/airflow/example_dags/example_bash_operator.py
[2024-11-16T19:00:58.472+0000] {processor.py:914} INFO - Processing file /home/airflow/.local/lib/python3.12/site-packages/airflow/example_dags/example_bash_operator.py for tasks to queue
[2024-11-16T19:00:58.481+0000] {logging_mixin.py:190} INFO - [2024-11-16T19:00:58.480+0000] {dagbag.py:588} INFO - Filling up the DagBag from /home/airflow/.local/lib/python3.12/site-packages/airflow/example_dags/example_bash_operator.py
[2024-11-16T19:00:58.543+0000] {processor.py:925} INFO - DAG(s) 'example_bash_operator' retrieved from /home/airflow/.local/lib/python3.12/site-packages/airflow/example_dags/example_bash_operator.py
[2024-11-16T19:00:58.666+0000] {logging_mixin.py:190} INFO - [2024-11-16T19:00:58.665+0000] {dag.py:3239} INFO - Sync 1 DAGs
[2024-11-16T19:00:58.760+0000] {logging_mixin.py:190} INFO - [2024-11-16T19:00:58.759+0000] {dag.py:4180} INFO - Setting next_dagrun for example_bash_operator to 2024-11-15 00:00:00+00:00, run_after=2024-11-16 00:00:00+00:00
[2024-11-16T19:00:58.878+0000] {processor.py:208} INFO - Processing /home/airflow/.local/lib/python3.12/site-packages/airflow/example_dags/example_bash_operator.py took 0.433 seconds
[2024-11-16T19:01:36.517+0000] {processor.py:186} INFO - Started process (PID=278) to work on /home/airflow/.local/lib/python3.12/site-packages/airflow/example_dags/example_bash_operator.py
[2024-11-16T19:01:36.520+0000] {processor.py:914} INFO - Processing file /home/airflow/.local/lib/python3.12/site-packages/airflow/example_dags/example_bash_operator.py for tasks to queue
[2024-11-16T19:01:36.527+0000] {logging_mixin.py:190} INFO - [2024-11-16T19:01:36.526+0000] {dagbag.py:588} INFO - Filling up the DagBag from /home/airflow/.local/lib/python3.12/site-packages/airflow/example_dags/example_bash_operator.py
[2024-11-16T19:01:36.642+0000] {processor.py:925} INFO - DAG(s) 'example_bash_operator' retrieved from /home/airflow/.local/lib/python3.12/site-packages/airflow/example_dags/example_bash_operator.py
[2024-11-16T19:01:36.760+0000] {logging_mixin.py:190} INFO - [2024-11-16T19:01:36.759+0000] {dag.py:3239} INFO - Sync 1 DAGs
[2024-11-16T19:01:36.907+0000] {logging_mixin.py:190} INFO - [2024-11-16T19:01:36.907+0000] {dag.py:4180} INFO - Setting next_dagrun for example_bash_operator to 2024-11-15 00:00:00+00:00, run_after=2024-11-16 00:00:00+00:00
[2024-11-16T19:01:37.034+0000] {processor.py:208} INFO - Processing /home/airflow/.local/lib/python3.12/site-packages/airflow/example_dags/example_bash_operator.py took 0.539 seconds
[2024-11-16T19:02:28.909+0000] {processor.py:186} INFO - Started process (PID=346) to work on /home/airflow/.local/lib/python3.12/site-packages/airflow/example_dags/example_bash_operator.py
[2024-11-16T19:02:28.918+0000] {processor.py:914} INFO - Processing file /home/airflow/.local/lib/python3.12/site-packages/airflow/example_dags/example_bash_operator.py for tasks to queue
[2024-11-16T19:02:28.930+0000] {logging_mixin.py:190} INFO - [2024-11-16T19:02:28.929+0000] {dagbag.py:588} INFO - Filling up the DagBag from /home/airflow/.local/lib/python3.12/site-packages/airflow/example_dags/example_bash_operator.py
[2024-11-16T19:02:29.041+0000] {processor.py:925} INFO - DAG(s) 'example_bash_operator' retrieved from /home/airflow/.local/lib/python3.12/site-packages/airflow/example_dags/example_bash_operator.py
[2024-11-16T19:02:29.160+0000] {logging_mixin.py:190} INFO - [2024-11-16T19:02:29.160+0000] {dag.py:3239} INFO - Sync 1 DAGs
[2024-11-16T19:02:29.243+0000] {logging_mixin.py:190} INFO - [2024-11-16T19:02:29.243+0000] {dag.py:4180} INFO - Setting next_dagrun for example_bash_operator to 2024-11-15 00:00:00+00:00, run_after=2024-11-16 00:00:00+00:00
[2024-11-16T19:02:29.296+0000] {processor.py:208} INFO - Processing /home/airflow/.local/lib/python3.12/site-packages/airflow/example_dags/example_bash_operator.py took 0.428 seconds
[2024-11-16T19:02:59.518+0000] {processor.py:186} INFO - Started process (PID=408) to work on /home/airflow/.local/lib/python3.12/site-packages/airflow/example_dags/example_bash_operator.py
[2024-11-16T19:02:59.520+0000] {processor.py:914} INFO - Processing file /home/airflow/.local/lib/python3.12/site-packages/airflow/example_dags/example_bash_operator.py for tasks to queue
[2024-11-16T19:02:59.534+0000] {logging_mixin.py:190} INFO - [2024-11-16T19:02:59.527+0000] {dagbag.py:588} INFO - Filling up the DagBag from /home/airflow/.local/lib/python3.12/site-packages/airflow/example_dags/example_bash_operator.py
[2024-11-16T19:02:59.604+0000] {processor.py:925} INFO - DAG(s) 'example_bash_operator' retrieved from /home/airflow/.local/lib/python3.12/site-packages/airflow/example_dags/example_bash_operator.py
[2024-11-16T19:02:59.719+0000] {logging_mixin.py:190} INFO - [2024-11-16T19:02:59.719+0000] {dag.py:3239} INFO - Sync 1 DAGs
[2024-11-16T19:02:59.804+0000] {logging_mixin.py:190} INFO - [2024-11-16T19:02:59.804+0000] {dag.py:4180} INFO - Setting next_dagrun for example_bash_operator to 2024-11-15 00:00:00+00:00, run_after=2024-11-16 00:00:00+00:00
[2024-11-16T19:02:59.849+0000] {processor.py:208} INFO - Processing /home/airflow/.local/lib/python3.12/site-packages/airflow/example_dags/example_bash_operator.py took 0.354 seconds
[2024-11-16T19:03:32.026+0000] {processor.py:186} INFO - Started process (PID=466) to work on /home/airflow/.local/lib/python3.12/site-packages/airflow/example_dags/example_bash_operator.py
[2024-11-16T19:03:32.030+0000] {processor.py:914} INFO - Processing file /home/airflow/.local/lib/python3.12/site-packages/airflow/example_dags/example_bash_operator.py for tasks to queue
[2024-11-16T19:03:32.043+0000] {logging_mixin.py:190} INFO - [2024-11-16T19:03:32.042+0000] {dagbag.py:588} INFO - Filling up the DagBag from /home/airflow/.local/lib/python3.12/site-packages/airflow/example_dags/example_bash_operator.py
[2024-11-16T19:03:32.156+0000] {processor.py:925} INFO - DAG(s) 'example_bash_operator' retrieved from /home/airflow/.local/lib/python3.12/site-packages/airflow/example_dags/example_bash_operator.py
[2024-11-16T19:03:32.425+0000] {logging_mixin.py:190} INFO - [2024-11-16T19:03:32.425+0000] {dag.py:3239} INFO - Sync 1 DAGs
[2024-11-16T19:03:32.526+0000] {logging_mixin.py:190} INFO - [2024-11-16T19:03:32.525+0000] {dag.py:4180} INFO - Setting next_dagrun for example_bash_operator to 2024-11-15 00:00:00+00:00, run_after=2024-11-16 00:00:00+00:00
[2024-11-16T19:03:32.594+0000] {processor.py:208} INFO - Processing /home/airflow/.local/lib/python3.12/site-packages/airflow/example_dags/example_bash_operator.py took 0.601 seconds
[2024-11-16T19:04:07.421+0000] {processor.py:186} INFO - Started process (PID=529) to work on /home/airflow/.local/lib/python3.12/site-packages/airflow/example_dags/example_bash_operator.py
[2024-11-16T19:04:07.424+0000] {processor.py:914} INFO - Processing file /home/airflow/.local/lib/python3.12/site-packages/airflow/example_dags/example_bash_operator.py for tasks to queue
[2024-11-16T19:04:07.437+0000] {logging_mixin.py:190} INFO - [2024-11-16T19:04:07.436+0000] {dagbag.py:588} INFO - Filling up the DagBag from /home/airflow/.local/lib/python3.12/site-packages/airflow/example_dags/example_bash_operator.py
[2024-11-16T19:04:07.492+0000] {processor.py:925} INFO - DAG(s) 'example_bash_operator' retrieved from /home/airflow/.local/lib/python3.12/site-packages/airflow/example_dags/example_bash_operator.py
[2024-11-16T19:04:07.609+0000] {logging_mixin.py:190} INFO - [2024-11-16T19:04:07.609+0000] {dag.py:3239} INFO - Sync 1 DAGs
[2024-11-16T19:04:07.723+0000] {logging_mixin.py:190} INFO - [2024-11-16T19:04:07.722+0000] {dag.py:4180} INFO - Setting next_dagrun for example_bash_operator to 2024-11-15 00:00:00+00:00, run_after=2024-11-16 00:00:00+00:00
[2024-11-16T19:04:07.902+0000] {processor.py:208} INFO - Processing /home/airflow/.local/lib/python3.12/site-packages/airflow/example_dags/example_bash_operator.py took 0.503 seconds
[2024-11-16T19:04:38.431+0000] {processor.py:186} INFO - Started process (PID=591) to work on /home/airflow/.local/lib/python3.12/site-packages/airflow/example_dags/example_bash_operator.py
[2024-11-16T19:04:38.434+0000] {processor.py:914} INFO - Processing file /home/airflow/.local/lib/python3.12/site-packages/airflow/example_dags/example_bash_operator.py for tasks to queue
[2024-11-16T19:04:38.444+0000] {logging_mixin.py:190} INFO - [2024-11-16T19:04:38.440+0000] {dagbag.py:588} INFO - Filling up the DagBag from /home/airflow/.local/lib/python3.12/site-packages/airflow/example_dags/example_bash_operator.py
[2024-11-16T19:04:38.506+0000] {processor.py:925} INFO - DAG(s) 'example_bash_operator' retrieved from /home/airflow/.local/lib/python3.12/site-packages/airflow/example_dags/example_bash_operator.py
[2024-11-16T19:04:38.750+0000] {logging_mixin.py:190} INFO - [2024-11-16T19:04:38.749+0000] {dag.py:3239} INFO - Sync 1 DAGs
[2024-11-16T19:04:39.446+0000] {logging_mixin.py:190} INFO - [2024-11-16T19:04:39.445+0000] {dag.py:4180} INFO - Setting next_dagrun for example_bash_operator to 2024-11-15 00:00:00+00:00, run_after=2024-11-16 00:00:00+00:00
[2024-11-16T19:04:40.241+0000] {processor.py:208} INFO - Processing /home/airflow/.local/lib/python3.12/site-packages/airflow/example_dags/example_bash_operator.py took 1.834 seconds
[2024-11-16T19:06:50.533+0000] {processor.py:186} INFO - Started process (PID=684) to work on /home/airflow/.local/lib/python3.12/site-packages/airflow/example_dags/example_bash_operator.py
[2024-11-16T19:06:50.599+0000] {processor.py:914} INFO - Processing file /home/airflow/.local/lib/python3.12/site-packages/airflow/example_dags/example_bash_operator.py for tasks to queue
[2024-11-16T19:06:50.724+0000] {logging_mixin.py:190} INFO - [2024-11-16T19:06:50.696+0000] {dagbag.py:588} INFO - Filling up the DagBag from /home/airflow/.local/lib/python3.12/site-packages/airflow/example_dags/example_bash_operator.py
[2024-11-16T19:06:51.081+0000] {processor.py:925} INFO - DAG(s) 'example_bash_operator' retrieved from /home/airflow/.local/lib/python3.12/site-packages/airflow/example_dags/example_bash_operator.py
[2024-11-16T19:06:51.824+0000] {logging_mixin.py:190} INFO - [2024-11-16T19:06:51.823+0000] {dag.py:3239} INFO - Sync 1 DAGs
[2024-11-16T19:06:52.715+0000] {logging_mixin.py:190} INFO - [2024-11-16T19:06:52.714+0000] {dag.py:4180} INFO - Setting next_dagrun for example_bash_operator to 2024-11-15 00:00:00+00:00, run_after=2024-11-16 00:00:00+00:00
[2024-11-16T19:06:53.393+0000] {processor.py:208} INFO - Processing /home/airflow/.local/lib/python3.12/site-packages/airflow/example_dags/example_bash_operator.py took 3.067 seconds
[2024-11-16T19:08:12.997+0000] {processor.py:186} INFO - Started process (PID=736) to work on /home/airflow/.local/lib/python3.12/site-packages/airflow/example_dags/example_bash_operator.py
[2024-11-16T19:08:13.061+0000] {processor.py:914} INFO - Processing file /home/airflow/.local/lib/python3.12/site-packages/airflow/example_dags/example_bash_operator.py for tasks to queue
[2024-11-16T19:08:13.191+0000] {logging_mixin.py:190} INFO - [2024-11-16T19:08:13.190+0000] {dagbag.py:588} INFO - Filling up the DagBag from /home/airflow/.local/lib/python3.12/site-packages/airflow/example_dags/example_bash_operator.py
[2024-11-16T19:08:13.528+0000] {processor.py:925} INFO - DAG(s) 'example_bash_operator' retrieved from /home/airflow/.local/lib/python3.12/site-packages/airflow/example_dags/example_bash_operator.py
[2024-11-16T19:08:14.224+0000] {logging_mixin.py:190} INFO - [2024-11-16T19:08:14.223+0000] {dag.py:3239} INFO - Sync 1 DAGs
[2024-11-16T19:08:15.340+0000] {logging_mixin.py:190} INFO - [2024-11-16T19:08:15.327+0000] {dag.py:4180} INFO - Setting next_dagrun for example_bash_operator to 2024-11-15 00:00:00+00:00, run_after=2024-11-16 00:00:00+00:00
[2024-11-16T19:08:16.211+0000] {processor.py:208} INFO - Processing /home/airflow/.local/lib/python3.12/site-packages/airflow/example_dags/example_bash_operator.py took 3.341 seconds
[2024-11-16T19:09:27.192+0000] {processor.py:186} INFO - Started process (PID=802) to work on /home/airflow/.local/lib/python3.12/site-packages/airflow/example_dags/example_bash_operator.py
[2024-11-16T19:09:27.252+0000] {processor.py:914} INFO - Processing file /home/airflow/.local/lib/python3.12/site-packages/airflow/example_dags/example_bash_operator.py for tasks to queue
[2024-11-16T19:09:27.288+0000] {logging_mixin.py:190} INFO - [2024-11-16T19:09:27.287+0000] {dagbag.py:588} INFO - Filling up the DagBag from /home/airflow/.local/lib/python3.12/site-packages/airflow/example_dags/example_bash_operator.py
[2024-11-16T19:09:27.791+0000] {processor.py:925} INFO - DAG(s) 'example_bash_operator' retrieved from /home/airflow/.local/lib/python3.12/site-packages/airflow/example_dags/example_bash_operator.py
[2024-11-16T19:09:28.308+0000] {logging_mixin.py:190} INFO - [2024-11-16T19:09:28.308+0000] {dag.py:3239} INFO - Sync 1 DAGs
[2024-11-16T19:09:28.728+0000] {logging_mixin.py:190} INFO - [2024-11-16T19:09:28.727+0000] {dag.py:4180} INFO - Setting next_dagrun for example_bash_operator to 2024-11-15 00:00:00+00:00, run_after=2024-11-16 00:00:00+00:00
[2024-11-16T19:09:29.174+0000] {processor.py:208} INFO - Processing /home/airflow/.local/lib/python3.12/site-packages/airflow/example_dags/example_bash_operator.py took 2.203 seconds
[2024-11-16T19:10:28.531+0000] {processor.py:186} INFO - Started process (PID=853) to work on /home/airflow/.local/lib/python3.12/site-packages/airflow/example_dags/example_bash_operator.py
[2024-11-16T19:10:28.633+0000] {processor.py:914} INFO - Processing file /home/airflow/.local/lib/python3.12/site-packages/airflow/example_dags/example_bash_operator.py for tasks to queue
[2024-11-16T19:10:28.649+0000] {logging_mixin.py:190} INFO - [2024-11-16T19:10:28.648+0000] {dagbag.py:588} INFO - Filling up the DagBag from /home/airflow/.local/lib/python3.12/site-packages/airflow/example_dags/example_bash_operator.py
[2024-11-16T19:10:28.899+0000] {processor.py:925} INFO - DAG(s) 'example_bash_operator' retrieved from /home/airflow/.local/lib/python3.12/site-packages/airflow/example_dags/example_bash_operator.py
[2024-11-16T19:10:29.270+0000] {logging_mixin.py:190} INFO - [2024-11-16T19:10:29.269+0000] {dag.py:3239} INFO - Sync 1 DAGs
[2024-11-16T19:10:29.667+0000] {logging_mixin.py:190} INFO - [2024-11-16T19:10:29.666+0000] {dag.py:4180} INFO - Setting next_dagrun for example_bash_operator to 2024-11-15 00:00:00+00:00, run_after=2024-11-16 00:00:00+00:00
[2024-11-16T19:10:29.944+0000] {processor.py:208} INFO - Processing /home/airflow/.local/lib/python3.12/site-packages/airflow/example_dags/example_bash_operator.py took 1.520 seconds
[2024-11-16T19:11:22.996+0000] {processor.py:186} INFO - Started process (PID=906) to work on /home/airflow/.local/lib/python3.12/site-packages/airflow/example_dags/example_bash_operator.py
[2024-11-16T19:11:23.096+0000] {processor.py:914} INFO - Processing file /home/airflow/.local/lib/python3.12/site-packages/airflow/example_dags/example_bash_operator.py for tasks to queue
[2024-11-16T19:11:23.165+0000] {logging_mixin.py:190} INFO - [2024-11-16T19:11:23.164+0000] {dagbag.py:588} INFO - Filling up the DagBag from /home/airflow/.local/lib/python3.12/site-packages/airflow/example_dags/example_bash_operator.py
[2024-11-16T19:11:23.770+0000] {processor.py:925} INFO - DAG(s) 'example_bash_operator' retrieved from /home/airflow/.local/lib/python3.12/site-packages/airflow/example_dags/example_bash_operator.py
[2024-11-16T19:11:24.387+0000] {logging_mixin.py:190} INFO - [2024-11-16T19:11:24.374+0000] {dag.py:3239} INFO - Sync 1 DAGs
[2024-11-16T19:11:25.122+0000] {logging_mixin.py:190} INFO - [2024-11-16T19:11:25.121+0000] {dag.py:4180} INFO - Setting next_dagrun for example_bash_operator to 2024-11-15 00:00:00+00:00, run_after=2024-11-16 00:00:00+00:00
[2024-11-16T19:11:25.519+0000] {processor.py:208} INFO - Processing /home/airflow/.local/lib/python3.12/site-packages/airflow/example_dags/example_bash_operator.py took 2.638 seconds
[2024-11-16T19:12:08.181+0000] {processor.py:186} INFO - Started process (PID=949) to work on /home/airflow/.local/lib/python3.12/site-packages/airflow/example_dags/example_bash_operator.py
[2024-11-16T19:12:08.185+0000] {processor.py:914} INFO - Processing file /home/airflow/.local/lib/python3.12/site-packages/airflow/example_dags/example_bash_operator.py for tasks to queue
[2024-11-16T19:12:08.215+0000] {logging_mixin.py:190} INFO - [2024-11-16T19:12:08.214+0000] {dagbag.py:588} INFO - Filling up the DagBag from /home/airflow/.local/lib/python3.12/site-packages/airflow/example_dags/example_bash_operator.py
[2024-11-16T19:12:08.370+0000] {processor.py:925} INFO - DAG(s) 'example_bash_operator' retrieved from /home/airflow/.local/lib/python3.12/site-packages/airflow/example_dags/example_bash_operator.py
[2024-11-16T19:12:08.873+0000] {logging_mixin.py:190} INFO - [2024-11-16T19:12:08.872+0000] {dag.py:3239} INFO - Sync 1 DAGs
[2024-11-16T19:12:09.169+0000] {logging_mixin.py:190} INFO - [2024-11-16T19:12:09.168+0000] {dag.py:4180} INFO - Setting next_dagrun for example_bash_operator to 2024-11-15 00:00:00+00:00, run_after=2024-11-16 00:00:00+00:00
[2024-11-16T19:12:09.364+0000] {processor.py:208} INFO - Processing /home/airflow/.local/lib/python3.12/site-packages/airflow/example_dags/example_bash_operator.py took 1.245 seconds
[2024-11-16T19:12:58.801+0000] {processor.py:186} INFO - Started process (PID=1017) to work on /home/airflow/.local/lib/python3.12/site-packages/airflow/example_dags/example_bash_operator.py
[2024-11-16T19:12:58.805+0000] {processor.py:914} INFO - Processing file /home/airflow/.local/lib/python3.12/site-packages/airflow/example_dags/example_bash_operator.py for tasks to queue
[2024-11-16T19:12:58.813+0000] {logging_mixin.py:190} INFO - [2024-11-16T19:12:58.812+0000] {dagbag.py:588} INFO - Filling up the DagBag from /home/airflow/.local/lib/python3.12/site-packages/airflow/example_dags/example_bash_operator.py
[2024-11-16T19:12:58.853+0000] {processor.py:925} INFO - DAG(s) 'example_bash_operator' retrieved from /home/airflow/.local/lib/python3.12/site-packages/airflow/example_dags/example_bash_operator.py
[2024-11-16T19:12:58.970+0000] {logging_mixin.py:190} INFO - [2024-11-16T19:12:58.970+0000] {dag.py:3239} INFO - Sync 1 DAGs
[2024-11-16T19:12:59.113+0000] {logging_mixin.py:190} INFO - [2024-11-16T19:12:59.112+0000] {dag.py:4180} INFO - Setting next_dagrun for example_bash_operator to 2024-11-15 00:00:00+00:00, run_after=2024-11-16 00:00:00+00:00
[2024-11-16T19:12:59.345+0000] {processor.py:208} INFO - Processing /home/airflow/.local/lib/python3.12/site-packages/airflow/example_dags/example_bash_operator.py took 0.566 seconds
[2024-11-16T19:13:38.180+0000] {processor.py:186} INFO - Started process (PID=1079) to work on /home/airflow/.local/lib/python3.12/site-packages/airflow/example_dags/example_bash_operator.py
[2024-11-16T19:13:38.216+0000] {processor.py:914} INFO - Processing file /home/airflow/.local/lib/python3.12/site-packages/airflow/example_dags/example_bash_operator.py for tasks to queue
[2024-11-16T19:13:38.245+0000] {logging_mixin.py:190} INFO - [2024-11-16T19:13:38.244+0000] {dagbag.py:588} INFO - Filling up the DagBag from /home/airflow/.local/lib/python3.12/site-packages/airflow/example_dags/example_bash_operator.py
[2024-11-16T19:13:38.380+0000] {processor.py:925} INFO - DAG(s) 'example_bash_operator' retrieved from /home/airflow/.local/lib/python3.12/site-packages/airflow/example_dags/example_bash_operator.py
[2024-11-16T19:13:38.785+0000] {logging_mixin.py:190} INFO - [2024-11-16T19:13:38.772+0000] {dag.py:3239} INFO - Sync 1 DAGs
[2024-11-16T19:13:39.089+0000] {logging_mixin.py:190} INFO - [2024-11-16T19:13:39.088+0000] {dag.py:4180} INFO - Setting next_dagrun for example_bash_operator to 2024-11-15 00:00:00+00:00, run_after=2024-11-16 00:00:00+00:00
[2024-11-16T19:13:39.236+0000] {processor.py:208} INFO - Processing /home/airflow/.local/lib/python3.12/site-packages/airflow/example_dags/example_bash_operator.py took 1.137 seconds
[2024-11-16T19:14:11.818+0000] {processor.py:186} INFO - Started process (PID=1143) to work on /home/airflow/.local/lib/python3.12/site-packages/airflow/example_dags/example_bash_operator.py
[2024-11-16T19:14:11.844+0000] {processor.py:914} INFO - Processing file /home/airflow/.local/lib/python3.12/site-packages/airflow/example_dags/example_bash_operator.py for tasks to queue
[2024-11-16T19:14:11.895+0000] {logging_mixin.py:190} INFO - [2024-11-16T19:14:11.894+0000] {dagbag.py:588} INFO - Filling up the DagBag from /home/airflow/.local/lib/python3.12/site-packages/airflow/example_dags/example_bash_operator.py
[2024-11-16T19:14:12.055+0000] {processor.py:925} INFO - DAG(s) 'example_bash_operator' retrieved from /home/airflow/.local/lib/python3.12/site-packages/airflow/example_dags/example_bash_operator.py
[2024-11-16T19:14:12.433+0000] {logging_mixin.py:190} INFO - [2024-11-16T19:14:12.433+0000] {dag.py:3239} INFO - Sync 1 DAGs
[2024-11-16T19:14:12.717+0000] {logging_mixin.py:190} INFO - [2024-11-16T19:14:12.716+0000] {dag.py:4180} INFO - Setting next_dagrun for example_bash_operator to 2024-11-15 00:00:00+00:00, run_after=2024-11-16 00:00:00+00:00
[2024-11-16T19:14:13.031+0000] {processor.py:208} INFO - Processing /home/airflow/.local/lib/python3.12/site-packages/airflow/example_dags/example_bash_operator.py took 1.370 seconds
[2024-11-16T19:14:43.679+0000] {processor.py:186} INFO - Started process (PID=1207) to work on /home/airflow/.local/lib/python3.12/site-packages/airflow/example_dags/example_bash_operator.py
[2024-11-16T19:14:43.691+0000] {processor.py:914} INFO - Processing file /home/airflow/.local/lib/python3.12/site-packages/airflow/example_dags/example_bash_operator.py for tasks to queue
[2024-11-16T19:14:43.704+0000] {logging_mixin.py:190} INFO - [2024-11-16T19:14:43.703+0000] {dagbag.py:588} INFO - Filling up the DagBag from /home/airflow/.local/lib/python3.12/site-packages/airflow/example_dags/example_bash_operator.py
[2024-11-16T19:14:43.747+0000] {processor.py:925} INFO - DAG(s) 'example_bash_operator' retrieved from /home/airflow/.local/lib/python3.12/site-packages/airflow/example_dags/example_bash_operator.py
[2024-11-16T19:14:43.813+0000] {logging_mixin.py:190} INFO - [2024-11-16T19:14:43.813+0000] {dag.py:3239} INFO - Sync 1 DAGs
[2024-11-16T19:14:43.904+0000] {logging_mixin.py:190} INFO - [2024-11-16T19:14:43.903+0000] {dag.py:4180} INFO - Setting next_dagrun for example_bash_operator to 2024-11-15 00:00:00+00:00, run_after=2024-11-16 00:00:00+00:00
[2024-11-16T19:14:43.950+0000] {processor.py:208} INFO - Processing /home/airflow/.local/lib/python3.12/site-packages/airflow/example_dags/example_bash_operator.py took 0.293 seconds
[2024-11-16T19:15:14.080+0000] {processor.py:186} INFO - Started process (PID=1271) to work on /home/airflow/.local/lib/python3.12/site-packages/airflow/example_dags/example_bash_operator.py
[2024-11-16T19:15:14.082+0000] {processor.py:914} INFO - Processing file /home/airflow/.local/lib/python3.12/site-packages/airflow/example_dags/example_bash_operator.py for tasks to queue
[2024-11-16T19:15:14.088+0000] {logging_mixin.py:190} INFO - [2024-11-16T19:15:14.087+0000] {dagbag.py:588} INFO - Filling up the DagBag from /home/airflow/.local/lib/python3.12/site-packages/airflow/example_dags/example_bash_operator.py
[2024-11-16T19:15:14.134+0000] {processor.py:925} INFO - DAG(s) 'example_bash_operator' retrieved from /home/airflow/.local/lib/python3.12/site-packages/airflow/example_dags/example_bash_operator.py
[2024-11-16T19:15:14.243+0000] {logging_mixin.py:190} INFO - [2024-11-16T19:15:14.242+0000] {dag.py:3239} INFO - Sync 1 DAGs
[2024-11-16T19:15:14.317+0000] {logging_mixin.py:190} INFO - [2024-11-16T19:15:14.316+0000] {dag.py:4180} INFO - Setting next_dagrun for example_bash_operator to 2024-11-15 00:00:00+00:00, run_after=2024-11-16 00:00:00+00:00
[2024-11-16T19:15:14.372+0000] {processor.py:208} INFO - Processing /home/airflow/.local/lib/python3.12/site-packages/airflow/example_dags/example_bash_operator.py took 0.313 seconds
[2024-11-16T19:15:45.992+0000] {processor.py:186} INFO - Started process (PID=1334) to work on /home/airflow/.local/lib/python3.12/site-packages/airflow/example_dags/example_bash_operator.py
[2024-11-16T19:15:45.994+0000] {processor.py:914} INFO - Processing file /home/airflow/.local/lib/python3.12/site-packages/airflow/example_dags/example_bash_operator.py for tasks to queue
[2024-11-16T19:15:45.999+0000] {logging_mixin.py:190} INFO - [2024-11-16T19:15:45.998+0000] {dagbag.py:588} INFO - Filling up the DagBag from /home/airflow/.local/lib/python3.12/site-packages/airflow/example_dags/example_bash_operator.py
[2024-11-16T19:15:46.027+0000] {processor.py:925} INFO - DAG(s) 'example_bash_operator' retrieved from /home/airflow/.local/lib/python3.12/site-packages/airflow/example_dags/example_bash_operator.py
[2024-11-16T19:15:46.096+0000] {logging_mixin.py:190} INFO - [2024-11-16T19:15:46.095+0000] {dag.py:3239} INFO - Sync 1 DAGs
[2024-11-16T19:15:46.156+0000] {logging_mixin.py:190} INFO - [2024-11-16T19:15:46.155+0000] {dag.py:4180} INFO - Setting next_dagrun for example_bash_operator to 2024-11-15 00:00:00+00:00, run_after=2024-11-16 00:00:00+00:00
[2024-11-16T19:15:46.192+0000] {processor.py:208} INFO - Processing /home/airflow/.local/lib/python3.12/site-packages/airflow/example_dags/example_bash_operator.py took 0.214 seconds
[2024-11-16T19:16:18.548+0000] {processor.py:186} INFO - Started process (PID=1393) to work on /home/airflow/.local/lib/python3.12/site-packages/airflow/example_dags/example_bash_operator.py
[2024-11-16T19:16:18.551+0000] {processor.py:914} INFO - Processing file /home/airflow/.local/lib/python3.12/site-packages/airflow/example_dags/example_bash_operator.py for tasks to queue
[2024-11-16T19:16:18.558+0000] {logging_mixin.py:190} INFO - [2024-11-16T19:16:18.557+0000] {dagbag.py:588} INFO - Filling up the DagBag from /home/airflow/.local/lib/python3.12/site-packages/airflow/example_dags/example_bash_operator.py
[2024-11-16T19:16:18.594+0000] {processor.py:925} INFO - DAG(s) 'example_bash_operator' retrieved from /home/airflow/.local/lib/python3.12/site-packages/airflow/example_dags/example_bash_operator.py
[2024-11-16T19:16:18.695+0000] {logging_mixin.py:190} INFO - [2024-11-16T19:16:18.695+0000] {dag.py:3239} INFO - Sync 1 DAGs
[2024-11-16T19:16:18.789+0000] {logging_mixin.py:190} INFO - [2024-11-16T19:16:18.788+0000] {dag.py:4180} INFO - Setting next_dagrun for example_bash_operator to 2024-11-15 00:00:00+00:00, run_after=2024-11-16 00:00:00+00:00
[2024-11-16T19:16:18.837+0000] {processor.py:208} INFO - Processing /home/airflow/.local/lib/python3.12/site-packages/airflow/example_dags/example_bash_operator.py took 0.305 seconds
[2024-11-16T19:16:50.201+0000] {processor.py:186} INFO - Started process (PID=1456) to work on /home/airflow/.local/lib/python3.12/site-packages/airflow/example_dags/example_bash_operator.py
[2024-11-16T19:16:50.204+0000] {processor.py:914} INFO - Processing file /home/airflow/.local/lib/python3.12/site-packages/airflow/example_dags/example_bash_operator.py for tasks to queue
[2024-11-16T19:16:50.211+0000] {logging_mixin.py:190} INFO - [2024-11-16T19:16:50.210+0000] {dagbag.py:588} INFO - Filling up the DagBag from /home/airflow/.local/lib/python3.12/site-packages/airflow/example_dags/example_bash_operator.py
[2024-11-16T19:16:50.255+0000] {processor.py:925} INFO - DAG(s) 'example_bash_operator' retrieved from /home/airflow/.local/lib/python3.12/site-packages/airflow/example_dags/example_bash_operator.py
[2024-11-16T19:16:50.351+0000] {logging_mixin.py:190} INFO - [2024-11-16T19:16:50.350+0000] {dag.py:3239} INFO - Sync 1 DAGs
[2024-11-16T19:16:50.474+0000] {logging_mixin.py:190} INFO - [2024-11-16T19:16:50.472+0000] {dag.py:4180} INFO - Setting next_dagrun for example_bash_operator to 2024-11-15 00:00:00+00:00, run_after=2024-11-16 00:00:00+00:00
[2024-11-16T19:16:50.531+0000] {processor.py:208} INFO - Processing /home/airflow/.local/lib/python3.12/site-packages/airflow/example_dags/example_bash_operator.py took 0.352 seconds
[2024-11-16T19:17:20.623+0000] {processor.py:186} INFO - Started process (PID=1518) to work on /home/airflow/.local/lib/python3.12/site-packages/airflow/example_dags/example_bash_operator.py
[2024-11-16T19:17:20.625+0000] {processor.py:914} INFO - Processing file /home/airflow/.local/lib/python3.12/site-packages/airflow/example_dags/example_bash_operator.py for tasks to queue
[2024-11-16T19:17:20.630+0000] {logging_mixin.py:190} INFO - [2024-11-16T19:17:20.629+0000] {dagbag.py:588} INFO - Filling up the DagBag from /home/airflow/.local/lib/python3.12/site-packages/airflow/example_dags/example_bash_operator.py
[2024-11-16T19:17:20.659+0000] {processor.py:925} INFO - DAG(s) 'example_bash_operator' retrieved from /home/airflow/.local/lib/python3.12/site-packages/airflow/example_dags/example_bash_operator.py
[2024-11-16T19:17:20.727+0000] {logging_mixin.py:190} INFO - [2024-11-16T19:17:20.727+0000] {dag.py:3239} INFO - Sync 1 DAGs
[2024-11-16T19:17:20.830+0000] {logging_mixin.py:190} INFO - [2024-11-16T19:17:20.829+0000] {dag.py:4180} INFO - Setting next_dagrun for example_bash_operator to 2024-11-15 00:00:00+00:00, run_after=2024-11-16 00:00:00+00:00
[2024-11-16T19:17:20.881+0000] {processor.py:208} INFO - Processing /home/airflow/.local/lib/python3.12/site-packages/airflow/example_dags/example_bash_operator.py took 0.272 seconds
