[2024-11-16T18:59:24.090+0000] {processor.py:186} INFO - Started process (PID=99) to work on /home/airflow/.local/lib/python3.12/site-packages/airflow/example_dags/example_xcomargs.py
[2024-11-16T18:59:24.099+0000] {processor.py:914} INFO - Processing file /home/airflow/.local/lib/python3.12/site-packages/airflow/example_dags/example_xcomargs.py for tasks to queue
[2024-11-16T18:59:24.109+0000] {logging_mixin.py:190} INFO - [2024-11-16T18:59:24.108+0000] {dagbag.py:588} INFO - Filling up the DagBag from /home/airflow/.local/lib/python3.12/site-packages/airflow/example_dags/example_xcomargs.py
[2024-11-16T18:59:24.173+0000] {processor.py:925} INFO - DAG(s) 'example_xcom_args', 'example_xcom_args_with_operators' retrieved from /home/airflow/.local/lib/python3.12/site-packages/airflow/example_dags/example_xcomargs.py
[2024-11-16T18:59:24.631+0000] {logging_mixin.py:190} INFO - [2024-11-16T18:59:24.628+0000] {override.py:1911} INFO - Created Permission View: can delete on DAG:example_xcom_args
[2024-11-16T18:59:24.683+0000] {logging_mixin.py:190} INFO - [2024-11-16T18:59:24.682+0000] {override.py:1911} INFO - Created Permission View: can edit on DAG:example_xcom_args
[2024-11-16T18:59:24.730+0000] {logging_mixin.py:190} INFO - [2024-11-16T18:59:24.729+0000] {override.py:1911} INFO - Created Permission View: can read on DAG:example_xcom_args
[2024-11-16T18:59:24.784+0000] {logging_mixin.py:190} INFO - [2024-11-16T18:59:24.784+0000] {override.py:1911} INFO - Created Permission View: menu access on DAG Run:example_xcom_args
[2024-11-16T18:59:24.830+0000] {logging_mixin.py:190} INFO - [2024-11-16T18:59:24.829+0000] {override.py:1911} INFO - Created Permission View: can delete on DAG Run:example_xcom_args
[2024-11-16T18:59:24.870+0000] {logging_mixin.py:190} INFO - [2024-11-16T18:59:24.869+0000] {override.py:1911} INFO - Created Permission View: can read on DAG Run:example_xcom_args
[2024-11-16T18:59:24.910+0000] {logging_mixin.py:190} INFO - [2024-11-16T18:59:24.909+0000] {override.py:1911} INFO - Created Permission View: can create on DAG Run:example_xcom_args
[2024-11-16T18:59:25.008+0000] {logging_mixin.py:190} INFO - [2024-11-16T18:59:25.007+0000] {override.py:1911} INFO - Created Permission View: can delete on DAG:example_xcom_args_with_operators
[2024-11-16T18:59:25.093+0000] {logging_mixin.py:190} INFO - [2024-11-16T18:59:25.090+0000] {override.py:1911} INFO - Created Permission View: can edit on DAG:example_xcom_args_with_operators
[2024-11-16T18:59:25.219+0000] {logging_mixin.py:190} INFO - [2024-11-16T18:59:25.218+0000] {override.py:1911} INFO - Created Permission View: can read on DAG:example_xcom_args_with_operators
[2024-11-16T18:59:25.293+0000] {logging_mixin.py:190} INFO - [2024-11-16T18:59:25.292+0000] {override.py:1911} INFO - Created Permission View: menu access on DAG Run:example_xcom_args_with_operators
[2024-11-16T18:59:25.344+0000] {logging_mixin.py:190} INFO - [2024-11-16T18:59:25.343+0000] {override.py:1911} INFO - Created Permission View: can delete on DAG Run:example_xcom_args_with_operators
[2024-11-16T18:59:25.415+0000] {logging_mixin.py:190} INFO - [2024-11-16T18:59:25.415+0000] {override.py:1911} INFO - Created Permission View: can read on DAG Run:example_xcom_args_with_operators
[2024-11-16T18:59:25.469+0000] {logging_mixin.py:190} INFO - [2024-11-16T18:59:25.467+0000] {override.py:1911} INFO - Created Permission View: can create on DAG Run:example_xcom_args_with_operators
[2024-11-16T18:59:25.482+0000] {logging_mixin.py:190} INFO - [2024-11-16T18:59:25.481+0000] {dag.py:3239} INFO - Sync 2 DAGs
[2024-11-16T18:59:25.559+0000] {logging_mixin.py:190} INFO - [2024-11-16T18:59:25.559+0000] {dag.py:3262} INFO - Creating ORM DAG for example_xcom_args_with_operators
[2024-11-16T18:59:25.569+0000] {logging_mixin.py:190} INFO - [2024-11-16T18:59:25.569+0000] {dag.py:3262} INFO - Creating ORM DAG for example_xcom_args
[2024-11-16T18:59:25.572+0000] {logging_mixin.py:190} INFO - [2024-11-16T18:59:25.571+0000] {dag.py:4180} INFO - Setting next_dagrun for example_xcom_args to None, run_after=None
[2024-11-16T18:59:25.581+0000] {logging_mixin.py:190} INFO - [2024-11-16T18:59:25.580+0000] {dag.py:4180} INFO - Setting next_dagrun for example_xcom_args_with_operators to None, run_after=None
[2024-11-16T18:59:25.718+0000] {processor.py:208} INFO - Processing /home/airflow/.local/lib/python3.12/site-packages/airflow/example_dags/example_xcomargs.py took 1.665 seconds
[2024-11-16T19:00:29.760+0000] {processor.py:186} INFO - Started process (PID=167) to work on /home/airflow/.local/lib/python3.12/site-packages/airflow/example_dags/example_xcomargs.py
[2024-11-16T19:00:29.767+0000] {processor.py:914} INFO - Processing file /home/airflow/.local/lib/python3.12/site-packages/airflow/example_dags/example_xcomargs.py for tasks to queue
[2024-11-16T19:00:29.775+0000] {logging_mixin.py:190} INFO - [2024-11-16T19:00:29.774+0000] {dagbag.py:588} INFO - Filling up the DagBag from /home/airflow/.local/lib/python3.12/site-packages/airflow/example_dags/example_xcomargs.py
[2024-11-16T19:00:29.817+0000] {processor.py:925} INFO - DAG(s) 'example_xcom_args_with_operators', 'example_xcom_args' retrieved from /home/airflow/.local/lib/python3.12/site-packages/airflow/example_dags/example_xcomargs.py
[2024-11-16T19:00:29.889+0000] {logging_mixin.py:190} INFO - [2024-11-16T19:00:29.888+0000] {dag.py:3239} INFO - Sync 2 DAGs
[2024-11-16T19:00:29.950+0000] {logging_mixin.py:190} INFO - [2024-11-16T19:00:29.949+0000] {dag.py:4180} INFO - Setting next_dagrun for example_xcom_args to None, run_after=None
[2024-11-16T19:00:29.963+0000] {logging_mixin.py:190} INFO - [2024-11-16T19:00:29.963+0000] {dag.py:4180} INFO - Setting next_dagrun for example_xcom_args_with_operators to None, run_after=None
[2024-11-16T19:00:30.006+0000] {processor.py:208} INFO - Processing /home/airflow/.local/lib/python3.12/site-packages/airflow/example_dags/example_xcomargs.py took 0.271 seconds
[2024-11-16T19:01:04.211+0000] {processor.py:186} INFO - Started process (PID=230) to work on /home/airflow/.local/lib/python3.12/site-packages/airflow/example_dags/example_xcomargs.py
[2024-11-16T19:01:04.235+0000] {processor.py:914} INFO - Processing file /home/airflow/.local/lib/python3.12/site-packages/airflow/example_dags/example_xcomargs.py for tasks to queue
[2024-11-16T19:01:04.258+0000] {logging_mixin.py:190} INFO - [2024-11-16T19:01:04.256+0000] {dagbag.py:588} INFO - Filling up the DagBag from /home/airflow/.local/lib/python3.12/site-packages/airflow/example_dags/example_xcomargs.py
[2024-11-16T19:01:04.349+0000] {processor.py:925} INFO - DAG(s) 'example_xcom_args_with_operators', 'example_xcom_args' retrieved from /home/airflow/.local/lib/python3.12/site-packages/airflow/example_dags/example_xcomargs.py
[2024-11-16T19:01:04.454+0000] {logging_mixin.py:190} INFO - [2024-11-16T19:01:04.453+0000] {dag.py:3239} INFO - Sync 2 DAGs
[2024-11-16T19:01:04.530+0000] {logging_mixin.py:190} INFO - [2024-11-16T19:01:04.530+0000] {dag.py:4180} INFO - Setting next_dagrun for example_xcom_args to None, run_after=None
[2024-11-16T19:01:04.552+0000] {logging_mixin.py:190} INFO - [2024-11-16T19:01:04.551+0000] {dag.py:4180} INFO - Setting next_dagrun for example_xcom_args_with_operators to None, run_after=None
[2024-11-16T19:01:04.657+0000] {processor.py:208} INFO - Processing /home/airflow/.local/lib/python3.12/site-packages/airflow/example_dags/example_xcomargs.py took 0.480 seconds
[2024-11-16T19:01:48.468+0000] {processor.py:186} INFO - Started process (PID=298) to work on /home/airflow/.local/lib/python3.12/site-packages/airflow/example_dags/example_xcomargs.py
[2024-11-16T19:01:48.471+0000] {processor.py:914} INFO - Processing file /home/airflow/.local/lib/python3.12/site-packages/airflow/example_dags/example_xcomargs.py for tasks to queue
[2024-11-16T19:01:48.481+0000] {logging_mixin.py:190} INFO - [2024-11-16T19:01:48.480+0000] {dagbag.py:588} INFO - Filling up the DagBag from /home/airflow/.local/lib/python3.12/site-packages/airflow/example_dags/example_xcomargs.py
[2024-11-16T19:01:48.534+0000] {processor.py:925} INFO - DAG(s) 'example_xcom_args_with_operators', 'example_xcom_args' retrieved from /home/airflow/.local/lib/python3.12/site-packages/airflow/example_dags/example_xcomargs.py
[2024-11-16T19:01:48.632+0000] {logging_mixin.py:190} INFO - [2024-11-16T19:01:48.631+0000] {dag.py:3239} INFO - Sync 2 DAGs
[2024-11-16T19:01:48.882+0000] {logging_mixin.py:190} INFO - [2024-11-16T19:01:48.881+0000] {dag.py:4180} INFO - Setting next_dagrun for example_xcom_args to None, run_after=None
[2024-11-16T19:01:48.928+0000] {logging_mixin.py:190} INFO - [2024-11-16T19:01:48.927+0000] {dag.py:4180} INFO - Setting next_dagrun for example_xcom_args_with_operators to None, run_after=None
[2024-11-16T19:01:49.105+0000] {processor.py:208} INFO - Processing /home/airflow/.local/lib/python3.12/site-packages/airflow/example_dags/example_xcomargs.py took 0.661 seconds
[2024-11-16T19:02:32.597+0000] {processor.py:186} INFO - Started process (PID=358) to work on /home/airflow/.local/lib/python3.12/site-packages/airflow/example_dags/example_xcomargs.py
[2024-11-16T19:02:32.608+0000] {processor.py:914} INFO - Processing file /home/airflow/.local/lib/python3.12/site-packages/airflow/example_dags/example_xcomargs.py for tasks to queue
[2024-11-16T19:02:32.614+0000] {logging_mixin.py:190} INFO - [2024-11-16T19:02:32.613+0000] {dagbag.py:588} INFO - Filling up the DagBag from /home/airflow/.local/lib/python3.12/site-packages/airflow/example_dags/example_xcomargs.py
[2024-11-16T19:02:32.652+0000] {processor.py:925} INFO - DAG(s) 'example_xcom_args', 'example_xcom_args_with_operators' retrieved from /home/airflow/.local/lib/python3.12/site-packages/airflow/example_dags/example_xcomargs.py
[2024-11-16T19:02:32.747+0000] {logging_mixin.py:190} INFO - [2024-11-16T19:02:32.746+0000] {dag.py:3239} INFO - Sync 2 DAGs
[2024-11-16T19:02:32.806+0000] {logging_mixin.py:190} INFO - [2024-11-16T19:02:32.805+0000] {dag.py:4180} INFO - Setting next_dagrun for example_xcom_args to None, run_after=None
[2024-11-16T19:02:32.822+0000] {logging_mixin.py:190} INFO - [2024-11-16T19:02:32.822+0000] {dag.py:4180} INFO - Setting next_dagrun for example_xcom_args_with_operators to None, run_after=None
[2024-11-16T19:02:32.893+0000] {processor.py:208} INFO - Processing /home/airflow/.local/lib/python3.12/site-packages/airflow/example_dags/example_xcomargs.py took 0.314 seconds
[2024-11-16T19:03:06.479+0000] {processor.py:186} INFO - Started process (PID=421) to work on /home/airflow/.local/lib/python3.12/site-packages/airflow/example_dags/example_xcomargs.py
[2024-11-16T19:03:06.483+0000] {processor.py:914} INFO - Processing file /home/airflow/.local/lib/python3.12/site-packages/airflow/example_dags/example_xcomargs.py for tasks to queue
[2024-11-16T19:03:06.492+0000] {logging_mixin.py:190} INFO - [2024-11-16T19:03:06.491+0000] {dagbag.py:588} INFO - Filling up the DagBag from /home/airflow/.local/lib/python3.12/site-packages/airflow/example_dags/example_xcomargs.py
[2024-11-16T19:03:06.524+0000] {processor.py:925} INFO - DAG(s) 'example_xcom_args_with_operators', 'example_xcom_args' retrieved from /home/airflow/.local/lib/python3.12/site-packages/airflow/example_dags/example_xcomargs.py
[2024-11-16T19:03:06.601+0000] {logging_mixin.py:190} INFO - [2024-11-16T19:03:06.598+0000] {dag.py:3239} INFO - Sync 2 DAGs
[2024-11-16T19:03:06.643+0000] {logging_mixin.py:190} INFO - [2024-11-16T19:03:06.642+0000] {dag.py:4180} INFO - Setting next_dagrun for example_xcom_args to None, run_after=None
[2024-11-16T19:03:06.652+0000] {logging_mixin.py:190} INFO - [2024-11-16T19:03:06.651+0000] {dag.py:4180} INFO - Setting next_dagrun for example_xcom_args_with_operators to None, run_after=None
[2024-11-16T19:03:06.689+0000] {processor.py:208} INFO - Processing /home/airflow/.local/lib/python3.12/site-packages/airflow/example_dags/example_xcomargs.py took 0.228 seconds
[2024-11-16T19:03:38.135+0000] {processor.py:186} INFO - Started process (PID=484) to work on /home/airflow/.local/lib/python3.12/site-packages/airflow/example_dags/example_xcomargs.py
[2024-11-16T19:03:38.137+0000] {processor.py:914} INFO - Processing file /home/airflow/.local/lib/python3.12/site-packages/airflow/example_dags/example_xcomargs.py for tasks to queue
[2024-11-16T19:03:38.144+0000] {logging_mixin.py:190} INFO - [2024-11-16T19:03:38.143+0000] {dagbag.py:588} INFO - Filling up the DagBag from /home/airflow/.local/lib/python3.12/site-packages/airflow/example_dags/example_xcomargs.py
[2024-11-16T19:03:38.177+0000] {processor.py:925} INFO - DAG(s) 'example_xcom_args', 'example_xcom_args_with_operators' retrieved from /home/airflow/.local/lib/python3.12/site-packages/airflow/example_dags/example_xcomargs.py
[2024-11-16T19:03:38.253+0000] {logging_mixin.py:190} INFO - [2024-11-16T19:03:38.253+0000] {dag.py:3239} INFO - Sync 2 DAGs
[2024-11-16T19:03:38.299+0000] {logging_mixin.py:190} INFO - [2024-11-16T19:03:38.298+0000] {dag.py:4180} INFO - Setting next_dagrun for example_xcom_args to None, run_after=None
[2024-11-16T19:03:38.311+0000] {logging_mixin.py:190} INFO - [2024-11-16T19:03:38.310+0000] {dag.py:4180} INFO - Setting next_dagrun for example_xcom_args_with_operators to None, run_after=None
[2024-11-16T19:03:38.361+0000] {processor.py:208} INFO - Processing /home/airflow/.local/lib/python3.12/site-packages/airflow/example_dags/example_xcomargs.py took 0.249 seconds
[2024-11-16T19:04:14.259+0000] {processor.py:186} INFO - Started process (PID=553) to work on /home/airflow/.local/lib/python3.12/site-packages/airflow/example_dags/example_xcomargs.py
[2024-11-16T19:04:14.272+0000] {processor.py:914} INFO - Processing file /home/airflow/.local/lib/python3.12/site-packages/airflow/example_dags/example_xcomargs.py for tasks to queue
[2024-11-16T19:04:14.282+0000] {logging_mixin.py:190} INFO - [2024-11-16T19:04:14.281+0000] {dagbag.py:588} INFO - Filling up the DagBag from /home/airflow/.local/lib/python3.12/site-packages/airflow/example_dags/example_xcomargs.py
[2024-11-16T19:04:14.334+0000] {processor.py:925} INFO - DAG(s) 'example_xcom_args', 'example_xcom_args_with_operators' retrieved from /home/airflow/.local/lib/python3.12/site-packages/airflow/example_dags/example_xcomargs.py
[2024-11-16T19:04:14.471+0000] {logging_mixin.py:190} INFO - [2024-11-16T19:04:14.471+0000] {dag.py:3239} INFO - Sync 2 DAGs
[2024-11-16T19:04:14.521+0000] {logging_mixin.py:190} INFO - [2024-11-16T19:04:14.521+0000] {dag.py:4180} INFO - Setting next_dagrun for example_xcom_args to None, run_after=None
[2024-11-16T19:04:14.535+0000] {logging_mixin.py:190} INFO - [2024-11-16T19:04:14.534+0000] {dag.py:4180} INFO - Setting next_dagrun for example_xcom_args_with_operators to None, run_after=None
[2024-11-16T19:04:14.614+0000] {processor.py:208} INFO - Processing /home/airflow/.local/lib/python3.12/site-packages/airflow/example_dags/example_xcomargs.py took 0.384 seconds
[2024-11-16T19:05:39.100+0000] {processor.py:186} INFO - Started process (PID=628) to work on /home/airflow/.local/lib/python3.12/site-packages/airflow/example_dags/example_xcomargs.py
[2024-11-16T19:05:39.134+0000] {processor.py:914} INFO - Processing file /home/airflow/.local/lib/python3.12/site-packages/airflow/example_dags/example_xcomargs.py for tasks to queue
[2024-11-16T19:05:39.179+0000] {logging_mixin.py:190} INFO - [2024-11-16T19:05:39.168+0000] {dagbag.py:588} INFO - Filling up the DagBag from /home/airflow/.local/lib/python3.12/site-packages/airflow/example_dags/example_xcomargs.py
[2024-11-16T19:05:39.298+0000] {processor.py:925} INFO - DAG(s) 'example_xcom_args', 'example_xcom_args_with_operators' retrieved from /home/airflow/.local/lib/python3.12/site-packages/airflow/example_dags/example_xcomargs.py
[2024-11-16T19:05:39.618+0000] {logging_mixin.py:190} INFO - [2024-11-16T19:05:39.589+0000] {dag.py:3239} INFO - Sync 2 DAGs
[2024-11-16T19:05:39.813+0000] {logging_mixin.py:190} INFO - [2024-11-16T19:05:39.813+0000] {dag.py:4180} INFO - Setting next_dagrun for example_xcom_args to None, run_after=None
[2024-11-16T19:05:39.861+0000] {logging_mixin.py:190} INFO - [2024-11-16T19:05:39.860+0000] {dag.py:4180} INFO - Setting next_dagrun for example_xcom_args_with_operators to None, run_after=None
[2024-11-16T19:05:40.078+0000] {processor.py:208} INFO - Processing /home/airflow/.local/lib/python3.12/site-packages/airflow/example_dags/example_xcomargs.py took 1.066 seconds
[2024-11-16T19:07:07.542+0000] {processor.py:186} INFO - Started process (PID=696) to work on /home/airflow/.local/lib/python3.12/site-packages/airflow/example_dags/example_xcomargs.py
[2024-11-16T19:07:07.614+0000] {processor.py:914} INFO - Processing file /home/airflow/.local/lib/python3.12/site-packages/airflow/example_dags/example_xcomargs.py for tasks to queue
[2024-11-16T19:07:07.666+0000] {logging_mixin.py:190} INFO - [2024-11-16T19:07:07.665+0000] {dagbag.py:588} INFO - Filling up the DagBag from /home/airflow/.local/lib/python3.12/site-packages/airflow/example_dags/example_xcomargs.py
[2024-11-16T19:07:07.802+0000] {processor.py:925} INFO - DAG(s) 'example_xcom_args_with_operators', 'example_xcom_args' retrieved from /home/airflow/.local/lib/python3.12/site-packages/airflow/example_dags/example_xcomargs.py
[2024-11-16T19:07:08.356+0000] {logging_mixin.py:190} INFO - [2024-11-16T19:07:08.342+0000] {dag.py:3239} INFO - Sync 2 DAGs
[2024-11-16T19:07:08.666+0000] {logging_mixin.py:190} INFO - [2024-11-16T19:07:08.665+0000] {dag.py:4180} INFO - Setting next_dagrun for example_xcom_args to None, run_after=None
[2024-11-16T19:07:08.744+0000] {logging_mixin.py:190} INFO - [2024-11-16T19:07:08.743+0000] {dag.py:4180} INFO - Setting next_dagrun for example_xcom_args_with_operators to None, run_after=None
[2024-11-16T19:07:09.229+0000] {processor.py:208} INFO - Processing /home/airflow/.local/lib/python3.12/site-packages/airflow/example_dags/example_xcomargs.py took 1.766 seconds
[2024-11-16T19:08:30.130+0000] {processor.py:186} INFO - Started process (PID=754) to work on /home/airflow/.local/lib/python3.12/site-packages/airflow/example_dags/example_xcomargs.py
[2024-11-16T19:08:30.159+0000] {processor.py:914} INFO - Processing file /home/airflow/.local/lib/python3.12/site-packages/airflow/example_dags/example_xcomargs.py for tasks to queue
[2024-11-16T19:08:30.190+0000] {logging_mixin.py:190} INFO - [2024-11-16T19:08:30.189+0000] {dagbag.py:588} INFO - Filling up the DagBag from /home/airflow/.local/lib/python3.12/site-packages/airflow/example_dags/example_xcomargs.py
[2024-11-16T19:08:30.360+0000] {processor.py:925} INFO - DAG(s) 'example_xcom_args_with_operators', 'example_xcom_args' retrieved from /home/airflow/.local/lib/python3.12/site-packages/airflow/example_dags/example_xcomargs.py
[2024-11-16T19:08:30.853+0000] {logging_mixin.py:190} INFO - [2024-11-16T19:08:30.852+0000] {dag.py:3239} INFO - Sync 2 DAGs
[2024-11-16T19:08:31.077+0000] {logging_mixin.py:190} INFO - [2024-11-16T19:08:31.076+0000] {dag.py:4180} INFO - Setting next_dagrun for example_xcom_args to None, run_after=None
[2024-11-16T19:08:31.114+0000] {logging_mixin.py:190} INFO - [2024-11-16T19:08:31.113+0000] {dag.py:4180} INFO - Setting next_dagrun for example_xcom_args_with_operators to None, run_after=None
[2024-11-16T19:08:31.552+0000] {processor.py:208} INFO - Processing /home/airflow/.local/lib/python3.12/site-packages/airflow/example_dags/example_xcomargs.py took 1.489 seconds
[2024-11-16T19:09:42.031+0000] {processor.py:186} INFO - Started process (PID=814) to work on /home/airflow/.local/lib/python3.12/site-packages/airflow/example_dags/example_xcomargs.py
[2024-11-16T19:09:42.045+0000] {processor.py:914} INFO - Processing file /home/airflow/.local/lib/python3.12/site-packages/airflow/example_dags/example_xcomargs.py for tasks to queue
[2024-11-16T19:09:42.068+0000] {logging_mixin.py:190} INFO - [2024-11-16T19:09:42.060+0000] {dagbag.py:588} INFO - Filling up the DagBag from /home/airflow/.local/lib/python3.12/site-packages/airflow/example_dags/example_xcomargs.py
[2024-11-16T19:09:42.150+0000] {processor.py:925} INFO - DAG(s) 'example_xcom_args', 'example_xcom_args_with_operators' retrieved from /home/airflow/.local/lib/python3.12/site-packages/airflow/example_dags/example_xcomargs.py
[2024-11-16T19:09:42.426+0000] {logging_mixin.py:190} INFO - [2024-11-16T19:09:42.412+0000] {dag.py:3239} INFO - Sync 2 DAGs
[2024-11-16T19:09:42.723+0000] {logging_mixin.py:190} INFO - [2024-11-16T19:09:42.722+0000] {dag.py:4180} INFO - Setting next_dagrun for example_xcom_args to None, run_after=None
[2024-11-16T19:09:42.871+0000] {logging_mixin.py:190} INFO - [2024-11-16T19:09:42.870+0000] {dag.py:4180} INFO - Setting next_dagrun for example_xcom_args_with_operators to None, run_after=None
[2024-11-16T19:09:43.081+0000] {processor.py:208} INFO - Processing /home/airflow/.local/lib/python3.12/site-packages/airflow/example_dags/example_xcomargs.py took 1.105 seconds
[2024-11-16T19:10:42.155+0000] {processor.py:186} INFO - Started process (PID=865) to work on /home/airflow/.local/lib/python3.12/site-packages/airflow/example_dags/example_xcomargs.py
[2024-11-16T19:10:42.232+0000] {processor.py:914} INFO - Processing file /home/airflow/.local/lib/python3.12/site-packages/airflow/example_dags/example_xcomargs.py for tasks to queue
[2024-11-16T19:10:42.255+0000] {logging_mixin.py:190} INFO - [2024-11-16T19:10:42.254+0000] {dagbag.py:588} INFO - Filling up the DagBag from /home/airflow/.local/lib/python3.12/site-packages/airflow/example_dags/example_xcomargs.py
[2024-11-16T19:10:42.428+0000] {processor.py:925} INFO - DAG(s) 'example_xcom_args', 'example_xcom_args_with_operators' retrieved from /home/airflow/.local/lib/python3.12/site-packages/airflow/example_dags/example_xcomargs.py
[2024-11-16T19:10:42.733+0000] {logging_mixin.py:190} INFO - [2024-11-16T19:10:42.731+0000] {dag.py:3239} INFO - Sync 2 DAGs
[2024-11-16T19:10:42.992+0000] {logging_mixin.py:190} INFO - [2024-11-16T19:10:42.990+0000] {dag.py:4180} INFO - Setting next_dagrun for example_xcom_args to None, run_after=None
[2024-11-16T19:10:43.067+0000] {logging_mixin.py:190} INFO - [2024-11-16T19:10:43.066+0000] {dag.py:4180} INFO - Setting next_dagrun for example_xcom_args_with_operators to None, run_after=None
[2024-11-16T19:10:43.336+0000] {processor.py:208} INFO - Processing /home/airflow/.local/lib/python3.12/site-packages/airflow/example_dags/example_xcomargs.py took 1.324 seconds
[2024-11-16T19:12:10.966+0000] {processor.py:186} INFO - Started process (PID=951) to work on /home/airflow/.local/lib/python3.12/site-packages/airflow/example_dags/example_xcomargs.py
[2024-11-16T19:12:10.983+0000] {processor.py:914} INFO - Processing file /home/airflow/.local/lib/python3.12/site-packages/airflow/example_dags/example_xcomargs.py for tasks to queue
[2024-11-16T19:12:11.046+0000] {logging_mixin.py:190} INFO - [2024-11-16T19:12:11.045+0000] {dagbag.py:588} INFO - Filling up the DagBag from /home/airflow/.local/lib/python3.12/site-packages/airflow/example_dags/example_xcomargs.py
[2024-11-16T19:12:11.361+0000] {processor.py:925} INFO - DAG(s) 'example_xcom_args_with_operators', 'example_xcom_args' retrieved from /home/airflow/.local/lib/python3.12/site-packages/airflow/example_dags/example_xcomargs.py
[2024-11-16T19:12:11.624+0000] {logging_mixin.py:190} INFO - [2024-11-16T19:12:11.623+0000] {dag.py:3239} INFO - Sync 2 DAGs
[2024-11-16T19:12:11.804+0000] {logging_mixin.py:190} INFO - [2024-11-16T19:12:11.803+0000] {dag.py:4180} INFO - Setting next_dagrun for example_xcom_args to None, run_after=None
[2024-11-16T19:12:11.861+0000] {logging_mixin.py:190} INFO - [2024-11-16T19:12:11.860+0000] {dag.py:4180} INFO - Setting next_dagrun for example_xcom_args_with_operators to None, run_after=None
[2024-11-16T19:12:12.011+0000] {processor.py:208} INFO - Processing /home/airflow/.local/lib/python3.12/site-packages/airflow/example_dags/example_xcomargs.py took 1.155 seconds
[2024-11-16T19:13:00.101+0000] {processor.py:186} INFO - Started process (PID=1019) to work on /home/airflow/.local/lib/python3.12/site-packages/airflow/example_dags/example_xcomargs.py
[2024-11-16T19:13:00.103+0000] {processor.py:914} INFO - Processing file /home/airflow/.local/lib/python3.12/site-packages/airflow/example_dags/example_xcomargs.py for tasks to queue
[2024-11-16T19:13:00.116+0000] {logging_mixin.py:190} INFO - [2024-11-16T19:13:00.113+0000] {dagbag.py:588} INFO - Filling up the DagBag from /home/airflow/.local/lib/python3.12/site-packages/airflow/example_dags/example_xcomargs.py
[2024-11-16T19:13:00.170+0000] {processor.py:925} INFO - DAG(s) 'example_xcom_args_with_operators', 'example_xcom_args' retrieved from /home/airflow/.local/lib/python3.12/site-packages/airflow/example_dags/example_xcomargs.py
[2024-11-16T19:13:00.271+0000] {logging_mixin.py:190} INFO - [2024-11-16T19:13:00.271+0000] {dag.py:3239} INFO - Sync 2 DAGs
[2024-11-16T19:13:00.345+0000] {logging_mixin.py:190} INFO - [2024-11-16T19:13:00.345+0000] {dag.py:4180} INFO - Setting next_dagrun for example_xcom_args to None, run_after=None
[2024-11-16T19:13:00.379+0000] {logging_mixin.py:190} INFO - [2024-11-16T19:13:00.378+0000] {dag.py:4180} INFO - Setting next_dagrun for example_xcom_args_with_operators to None, run_after=None
[2024-11-16T19:13:00.443+0000] {processor.py:208} INFO - Processing /home/airflow/.local/lib/python3.12/site-packages/airflow/example_dags/example_xcomargs.py took 0.362 seconds
[2024-11-16T19:13:39.816+0000] {processor.py:186} INFO - Started process (PID=1081) to work on /home/airflow/.local/lib/python3.12/site-packages/airflow/example_dags/example_xcomargs.py
[2024-11-16T19:13:39.833+0000] {processor.py:914} INFO - Processing file /home/airflow/.local/lib/python3.12/site-packages/airflow/example_dags/example_xcomargs.py for tasks to queue
[2024-11-16T19:13:39.852+0000] {logging_mixin.py:190} INFO - [2024-11-16T19:13:39.851+0000] {dagbag.py:588} INFO - Filling up the DagBag from /home/airflow/.local/lib/python3.12/site-packages/airflow/example_dags/example_xcomargs.py
[2024-11-16T19:13:39.891+0000] {processor.py:925} INFO - DAG(s) 'example_xcom_args_with_operators', 'example_xcom_args' retrieved from /home/airflow/.local/lib/python3.12/site-packages/airflow/example_dags/example_xcomargs.py
[2024-11-16T19:13:39.970+0000] {logging_mixin.py:190} INFO - [2024-11-16T19:13:39.970+0000] {dag.py:3239} INFO - Sync 2 DAGs
[2024-11-16T19:13:40.067+0000] {logging_mixin.py:190} INFO - [2024-11-16T19:13:40.066+0000] {dag.py:4180} INFO - Setting next_dagrun for example_xcom_args to None, run_after=None
[2024-11-16T19:13:40.099+0000] {logging_mixin.py:190} INFO - [2024-11-16T19:13:40.098+0000] {dag.py:4180} INFO - Setting next_dagrun for example_xcom_args_with_operators to None, run_after=None
[2024-11-16T19:13:40.240+0000] {processor.py:208} INFO - Processing /home/airflow/.local/lib/python3.12/site-packages/airflow/example_dags/example_xcomargs.py took 0.488 seconds
[2024-11-16T19:14:14.218+0000] {processor.py:186} INFO - Started process (PID=1145) to work on /home/airflow/.local/lib/python3.12/site-packages/airflow/example_dags/example_xcomargs.py
[2024-11-16T19:14:14.220+0000] {processor.py:914} INFO - Processing file /home/airflow/.local/lib/python3.12/site-packages/airflow/example_dags/example_xcomargs.py for tasks to queue
[2024-11-16T19:14:14.253+0000] {logging_mixin.py:190} INFO - [2024-11-16T19:14:14.252+0000] {dagbag.py:588} INFO - Filling up the DagBag from /home/airflow/.local/lib/python3.12/site-packages/airflow/example_dags/example_xcomargs.py
[2024-11-16T19:14:14.336+0000] {processor.py:925} INFO - DAG(s) 'example_xcom_args', 'example_xcom_args_with_operators' retrieved from /home/airflow/.local/lib/python3.12/site-packages/airflow/example_dags/example_xcomargs.py
[2024-11-16T19:14:14.625+0000] {logging_mixin.py:190} INFO - [2024-11-16T19:14:14.608+0000] {dag.py:3239} INFO - Sync 2 DAGs
[2024-11-16T19:14:14.724+0000] {logging_mixin.py:190} INFO - [2024-11-16T19:14:14.724+0000] {dag.py:4180} INFO - Setting next_dagrun for example_xcom_args to None, run_after=None
[2024-11-16T19:14:14.744+0000] {logging_mixin.py:190} INFO - [2024-11-16T19:14:14.743+0000] {dag.py:4180} INFO - Setting next_dagrun for example_xcom_args_with_operators to None, run_after=None
[2024-11-16T19:14:14.833+0000] {processor.py:208} INFO - Processing /home/airflow/.local/lib/python3.12/site-packages/airflow/example_dags/example_xcomargs.py took 0.692 seconds
[2024-11-16T19:14:44.985+0000] {processor.py:186} INFO - Started process (PID=1209) to work on /home/airflow/.local/lib/python3.12/site-packages/airflow/example_dags/example_xcomargs.py
[2024-11-16T19:14:44.987+0000] {processor.py:914} INFO - Processing file /home/airflow/.local/lib/python3.12/site-packages/airflow/example_dags/example_xcomargs.py for tasks to queue
[2024-11-16T19:14:44.992+0000] {logging_mixin.py:190} INFO - [2024-11-16T19:14:44.991+0000] {dagbag.py:588} INFO - Filling up the DagBag from /home/airflow/.local/lib/python3.12/site-packages/airflow/example_dags/example_xcomargs.py
[2024-11-16T19:14:45.018+0000] {processor.py:925} INFO - DAG(s) 'example_xcom_args', 'example_xcom_args_with_operators' retrieved from /home/airflow/.local/lib/python3.12/site-packages/airflow/example_dags/example_xcomargs.py
[2024-11-16T19:14:45.080+0000] {logging_mixin.py:190} INFO - [2024-11-16T19:14:45.079+0000] {dag.py:3239} INFO - Sync 2 DAGs
[2024-11-16T19:14:45.131+0000] {logging_mixin.py:190} INFO - [2024-11-16T19:14:45.131+0000] {dag.py:4180} INFO - Setting next_dagrun for example_xcom_args to None, run_after=None
[2024-11-16T19:14:45.142+0000] {logging_mixin.py:190} INFO - [2024-11-16T19:14:45.142+0000] {dag.py:4180} INFO - Setting next_dagrun for example_xcom_args_with_operators to None, run_after=None
[2024-11-16T19:14:45.189+0000] {processor.py:208} INFO - Processing /home/airflow/.local/lib/python3.12/site-packages/airflow/example_dags/example_xcomargs.py took 0.218 seconds
[2024-11-16T19:15:15.810+0000] {processor.py:186} INFO - Started process (PID=1273) to work on /home/airflow/.local/lib/python3.12/site-packages/airflow/example_dags/example_xcomargs.py
[2024-11-16T19:15:15.816+0000] {processor.py:914} INFO - Processing file /home/airflow/.local/lib/python3.12/site-packages/airflow/example_dags/example_xcomargs.py for tasks to queue
[2024-11-16T19:15:15.825+0000] {logging_mixin.py:190} INFO - [2024-11-16T19:15:15.824+0000] {dagbag.py:588} INFO - Filling up the DagBag from /home/airflow/.local/lib/python3.12/site-packages/airflow/example_dags/example_xcomargs.py
[2024-11-16T19:15:15.864+0000] {processor.py:925} INFO - DAG(s) 'example_xcom_args', 'example_xcom_args_with_operators' retrieved from /home/airflow/.local/lib/python3.12/site-packages/airflow/example_dags/example_xcomargs.py
[2024-11-16T19:15:15.925+0000] {logging_mixin.py:190} INFO - [2024-11-16T19:15:15.924+0000] {dag.py:3239} INFO - Sync 2 DAGs
[2024-11-16T19:15:15.959+0000] {logging_mixin.py:190} INFO - [2024-11-16T19:15:15.959+0000] {dag.py:4180} INFO - Setting next_dagrun for example_xcom_args to None, run_after=None
[2024-11-16T19:15:15.972+0000] {logging_mixin.py:190} INFO - [2024-11-16T19:15:15.971+0000] {dag.py:4180} INFO - Setting next_dagrun for example_xcom_args_with_operators to None, run_after=None
[2024-11-16T19:15:16.056+0000] {processor.py:208} INFO - Processing /home/airflow/.local/lib/python3.12/site-packages/airflow/example_dags/example_xcomargs.py took 0.270 seconds
[2024-11-16T19:15:46.635+0000] {processor.py:186} INFO - Started process (PID=1338) to work on /home/airflow/.local/lib/python3.12/site-packages/airflow/example_dags/example_xcomargs.py
[2024-11-16T19:15:46.637+0000] {processor.py:914} INFO - Processing file /home/airflow/.local/lib/python3.12/site-packages/airflow/example_dags/example_xcomargs.py for tasks to queue
[2024-11-16T19:15:46.643+0000] {logging_mixin.py:190} INFO - [2024-11-16T19:15:46.642+0000] {dagbag.py:588} INFO - Filling up the DagBag from /home/airflow/.local/lib/python3.12/site-packages/airflow/example_dags/example_xcomargs.py
[2024-11-16T19:15:46.669+0000] {processor.py:925} INFO - DAG(s) 'example_xcom_args_with_operators', 'example_xcom_args' retrieved from /home/airflow/.local/lib/python3.12/site-packages/airflow/example_dags/example_xcomargs.py
[2024-11-16T19:15:46.724+0000] {logging_mixin.py:190} INFO - [2024-11-16T19:15:46.724+0000] {dag.py:3239} INFO - Sync 2 DAGs
[2024-11-16T19:15:46.762+0000] {logging_mixin.py:190} INFO - [2024-11-16T19:15:46.761+0000] {dag.py:4180} INFO - Setting next_dagrun for example_xcom_args to None, run_after=None
[2024-11-16T19:15:46.774+0000] {logging_mixin.py:190} INFO - [2024-11-16T19:15:46.773+0000] {dag.py:4180} INFO - Setting next_dagrun for example_xcom_args_with_operators to None, run_after=None
[2024-11-16T19:15:46.823+0000] {processor.py:208} INFO - Processing /home/airflow/.local/lib/python3.12/site-packages/airflow/example_dags/example_xcomargs.py took 0.206 seconds
[2024-11-16T19:16:19.041+0000] {processor.py:186} INFO - Started process (PID=1395) to work on /home/airflow/.local/lib/python3.12/site-packages/airflow/example_dags/example_xcomargs.py
[2024-11-16T19:16:19.043+0000] {processor.py:914} INFO - Processing file /home/airflow/.local/lib/python3.12/site-packages/airflow/example_dags/example_xcomargs.py for tasks to queue
[2024-11-16T19:16:19.050+0000] {logging_mixin.py:190} INFO - [2024-11-16T19:16:19.048+0000] {dagbag.py:588} INFO - Filling up the DagBag from /home/airflow/.local/lib/python3.12/site-packages/airflow/example_dags/example_xcomargs.py
[2024-11-16T19:16:19.080+0000] {processor.py:925} INFO - DAG(s) 'example_xcom_args', 'example_xcom_args_with_operators' retrieved from /home/airflow/.local/lib/python3.12/site-packages/airflow/example_dags/example_xcomargs.py
[2024-11-16T19:16:19.162+0000] {logging_mixin.py:190} INFO - [2024-11-16T19:16:19.161+0000] {dag.py:3239} INFO - Sync 2 DAGs
[2024-11-16T19:16:19.212+0000] {logging_mixin.py:190} INFO - [2024-11-16T19:16:19.211+0000] {dag.py:4180} INFO - Setting next_dagrun for example_xcom_args to None, run_after=None
[2024-11-16T19:16:19.223+0000] {logging_mixin.py:190} INFO - [2024-11-16T19:16:19.222+0000] {dag.py:4180} INFO - Setting next_dagrun for example_xcom_args_with_operators to None, run_after=None
[2024-11-16T19:16:19.265+0000] {processor.py:208} INFO - Processing /home/airflow/.local/lib/python3.12/site-packages/airflow/example_dags/example_xcomargs.py took 0.240 seconds
[2024-11-16T19:16:51.280+0000] {processor.py:186} INFO - Started process (PID=1458) to work on /home/airflow/.local/lib/python3.12/site-packages/airflow/example_dags/example_xcomargs.py
[2024-11-16T19:16:51.294+0000] {processor.py:914} INFO - Processing file /home/airflow/.local/lib/python3.12/site-packages/airflow/example_dags/example_xcomargs.py for tasks to queue
[2024-11-16T19:16:51.326+0000] {logging_mixin.py:190} INFO - [2024-11-16T19:16:51.322+0000] {dagbag.py:588} INFO - Filling up the DagBag from /home/airflow/.local/lib/python3.12/site-packages/airflow/example_dags/example_xcomargs.py
[2024-11-16T19:16:51.429+0000] {processor.py:925} INFO - DAG(s) 'example_xcom_args', 'example_xcom_args_with_operators' retrieved from /home/airflow/.local/lib/python3.12/site-packages/airflow/example_dags/example_xcomargs.py
[2024-11-16T19:16:51.525+0000] {logging_mixin.py:190} INFO - [2024-11-16T19:16:51.524+0000] {dag.py:3239} INFO - Sync 2 DAGs
[2024-11-16T19:16:51.580+0000] {logging_mixin.py:190} INFO - [2024-11-16T19:16:51.579+0000] {dag.py:4180} INFO - Setting next_dagrun for example_xcom_args to None, run_after=None
[2024-11-16T19:16:51.600+0000] {logging_mixin.py:190} INFO - [2024-11-16T19:16:51.599+0000] {dag.py:4180} INFO - Setting next_dagrun for example_xcom_args_with_operators to None, run_after=None
[2024-11-16T19:16:51.689+0000] {processor.py:208} INFO - Processing /home/airflow/.local/lib/python3.12/site-packages/airflow/example_dags/example_xcomargs.py took 0.486 seconds
[2024-11-16T19:17:21.984+0000] {processor.py:186} INFO - Started process (PID=1520) to work on /home/airflow/.local/lib/python3.12/site-packages/airflow/example_dags/example_xcomargs.py
[2024-11-16T19:17:21.987+0000] {processor.py:914} INFO - Processing file /home/airflow/.local/lib/python3.12/site-packages/airflow/example_dags/example_xcomargs.py for tasks to queue
[2024-11-16T19:17:21.997+0000] {logging_mixin.py:190} INFO - [2024-11-16T19:17:21.996+0000] {dagbag.py:588} INFO - Filling up the DagBag from /home/airflow/.local/lib/python3.12/site-packages/airflow/example_dags/example_xcomargs.py
[2024-11-16T19:17:22.039+0000] {processor.py:925} INFO - DAG(s) 'example_xcom_args', 'example_xcom_args_with_operators' retrieved from /home/airflow/.local/lib/python3.12/site-packages/airflow/example_dags/example_xcomargs.py
[2024-11-16T19:17:22.108+0000] {logging_mixin.py:190} INFO - [2024-11-16T19:17:22.107+0000] {dag.py:3239} INFO - Sync 2 DAGs
[2024-11-16T19:17:22.152+0000] {logging_mixin.py:190} INFO - [2024-11-16T19:17:22.152+0000] {dag.py:4180} INFO - Setting next_dagrun for example_xcom_args to None, run_after=None
[2024-11-16T19:17:22.170+0000] {logging_mixin.py:190} INFO - [2024-11-16T19:17:22.169+0000] {dag.py:4180} INFO - Setting next_dagrun for example_xcom_args_with_operators to None, run_after=None
[2024-11-16T19:17:22.228+0000] {processor.py:208} INFO - Processing /home/airflow/.local/lib/python3.12/site-packages/airflow/example_dags/example_xcomargs.py took 0.264 seconds
