[2024-11-16T19:00:10.609+0000] {processor.py:186} INFO - Started process (PID=136) to work on /home/airflow/.local/lib/python3.12/site-packages/airflow/example_dags/example_python_operator.py
[2024-11-16T19:00:10.612+0000] {processor.py:914} INFO - Processing file /home/airflow/.local/lib/python3.12/site-packages/airflow/example_dags/example_python_operator.py for tasks to queue
[2024-11-16T19:00:10.625+0000] {logging_mixin.py:190} INFO - [2024-11-16T19:00:10.624+0000] {dagbag.py:588} INFO - Filling up the DagBag from /home/airflow/.local/lib/python3.12/site-packages/airflow/example_dags/example_python_operator.py
[2024-11-16T19:00:10.730+0000] {processor.py:925} INFO - DAG(s) 'example_python_operator' retrieved from /home/airflow/.local/lib/python3.12/site-packages/airflow/example_dags/example_python_operator.py
[2024-11-16T19:00:11.367+0000] {logging_mixin.py:190} INFO - [2024-11-16T19:00:11.365+0000] {override.py:1911} INFO - Created Permission View: can delete on DAG:example_python_operator
[2024-11-16T19:00:11.426+0000] {logging_mixin.py:190} INFO - [2024-11-16T19:00:11.425+0000] {override.py:1911} INFO - Created Permission View: can edit on DAG:example_python_operator
[2024-11-16T19:00:11.467+0000] {logging_mixin.py:190} INFO - [2024-11-16T19:00:11.466+0000] {override.py:1911} INFO - Created Permission View: can read on DAG:example_python_operator
[2024-11-16T19:00:11.498+0000] {logging_mixin.py:190} INFO - [2024-11-16T19:00:11.498+0000] {override.py:1911} INFO - Created Permission View: menu access on DAG Run:example_python_operator
[2024-11-16T19:00:11.531+0000] {logging_mixin.py:190} INFO - [2024-11-16T19:00:11.530+0000] {override.py:1911} INFO - Created Permission View: can delete on DAG Run:example_python_operator
[2024-11-16T19:00:11.625+0000] {logging_mixin.py:190} INFO - [2024-11-16T19:00:11.621+0000] {override.py:1911} INFO - Created Permission View: can read on DAG Run:example_python_operator
[2024-11-16T19:00:11.690+0000] {logging_mixin.py:190} INFO - [2024-11-16T19:00:11.689+0000] {override.py:1911} INFO - Created Permission View: can create on DAG Run:example_python_operator
[2024-11-16T19:00:11.692+0000] {logging_mixin.py:190} INFO - [2024-11-16T19:00:11.691+0000] {dag.py:3239} INFO - Sync 1 DAGs
[2024-11-16T19:00:11.765+0000] {logging_mixin.py:190} INFO - [2024-11-16T19:00:11.764+0000] {dag.py:3262} INFO - Creating ORM DAG for example_python_operator
[2024-11-16T19:00:11.770+0000] {logging_mixin.py:190} INFO - [2024-11-16T19:00:11.770+0000] {dag.py:4180} INFO - Setting next_dagrun for example_python_operator to None, run_after=None
[2024-11-16T19:00:11.906+0000] {processor.py:208} INFO - Processing /home/airflow/.local/lib/python3.12/site-packages/airflow/example_dags/example_python_operator.py took 1.344 seconds
[2024-11-16T19:00:48.676+0000] {processor.py:186} INFO - Started process (PID=199) to work on /home/airflow/.local/lib/python3.12/site-packages/airflow/example_dags/example_python_operator.py
[2024-11-16T19:00:48.687+0000] {processor.py:914} INFO - Processing file /home/airflow/.local/lib/python3.12/site-packages/airflow/example_dags/example_python_operator.py for tasks to queue
[2024-11-16T19:00:48.704+0000] {logging_mixin.py:190} INFO - [2024-11-16T19:00:48.693+0000] {dagbag.py:588} INFO - Filling up the DagBag from /home/airflow/.local/lib/python3.12/site-packages/airflow/example_dags/example_python_operator.py
[2024-11-16T19:00:48.784+0000] {processor.py:925} INFO - DAG(s) 'example_python_operator' retrieved from /home/airflow/.local/lib/python3.12/site-packages/airflow/example_dags/example_python_operator.py
[2024-11-16T19:00:48.961+0000] {logging_mixin.py:190} INFO - [2024-11-16T19:00:48.960+0000] {dag.py:3239} INFO - Sync 1 DAGs
[2024-11-16T19:00:49.105+0000] {logging_mixin.py:190} INFO - [2024-11-16T19:00:49.104+0000] {dag.py:4180} INFO - Setting next_dagrun for example_python_operator to None, run_after=None
[2024-11-16T19:00:49.220+0000] {processor.py:208} INFO - Processing /home/airflow/.local/lib/python3.12/site-packages/airflow/example_dags/example_python_operator.py took 0.578 seconds
[2024-11-16T19:01:19.811+0000] {processor.py:186} INFO - Started process (PID=261) to work on /home/airflow/.local/lib/python3.12/site-packages/airflow/example_dags/example_python_operator.py
[2024-11-16T19:01:19.813+0000] {processor.py:914} INFO - Processing file /home/airflow/.local/lib/python3.12/site-packages/airflow/example_dags/example_python_operator.py for tasks to queue
[2024-11-16T19:01:19.824+0000] {logging_mixin.py:190} INFO - [2024-11-16T19:01:19.823+0000] {dagbag.py:588} INFO - Filling up the DagBag from /home/airflow/.local/lib/python3.12/site-packages/airflow/example_dags/example_python_operator.py
[2024-11-16T19:01:19.879+0000] {processor.py:925} INFO - DAG(s) 'example_python_operator' retrieved from /home/airflow/.local/lib/python3.12/site-packages/airflow/example_dags/example_python_operator.py
[2024-11-16T19:01:19.976+0000] {logging_mixin.py:190} INFO - [2024-11-16T19:01:19.975+0000] {dag.py:3239} INFO - Sync 1 DAGs
[2024-11-16T19:01:20.054+0000] {logging_mixin.py:190} INFO - [2024-11-16T19:01:20.053+0000] {dag.py:4180} INFO - Setting next_dagrun for example_python_operator to None, run_after=None
[2024-11-16T19:01:20.129+0000] {processor.py:208} INFO - Processing /home/airflow/.local/lib/python3.12/site-packages/airflow/example_dags/example_python_operator.py took 0.346 seconds
[2024-11-16T19:02:05.289+0000] {processor.py:186} INFO - Started process (PID=322) to work on /home/airflow/.local/lib/python3.12/site-packages/airflow/example_dags/example_python_operator.py
[2024-11-16T19:02:05.292+0000] {processor.py:914} INFO - Processing file /home/airflow/.local/lib/python3.12/site-packages/airflow/example_dags/example_python_operator.py for tasks to queue
[2024-11-16T19:02:05.309+0000] {logging_mixin.py:190} INFO - [2024-11-16T19:02:05.305+0000] {dagbag.py:588} INFO - Filling up the DagBag from /home/airflow/.local/lib/python3.12/site-packages/airflow/example_dags/example_python_operator.py
[2024-11-16T19:02:05.419+0000] {processor.py:925} INFO - DAG(s) 'example_python_operator' retrieved from /home/airflow/.local/lib/python3.12/site-packages/airflow/example_dags/example_python_operator.py
[2024-11-16T19:02:05.551+0000] {logging_mixin.py:190} INFO - [2024-11-16T19:02:05.550+0000] {dag.py:3239} INFO - Sync 1 DAGs
[2024-11-16T19:02:05.681+0000] {logging_mixin.py:190} INFO - [2024-11-16T19:02:05.651+0000] {dag.py:4180} INFO - Setting next_dagrun for example_python_operator to None, run_after=None
[2024-11-16T19:02:05.901+0000] {processor.py:208} INFO - Processing /home/airflow/.local/lib/python3.12/site-packages/airflow/example_dags/example_python_operator.py took 0.653 seconds
[2024-11-16T19:02:50.686+0000] {processor.py:186} INFO - Started process (PID=396) to work on /home/airflow/.local/lib/python3.12/site-packages/airflow/example_dags/example_python_operator.py
[2024-11-16T19:02:50.703+0000] {processor.py:914} INFO - Processing file /home/airflow/.local/lib/python3.12/site-packages/airflow/example_dags/example_python_operator.py for tasks to queue
[2024-11-16T19:02:50.714+0000] {logging_mixin.py:190} INFO - [2024-11-16T19:02:50.713+0000] {dagbag.py:588} INFO - Filling up the DagBag from /home/airflow/.local/lib/python3.12/site-packages/airflow/example_dags/example_python_operator.py
[2024-11-16T19:02:50.835+0000] {processor.py:925} INFO - DAG(s) 'example_python_operator' retrieved from /home/airflow/.local/lib/python3.12/site-packages/airflow/example_dags/example_python_operator.py
[2024-11-16T19:02:51.071+0000] {logging_mixin.py:190} INFO - [2024-11-16T19:02:51.070+0000] {dag.py:3239} INFO - Sync 1 DAGs
[2024-11-16T19:02:51.142+0000] {logging_mixin.py:190} INFO - [2024-11-16T19:02:51.139+0000] {dag.py:4180} INFO - Setting next_dagrun for example_python_operator to None, run_after=None
[2024-11-16T19:02:51.214+0000] {processor.py:208} INFO - Processing /home/airflow/.local/lib/python3.12/site-packages/airflow/example_dags/example_python_operator.py took 0.562 seconds
[2024-11-16T19:03:21.972+0000] {processor.py:186} INFO - Started process (PID=459) to work on /home/airflow/.local/lib/python3.12/site-packages/airflow/example_dags/example_python_operator.py
[2024-11-16T19:03:21.981+0000] {processor.py:914} INFO - Processing file /home/airflow/.local/lib/python3.12/site-packages/airflow/example_dags/example_python_operator.py for tasks to queue
[2024-11-16T19:03:21.994+0000] {logging_mixin.py:190} INFO - [2024-11-16T19:03:21.988+0000] {dagbag.py:588} INFO - Filling up the DagBag from /home/airflow/.local/lib/python3.12/site-packages/airflow/example_dags/example_python_operator.py
[2024-11-16T19:03:22.046+0000] {processor.py:925} INFO - DAG(s) 'example_python_operator' retrieved from /home/airflow/.local/lib/python3.12/site-packages/airflow/example_dags/example_python_operator.py
[2024-11-16T19:03:22.149+0000] {logging_mixin.py:190} INFO - [2024-11-16T19:03:22.148+0000] {dag.py:3239} INFO - Sync 1 DAGs
[2024-11-16T19:03:22.220+0000] {logging_mixin.py:190} INFO - [2024-11-16T19:03:22.220+0000] {dag.py:4180} INFO - Setting next_dagrun for example_python_operator to None, run_after=None
[2024-11-16T19:03:22.304+0000] {processor.py:208} INFO - Processing /home/airflow/.local/lib/python3.12/site-packages/airflow/example_dags/example_python_operator.py took 0.366 seconds
[2024-11-16T19:03:52.967+0000] {processor.py:186} INFO - Started process (PID=522) to work on /home/airflow/.local/lib/python3.12/site-packages/airflow/example_dags/example_python_operator.py
[2024-11-16T19:03:52.971+0000] {processor.py:914} INFO - Processing file /home/airflow/.local/lib/python3.12/site-packages/airflow/example_dags/example_python_operator.py for tasks to queue
[2024-11-16T19:03:52.977+0000] {logging_mixin.py:190} INFO - [2024-11-16T19:03:52.976+0000] {dagbag.py:588} INFO - Filling up the DagBag from /home/airflow/.local/lib/python3.12/site-packages/airflow/example_dags/example_python_operator.py
[2024-11-16T19:03:53.021+0000] {processor.py:925} INFO - DAG(s) 'example_python_operator' retrieved from /home/airflow/.local/lib/python3.12/site-packages/airflow/example_dags/example_python_operator.py
[2024-11-16T19:03:53.083+0000] {logging_mixin.py:190} INFO - [2024-11-16T19:03:53.083+0000] {dag.py:3239} INFO - Sync 1 DAGs
[2024-11-16T19:03:53.117+0000] {logging_mixin.py:190} INFO - [2024-11-16T19:03:53.116+0000] {dag.py:4180} INFO - Setting next_dagrun for example_python_operator to None, run_after=None
[2024-11-16T19:03:53.165+0000] {processor.py:208} INFO - Processing /home/airflow/.local/lib/python3.12/site-packages/airflow/example_dags/example_python_operator.py took 0.216 seconds
[2024-11-16T19:04:24.290+0000] {processor.py:186} INFO - Started process (PID=585) to work on /home/airflow/.local/lib/python3.12/site-packages/airflow/example_dags/example_python_operator.py
[2024-11-16T19:04:24.292+0000] {processor.py:914} INFO - Processing file /home/airflow/.local/lib/python3.12/site-packages/airflow/example_dags/example_python_operator.py for tasks to queue
[2024-11-16T19:04:24.301+0000] {logging_mixin.py:190} INFO - [2024-11-16T19:04:24.299+0000] {dagbag.py:588} INFO - Filling up the DagBag from /home/airflow/.local/lib/python3.12/site-packages/airflow/example_dags/example_python_operator.py
[2024-11-16T19:04:24.365+0000] {processor.py:925} INFO - DAG(s) 'example_python_operator' retrieved from /home/airflow/.local/lib/python3.12/site-packages/airflow/example_dags/example_python_operator.py
[2024-11-16T19:04:24.498+0000] {logging_mixin.py:190} INFO - [2024-11-16T19:04:24.497+0000] {dag.py:3239} INFO - Sync 1 DAGs
[2024-11-16T19:04:24.536+0000] {logging_mixin.py:190} INFO - [2024-11-16T19:04:24.535+0000] {dag.py:4180} INFO - Setting next_dagrun for example_python_operator to None, run_after=None
[2024-11-16T19:04:24.618+0000] {processor.py:208} INFO - Processing /home/airflow/.local/lib/python3.12/site-packages/airflow/example_dags/example_python_operator.py took 0.363 seconds
[2024-11-16T19:06:26.701+0000] {processor.py:186} INFO - Started process (PID=665) to work on /home/airflow/.local/lib/python3.12/site-packages/airflow/example_dags/example_python_operator.py
[2024-11-16T19:06:26.750+0000] {processor.py:914} INFO - Processing file /home/airflow/.local/lib/python3.12/site-packages/airflow/example_dags/example_python_operator.py for tasks to queue
[2024-11-16T19:06:26.953+0000] {logging_mixin.py:190} INFO - [2024-11-16T19:06:26.952+0000] {dagbag.py:588} INFO - Filling up the DagBag from /home/airflow/.local/lib/python3.12/site-packages/airflow/example_dags/example_python_operator.py
[2024-11-16T19:06:27.288+0000] {processor.py:925} INFO - DAG(s) 'example_python_operator' retrieved from /home/airflow/.local/lib/python3.12/site-packages/airflow/example_dags/example_python_operator.py
[2024-11-16T19:06:27.753+0000] {logging_mixin.py:190} INFO - [2024-11-16T19:06:27.752+0000] {dag.py:3239} INFO - Sync 1 DAGs
[2024-11-16T19:06:28.085+0000] {logging_mixin.py:190} INFO - [2024-11-16T19:06:28.084+0000] {dag.py:4180} INFO - Setting next_dagrun for example_python_operator to None, run_after=None
[2024-11-16T19:06:28.312+0000] {processor.py:208} INFO - Processing /home/airflow/.local/lib/python3.12/site-packages/airflow/example_dags/example_python_operator.py took 1.687 seconds
[2024-11-16T19:09:07.792+0000] {processor.py:186} INFO - Started process (PID=783) to work on /home/airflow/.local/lib/python3.12/site-packages/airflow/example_dags/example_python_operator.py
[2024-11-16T19:09:07.861+0000] {processor.py:914} INFO - Processing file /home/airflow/.local/lib/python3.12/site-packages/airflow/example_dags/example_python_operator.py for tasks to queue
[2024-11-16T19:09:07.905+0000] {logging_mixin.py:190} INFO - [2024-11-16T19:09:07.903+0000] {dagbag.py:588} INFO - Filling up the DagBag from /home/airflow/.local/lib/python3.12/site-packages/airflow/example_dags/example_python_operator.py
[2024-11-16T19:09:08.151+0000] {processor.py:925} INFO - DAG(s) 'example_python_operator' retrieved from /home/airflow/.local/lib/python3.12/site-packages/airflow/example_dags/example_python_operator.py
[2024-11-16T19:09:08.553+0000] {logging_mixin.py:190} INFO - [2024-11-16T19:09:08.552+0000] {dag.py:3239} INFO - Sync 1 DAGs
[2024-11-16T19:09:08.755+0000] {logging_mixin.py:190} INFO - [2024-11-16T19:09:08.755+0000] {dag.py:4180} INFO - Setting next_dagrun for example_python_operator to None, run_after=None
[2024-11-16T19:09:09.035+0000] {processor.py:208} INFO - Processing /home/airflow/.local/lib/python3.12/site-packages/airflow/example_dags/example_python_operator.py took 1.314 seconds
[2024-11-16T19:11:10.268+0000] {processor.py:186} INFO - Started process (PID=887) to work on /home/airflow/.local/lib/python3.12/site-packages/airflow/example_dags/example_python_operator.py
[2024-11-16T19:11:10.287+0000] {processor.py:914} INFO - Processing file /home/airflow/.local/lib/python3.12/site-packages/airflow/example_dags/example_python_operator.py for tasks to queue
[2024-11-16T19:11:10.328+0000] {logging_mixin.py:190} INFO - [2024-11-16T19:11:10.319+0000] {dagbag.py:588} INFO - Filling up the DagBag from /home/airflow/.local/lib/python3.12/site-packages/airflow/example_dags/example_python_operator.py
[2024-11-16T19:11:10.503+0000] {processor.py:925} INFO - DAG(s) 'example_python_operator' retrieved from /home/airflow/.local/lib/python3.12/site-packages/airflow/example_dags/example_python_operator.py
[2024-11-16T19:11:10.721+0000] {logging_mixin.py:190} INFO - [2024-11-16T19:11:10.720+0000] {dag.py:3239} INFO - Sync 1 DAGs
[2024-11-16T19:11:10.870+0000] {logging_mixin.py:190} INFO - [2024-11-16T19:11:10.870+0000] {dag.py:4180} INFO - Setting next_dagrun for example_python_operator to None, run_after=None
[2024-11-16T19:11:11.163+0000] {processor.py:208} INFO - Processing /home/airflow/.local/lib/python3.12/site-packages/airflow/example_dags/example_python_operator.py took 0.952 seconds
[2024-11-16T19:12:29.087+0000] {processor.py:186} INFO - Started process (PID=972) to work on /home/airflow/.local/lib/python3.12/site-packages/airflow/example_dags/example_python_operator.py
[2024-11-16T19:12:29.176+0000] {processor.py:914} INFO - Processing file /home/airflow/.local/lib/python3.12/site-packages/airflow/example_dags/example_python_operator.py for tasks to queue
[2024-11-16T19:12:29.220+0000] {logging_mixin.py:190} INFO - [2024-11-16T19:12:29.219+0000] {dagbag.py:588} INFO - Filling up the DagBag from /home/airflow/.local/lib/python3.12/site-packages/airflow/example_dags/example_python_operator.py
[2024-11-16T19:12:29.458+0000] {processor.py:925} INFO - DAG(s) 'example_python_operator' retrieved from /home/airflow/.local/lib/python3.12/site-packages/airflow/example_dags/example_python_operator.py
[2024-11-16T19:12:29.701+0000] {logging_mixin.py:190} INFO - [2024-11-16T19:12:29.700+0000] {dag.py:3239} INFO - Sync 1 DAGs
[2024-11-16T19:12:29.865+0000] {logging_mixin.py:190} INFO - [2024-11-16T19:12:29.864+0000] {dag.py:4180} INFO - Setting next_dagrun for example_python_operator to None, run_after=None
[2024-11-16T19:12:30.104+0000] {processor.py:208} INFO - Processing /home/airflow/.local/lib/python3.12/site-packages/airflow/example_dags/example_python_operator.py took 1.120 seconds
[2024-11-16T19:13:08.231+0000] {processor.py:186} INFO - Started process (PID=1040) to work on /home/airflow/.local/lib/python3.12/site-packages/airflow/example_dags/example_python_operator.py
[2024-11-16T19:13:08.233+0000] {processor.py:914} INFO - Processing file /home/airflow/.local/lib/python3.12/site-packages/airflow/example_dags/example_python_operator.py for tasks to queue
[2024-11-16T19:13:08.238+0000] {logging_mixin.py:190} INFO - [2024-11-16T19:13:08.238+0000] {dagbag.py:588} INFO - Filling up the DagBag from /home/airflow/.local/lib/python3.12/site-packages/airflow/example_dags/example_python_operator.py
[2024-11-16T19:13:08.277+0000] {processor.py:925} INFO - DAG(s) 'example_python_operator' retrieved from /home/airflow/.local/lib/python3.12/site-packages/airflow/example_dags/example_python_operator.py
[2024-11-16T19:13:08.330+0000] {logging_mixin.py:190} INFO - [2024-11-16T19:13:08.329+0000] {dag.py:3239} INFO - Sync 1 DAGs
[2024-11-16T19:13:08.365+0000] {logging_mixin.py:190} INFO - [2024-11-16T19:13:08.365+0000] {dag.py:4180} INFO - Setting next_dagrun for example_python_operator to None, run_after=None
[2024-11-16T19:13:08.404+0000] {processor.py:208} INFO - Processing /home/airflow/.local/lib/python3.12/site-packages/airflow/example_dags/example_python_operator.py took 0.187 seconds
[2024-11-16T19:13:56.522+0000] {processor.py:186} INFO - Started process (PID=1114) to work on /home/airflow/.local/lib/python3.12/site-packages/airflow/example_dags/example_python_operator.py
[2024-11-16T19:13:56.524+0000] {processor.py:914} INFO - Processing file /home/airflow/.local/lib/python3.12/site-packages/airflow/example_dags/example_python_operator.py for tasks to queue
[2024-11-16T19:13:56.529+0000] {logging_mixin.py:190} INFO - [2024-11-16T19:13:56.528+0000] {dagbag.py:588} INFO - Filling up the DagBag from /home/airflow/.local/lib/python3.12/site-packages/airflow/example_dags/example_python_operator.py
[2024-11-16T19:13:56.560+0000] {processor.py:925} INFO - DAG(s) 'example_python_operator' retrieved from /home/airflow/.local/lib/python3.12/site-packages/airflow/example_dags/example_python_operator.py
[2024-11-16T19:13:56.633+0000] {logging_mixin.py:190} INFO - [2024-11-16T19:13:56.632+0000] {dag.py:3239} INFO - Sync 1 DAGs
[2024-11-16T19:13:56.674+0000] {logging_mixin.py:190} INFO - [2024-11-16T19:13:56.673+0000] {dag.py:4180} INFO - Setting next_dagrun for example_python_operator to None, run_after=None
[2024-11-16T19:13:56.720+0000] {processor.py:208} INFO - Processing /home/airflow/.local/lib/python3.12/site-packages/airflow/example_dags/example_python_operator.py took 0.211 seconds
[2024-11-16T19:14:28.783+0000] {processor.py:186} INFO - Started process (PID=1180) to work on /home/airflow/.local/lib/python3.12/site-packages/airflow/example_dags/example_python_operator.py
[2024-11-16T19:14:28.785+0000] {processor.py:914} INFO - Processing file /home/airflow/.local/lib/python3.12/site-packages/airflow/example_dags/example_python_operator.py for tasks to queue
[2024-11-16T19:14:28.791+0000] {logging_mixin.py:190} INFO - [2024-11-16T19:14:28.790+0000] {dagbag.py:588} INFO - Filling up the DagBag from /home/airflow/.local/lib/python3.12/site-packages/airflow/example_dags/example_python_operator.py
[2024-11-16T19:14:28.819+0000] {processor.py:925} INFO - DAG(s) 'example_python_operator' retrieved from /home/airflow/.local/lib/python3.12/site-packages/airflow/example_dags/example_python_operator.py
[2024-11-16T19:14:28.883+0000] {logging_mixin.py:190} INFO - [2024-11-16T19:14:28.883+0000] {dag.py:3239} INFO - Sync 1 DAGs
[2024-11-16T19:14:28.923+0000] {logging_mixin.py:190} INFO - [2024-11-16T19:14:28.922+0000] {dag.py:4180} INFO - Setting next_dagrun for example_python_operator to None, run_after=None
[2024-11-16T19:14:28.965+0000] {processor.py:208} INFO - Processing /home/airflow/.local/lib/python3.12/site-packages/airflow/example_dags/example_python_operator.py took 0.198 seconds
[2024-11-16T19:15:05.587+0000] {processor.py:186} INFO - Started process (PID=1244) to work on /home/airflow/.local/lib/python3.12/site-packages/airflow/example_dags/example_python_operator.py
[2024-11-16T19:15:05.592+0000] {processor.py:914} INFO - Processing file /home/airflow/.local/lib/python3.12/site-packages/airflow/example_dags/example_python_operator.py for tasks to queue
[2024-11-16T19:15:05.605+0000] {logging_mixin.py:190} INFO - [2024-11-16T19:15:05.604+0000] {dagbag.py:588} INFO - Filling up the DagBag from /home/airflow/.local/lib/python3.12/site-packages/airflow/example_dags/example_python_operator.py
[2024-11-16T19:15:05.700+0000] {processor.py:925} INFO - DAG(s) 'example_python_operator' retrieved from /home/airflow/.local/lib/python3.12/site-packages/airflow/example_dags/example_python_operator.py
[2024-11-16T19:15:05.892+0000] {logging_mixin.py:190} INFO - [2024-11-16T19:15:05.892+0000] {dag.py:3239} INFO - Sync 1 DAGs
[2024-11-16T19:15:06.009+0000] {logging_mixin.py:190} INFO - [2024-11-16T19:15:06.007+0000] {dag.py:4180} INFO - Setting next_dagrun for example_python_operator to None, run_after=None
[2024-11-16T19:15:06.111+0000] {processor.py:208} INFO - Processing /home/airflow/.local/lib/python3.12/site-packages/airflow/example_dags/example_python_operator.py took 0.567 seconds
[2024-11-16T19:15:36.987+0000] {processor.py:186} INFO - Started process (PID=1309) to work on /home/airflow/.local/lib/python3.12/site-packages/airflow/example_dags/example_python_operator.py
[2024-11-16T19:15:36.989+0000] {processor.py:914} INFO - Processing file /home/airflow/.local/lib/python3.12/site-packages/airflow/example_dags/example_python_operator.py for tasks to queue
[2024-11-16T19:15:36.997+0000] {logging_mixin.py:190} INFO - [2024-11-16T19:15:36.996+0000] {dagbag.py:588} INFO - Filling up the DagBag from /home/airflow/.local/lib/python3.12/site-packages/airflow/example_dags/example_python_operator.py
[2024-11-16T19:15:37.030+0000] {processor.py:925} INFO - DAG(s) 'example_python_operator' retrieved from /home/airflow/.local/lib/python3.12/site-packages/airflow/example_dags/example_python_operator.py
[2024-11-16T19:15:37.138+0000] {logging_mixin.py:190} INFO - [2024-11-16T19:15:37.137+0000] {dag.py:3239} INFO - Sync 1 DAGs
[2024-11-16T19:15:37.217+0000] {logging_mixin.py:190} INFO - [2024-11-16T19:15:37.216+0000] {dag.py:4180} INFO - Setting next_dagrun for example_python_operator to None, run_after=None
[2024-11-16T19:15:37.267+0000] {processor.py:208} INFO - Processing /home/airflow/.local/lib/python3.12/site-packages/airflow/example_dags/example_python_operator.py took 0.300 seconds
[2024-11-16T19:16:07.453+0000] {processor.py:186} INFO - Started process (PID=1372) to work on /home/airflow/.local/lib/python3.12/site-packages/airflow/example_dags/example_python_operator.py
[2024-11-16T19:16:07.456+0000] {processor.py:914} INFO - Processing file /home/airflow/.local/lib/python3.12/site-packages/airflow/example_dags/example_python_operator.py for tasks to queue
[2024-11-16T19:16:07.464+0000] {logging_mixin.py:190} INFO - [2024-11-16T19:16:07.463+0000] {dagbag.py:588} INFO - Filling up the DagBag from /home/airflow/.local/lib/python3.12/site-packages/airflow/example_dags/example_python_operator.py
[2024-11-16T19:16:07.522+0000] {processor.py:925} INFO - DAG(s) 'example_python_operator' retrieved from /home/airflow/.local/lib/python3.12/site-packages/airflow/example_dags/example_python_operator.py
[2024-11-16T19:16:07.631+0000] {logging_mixin.py:190} INFO - [2024-11-16T19:16:07.631+0000] {dag.py:3239} INFO - Sync 1 DAGs
[2024-11-16T19:16:07.668+0000] {logging_mixin.py:190} INFO - [2024-11-16T19:16:07.668+0000] {dag.py:4180} INFO - Setting next_dagrun for example_python_operator to None, run_after=None
[2024-11-16T19:16:07.718+0000] {processor.py:208} INFO - Processing /home/airflow/.local/lib/python3.12/site-packages/airflow/example_dags/example_python_operator.py took 0.284 seconds
[2024-11-16T19:16:37.885+0000] {processor.py:186} INFO - Started process (PID=1436) to work on /home/airflow/.local/lib/python3.12/site-packages/airflow/example_dags/example_python_operator.py
[2024-11-16T19:16:37.887+0000] {processor.py:914} INFO - Processing file /home/airflow/.local/lib/python3.12/site-packages/airflow/example_dags/example_python_operator.py for tasks to queue
[2024-11-16T19:16:37.898+0000] {logging_mixin.py:190} INFO - [2024-11-16T19:16:37.897+0000] {dagbag.py:588} INFO - Filling up the DagBag from /home/airflow/.local/lib/python3.12/site-packages/airflow/example_dags/example_python_operator.py
[2024-11-16T19:16:37.944+0000] {processor.py:925} INFO - DAG(s) 'example_python_operator' retrieved from /home/airflow/.local/lib/python3.12/site-packages/airflow/example_dags/example_python_operator.py
[2024-11-16T19:16:38.005+0000] {logging_mixin.py:190} INFO - [2024-11-16T19:16:38.005+0000] {dag.py:3239} INFO - Sync 1 DAGs
[2024-11-16T19:16:38.044+0000] {logging_mixin.py:190} INFO - [2024-11-16T19:16:38.044+0000] {dag.py:4180} INFO - Setting next_dagrun for example_python_operator to None, run_after=None
[2024-11-16T19:16:38.092+0000] {processor.py:208} INFO - Processing /home/airflow/.local/lib/python3.12/site-packages/airflow/example_dags/example_python_operator.py took 0.225 seconds
[2024-11-16T19:17:08.268+0000] {processor.py:186} INFO - Started process (PID=1499) to work on /home/airflow/.local/lib/python3.12/site-packages/airflow/example_dags/example_python_operator.py
[2024-11-16T19:17:08.271+0000] {processor.py:914} INFO - Processing file /home/airflow/.local/lib/python3.12/site-packages/airflow/example_dags/example_python_operator.py for tasks to queue
[2024-11-16T19:17:08.276+0000] {logging_mixin.py:190} INFO - [2024-11-16T19:17:08.276+0000] {dagbag.py:588} INFO - Filling up the DagBag from /home/airflow/.local/lib/python3.12/site-packages/airflow/example_dags/example_python_operator.py
[2024-11-16T19:17:08.313+0000] {processor.py:925} INFO - DAG(s) 'example_python_operator' retrieved from /home/airflow/.local/lib/python3.12/site-packages/airflow/example_dags/example_python_operator.py
[2024-11-16T19:17:08.416+0000] {logging_mixin.py:190} INFO - [2024-11-16T19:17:08.416+0000] {dag.py:3239} INFO - Sync 1 DAGs
[2024-11-16T19:17:08.518+0000] {logging_mixin.py:190} INFO - [2024-11-16T19:17:08.517+0000] {dag.py:4180} INFO - Setting next_dagrun for example_python_operator to None, run_after=None
[2024-11-16T19:17:08.593+0000] {processor.py:208} INFO - Processing /home/airflow/.local/lib/python3.12/site-packages/airflow/example_dags/example_python_operator.py took 0.354 seconds
