[2024-11-16T18:59:29.991+0000] {processor.py:186} INFO - Started process (PID=106) to work on /home/airflow/.local/lib/python3.12/site-packages/airflow/example_dags/tutorial_dag.py
[2024-11-16T18:59:29.996+0000] {processor.py:914} INFO - Processing file /home/airflow/.local/lib/python3.12/site-packages/airflow/example_dags/tutorial_dag.py for tasks to queue
[2024-11-16T18:59:30.005+0000] {logging_mixin.py:190} INFO - [2024-11-16T18:59:30.002+0000] {dagbag.py:588} INFO - Filling up the DagBag from /home/airflow/.local/lib/python3.12/site-packages/airflow/example_dags/tutorial_dag.py
[2024-11-16T18:59:30.034+0000] {processor.py:925} INFO - DAG(s) 'tutorial_dag' retrieved from /home/airflow/.local/lib/python3.12/site-packages/airflow/example_dags/tutorial_dag.py
[2024-11-16T18:59:30.600+0000] {logging_mixin.py:190} INFO - [2024-11-16T18:59:30.597+0000] {override.py:1911} INFO - Created Permission View: can delete on DAG:tutorial_dag
[2024-11-16T18:59:30.668+0000] {logging_mixin.py:190} INFO - [2024-11-16T18:59:30.666+0000] {override.py:1911} INFO - Created Permission View: can edit on DAG:tutorial_dag
[2024-11-16T18:59:30.740+0000] {logging_mixin.py:190} INFO - [2024-11-16T18:59:30.739+0000] {override.py:1911} INFO - Created Permission View: can read on DAG:tutorial_dag
[2024-11-16T18:59:30.778+0000] {logging_mixin.py:190} INFO - [2024-11-16T18:59:30.778+0000] {override.py:1911} INFO - Created Permission View: menu access on DAG Run:tutorial_dag
[2024-11-16T18:59:30.820+0000] {logging_mixin.py:190} INFO - [2024-11-16T18:59:30.819+0000] {override.py:1911} INFO - Created Permission View: can delete on DAG Run:tutorial_dag
[2024-11-16T18:59:30.862+0000] {logging_mixin.py:190} INFO - [2024-11-16T18:59:30.862+0000] {override.py:1911} INFO - Created Permission View: can read on DAG Run:tutorial_dag
[2024-11-16T18:59:30.887+0000] {logging_mixin.py:190} INFO - [2024-11-16T18:59:30.886+0000] {override.py:1911} INFO - Created Permission View: can create on DAG Run:tutorial_dag
[2024-11-16T18:59:30.889+0000] {logging_mixin.py:190} INFO - [2024-11-16T18:59:30.889+0000] {dag.py:3239} INFO - Sync 1 DAGs
[2024-11-16T18:59:30.971+0000] {logging_mixin.py:190} INFO - [2024-11-16T18:59:30.970+0000] {dag.py:3262} INFO - Creating ORM DAG for tutorial_dag
[2024-11-16T18:59:30.976+0000] {logging_mixin.py:190} INFO - [2024-11-16T18:59:30.976+0000] {dag.py:4180} INFO - Setting next_dagrun for tutorial_dag to None, run_after=None
[2024-11-16T18:59:31.090+0000] {processor.py:208} INFO - Processing /home/airflow/.local/lib/python3.12/site-packages/airflow/example_dags/tutorial_dag.py took 1.140 seconds
[2024-11-16T19:00:32.492+0000] {processor.py:186} INFO - Started process (PID=174) to work on /home/airflow/.local/lib/python3.12/site-packages/airflow/example_dags/tutorial_dag.py
[2024-11-16T19:00:32.494+0000] {processor.py:914} INFO - Processing file /home/airflow/.local/lib/python3.12/site-packages/airflow/example_dags/tutorial_dag.py for tasks to queue
[2024-11-16T19:00:32.503+0000] {logging_mixin.py:190} INFO - [2024-11-16T19:00:32.502+0000] {dagbag.py:588} INFO - Filling up the DagBag from /home/airflow/.local/lib/python3.12/site-packages/airflow/example_dags/tutorial_dag.py
[2024-11-16T19:00:32.524+0000] {processor.py:925} INFO - DAG(s) 'tutorial_dag' retrieved from /home/airflow/.local/lib/python3.12/site-packages/airflow/example_dags/tutorial_dag.py
[2024-11-16T19:00:32.594+0000] {logging_mixin.py:190} INFO - [2024-11-16T19:00:32.593+0000] {dag.py:3239} INFO - Sync 1 DAGs
[2024-11-16T19:00:32.653+0000] {logging_mixin.py:190} INFO - [2024-11-16T19:00:32.653+0000] {dag.py:4180} INFO - Setting next_dagrun for tutorial_dag to None, run_after=None
[2024-11-16T19:00:32.711+0000] {processor.py:208} INFO - Processing /home/airflow/.local/lib/python3.12/site-packages/airflow/example_dags/tutorial_dag.py took 0.239 seconds
[2024-11-16T19:01:06.088+0000] {processor.py:186} INFO - Started process (PID=236) to work on /home/airflow/.local/lib/python3.12/site-packages/airflow/example_dags/tutorial_dag.py
[2024-11-16T19:01:06.099+0000] {processor.py:914} INFO - Processing file /home/airflow/.local/lib/python3.12/site-packages/airflow/example_dags/tutorial_dag.py for tasks to queue
[2024-11-16T19:01:06.104+0000] {logging_mixin.py:190} INFO - [2024-11-16T19:01:06.103+0000] {dagbag.py:588} INFO - Filling up the DagBag from /home/airflow/.local/lib/python3.12/site-packages/airflow/example_dags/tutorial_dag.py
[2024-11-16T19:01:06.141+0000] {processor.py:925} INFO - DAG(s) 'tutorial_dag' retrieved from /home/airflow/.local/lib/python3.12/site-packages/airflow/example_dags/tutorial_dag.py
[2024-11-16T19:01:06.251+0000] {logging_mixin.py:190} INFO - [2024-11-16T19:01:06.250+0000] {dag.py:3239} INFO - Sync 1 DAGs
[2024-11-16T19:01:06.363+0000] {logging_mixin.py:190} INFO - [2024-11-16T19:01:06.362+0000] {dag.py:4180} INFO - Setting next_dagrun for tutorial_dag to None, run_after=None
[2024-11-16T19:01:06.426+0000] {processor.py:208} INFO - Processing /home/airflow/.local/lib/python3.12/site-packages/airflow/example_dags/tutorial_dag.py took 0.375 seconds
[2024-11-16T19:01:51.072+0000] {processor.py:186} INFO - Started process (PID=304) to work on /home/airflow/.local/lib/python3.12/site-packages/airflow/example_dags/tutorial_dag.py
[2024-11-16T19:01:51.079+0000] {processor.py:914} INFO - Processing file /home/airflow/.local/lib/python3.12/site-packages/airflow/example_dags/tutorial_dag.py for tasks to queue
[2024-11-16T19:01:51.090+0000] {logging_mixin.py:190} INFO - [2024-11-16T19:01:51.089+0000] {dagbag.py:588} INFO - Filling up the DagBag from /home/airflow/.local/lib/python3.12/site-packages/airflow/example_dags/tutorial_dag.py
[2024-11-16T19:01:51.121+0000] {processor.py:925} INFO - DAG(s) 'tutorial_dag' retrieved from /home/airflow/.local/lib/python3.12/site-packages/airflow/example_dags/tutorial_dag.py
[2024-11-16T19:01:51.210+0000] {logging_mixin.py:190} INFO - [2024-11-16T19:01:51.207+0000] {dag.py:3239} INFO - Sync 1 DAGs
[2024-11-16T19:01:51.266+0000] {logging_mixin.py:190} INFO - [2024-11-16T19:01:51.266+0000] {dag.py:4180} INFO - Setting next_dagrun for tutorial_dag to None, run_after=None
[2024-11-16T19:01:51.368+0000] {processor.py:208} INFO - Processing /home/airflow/.local/lib/python3.12/site-packages/airflow/example_dags/tutorial_dag.py took 0.323 seconds
[2024-11-16T19:02:34.603+0000] {processor.py:186} INFO - Started process (PID=365) to work on /home/airflow/.local/lib/python3.12/site-packages/airflow/example_dags/tutorial_dag.py
[2024-11-16T19:02:34.606+0000] {processor.py:914} INFO - Processing file /home/airflow/.local/lib/python3.12/site-packages/airflow/example_dags/tutorial_dag.py for tasks to queue
[2024-11-16T19:02:34.618+0000] {logging_mixin.py:190} INFO - [2024-11-16T19:02:34.616+0000] {dagbag.py:588} INFO - Filling up the DagBag from /home/airflow/.local/lib/python3.12/site-packages/airflow/example_dags/tutorial_dag.py
[2024-11-16T19:02:34.645+0000] {processor.py:925} INFO - DAG(s) 'tutorial_dag' retrieved from /home/airflow/.local/lib/python3.12/site-packages/airflow/example_dags/tutorial_dag.py
[2024-11-16T19:02:34.756+0000] {logging_mixin.py:190} INFO - [2024-11-16T19:02:34.756+0000] {dag.py:3239} INFO - Sync 1 DAGs
[2024-11-16T19:02:34.806+0000] {logging_mixin.py:190} INFO - [2024-11-16T19:02:34.805+0000] {dag.py:4180} INFO - Setting next_dagrun for tutorial_dag to None, run_after=None
[2024-11-16T19:02:34.894+0000] {processor.py:208} INFO - Processing /home/airflow/.local/lib/python3.12/site-packages/airflow/example_dags/tutorial_dag.py took 0.339 seconds
[2024-11-16T19:03:07.608+0000] {processor.py:186} INFO - Started process (PID=427) to work on /home/airflow/.local/lib/python3.12/site-packages/airflow/example_dags/tutorial_dag.py
[2024-11-16T19:03:07.647+0000] {processor.py:914} INFO - Processing file /home/airflow/.local/lib/python3.12/site-packages/airflow/example_dags/tutorial_dag.py for tasks to queue
[2024-11-16T19:03:07.689+0000] {logging_mixin.py:190} INFO - [2024-11-16T19:03:07.686+0000] {dagbag.py:588} INFO - Filling up the DagBag from /home/airflow/.local/lib/python3.12/site-packages/airflow/example_dags/tutorial_dag.py
[2024-11-16T19:03:07.812+0000] {processor.py:925} INFO - DAG(s) 'tutorial_dag' retrieved from /home/airflow/.local/lib/python3.12/site-packages/airflow/example_dags/tutorial_dag.py
[2024-11-16T19:03:07.994+0000] {logging_mixin.py:190} INFO - [2024-11-16T19:03:07.984+0000] {dag.py:3239} INFO - Sync 1 DAGs
[2024-11-16T19:03:08.142+0000] {logging_mixin.py:190} INFO - [2024-11-16T19:03:08.130+0000] {dag.py:4180} INFO - Setting next_dagrun for tutorial_dag to None, run_after=None
[2024-11-16T19:03:08.271+0000] {processor.py:208} INFO - Processing /home/airflow/.local/lib/python3.12/site-packages/airflow/example_dags/tutorial_dag.py took 0.684 seconds
[2024-11-16T19:03:39.350+0000] {processor.py:186} INFO - Started process (PID=496) to work on /home/airflow/.local/lib/python3.12/site-packages/airflow/example_dags/tutorial_dag.py
[2024-11-16T19:03:39.357+0000] {processor.py:914} INFO - Processing file /home/airflow/.local/lib/python3.12/site-packages/airflow/example_dags/tutorial_dag.py for tasks to queue
[2024-11-16T19:03:39.373+0000] {logging_mixin.py:190} INFO - [2024-11-16T19:03:39.371+0000] {dagbag.py:588} INFO - Filling up the DagBag from /home/airflow/.local/lib/python3.12/site-packages/airflow/example_dags/tutorial_dag.py
[2024-11-16T19:03:39.404+0000] {processor.py:925} INFO - DAG(s) 'tutorial_dag' retrieved from /home/airflow/.local/lib/python3.12/site-packages/airflow/example_dags/tutorial_dag.py
[2024-11-16T19:03:39.489+0000] {logging_mixin.py:190} INFO - [2024-11-16T19:03:39.488+0000] {dag.py:3239} INFO - Sync 1 DAGs
[2024-11-16T19:03:39.584+0000] {logging_mixin.py:190} INFO - [2024-11-16T19:03:39.583+0000] {dag.py:4180} INFO - Setting next_dagrun for tutorial_dag to None, run_after=None
[2024-11-16T19:03:39.652+0000] {processor.py:208} INFO - Processing /home/airflow/.local/lib/python3.12/site-packages/airflow/example_dags/tutorial_dag.py took 0.343 seconds
[2024-11-16T19:04:15.771+0000] {processor.py:186} INFO - Started process (PID=559) to work on /home/airflow/.local/lib/python3.12/site-packages/airflow/example_dags/tutorial_dag.py
[2024-11-16T19:04:15.774+0000] {processor.py:914} INFO - Processing file /home/airflow/.local/lib/python3.12/site-packages/airflow/example_dags/tutorial_dag.py for tasks to queue
[2024-11-16T19:04:15.785+0000] {logging_mixin.py:190} INFO - [2024-11-16T19:04:15.785+0000] {dagbag.py:588} INFO - Filling up the DagBag from /home/airflow/.local/lib/python3.12/site-packages/airflow/example_dags/tutorial_dag.py
[2024-11-16T19:04:15.810+0000] {processor.py:925} INFO - DAG(s) 'tutorial_dag' retrieved from /home/airflow/.local/lib/python3.12/site-packages/airflow/example_dags/tutorial_dag.py
[2024-11-16T19:04:15.874+0000] {logging_mixin.py:190} INFO - [2024-11-16T19:04:15.874+0000] {dag.py:3239} INFO - Sync 1 DAGs
[2024-11-16T19:04:15.922+0000] {logging_mixin.py:190} INFO - [2024-11-16T19:04:15.921+0000] {dag.py:4180} INFO - Setting next_dagrun for tutorial_dag to None, run_after=None
[2024-11-16T19:04:15.971+0000] {processor.py:208} INFO - Processing /home/airflow/.local/lib/python3.12/site-packages/airflow/example_dags/tutorial_dag.py took 0.234 seconds
[2024-11-16T19:05:46.289+0000] {processor.py:186} INFO - Started process (PID=641) to work on /home/airflow/.local/lib/python3.12/site-packages/airflow/example_dags/tutorial_dag.py
[2024-11-16T19:05:46.305+0000] {processor.py:914} INFO - Processing file /home/airflow/.local/lib/python3.12/site-packages/airflow/example_dags/tutorial_dag.py for tasks to queue
[2024-11-16T19:05:46.353+0000] {logging_mixin.py:190} INFO - [2024-11-16T19:05:46.352+0000] {dagbag.py:588} INFO - Filling up the DagBag from /home/airflow/.local/lib/python3.12/site-packages/airflow/example_dags/tutorial_dag.py
[2024-11-16T19:05:46.562+0000] {processor.py:925} INFO - DAG(s) 'tutorial_dag' retrieved from /home/airflow/.local/lib/python3.12/site-packages/airflow/example_dags/tutorial_dag.py
[2024-11-16T19:05:46.841+0000] {logging_mixin.py:190} INFO - [2024-11-16T19:05:46.841+0000] {dag.py:3239} INFO - Sync 1 DAGs
[2024-11-16T19:05:47.092+0000] {logging_mixin.py:190} INFO - [2024-11-16T19:05:47.091+0000] {dag.py:4180} INFO - Setting next_dagrun for tutorial_dag to None, run_after=None
[2024-11-16T19:05:47.336+0000] {processor.py:208} INFO - Processing /home/airflow/.local/lib/python3.12/site-packages/airflow/example_dags/tutorial_dag.py took 1.127 seconds
[2024-11-16T19:07:14.928+0000] {processor.py:186} INFO - Started process (PID=709) to work on /home/airflow/.local/lib/python3.12/site-packages/airflow/example_dags/tutorial_dag.py
[2024-11-16T19:07:14.933+0000] {processor.py:914} INFO - Processing file /home/airflow/.local/lib/python3.12/site-packages/airflow/example_dags/tutorial_dag.py for tasks to queue
[2024-11-16T19:07:15.139+0000] {logging_mixin.py:190} INFO - [2024-11-16T19:07:15.138+0000] {dagbag.py:588} INFO - Filling up the DagBag from /home/airflow/.local/lib/python3.12/site-packages/airflow/example_dags/tutorial_dag.py
[2024-11-16T19:07:15.219+0000] {processor.py:925} INFO - DAG(s) 'tutorial_dag' retrieved from /home/airflow/.local/lib/python3.12/site-packages/airflow/example_dags/tutorial_dag.py
[2024-11-16T19:07:15.447+0000] {logging_mixin.py:190} INFO - [2024-11-16T19:07:15.446+0000] {dag.py:3239} INFO - Sync 1 DAGs
[2024-11-16T19:07:15.791+0000] {logging_mixin.py:190} INFO - [2024-11-16T19:07:15.790+0000] {dag.py:4180} INFO - Setting next_dagrun for tutorial_dag to None, run_after=None
[2024-11-16T19:07:16.239+0000] {processor.py:208} INFO - Processing /home/airflow/.local/lib/python3.12/site-packages/airflow/example_dags/tutorial_dag.py took 1.380 seconds
[2024-11-16T19:08:36.731+0000] {processor.py:186} INFO - Started process (PID=760) to work on /home/airflow/.local/lib/python3.12/site-packages/airflow/example_dags/tutorial_dag.py
[2024-11-16T19:08:36.749+0000] {processor.py:914} INFO - Processing file /home/airflow/.local/lib/python3.12/site-packages/airflow/example_dags/tutorial_dag.py for tasks to queue
[2024-11-16T19:08:36.767+0000] {logging_mixin.py:190} INFO - [2024-11-16T19:08:36.766+0000] {dagbag.py:588} INFO - Filling up the DagBag from /home/airflow/.local/lib/python3.12/site-packages/airflow/example_dags/tutorial_dag.py
[2024-11-16T19:08:36.825+0000] {processor.py:925} INFO - DAG(s) 'tutorial_dag' retrieved from /home/airflow/.local/lib/python3.12/site-packages/airflow/example_dags/tutorial_dag.py
[2024-11-16T19:08:37.016+0000] {logging_mixin.py:190} INFO - [2024-11-16T19:08:37.011+0000] {dag.py:3239} INFO - Sync 1 DAGs
[2024-11-16T19:08:37.164+0000] {logging_mixin.py:190} INFO - [2024-11-16T19:08:37.163+0000] {dag.py:4180} INFO - Setting next_dagrun for tutorial_dag to None, run_after=None
[2024-11-16T19:08:37.398+0000] {processor.py:208} INFO - Processing /home/airflow/.local/lib/python3.12/site-packages/airflow/example_dags/tutorial_dag.py took 0.714 seconds
[2024-11-16T19:09:49.391+0000] {processor.py:186} INFO - Started process (PID=827) to work on /home/airflow/.local/lib/python3.12/site-packages/airflow/example_dags/tutorial_dag.py
[2024-11-16T19:09:49.424+0000] {processor.py:914} INFO - Processing file /home/airflow/.local/lib/python3.12/site-packages/airflow/example_dags/tutorial_dag.py for tasks to queue
[2024-11-16T19:09:49.481+0000] {logging_mixin.py:190} INFO - [2024-11-16T19:09:49.451+0000] {dagbag.py:588} INFO - Filling up the DagBag from /home/airflow/.local/lib/python3.12/site-packages/airflow/example_dags/tutorial_dag.py
[2024-11-16T19:09:49.579+0000] {processor.py:925} INFO - DAG(s) 'tutorial_dag' retrieved from /home/airflow/.local/lib/python3.12/site-packages/airflow/example_dags/tutorial_dag.py
[2024-11-16T19:09:49.810+0000] {logging_mixin.py:190} INFO - [2024-11-16T19:09:49.796+0000] {dag.py:3239} INFO - Sync 1 DAGs
[2024-11-16T19:09:49.974+0000] {logging_mixin.py:190} INFO - [2024-11-16T19:09:49.973+0000] {dag.py:4180} INFO - Setting next_dagrun for tutorial_dag to None, run_after=None
[2024-11-16T19:09:50.292+0000] {processor.py:208} INFO - Processing /home/airflow/.local/lib/python3.12/site-packages/airflow/example_dags/tutorial_dag.py took 1.032 seconds
[2024-11-16T19:11:42.847+0000] {processor.py:186} INFO - Started process (PID=923) to work on /home/airflow/.local/lib/python3.12/site-packages/airflow/example_dags/tutorial_dag.py
[2024-11-16T19:11:42.850+0000] {processor.py:914} INFO - Processing file /home/airflow/.local/lib/python3.12/site-packages/airflow/example_dags/tutorial_dag.py for tasks to queue
[2024-11-16T19:11:42.879+0000] {logging_mixin.py:190} INFO - [2024-11-16T19:11:42.878+0000] {dagbag.py:588} INFO - Filling up the DagBag from /home/airflow/.local/lib/python3.12/site-packages/airflow/example_dags/tutorial_dag.py
[2024-11-16T19:11:42.918+0000] {processor.py:925} INFO - DAG(s) 'tutorial_dag' retrieved from /home/airflow/.local/lib/python3.12/site-packages/airflow/example_dags/tutorial_dag.py
[2024-11-16T19:11:43.054+0000] {logging_mixin.py:190} INFO - [2024-11-16T19:11:43.051+0000] {dag.py:3239} INFO - Sync 1 DAGs
[2024-11-16T19:11:43.155+0000] {logging_mixin.py:190} INFO - [2024-11-16T19:11:43.155+0000] {dag.py:4180} INFO - Setting next_dagrun for tutorial_dag to None, run_after=None
[2024-11-16T19:11:43.224+0000] {processor.py:208} INFO - Processing /home/airflow/.local/lib/python3.12/site-packages/airflow/example_dags/tutorial_dag.py took 0.421 seconds
[2024-11-16T19:12:43.862+0000] {processor.py:186} INFO - Started process (PID=994) to work on /home/airflow/.local/lib/python3.12/site-packages/airflow/example_dags/tutorial_dag.py
[2024-11-16T19:12:43.865+0000] {processor.py:914} INFO - Processing file /home/airflow/.local/lib/python3.12/site-packages/airflow/example_dags/tutorial_dag.py for tasks to queue
[2024-11-16T19:12:43.873+0000] {logging_mixin.py:190} INFO - [2024-11-16T19:12:43.871+0000] {dagbag.py:588} INFO - Filling up the DagBag from /home/airflow/.local/lib/python3.12/site-packages/airflow/example_dags/tutorial_dag.py
[2024-11-16T19:12:43.900+0000] {processor.py:925} INFO - DAG(s) 'tutorial_dag' retrieved from /home/airflow/.local/lib/python3.12/site-packages/airflow/example_dags/tutorial_dag.py
[2024-11-16T19:12:43.973+0000] {logging_mixin.py:190} INFO - [2024-11-16T19:12:43.973+0000] {dag.py:3239} INFO - Sync 1 DAGs
[2024-11-16T19:12:44.144+0000] {logging_mixin.py:190} INFO - [2024-11-16T19:12:44.143+0000] {dag.py:4180} INFO - Setting next_dagrun for tutorial_dag to None, run_after=None
[2024-11-16T19:12:44.493+0000] {processor.py:208} INFO - Processing /home/airflow/.local/lib/python3.12/site-packages/airflow/example_dags/tutorial_dag.py took 0.654 seconds
[2024-11-16T19:13:16.588+0000] {processor.py:186} INFO - Started process (PID=1056) to work on /home/airflow/.local/lib/python3.12/site-packages/airflow/example_dags/tutorial_dag.py
[2024-11-16T19:13:16.590+0000] {processor.py:914} INFO - Processing file /home/airflow/.local/lib/python3.12/site-packages/airflow/example_dags/tutorial_dag.py for tasks to queue
[2024-11-16T19:13:16.595+0000] {logging_mixin.py:190} INFO - [2024-11-16T19:13:16.595+0000] {dagbag.py:588} INFO - Filling up the DagBag from /home/airflow/.local/lib/python3.12/site-packages/airflow/example_dags/tutorial_dag.py
[2024-11-16T19:13:16.613+0000] {processor.py:925} INFO - DAG(s) 'tutorial_dag' retrieved from /home/airflow/.local/lib/python3.12/site-packages/airflow/example_dags/tutorial_dag.py
[2024-11-16T19:13:16.670+0000] {logging_mixin.py:190} INFO - [2024-11-16T19:13:16.669+0000] {dag.py:3239} INFO - Sync 1 DAGs
[2024-11-16T19:13:16.698+0000] {logging_mixin.py:190} INFO - [2024-11-16T19:13:16.698+0000] {dag.py:4180} INFO - Setting next_dagrun for tutorial_dag to None, run_after=None
[2024-11-16T19:13:16.732+0000] {processor.py:208} INFO - Processing /home/airflow/.local/lib/python3.12/site-packages/airflow/example_dags/tutorial_dag.py took 0.158 seconds
[2024-11-16T19:13:58.138+0000] {processor.py:186} INFO - Started process (PID=1126) to work on /home/airflow/.local/lib/python3.12/site-packages/airflow/example_dags/tutorial_dag.py
[2024-11-16T19:13:58.141+0000] {processor.py:914} INFO - Processing file /home/airflow/.local/lib/python3.12/site-packages/airflow/example_dags/tutorial_dag.py for tasks to queue
[2024-11-16T19:13:58.148+0000] {logging_mixin.py:190} INFO - [2024-11-16T19:13:58.147+0000] {dagbag.py:588} INFO - Filling up the DagBag from /home/airflow/.local/lib/python3.12/site-packages/airflow/example_dags/tutorial_dag.py
[2024-11-16T19:13:58.172+0000] {processor.py:925} INFO - DAG(s) 'tutorial_dag' retrieved from /home/airflow/.local/lib/python3.12/site-packages/airflow/example_dags/tutorial_dag.py
[2024-11-16T19:13:58.233+0000] {logging_mixin.py:190} INFO - [2024-11-16T19:13:58.232+0000] {dag.py:3239} INFO - Sync 1 DAGs
[2024-11-16T19:13:58.301+0000] {logging_mixin.py:190} INFO - [2024-11-16T19:13:58.300+0000] {dag.py:4180} INFO - Setting next_dagrun for tutorial_dag to None, run_after=None
[2024-11-16T19:13:58.351+0000] {processor.py:208} INFO - Processing /home/airflow/.local/lib/python3.12/site-packages/airflow/example_dags/tutorial_dag.py took 0.235 seconds
[2024-11-16T19:14:30.883+0000] {processor.py:186} INFO - Started process (PID=1190) to work on /home/airflow/.local/lib/python3.12/site-packages/airflow/example_dags/tutorial_dag.py
[2024-11-16T19:14:30.890+0000] {processor.py:914} INFO - Processing file /home/airflow/.local/lib/python3.12/site-packages/airflow/example_dags/tutorial_dag.py for tasks to queue
[2024-11-16T19:14:30.904+0000] {logging_mixin.py:190} INFO - [2024-11-16T19:14:30.903+0000] {dagbag.py:588} INFO - Filling up the DagBag from /home/airflow/.local/lib/python3.12/site-packages/airflow/example_dags/tutorial_dag.py
[2024-11-16T19:14:30.933+0000] {processor.py:925} INFO - DAG(s) 'tutorial_dag' retrieved from /home/airflow/.local/lib/python3.12/site-packages/airflow/example_dags/tutorial_dag.py
[2024-11-16T19:14:30.998+0000] {logging_mixin.py:190} INFO - [2024-11-16T19:14:30.997+0000] {dag.py:3239} INFO - Sync 1 DAGs
[2024-11-16T19:14:31.047+0000] {logging_mixin.py:190} INFO - [2024-11-16T19:14:31.047+0000] {dag.py:4180} INFO - Setting next_dagrun for tutorial_dag to None, run_after=None
[2024-11-16T19:14:31.095+0000] {processor.py:208} INFO - Processing /home/airflow/.local/lib/python3.12/site-packages/airflow/example_dags/tutorial_dag.py took 0.244 seconds
[2024-11-16T19:15:07.772+0000] {processor.py:186} INFO - Started process (PID=1253) to work on /home/airflow/.local/lib/python3.12/site-packages/airflow/example_dags/tutorial_dag.py
[2024-11-16T19:15:07.774+0000] {processor.py:914} INFO - Processing file /home/airflow/.local/lib/python3.12/site-packages/airflow/example_dags/tutorial_dag.py for tasks to queue
[2024-11-16T19:15:07.789+0000] {logging_mixin.py:190} INFO - [2024-11-16T19:15:07.788+0000] {dagbag.py:588} INFO - Filling up the DagBag from /home/airflow/.local/lib/python3.12/site-packages/airflow/example_dags/tutorial_dag.py
[2024-11-16T19:15:07.820+0000] {processor.py:925} INFO - DAG(s) 'tutorial_dag' retrieved from /home/airflow/.local/lib/python3.12/site-packages/airflow/example_dags/tutorial_dag.py
[2024-11-16T19:15:07.911+0000] {logging_mixin.py:190} INFO - [2024-11-16T19:15:07.910+0000] {dag.py:3239} INFO - Sync 1 DAGs
[2024-11-16T19:15:07.968+0000] {logging_mixin.py:190} INFO - [2024-11-16T19:15:07.967+0000] {dag.py:4180} INFO - Setting next_dagrun for tutorial_dag to None, run_after=None
[2024-11-16T19:15:08.018+0000] {processor.py:208} INFO - Processing /home/airflow/.local/lib/python3.12/site-packages/airflow/example_dags/tutorial_dag.py took 0.265 seconds
[2024-11-16T19:15:39.187+0000] {processor.py:186} INFO - Started process (PID=1316) to work on /home/airflow/.local/lib/python3.12/site-packages/airflow/example_dags/tutorial_dag.py
[2024-11-16T19:15:39.190+0000] {processor.py:914} INFO - Processing file /home/airflow/.local/lib/python3.12/site-packages/airflow/example_dags/tutorial_dag.py for tasks to queue
[2024-11-16T19:15:39.198+0000] {logging_mixin.py:190} INFO - [2024-11-16T19:15:39.197+0000] {dagbag.py:588} INFO - Filling up the DagBag from /home/airflow/.local/lib/python3.12/site-packages/airflow/example_dags/tutorial_dag.py
[2024-11-16T19:15:39.224+0000] {processor.py:925} INFO - DAG(s) 'tutorial_dag' retrieved from /home/airflow/.local/lib/python3.12/site-packages/airflow/example_dags/tutorial_dag.py
[2024-11-16T19:15:39.310+0000] {logging_mixin.py:190} INFO - [2024-11-16T19:15:39.309+0000] {dag.py:3239} INFO - Sync 1 DAGs
[2024-11-16T19:15:39.353+0000] {logging_mixin.py:190} INFO - [2024-11-16T19:15:39.352+0000] {dag.py:4180} INFO - Setting next_dagrun for tutorial_dag to None, run_after=None
[2024-11-16T19:15:39.481+0000] {processor.py:208} INFO - Processing /home/airflow/.local/lib/python3.12/site-packages/airflow/example_dags/tutorial_dag.py took 0.317 seconds
[2024-11-16T19:16:11.077+0000] {processor.py:186} INFO - Started process (PID=1380) to work on /home/airflow/.local/lib/python3.12/site-packages/airflow/example_dags/tutorial_dag.py
[2024-11-16T19:16:11.081+0000] {processor.py:914} INFO - Processing file /home/airflow/.local/lib/python3.12/site-packages/airflow/example_dags/tutorial_dag.py for tasks to queue
[2024-11-16T19:16:11.088+0000] {logging_mixin.py:190} INFO - [2024-11-16T19:16:11.087+0000] {dagbag.py:588} INFO - Filling up the DagBag from /home/airflow/.local/lib/python3.12/site-packages/airflow/example_dags/tutorial_dag.py
[2024-11-16T19:16:11.116+0000] {processor.py:925} INFO - DAG(s) 'tutorial_dag' retrieved from /home/airflow/.local/lib/python3.12/site-packages/airflow/example_dags/tutorial_dag.py
[2024-11-16T19:16:11.199+0000] {logging_mixin.py:190} INFO - [2024-11-16T19:16:11.198+0000] {dag.py:3239} INFO - Sync 1 DAGs
[2024-11-16T19:16:11.285+0000] {logging_mixin.py:190} INFO - [2024-11-16T19:16:11.284+0000] {dag.py:4180} INFO - Setting next_dagrun for tutorial_dag to None, run_after=None
[2024-11-16T19:16:11.348+0000] {processor.py:208} INFO - Processing /home/airflow/.local/lib/python3.12/site-packages/airflow/example_dags/tutorial_dag.py took 0.298 seconds
[2024-11-16T19:16:41.552+0000] {processor.py:186} INFO - Started process (PID=1443) to work on /home/airflow/.local/lib/python3.12/site-packages/airflow/example_dags/tutorial_dag.py
[2024-11-16T19:16:41.555+0000] {processor.py:914} INFO - Processing file /home/airflow/.local/lib/python3.12/site-packages/airflow/example_dags/tutorial_dag.py for tasks to queue
[2024-11-16T19:16:41.561+0000] {logging_mixin.py:190} INFO - [2024-11-16T19:16:41.560+0000] {dagbag.py:588} INFO - Filling up the DagBag from /home/airflow/.local/lib/python3.12/site-packages/airflow/example_dags/tutorial_dag.py
[2024-11-16T19:16:41.582+0000] {processor.py:925} INFO - DAG(s) 'tutorial_dag' retrieved from /home/airflow/.local/lib/python3.12/site-packages/airflow/example_dags/tutorial_dag.py
[2024-11-16T19:16:41.634+0000] {logging_mixin.py:190} INFO - [2024-11-16T19:16:41.634+0000] {dag.py:3239} INFO - Sync 1 DAGs
[2024-11-16T19:16:41.666+0000] {logging_mixin.py:190} INFO - [2024-11-16T19:16:41.666+0000] {dag.py:4180} INFO - Setting next_dagrun for tutorial_dag to None, run_after=None
[2024-11-16T19:16:41.708+0000] {processor.py:208} INFO - Processing /home/airflow/.local/lib/python3.12/site-packages/airflow/example_dags/tutorial_dag.py took 0.172 seconds
[2024-11-16T19:17:12.570+0000] {processor.py:186} INFO - Started process (PID=1506) to work on /home/airflow/.local/lib/python3.12/site-packages/airflow/example_dags/tutorial_dag.py
[2024-11-16T19:17:12.573+0000] {processor.py:914} INFO - Processing file /home/airflow/.local/lib/python3.12/site-packages/airflow/example_dags/tutorial_dag.py for tasks to queue
[2024-11-16T19:17:12.582+0000] {logging_mixin.py:190} INFO - [2024-11-16T19:17:12.581+0000] {dagbag.py:588} INFO - Filling up the DagBag from /home/airflow/.local/lib/python3.12/site-packages/airflow/example_dags/tutorial_dag.py
[2024-11-16T19:17:12.618+0000] {processor.py:925} INFO - DAG(s) 'tutorial_dag' retrieved from /home/airflow/.local/lib/python3.12/site-packages/airflow/example_dags/tutorial_dag.py
[2024-11-16T19:17:12.680+0000] {logging_mixin.py:190} INFO - [2024-11-16T19:17:12.680+0000] {dag.py:3239} INFO - Sync 1 DAGs
[2024-11-16T19:17:12.750+0000] {logging_mixin.py:190} INFO - [2024-11-16T19:17:12.749+0000] {dag.py:4180} INFO - Setting next_dagrun for tutorial_dag to None, run_after=None
[2024-11-16T19:17:12.822+0000] {processor.py:208} INFO - Processing /home/airflow/.local/lib/python3.12/site-packages/airflow/example_dags/tutorial_dag.py took 0.278 seconds
