[2024-11-18T00:00:29.344+0000] {processor.py:186} INFO - Started process (PID=8743) to work on /home/airflow/.local/lib/python3.12/site-packages/airflow/example_dags/example_inlet_event_extra.py
[2024-11-18T00:00:29.353+0000] {processor.py:914} INFO - Processing file /home/airflow/.local/lib/python3.12/site-packages/airflow/example_dags/example_inlet_event_extra.py for tasks to queue
[2024-11-18T00:00:29.365+0000] {logging_mixin.py:190} INFO - [2024-11-18T00:00:29.364+0000] {dagbag.py:588} INFO - Filling up the DagBag from /home/airflow/.local/lib/python3.12/site-packages/airflow/example_dags/example_inlet_event_extra.py
[2024-11-18T00:00:35.783+0000] {processor.py:925} INFO - DAG(s) 'read_dataset_event', 'read_dataset_event_from_classic' retrieved from /home/airflow/.local/lib/python3.12/site-packages/airflow/example_dags/example_inlet_event_extra.py
[2024-11-18T00:00:36.005+0000] {logging_mixin.py:190} INFO - [2024-11-18T00:00:35.993+0000] {dag.py:3239} INFO - Sync 2 DAGs
[2024-11-18T00:00:36.259+0000] {logging_mixin.py:190} INFO - [2024-11-18T00:00:36.259+0000] {dag.py:4180} INFO - Setting next_dagrun for read_dataset_event to 2024-11-17 00:00:00+00:00, run_after=2024-11-18 00:00:00+00:00
[2024-11-18T00:00:36.335+0000] {logging_mixin.py:190} INFO - [2024-11-18T00:00:36.335+0000] {dag.py:4180} INFO - Setting next_dagrun for read_dataset_event_from_classic to 2024-11-17 00:00:00+00:00, run_after=2024-11-18 00:00:00+00:00
[2024-11-18T00:00:36.734+0000] {processor.py:208} INFO - Processing /home/airflow/.local/lib/python3.12/site-packages/airflow/example_dags/example_inlet_event_extra.py took 7.439 seconds
[2024-11-18T00:01:07.816+0000] {processor.py:186} INFO - Started process (PID=8808) to work on /home/airflow/.local/lib/python3.12/site-packages/airflow/example_dags/example_inlet_event_extra.py
[2024-11-18T00:01:07.819+0000] {processor.py:914} INFO - Processing file /home/airflow/.local/lib/python3.12/site-packages/airflow/example_dags/example_inlet_event_extra.py for tasks to queue
[2024-11-18T00:01:07.833+0000] {logging_mixin.py:190} INFO - [2024-11-18T00:01:07.832+0000] {dagbag.py:588} INFO - Filling up the DagBag from /home/airflow/.local/lib/python3.12/site-packages/airflow/example_dags/example_inlet_event_extra.py
[2024-11-18T00:01:09.418+0000] {processor.py:925} INFO - DAG(s) 'read_dataset_event_from_classic', 'read_dataset_event' retrieved from /home/airflow/.local/lib/python3.12/site-packages/airflow/example_dags/example_inlet_event_extra.py
[2024-11-18T00:01:09.553+0000] {logging_mixin.py:190} INFO - [2024-11-18T00:01:09.552+0000] {dag.py:3239} INFO - Sync 2 DAGs
[2024-11-18T00:01:09.806+0000] {logging_mixin.py:190} INFO - [2024-11-18T00:01:09.793+0000] {dag.py:4180} INFO - Setting next_dagrun for read_dataset_event to 2024-11-17 00:00:00+00:00, run_after=2024-11-18 00:00:00+00:00
[2024-11-18T00:01:09.842+0000] {logging_mixin.py:190} INFO - [2024-11-18T00:01:09.842+0000] {dag.py:4180} INFO - Setting next_dagrun for read_dataset_event_from_classic to 2024-11-17 00:00:00+00:00, run_after=2024-11-18 00:00:00+00:00
[2024-11-18T00:01:10.021+0000] {processor.py:208} INFO - Processing /home/airflow/.local/lib/python3.12/site-packages/airflow/example_dags/example_inlet_event_extra.py took 2.318 seconds
[2024-11-18T00:01:40.345+0000] {processor.py:186} INFO - Started process (PID=8872) to work on /home/airflow/.local/lib/python3.12/site-packages/airflow/example_dags/example_inlet_event_extra.py
[2024-11-18T00:01:40.347+0000] {processor.py:914} INFO - Processing file /home/airflow/.local/lib/python3.12/site-packages/airflow/example_dags/example_inlet_event_extra.py for tasks to queue
[2024-11-18T00:01:40.350+0000] {logging_mixin.py:190} INFO - [2024-11-18T00:01:40.350+0000] {dagbag.py:588} INFO - Filling up the DagBag from /home/airflow/.local/lib/python3.12/site-packages/airflow/example_dags/example_inlet_event_extra.py
[2024-11-18T00:01:43.746+0000] {processor.py:925} INFO - DAG(s) 'read_dataset_event_from_classic', 'read_dataset_event' retrieved from /home/airflow/.local/lib/python3.12/site-packages/airflow/example_dags/example_inlet_event_extra.py
[2024-11-18T00:01:43.808+0000] {logging_mixin.py:190} INFO - [2024-11-18T00:01:43.807+0000] {dag.py:3239} INFO - Sync 2 DAGs
[2024-11-18T00:01:43.904+0000] {logging_mixin.py:190} INFO - [2024-11-18T00:01:43.904+0000] {dag.py:4180} INFO - Setting next_dagrun for read_dataset_event to 2024-11-17 00:00:00+00:00, run_after=2024-11-18 00:00:00+00:00
[2024-11-18T00:01:43.923+0000] {logging_mixin.py:190} INFO - [2024-11-18T00:01:43.923+0000] {dag.py:4180} INFO - Setting next_dagrun for read_dataset_event_from_classic to 2024-11-17 00:00:00+00:00, run_after=2024-11-18 00:00:00+00:00
[2024-11-18T00:01:43.982+0000] {processor.py:208} INFO - Processing /home/airflow/.local/lib/python3.12/site-packages/airflow/example_dags/example_inlet_event_extra.py took 3.648 seconds
