[2024-11-18T00:00:17.964+0000] {processor.py:186} INFO - Started process (PID=8729) to work on /home/airflow/.local/lib/python3.12/site-packages/airflow/example_dags/example_branch_operator.py
[2024-11-18T00:00:17.967+0000] {processor.py:914} INFO - Processing file /home/airflow/.local/lib/python3.12/site-packages/airflow/example_dags/example_branch_operator.py for tasks to queue
[2024-11-18T00:00:17.969+0000] {logging_mixin.py:190} INFO - [2024-11-18T00:00:17.968+0000] {dagbag.py:588} INFO - Filling up the DagBag from /home/airflow/.local/lib/python3.12/site-packages/airflow/example_dags/example_branch_operator.py
[2024-11-18T00:00:18.007+0000] {processor.py:925} INFO - DAG(s) 'example_branch_operator' retrieved from /home/airflow/.local/lib/python3.12/site-packages/airflow/example_dags/example_branch_operator.py
[2024-11-18T00:00:18.068+0000] {logging_mixin.py:190} INFO - [2024-11-18T00:00:18.067+0000] {dag.py:3239} INFO - Sync 1 DAGs
[2024-11-18T00:00:18.116+0000] {logging_mixin.py:190} INFO - [2024-11-18T00:00:18.116+0000] {dag.py:4180} INFO - Setting next_dagrun for example_branch_operator to 2024-11-17 00:00:00+00:00, run_after=2024-11-18 00:00:00+00:00
[2024-11-18T00:00:18.151+0000] {processor.py:208} INFO - Processing /home/airflow/.local/lib/python3.12/site-packages/airflow/example_dags/example_branch_operator.py took 0.198 seconds
[2024-11-18T00:00:51.127+0000] {processor.py:186} INFO - Started process (PID=8778) to work on /home/airflow/.local/lib/python3.12/site-packages/airflow/example_dags/example_branch_operator.py
[2024-11-18T00:00:51.137+0000] {processor.py:914} INFO - Processing file /home/airflow/.local/lib/python3.12/site-packages/airflow/example_dags/example_branch_operator.py for tasks to queue
[2024-11-18T00:00:51.143+0000] {logging_mixin.py:190} INFO - [2024-11-18T00:00:51.142+0000] {dagbag.py:588} INFO - Filling up the DagBag from /home/airflow/.local/lib/python3.12/site-packages/airflow/example_dags/example_branch_operator.py
[2024-11-18T00:00:51.221+0000] {processor.py:925} INFO - DAG(s) 'example_branch_operator' retrieved from /home/airflow/.local/lib/python3.12/site-packages/airflow/example_dags/example_branch_operator.py
[2024-11-18T00:00:51.330+0000] {logging_mixin.py:190} INFO - [2024-11-18T00:00:51.329+0000] {dag.py:3239} INFO - Sync 1 DAGs
[2024-11-18T00:00:51.463+0000] {logging_mixin.py:190} INFO - [2024-11-18T00:00:51.462+0000] {dag.py:4180} INFO - Setting next_dagrun for example_branch_operator to 2024-11-17 00:00:00+00:00, run_after=2024-11-18 00:00:00+00:00
[2024-11-18T00:00:51.530+0000] {processor.py:208} INFO - Processing /home/airflow/.local/lib/python3.12/site-packages/airflow/example_dags/example_branch_operator.py took 0.422 seconds
[2024-11-18T00:01:28.183+0000] {processor.py:186} INFO - Started process (PID=8841) to work on /home/airflow/.local/lib/python3.12/site-packages/airflow/example_dags/example_branch_operator.py
[2024-11-18T00:01:28.192+0000] {processor.py:914} INFO - Processing file /home/airflow/.local/lib/python3.12/site-packages/airflow/example_dags/example_branch_operator.py for tasks to queue
[2024-11-18T00:01:28.215+0000] {logging_mixin.py:190} INFO - [2024-11-18T00:01:28.214+0000] {dagbag.py:588} INFO - Filling up the DagBag from /home/airflow/.local/lib/python3.12/site-packages/airflow/example_dags/example_branch_operator.py
[2024-11-18T00:01:28.319+0000] {processor.py:925} INFO - DAG(s) 'example_branch_operator' retrieved from /home/airflow/.local/lib/python3.12/site-packages/airflow/example_dags/example_branch_operator.py
[2024-11-18T00:01:28.409+0000] {logging_mixin.py:190} INFO - [2024-11-18T00:01:28.408+0000] {dag.py:3239} INFO - Sync 1 DAGs
[2024-11-18T00:01:28.478+0000] {logging_mixin.py:190} INFO - [2024-11-18T00:01:28.478+0000] {dag.py:4180} INFO - Setting next_dagrun for example_branch_operator to 2024-11-17 00:00:00+00:00, run_after=2024-11-18 00:00:00+00:00
[2024-11-18T00:01:28.520+0000] {processor.py:208} INFO - Processing /home/airflow/.local/lib/python3.12/site-packages/airflow/example_dags/example_branch_operator.py took 0.383 seconds
[2024-11-18T00:01:59.432+0000] {processor.py:186} INFO - Started process (PID=8904) to work on /home/airflow/.local/lib/python3.12/site-packages/airflow/example_dags/example_branch_operator.py
[2024-11-18T00:01:59.446+0000] {processor.py:914} INFO - Processing file /home/airflow/.local/lib/python3.12/site-packages/airflow/example_dags/example_branch_operator.py for tasks to queue
[2024-11-18T00:01:59.452+0000] {logging_mixin.py:190} INFO - [2024-11-18T00:01:59.451+0000] {dagbag.py:588} INFO - Filling up the DagBag from /home/airflow/.local/lib/python3.12/site-packages/airflow/example_dags/example_branch_operator.py
[2024-11-18T00:01:59.579+0000] {processor.py:925} INFO - DAG(s) 'example_branch_operator' retrieved from /home/airflow/.local/lib/python3.12/site-packages/airflow/example_dags/example_branch_operator.py
[2024-11-18T00:01:59.701+0000] {logging_mixin.py:190} INFO - [2024-11-18T00:01:59.700+0000] {dag.py:3239} INFO - Sync 1 DAGs
[2024-11-18T00:01:59.779+0000] {logging_mixin.py:190} INFO - [2024-11-18T00:01:59.779+0000] {dag.py:4180} INFO - Setting next_dagrun for example_branch_operator to 2024-11-17 00:00:00+00:00, run_after=2024-11-18 00:00:00+00:00
[2024-11-18T00:01:59.896+0000] {processor.py:208} INFO - Processing /home/airflow/.local/lib/python3.12/site-packages/airflow/example_dags/example_branch_operator.py took 0.489 seconds
[2024-11-18T00:02:30.888+0000] {processor.py:186} INFO - Started process (PID=8968) to work on /home/airflow/.local/lib/python3.12/site-packages/airflow/example_dags/example_branch_operator.py
[2024-11-18T00:02:30.890+0000] {processor.py:914} INFO - Processing file /home/airflow/.local/lib/python3.12/site-packages/airflow/example_dags/example_branch_operator.py for tasks to queue
[2024-11-18T00:02:30.894+0000] {logging_mixin.py:190} INFO - [2024-11-18T00:02:30.893+0000] {dagbag.py:588} INFO - Filling up the DagBag from /home/airflow/.local/lib/python3.12/site-packages/airflow/example_dags/example_branch_operator.py
[2024-11-18T00:02:30.933+0000] {processor.py:925} INFO - DAG(s) 'example_branch_operator' retrieved from /home/airflow/.local/lib/python3.12/site-packages/airflow/example_dags/example_branch_operator.py
[2024-11-18T00:02:31.001+0000] {logging_mixin.py:190} INFO - [2024-11-18T00:02:31.001+0000] {dag.py:3239} INFO - Sync 1 DAGs
[2024-11-18T00:02:31.064+0000] {logging_mixin.py:190} INFO - [2024-11-18T00:02:31.064+0000] {dag.py:4180} INFO - Setting next_dagrun for example_branch_operator to 2024-11-17 00:00:00+00:00, run_after=2024-11-18 00:00:00+00:00
[2024-11-18T00:02:31.112+0000] {processor.py:208} INFO - Processing /home/airflow/.local/lib/python3.12/site-packages/airflow/example_dags/example_branch_operator.py took 0.238 seconds
[2024-11-18T00:03:02.076+0000] {processor.py:186} INFO - Started process (PID=9033) to work on /home/airflow/.local/lib/python3.12/site-packages/airflow/example_dags/example_branch_operator.py
[2024-11-18T00:03:02.078+0000] {processor.py:914} INFO - Processing file /home/airflow/.local/lib/python3.12/site-packages/airflow/example_dags/example_branch_operator.py for tasks to queue
[2024-11-18T00:03:02.082+0000] {logging_mixin.py:190} INFO - [2024-11-18T00:03:02.081+0000] {dagbag.py:588} INFO - Filling up the DagBag from /home/airflow/.local/lib/python3.12/site-packages/airflow/example_dags/example_branch_operator.py
[2024-11-18T00:03:02.149+0000] {processor.py:925} INFO - DAG(s) 'example_branch_operator' retrieved from /home/airflow/.local/lib/python3.12/site-packages/airflow/example_dags/example_branch_operator.py
[2024-11-18T00:03:02.249+0000] {logging_mixin.py:190} INFO - [2024-11-18T00:03:02.248+0000] {dag.py:3239} INFO - Sync 1 DAGs
[2024-11-18T00:03:02.327+0000] {logging_mixin.py:190} INFO - [2024-11-18T00:03:02.327+0000] {dag.py:4180} INFO - Setting next_dagrun for example_branch_operator to 2024-11-17 00:00:00+00:00, run_after=2024-11-18 00:00:00+00:00
[2024-11-18T00:03:02.398+0000] {processor.py:208} INFO - Processing /home/airflow/.local/lib/python3.12/site-packages/airflow/example_dags/example_branch_operator.py took 0.343 seconds
[2024-11-18T00:03:35.713+0000] {processor.py:186} INFO - Started process (PID=9100) to work on /home/airflow/.local/lib/python3.12/site-packages/airflow/example_dags/example_branch_operator.py
[2024-11-18T00:03:35.715+0000] {processor.py:914} INFO - Processing file /home/airflow/.local/lib/python3.12/site-packages/airflow/example_dags/example_branch_operator.py for tasks to queue
[2024-11-18T00:03:35.730+0000] {logging_mixin.py:190} INFO - [2024-11-18T00:03:35.728+0000] {dagbag.py:588} INFO - Filling up the DagBag from /home/airflow/.local/lib/python3.12/site-packages/airflow/example_dags/example_branch_operator.py
[2024-11-18T00:03:35.936+0000] {processor.py:925} INFO - DAG(s) 'example_branch_operator' retrieved from /home/airflow/.local/lib/python3.12/site-packages/airflow/example_dags/example_branch_operator.py
[2024-11-18T00:03:36.152+0000] {logging_mixin.py:190} INFO - [2024-11-18T00:03:36.151+0000] {dag.py:3239} INFO - Sync 1 DAGs
[2024-11-18T00:03:36.354+0000] {logging_mixin.py:190} INFO - [2024-11-18T00:03:36.354+0000] {dag.py:4180} INFO - Setting next_dagrun for example_branch_operator to 2024-11-17 00:00:00+00:00, run_after=2024-11-18 00:00:00+00:00
[2024-11-18T00:03:36.475+0000] {processor.py:208} INFO - Processing /home/airflow/.local/lib/python3.12/site-packages/airflow/example_dags/example_branch_operator.py took 0.808 seconds
