[2024-11-18T00:00:34.649+0000] {processor.py:186} INFO - Started process (PID=8744) to work on /home/airflow/.local/lib/python3.12/site-packages/airflow/example_dags/example_sla_dag.py
[2024-11-18T00:00:34.654+0000] {processor.py:914} INFO - Processing file /home/airflow/.local/lib/python3.12/site-packages/airflow/example_dags/example_sla_dag.py for tasks to queue
[2024-11-18T00:00:34.669+0000] {logging_mixin.py:190} INFO - [2024-11-18T00:00:34.669+0000] {dagbag.py:588} INFO - Filling up the DagBag from /home/airflow/.local/lib/python3.12/site-packages/airflow/example_dags/example_sla_dag.py
[2024-11-18T00:00:34.766+0000] {processor.py:925} INFO - DAG(s) 'example_sla_dag' retrieved from /home/airflow/.local/lib/python3.12/site-packages/airflow/example_dags/example_sla_dag.py
[2024-11-18T00:00:34.953+0000] {logging_mixin.py:190} INFO - [2024-11-18T00:00:34.937+0000] {dag.py:3239} INFO - Sync 1 DAGs
[2024-11-18T00:00:35.595+0000] {logging_mixin.py:190} INFO - [2024-11-18T00:00:35.594+0000] {dag.py:4180} INFO - Setting next_dagrun for example_sla_dag to 2024-11-17 23:58:00+00:00, run_after=2024-11-18 00:00:00+00:00
[2024-11-18T00:00:35.851+0000] {processor.py:208} INFO - Processing /home/airflow/.local/lib/python3.12/site-packages/airflow/example_dags/example_sla_dag.py took 1.240 seconds
[2024-11-18T00:01:06.444+0000] {processor.py:186} INFO - Started process (PID=8807) to work on /home/airflow/.local/lib/python3.12/site-packages/airflow/example_dags/example_sla_dag.py
[2024-11-18T00:01:06.445+0000] {processor.py:914} INFO - Processing file /home/airflow/.local/lib/python3.12/site-packages/airflow/example_dags/example_sla_dag.py for tasks to queue
[2024-11-18T00:01:06.448+0000] {logging_mixin.py:190} INFO - [2024-11-18T00:01:06.447+0000] {dagbag.py:588} INFO - Filling up the DagBag from /home/airflow/.local/lib/python3.12/site-packages/airflow/example_dags/example_sla_dag.py
[2024-11-18T00:01:06.486+0000] {processor.py:925} INFO - DAG(s) 'example_sla_dag' retrieved from /home/airflow/.local/lib/python3.12/site-packages/airflow/example_dags/example_sla_dag.py
[2024-11-18T00:01:06.555+0000] {logging_mixin.py:190} INFO - [2024-11-18T00:01:06.554+0000] {dag.py:3239} INFO - Sync 1 DAGs
[2024-11-18T00:01:06.617+0000] {logging_mixin.py:190} INFO - [2024-11-18T00:01:06.616+0000] {dag.py:4180} INFO - Setting next_dagrun for example_sla_dag to 2024-11-17 23:58:00+00:00, run_after=2024-11-18 00:00:00+00:00
[2024-11-18T00:01:06.661+0000] {processor.py:208} INFO - Processing /home/airflow/.local/lib/python3.12/site-packages/airflow/example_dags/example_sla_dag.py took 0.234 seconds
[2024-11-18T00:01:37.236+0000] {processor.py:186} INFO - Started process (PID=8870) to work on /home/airflow/.local/lib/python3.12/site-packages/airflow/example_dags/example_sla_dag.py
[2024-11-18T00:01:37.238+0000] {processor.py:914} INFO - Processing file /home/airflow/.local/lib/python3.12/site-packages/airflow/example_dags/example_sla_dag.py for tasks to queue
[2024-11-18T00:01:37.242+0000] {logging_mixin.py:190} INFO - [2024-11-18T00:01:37.241+0000] {dagbag.py:588} INFO - Filling up the DagBag from /home/airflow/.local/lib/python3.12/site-packages/airflow/example_dags/example_sla_dag.py
[2024-11-18T00:01:37.271+0000] {processor.py:925} INFO - DAG(s) 'example_sla_dag' retrieved from /home/airflow/.local/lib/python3.12/site-packages/airflow/example_dags/example_sla_dag.py
[2024-11-18T00:01:37.323+0000] {logging_mixin.py:190} INFO - [2024-11-18T00:01:37.322+0000] {dag.py:3239} INFO - Sync 1 DAGs
[2024-11-18T00:01:37.391+0000] {logging_mixin.py:190} INFO - [2024-11-18T00:01:37.390+0000] {dag.py:4180} INFO - Setting next_dagrun for example_sla_dag to 2024-11-17 23:58:00+00:00, run_after=2024-11-18 00:00:00+00:00
[2024-11-18T00:01:37.434+0000] {processor.py:208} INFO - Processing /home/airflow/.local/lib/python3.12/site-packages/airflow/example_dags/example_sla_dag.py took 0.214 seconds
[2024-11-18T00:02:10.659+0000] {processor.py:186} INFO - Started process (PID=8922) to work on /home/airflow/.local/lib/python3.12/site-packages/airflow/example_dags/example_sla_dag.py
[2024-11-18T00:02:10.701+0000] {processor.py:914} INFO - Processing file /home/airflow/.local/lib/python3.12/site-packages/airflow/example_dags/example_sla_dag.py for tasks to queue
[2024-11-18T00:02:10.707+0000] {logging_mixin.py:190} INFO - [2024-11-18T00:02:10.705+0000] {dagbag.py:588} INFO - Filling up the DagBag from /home/airflow/.local/lib/python3.12/site-packages/airflow/example_dags/example_sla_dag.py
[2024-11-18T00:02:10.839+0000] {processor.py:925} INFO - DAG(s) 'example_sla_dag' retrieved from /home/airflow/.local/lib/python3.12/site-packages/airflow/example_dags/example_sla_dag.py
[2024-11-18T00:02:10.941+0000] {logging_mixin.py:190} INFO - [2024-11-18T00:02:10.940+0000] {dag.py:3239} INFO - Sync 1 DAGs
[2024-11-18T00:02:11.060+0000] {logging_mixin.py:190} INFO - [2024-11-18T00:02:11.060+0000] {dag.py:4180} INFO - Setting next_dagrun for example_sla_dag to 2024-11-18 00:00:00+00:00, run_after=2024-11-18 00:02:00+00:00
[2024-11-18T00:02:11.175+0000] {processor.py:208} INFO - Processing /home/airflow/.local/lib/python3.12/site-packages/airflow/example_dags/example_sla_dag.py took 0.559 seconds
[2024-11-18T00:02:41.856+0000] {processor.py:186} INFO - Started process (PID=8985) to work on /home/airflow/.local/lib/python3.12/site-packages/airflow/example_dags/example_sla_dag.py
[2024-11-18T00:02:41.859+0000] {processor.py:914} INFO - Processing file /home/airflow/.local/lib/python3.12/site-packages/airflow/example_dags/example_sla_dag.py for tasks to queue
[2024-11-18T00:02:41.863+0000] {logging_mixin.py:190} INFO - [2024-11-18T00:02:41.862+0000] {dagbag.py:588} INFO - Filling up the DagBag from /home/airflow/.local/lib/python3.12/site-packages/airflow/example_dags/example_sla_dag.py
[2024-11-18T00:02:41.896+0000] {processor.py:925} INFO - DAG(s) 'example_sla_dag' retrieved from /home/airflow/.local/lib/python3.12/site-packages/airflow/example_dags/example_sla_dag.py
[2024-11-18T00:02:41.958+0000] {logging_mixin.py:190} INFO - [2024-11-18T00:02:41.958+0000] {dag.py:3239} INFO - Sync 1 DAGs
[2024-11-18T00:02:42.035+0000] {logging_mixin.py:190} INFO - [2024-11-18T00:02:42.034+0000] {dag.py:4180} INFO - Setting next_dagrun for example_sla_dag to 2024-11-18 00:00:00+00:00, run_after=2024-11-18 00:02:00+00:00
[2024-11-18T00:02:42.121+0000] {processor.py:208} INFO - Processing /home/airflow/.local/lib/python3.12/site-packages/airflow/example_dags/example_sla_dag.py took 0.283 seconds
[2024-11-18T00:03:13.302+0000] {processor.py:186} INFO - Started process (PID=9047) to work on /home/airflow/.local/lib/python3.12/site-packages/airflow/example_dags/example_sla_dag.py
[2024-11-18T00:03:13.305+0000] {processor.py:914} INFO - Processing file /home/airflow/.local/lib/python3.12/site-packages/airflow/example_dags/example_sla_dag.py for tasks to queue
[2024-11-18T00:03:13.314+0000] {logging_mixin.py:190} INFO - [2024-11-18T00:03:13.313+0000] {dagbag.py:588} INFO - Filling up the DagBag from /home/airflow/.local/lib/python3.12/site-packages/airflow/example_dags/example_sla_dag.py
[2024-11-18T00:03:13.362+0000] {processor.py:925} INFO - DAG(s) 'example_sla_dag' retrieved from /home/airflow/.local/lib/python3.12/site-packages/airflow/example_dags/example_sla_dag.py
[2024-11-18T00:03:13.416+0000] {logging_mixin.py:190} INFO - [2024-11-18T00:03:13.416+0000] {dag.py:3239} INFO - Sync 1 DAGs
[2024-11-18T00:03:13.505+0000] {logging_mixin.py:190} INFO - [2024-11-18T00:03:13.505+0000] {dag.py:4180} INFO - Setting next_dagrun for example_sla_dag to 2024-11-18 00:00:00+00:00, run_after=2024-11-18 00:02:00+00:00
[2024-11-18T00:03:13.560+0000] {processor.py:208} INFO - Processing /home/airflow/.local/lib/python3.12/site-packages/airflow/example_dags/example_sla_dag.py took 0.275 seconds
[2024-11-18T00:03:43.834+0000] {processor.py:186} INFO - Started process (PID=9111) to work on /home/airflow/.local/lib/python3.12/site-packages/airflow/example_dags/example_sla_dag.py
[2024-11-18T00:03:43.836+0000] {processor.py:914} INFO - Processing file /home/airflow/.local/lib/python3.12/site-packages/airflow/example_dags/example_sla_dag.py for tasks to queue
[2024-11-18T00:03:43.839+0000] {logging_mixin.py:190} INFO - [2024-11-18T00:03:43.838+0000] {dagbag.py:588} INFO - Filling up the DagBag from /home/airflow/.local/lib/python3.12/site-packages/airflow/example_dags/example_sla_dag.py
[2024-11-18T00:03:43.864+0000] {processor.py:925} INFO - DAG(s) 'example_sla_dag' retrieved from /home/airflow/.local/lib/python3.12/site-packages/airflow/example_dags/example_sla_dag.py
[2024-11-18T00:03:43.922+0000] {logging_mixin.py:190} INFO - [2024-11-18T00:03:43.922+0000] {dag.py:3239} INFO - Sync 1 DAGs
[2024-11-18T00:03:44.004+0000] {logging_mixin.py:190} INFO - [2024-11-18T00:03:44.003+0000] {dag.py:4180} INFO - Setting next_dagrun for example_sla_dag to 2024-11-18 00:00:00+00:00, run_after=2024-11-18 00:02:00+00:00
[2024-11-18T00:03:44.048+0000] {processor.py:208} INFO - Processing /home/airflow/.local/lib/python3.12/site-packages/airflow/example_dags/example_sla_dag.py took 0.233 seconds
