[2024-11-18T00:00:11.380+0000] {processor.py:186} INFO - Started process (PID=8705) to work on /home/airflow/.local/lib/python3.12/site-packages/airflow/example_dags/example_latest_only_with_trigger.py
[2024-11-18T00:00:11.382+0000] {processor.py:914} INFO - Processing file /home/airflow/.local/lib/python3.12/site-packages/airflow/example_dags/example_latest_only_with_trigger.py for tasks to queue
[2024-11-18T00:00:11.385+0000] {logging_mixin.py:190} INFO - [2024-11-18T00:00:11.384+0000] {dagbag.py:588} INFO - Filling up the DagBag from /home/airflow/.local/lib/python3.12/site-packages/airflow/example_dags/example_latest_only_with_trigger.py
[2024-11-18T00:00:11.403+0000] {processor.py:925} INFO - DAG(s) 'latest_only_with_trigger' retrieved from /home/airflow/.local/lib/python3.12/site-packages/airflow/example_dags/example_latest_only_with_trigger.py
[2024-11-18T00:00:11.442+0000] {logging_mixin.py:190} INFO - [2024-11-18T00:00:11.441+0000] {dag.py:3239} INFO - Sync 1 DAGs
[2024-11-18T00:00:11.488+0000] {logging_mixin.py:190} INFO - [2024-11-18T00:00:11.485+0000] {dag.py:4180} INFO - Setting next_dagrun for latest_only_with_trigger to 2024-11-17 20:00:00+00:00, run_after=2024-11-18 00:00:00+00:00
[2024-11-18T00:00:11.524+0000] {processor.py:208} INFO - Processing /home/airflow/.local/lib/python3.12/site-packages/airflow/example_dags/example_latest_only_with_trigger.py took 0.156 seconds
[2024-11-18T00:00:54.120+0000] {processor.py:186} INFO - Started process (PID=8789) to work on /home/airflow/.local/lib/python3.12/site-packages/airflow/example_dags/example_latest_only_with_trigger.py
[2024-11-18T00:00:54.123+0000] {processor.py:914} INFO - Processing file /home/airflow/.local/lib/python3.12/site-packages/airflow/example_dags/example_latest_only_with_trigger.py for tasks to queue
[2024-11-18T00:00:54.131+0000] {logging_mixin.py:190} INFO - [2024-11-18T00:00:54.130+0000] {dagbag.py:588} INFO - Filling up the DagBag from /home/airflow/.local/lib/python3.12/site-packages/airflow/example_dags/example_latest_only_with_trigger.py
[2024-11-18T00:00:54.163+0000] {processor.py:925} INFO - DAG(s) 'latest_only_with_trigger' retrieved from /home/airflow/.local/lib/python3.12/site-packages/airflow/example_dags/example_latest_only_with_trigger.py
[2024-11-18T00:00:54.235+0000] {logging_mixin.py:190} INFO - [2024-11-18T00:00:54.234+0000] {dag.py:3239} INFO - Sync 1 DAGs
[2024-11-18T00:00:54.301+0000] {logging_mixin.py:190} INFO - [2024-11-18T00:00:54.300+0000] {dag.py:4180} INFO - Setting next_dagrun for latest_only_with_trigger to 2024-11-17 20:00:00+00:00, run_after=2024-11-18 00:00:00+00:00
[2024-11-18T00:00:54.356+0000] {processor.py:208} INFO - Processing /home/airflow/.local/lib/python3.12/site-packages/airflow/example_dags/example_latest_only_with_trigger.py took 0.258 seconds
[2024-11-18T00:01:34.186+0000] {processor.py:186} INFO - Started process (PID=8861) to work on /home/airflow/.local/lib/python3.12/site-packages/airflow/example_dags/example_latest_only_with_trigger.py
[2024-11-18T00:01:34.188+0000] {processor.py:914} INFO - Processing file /home/airflow/.local/lib/python3.12/site-packages/airflow/example_dags/example_latest_only_with_trigger.py for tasks to queue
[2024-11-18T00:01:34.191+0000] {logging_mixin.py:190} INFO - [2024-11-18T00:01:34.190+0000] {dagbag.py:588} INFO - Filling up the DagBag from /home/airflow/.local/lib/python3.12/site-packages/airflow/example_dags/example_latest_only_with_trigger.py
[2024-11-18T00:01:34.215+0000] {processor.py:925} INFO - DAG(s) 'latest_only_with_trigger' retrieved from /home/airflow/.local/lib/python3.12/site-packages/airflow/example_dags/example_latest_only_with_trigger.py
[2024-11-18T00:01:34.272+0000] {logging_mixin.py:190} INFO - [2024-11-18T00:01:34.272+0000] {dag.py:3239} INFO - Sync 1 DAGs
[2024-11-18T00:01:34.339+0000] {logging_mixin.py:190} INFO - [2024-11-18T00:01:34.339+0000] {dag.py:4180} INFO - Setting next_dagrun for latest_only_with_trigger to 2024-11-17 20:00:00+00:00, run_after=2024-11-18 00:00:00+00:00
[2024-11-18T00:01:34.390+0000] {processor.py:208} INFO - Processing /home/airflow/.local/lib/python3.12/site-packages/airflow/example_dags/example_latest_only_with_trigger.py took 0.220 seconds
