[2024-11-18T00:00:27.212+0000] {processor.py:186} INFO - Started process (PID=8742) to work on /home/airflow/.local/lib/python3.12/site-packages/airflow/example_dags/example_nested_branch_dag.py
[2024-11-18T00:00:27.229+0000] {processor.py:914} INFO - Processing file /home/airflow/.local/lib/python3.12/site-packages/airflow/example_dags/example_nested_branch_dag.py for tasks to queue
[2024-11-18T00:00:27.246+0000] {logging_mixin.py:190} INFO - [2024-11-18T00:00:27.245+0000] {dagbag.py:588} INFO - Filling up the DagBag from /home/airflow/.local/lib/python3.12/site-packages/airflow/example_dags/example_nested_branch_dag.py
[2024-11-18T00:00:27.361+0000] {processor.py:925} INFO - DAG(s) 'example_nested_branch_dag' retrieved from /home/airflow/.local/lib/python3.12/site-packages/airflow/example_dags/example_nested_branch_dag.py
[2024-11-18T00:00:27.599+0000] {logging_mixin.py:190} INFO - [2024-11-18T00:00:27.599+0000] {dag.py:3239} INFO - Sync 1 DAGs
[2024-11-18T00:00:27.914+0000] {logging_mixin.py:190} INFO - [2024-11-18T00:00:27.913+0000] {dag.py:4180} INFO - Setting next_dagrun for example_nested_branch_dag to 2024-11-17 00:00:00+00:00, run_after=2024-11-18 00:00:00+00:00
[2024-11-18T00:00:28.208+0000] {processor.py:208} INFO - Processing /home/airflow/.local/lib/python3.12/site-packages/airflow/example_dags/example_nested_branch_dag.py took 1.051 seconds
[2024-11-18T00:00:59.125+0000] {processor.py:186} INFO - Started process (PID=8805) to work on /home/airflow/.local/lib/python3.12/site-packages/airflow/example_dags/example_nested_branch_dag.py
[2024-11-18T00:00:59.127+0000] {processor.py:914} INFO - Processing file /home/airflow/.local/lib/python3.12/site-packages/airflow/example_dags/example_nested_branch_dag.py for tasks to queue
[2024-11-18T00:00:59.130+0000] {logging_mixin.py:190} INFO - [2024-11-18T00:00:59.129+0000] {dagbag.py:588} INFO - Filling up the DagBag from /home/airflow/.local/lib/python3.12/site-packages/airflow/example_dags/example_nested_branch_dag.py
[2024-11-18T00:00:59.154+0000] {processor.py:925} INFO - DAG(s) 'example_nested_branch_dag' retrieved from /home/airflow/.local/lib/python3.12/site-packages/airflow/example_dags/example_nested_branch_dag.py
[2024-11-18T00:00:59.197+0000] {logging_mixin.py:190} INFO - [2024-11-18T00:00:59.196+0000] {dag.py:3239} INFO - Sync 1 DAGs
[2024-11-18T00:00:59.244+0000] {logging_mixin.py:190} INFO - [2024-11-18T00:00:59.244+0000] {dag.py:4180} INFO - Setting next_dagrun for example_nested_branch_dag to 2024-11-17 00:00:00+00:00, run_after=2024-11-18 00:00:00+00:00
[2024-11-18T00:00:59.282+0000] {processor.py:208} INFO - Processing /home/airflow/.local/lib/python3.12/site-packages/airflow/example_dags/example_nested_branch_dag.py took 0.168 seconds
[2024-11-18T00:01:35.206+0000] {processor.py:186} INFO - Started process (PID=8868) to work on /home/airflow/.local/lib/python3.12/site-packages/airflow/example_dags/example_nested_branch_dag.py
[2024-11-18T00:01:35.208+0000] {processor.py:914} INFO - Processing file /home/airflow/.local/lib/python3.12/site-packages/airflow/example_dags/example_nested_branch_dag.py for tasks to queue
[2024-11-18T00:01:35.211+0000] {logging_mixin.py:190} INFO - [2024-11-18T00:01:35.210+0000] {dagbag.py:588} INFO - Filling up the DagBag from /home/airflow/.local/lib/python3.12/site-packages/airflow/example_dags/example_nested_branch_dag.py
[2024-11-18T00:01:35.237+0000] {processor.py:925} INFO - DAG(s) 'example_nested_branch_dag' retrieved from /home/airflow/.local/lib/python3.12/site-packages/airflow/example_dags/example_nested_branch_dag.py
[2024-11-18T00:01:35.284+0000] {logging_mixin.py:190} INFO - [2024-11-18T00:01:35.283+0000] {dag.py:3239} INFO - Sync 1 DAGs
[2024-11-18T00:01:35.338+0000] {logging_mixin.py:190} INFO - [2024-11-18T00:01:35.337+0000] {dag.py:4180} INFO - Setting next_dagrun for example_nested_branch_dag to 2024-11-17 00:00:00+00:00, run_after=2024-11-18 00:00:00+00:00
[2024-11-18T00:01:35.378+0000] {processor.py:208} INFO - Processing /home/airflow/.local/lib/python3.12/site-packages/airflow/example_dags/example_nested_branch_dag.py took 0.189 seconds
[2024-11-18T00:02:11.304+0000] {processor.py:186} INFO - Started process (PID=8923) to work on /home/airflow/.local/lib/python3.12/site-packages/airflow/example_dags/example_nested_branch_dag.py
[2024-11-18T00:02:11.313+0000] {processor.py:914} INFO - Processing file /home/airflow/.local/lib/python3.12/site-packages/airflow/example_dags/example_nested_branch_dag.py for tasks to queue
[2024-11-18T00:02:11.318+0000] {logging_mixin.py:190} INFO - [2024-11-18T00:02:11.317+0000] {dagbag.py:588} INFO - Filling up the DagBag from /home/airflow/.local/lib/python3.12/site-packages/airflow/example_dags/example_nested_branch_dag.py
[2024-11-18T00:02:11.375+0000] {processor.py:925} INFO - DAG(s) 'example_nested_branch_dag' retrieved from /home/airflow/.local/lib/python3.12/site-packages/airflow/example_dags/example_nested_branch_dag.py
[2024-11-18T00:02:11.475+0000] {logging_mixin.py:190} INFO - [2024-11-18T00:02:11.474+0000] {dag.py:3239} INFO - Sync 1 DAGs
[2024-11-18T00:02:11.585+0000] {logging_mixin.py:190} INFO - [2024-11-18T00:02:11.584+0000] {dag.py:4180} INFO - Setting next_dagrun for example_nested_branch_dag to 2024-11-17 00:00:00+00:00, run_after=2024-11-18 00:00:00+00:00
[2024-11-18T00:02:11.670+0000] {processor.py:208} INFO - Processing /home/airflow/.local/lib/python3.12/site-packages/airflow/example_dags/example_nested_branch_dag.py took 0.390 seconds
[2024-11-18T00:02:42.308+0000] {processor.py:186} INFO - Started process (PID=8987) to work on /home/airflow/.local/lib/python3.12/site-packages/airflow/example_dags/example_nested_branch_dag.py
[2024-11-18T00:02:42.312+0000] {processor.py:914} INFO - Processing file /home/airflow/.local/lib/python3.12/site-packages/airflow/example_dags/example_nested_branch_dag.py for tasks to queue
[2024-11-18T00:02:42.318+0000] {logging_mixin.py:190} INFO - [2024-11-18T00:02:42.316+0000] {dagbag.py:588} INFO - Filling up the DagBag from /home/airflow/.local/lib/python3.12/site-packages/airflow/example_dags/example_nested_branch_dag.py
[2024-11-18T00:02:42.399+0000] {processor.py:925} INFO - DAG(s) 'example_nested_branch_dag' retrieved from /home/airflow/.local/lib/python3.12/site-packages/airflow/example_dags/example_nested_branch_dag.py
[2024-11-18T00:02:42.585+0000] {logging_mixin.py:190} INFO - [2024-11-18T00:02:42.584+0000] {dag.py:3239} INFO - Sync 1 DAGs
[2024-11-18T00:02:42.832+0000] {logging_mixin.py:190} INFO - [2024-11-18T00:02:42.831+0000] {dag.py:4180} INFO - Setting next_dagrun for example_nested_branch_dag to 2024-11-17 00:00:00+00:00, run_after=2024-11-18 00:00:00+00:00
[2024-11-18T00:02:42.997+0000] {processor.py:208} INFO - Processing /home/airflow/.local/lib/python3.12/site-packages/airflow/example_dags/example_nested_branch_dag.py took 0.713 seconds
[2024-11-18T00:03:14.768+0000] {processor.py:186} INFO - Started process (PID=9051) to work on /home/airflow/.local/lib/python3.12/site-packages/airflow/example_dags/example_nested_branch_dag.py
[2024-11-18T00:03:14.772+0000] {processor.py:914} INFO - Processing file /home/airflow/.local/lib/python3.12/site-packages/airflow/example_dags/example_nested_branch_dag.py for tasks to queue
[2024-11-18T00:03:14.785+0000] {logging_mixin.py:190} INFO - [2024-11-18T00:03:14.784+0000] {dagbag.py:588} INFO - Filling up the DagBag from /home/airflow/.local/lib/python3.12/site-packages/airflow/example_dags/example_nested_branch_dag.py
[2024-11-18T00:03:14.847+0000] {processor.py:925} INFO - DAG(s) 'example_nested_branch_dag' retrieved from /home/airflow/.local/lib/python3.12/site-packages/airflow/example_dags/example_nested_branch_dag.py
[2024-11-18T00:03:14.934+0000] {logging_mixin.py:190} INFO - [2024-11-18T00:03:14.933+0000] {dag.py:3239} INFO - Sync 1 DAGs
[2024-11-18T00:03:14.994+0000] {logging_mixin.py:190} INFO - [2024-11-18T00:03:14.993+0000] {dag.py:4180} INFO - Setting next_dagrun for example_nested_branch_dag to 2024-11-17 00:00:00+00:00, run_after=2024-11-18 00:00:00+00:00
[2024-11-18T00:03:15.065+0000] {processor.py:208} INFO - Processing /home/airflow/.local/lib/python3.12/site-packages/airflow/example_dags/example_nested_branch_dag.py took 0.317 seconds
[2024-11-18T00:03:46.191+0000] {processor.py:186} INFO - Started process (PID=9115) to work on /home/airflow/.local/lib/python3.12/site-packages/airflow/example_dags/example_nested_branch_dag.py
[2024-11-18T00:03:46.211+0000] {processor.py:914} INFO - Processing file /home/airflow/.local/lib/python3.12/site-packages/airflow/example_dags/example_nested_branch_dag.py for tasks to queue
[2024-11-18T00:03:46.223+0000] {logging_mixin.py:190} INFO - [2024-11-18T00:03:46.221+0000] {dagbag.py:588} INFO - Filling up the DagBag from /home/airflow/.local/lib/python3.12/site-packages/airflow/example_dags/example_nested_branch_dag.py
[2024-11-18T00:03:46.319+0000] {processor.py:925} INFO - DAG(s) 'example_nested_branch_dag' retrieved from /home/airflow/.local/lib/python3.12/site-packages/airflow/example_dags/example_nested_branch_dag.py
[2024-11-18T00:03:46.497+0000] {logging_mixin.py:190} INFO - [2024-11-18T00:03:46.496+0000] {dag.py:3239} INFO - Sync 1 DAGs
[2024-11-18T00:03:46.687+0000] {logging_mixin.py:190} INFO - [2024-11-18T00:03:46.687+0000] {dag.py:4180} INFO - Setting next_dagrun for example_nested_branch_dag to 2024-11-17 00:00:00+00:00, run_after=2024-11-18 00:00:00+00:00
[2024-11-18T00:03:46.802+0000] {processor.py:208} INFO - Processing /home/airflow/.local/lib/python3.12/site-packages/airflow/example_dags/example_nested_branch_dag.py took 0.687 seconds
