[2024-11-18T00:00:07.299+0000] {processor.py:186} INFO - Started process (PID=8700) to work on /home/airflow/.local/lib/python3.12/site-packages/airflow/example_dags/example_short_circuit_operator.py
[2024-11-18T00:00:07.301+0000] {processor.py:914} INFO - Processing file /home/airflow/.local/lib/python3.12/site-packages/airflow/example_dags/example_short_circuit_operator.py for tasks to queue
[2024-11-18T00:00:07.304+0000] {logging_mixin.py:190} INFO - [2024-11-18T00:00:07.304+0000] {dagbag.py:588} INFO - Filling up the DagBag from /home/airflow/.local/lib/python3.12/site-packages/airflow/example_dags/example_short_circuit_operator.py
[2024-11-18T00:00:07.322+0000] {processor.py:925} INFO - DAG(s) 'example_short_circuit_operator' retrieved from /home/airflow/.local/lib/python3.12/site-packages/airflow/example_dags/example_short_circuit_operator.py
[2024-11-18T00:00:07.372+0000] {logging_mixin.py:190} INFO - [2024-11-18T00:00:07.371+0000] {dag.py:3239} INFO - Sync 1 DAGs
[2024-11-18T00:00:07.404+0000] {logging_mixin.py:190} INFO - [2024-11-18T00:00:07.404+0000] {dag.py:4180} INFO - Setting next_dagrun for example_short_circuit_operator to None, run_after=None
[2024-11-18T00:00:07.451+0000] {processor.py:208} INFO - Processing /home/airflow/.local/lib/python3.12/site-packages/airflow/example_dags/example_short_circuit_operator.py took 0.168 seconds
[2024-11-18T00:00:52.801+0000] {processor.py:186} INFO - Started process (PID=8783) to work on /home/airflow/.local/lib/python3.12/site-packages/airflow/example_dags/example_short_circuit_operator.py
[2024-11-18T00:00:52.805+0000] {processor.py:914} INFO - Processing file /home/airflow/.local/lib/python3.12/site-packages/airflow/example_dags/example_short_circuit_operator.py for tasks to queue
[2024-11-18T00:00:52.809+0000] {logging_mixin.py:190} INFO - [2024-11-18T00:00:52.808+0000] {dagbag.py:588} INFO - Filling up the DagBag from /home/airflow/.local/lib/python3.12/site-packages/airflow/example_dags/example_short_circuit_operator.py
[2024-11-18T00:00:52.841+0000] {processor.py:925} INFO - DAG(s) 'example_short_circuit_operator' retrieved from /home/airflow/.local/lib/python3.12/site-packages/airflow/example_dags/example_short_circuit_operator.py
[2024-11-18T00:00:52.916+0000] {logging_mixin.py:190} INFO - [2024-11-18T00:00:52.915+0000] {dag.py:3239} INFO - Sync 1 DAGs
[2024-11-18T00:00:52.946+0000] {logging_mixin.py:190} INFO - [2024-11-18T00:00:52.945+0000] {dag.py:4180} INFO - Setting next_dagrun for example_short_circuit_operator to None, run_after=None
[2024-11-18T00:00:52.986+0000] {processor.py:208} INFO - Processing /home/airflow/.local/lib/python3.12/site-packages/airflow/example_dags/example_short_circuit_operator.py took 0.215 seconds
[2024-11-18T00:01:29.783+0000] {processor.py:186} INFO - Started process (PID=8849) to work on /home/airflow/.local/lib/python3.12/site-packages/airflow/example_dags/example_short_circuit_operator.py
[2024-11-18T00:01:29.786+0000] {processor.py:914} INFO - Processing file /home/airflow/.local/lib/python3.12/site-packages/airflow/example_dags/example_short_circuit_operator.py for tasks to queue
[2024-11-18T00:01:29.789+0000] {logging_mixin.py:190} INFO - [2024-11-18T00:01:29.788+0000] {dagbag.py:588} INFO - Filling up the DagBag from /home/airflow/.local/lib/python3.12/site-packages/airflow/example_dags/example_short_circuit_operator.py
[2024-11-18T00:01:29.813+0000] {processor.py:925} INFO - DAG(s) 'example_short_circuit_operator' retrieved from /home/airflow/.local/lib/python3.12/site-packages/airflow/example_dags/example_short_circuit_operator.py
[2024-11-18T00:01:29.878+0000] {logging_mixin.py:190} INFO - [2024-11-18T00:01:29.877+0000] {dag.py:3239} INFO - Sync 1 DAGs
[2024-11-18T00:01:29.917+0000] {logging_mixin.py:190} INFO - [2024-11-18T00:01:29.916+0000] {dag.py:4180} INFO - Setting next_dagrun for example_short_circuit_operator to None, run_after=None
[2024-11-18T00:01:29.958+0000] {processor.py:208} INFO - Processing /home/airflow/.local/lib/python3.12/site-packages/airflow/example_dags/example_short_circuit_operator.py took 0.193 seconds
[2024-11-18T00:02:02.983+0000] {processor.py:186} INFO - Started process (PID=8912) to work on /home/airflow/.local/lib/python3.12/site-packages/airflow/example_dags/example_short_circuit_operator.py
[2024-11-18T00:02:03.001+0000] {processor.py:914} INFO - Processing file /home/airflow/.local/lib/python3.12/site-packages/airflow/example_dags/example_short_circuit_operator.py for tasks to queue
[2024-11-18T00:02:03.015+0000] {logging_mixin.py:190} INFO - [2024-11-18T00:02:03.014+0000] {dagbag.py:588} INFO - Filling up the DagBag from /home/airflow/.local/lib/python3.12/site-packages/airflow/example_dags/example_short_circuit_operator.py
[2024-11-18T00:02:03.053+0000] {processor.py:925} INFO - DAG(s) 'example_short_circuit_operator' retrieved from /home/airflow/.local/lib/python3.12/site-packages/airflow/example_dags/example_short_circuit_operator.py
[2024-11-18T00:02:03.242+0000] {logging_mixin.py:190} INFO - [2024-11-18T00:02:03.229+0000] {dag.py:3239} INFO - Sync 1 DAGs
[2024-11-18T00:02:03.469+0000] {logging_mixin.py:190} INFO - [2024-11-18T00:02:03.469+0000] {dag.py:4180} INFO - Setting next_dagrun for example_short_circuit_operator to None, run_after=None
[2024-11-18T00:02:03.684+0000] {processor.py:208} INFO - Processing /home/airflow/.local/lib/python3.12/site-packages/airflow/example_dags/example_short_circuit_operator.py took 0.731 seconds
[2024-11-18T00:02:33.999+0000] {processor.py:186} INFO - Started process (PID=8975) to work on /home/airflow/.local/lib/python3.12/site-packages/airflow/example_dags/example_short_circuit_operator.py
[2024-11-18T00:02:34.001+0000] {processor.py:914} INFO - Processing file /home/airflow/.local/lib/python3.12/site-packages/airflow/example_dags/example_short_circuit_operator.py for tasks to queue
[2024-11-18T00:02:34.004+0000] {logging_mixin.py:190} INFO - [2024-11-18T00:02:34.003+0000] {dagbag.py:588} INFO - Filling up the DagBag from /home/airflow/.local/lib/python3.12/site-packages/airflow/example_dags/example_short_circuit_operator.py
[2024-11-18T00:02:34.021+0000] {processor.py:925} INFO - DAG(s) 'example_short_circuit_operator' retrieved from /home/airflow/.local/lib/python3.12/site-packages/airflow/example_dags/example_short_circuit_operator.py
[2024-11-18T00:02:34.066+0000] {logging_mixin.py:190} INFO - [2024-11-18T00:02:34.065+0000] {dag.py:3239} INFO - Sync 1 DAGs
[2024-11-18T00:02:34.096+0000] {logging_mixin.py:190} INFO - [2024-11-18T00:02:34.096+0000] {dag.py:4180} INFO - Setting next_dagrun for example_short_circuit_operator to None, run_after=None
[2024-11-18T00:02:34.132+0000] {processor.py:208} INFO - Processing /home/airflow/.local/lib/python3.12/site-packages/airflow/example_dags/example_short_circuit_operator.py took 0.146 seconds
[2024-11-18T00:03:04.471+0000] {processor.py:186} INFO - Started process (PID=9040) to work on /home/airflow/.local/lib/python3.12/site-packages/airflow/example_dags/example_short_circuit_operator.py
[2024-11-18T00:03:04.477+0000] {processor.py:914} INFO - Processing file /home/airflow/.local/lib/python3.12/site-packages/airflow/example_dags/example_short_circuit_operator.py for tasks to queue
[2024-11-18T00:03:04.488+0000] {logging_mixin.py:190} INFO - [2024-11-18T00:03:04.487+0000] {dagbag.py:588} INFO - Filling up the DagBag from /home/airflow/.local/lib/python3.12/site-packages/airflow/example_dags/example_short_circuit_operator.py
[2024-11-18T00:03:04.522+0000] {processor.py:925} INFO - DAG(s) 'example_short_circuit_operator' retrieved from /home/airflow/.local/lib/python3.12/site-packages/airflow/example_dags/example_short_circuit_operator.py
[2024-11-18T00:03:04.590+0000] {logging_mixin.py:190} INFO - [2024-11-18T00:03:04.589+0000] {dag.py:3239} INFO - Sync 1 DAGs
[2024-11-18T00:03:04.661+0000] {logging_mixin.py:190} INFO - [2024-11-18T00:03:04.661+0000] {dag.py:4180} INFO - Setting next_dagrun for example_short_circuit_operator to None, run_after=None
[2024-11-18T00:03:04.725+0000] {processor.py:208} INFO - Processing /home/airflow/.local/lib/python3.12/site-packages/airflow/example_dags/example_short_circuit_operator.py took 0.277 seconds
[2024-11-18T00:03:37.206+0000] {processor.py:186} INFO - Started process (PID=9105) to work on /home/airflow/.local/lib/python3.12/site-packages/airflow/example_dags/example_short_circuit_operator.py
[2024-11-18T00:03:37.210+0000] {processor.py:914} INFO - Processing file /home/airflow/.local/lib/python3.12/site-packages/airflow/example_dags/example_short_circuit_operator.py for tasks to queue
[2024-11-18T00:03:37.215+0000] {logging_mixin.py:190} INFO - [2024-11-18T00:03:37.214+0000] {dagbag.py:588} INFO - Filling up the DagBag from /home/airflow/.local/lib/python3.12/site-packages/airflow/example_dags/example_short_circuit_operator.py
[2024-11-18T00:03:37.235+0000] {processor.py:925} INFO - DAG(s) 'example_short_circuit_operator' retrieved from /home/airflow/.local/lib/python3.12/site-packages/airflow/example_dags/example_short_circuit_operator.py
[2024-11-18T00:03:37.298+0000] {logging_mixin.py:190} INFO - [2024-11-18T00:03:37.298+0000] {dag.py:3239} INFO - Sync 1 DAGs
[2024-11-18T00:03:37.338+0000] {logging_mixin.py:190} INFO - [2024-11-18T00:03:37.338+0000] {dag.py:4180} INFO - Setting next_dagrun for example_short_circuit_operator to None, run_after=None
[2024-11-18T00:03:37.380+0000] {processor.py:208} INFO - Processing /home/airflow/.local/lib/python3.12/site-packages/airflow/example_dags/example_short_circuit_operator.py took 0.210 seconds
