[2024-11-18T00:00:24.476+0000] {processor.py:186} INFO - Started process (PID=8738) to work on /home/airflow/.local/lib/python3.12/site-packages/airflow/example_dags/example_setup_teardown.py
[2024-11-18T00:00:24.541+0000] {processor.py:914} INFO - Processing file /home/airflow/.local/lib/python3.12/site-packages/airflow/example_dags/example_setup_teardown.py for tasks to queue
[2024-11-18T00:00:24.559+0000] {logging_mixin.py:190} INFO - [2024-11-18T00:00:24.558+0000] {dagbag.py:588} INFO - Filling up the DagBag from /home/airflow/.local/lib/python3.12/site-packages/airflow/example_dags/example_setup_teardown.py
[2024-11-18T00:00:24.639+0000] {processor.py:925} INFO - DAG(s) 'example_setup_teardown' retrieved from /home/airflow/.local/lib/python3.12/site-packages/airflow/example_dags/example_setup_teardown.py
[2024-11-18T00:00:24.849+0000] {logging_mixin.py:190} INFO - [2024-11-18T00:00:24.848+0000] {dag.py:3239} INFO - Sync 1 DAGs
[2024-11-18T00:00:25.043+0000] {logging_mixin.py:190} INFO - [2024-11-18T00:00:25.042+0000] {dag.py:4180} INFO - Setting next_dagrun for example_setup_teardown to None, run_after=None
[2024-11-18T00:00:25.263+0000] {processor.py:208} INFO - Processing /home/airflow/.local/lib/python3.12/site-packages/airflow/example_dags/example_setup_teardown.py took 0.835 seconds
[2024-11-18T00:00:57.321+0000] {processor.py:186} INFO - Started process (PID=8802) to work on /home/airflow/.local/lib/python3.12/site-packages/airflow/example_dags/example_setup_teardown.py
[2024-11-18T00:00:57.326+0000] {processor.py:914} INFO - Processing file /home/airflow/.local/lib/python3.12/site-packages/airflow/example_dags/example_setup_teardown.py for tasks to queue
[2024-11-18T00:00:57.331+0000] {logging_mixin.py:190} INFO - [2024-11-18T00:00:57.330+0000] {dagbag.py:588} INFO - Filling up the DagBag from /home/airflow/.local/lib/python3.12/site-packages/airflow/example_dags/example_setup_teardown.py
[2024-11-18T00:00:57.360+0000] {processor.py:925} INFO - DAG(s) 'example_setup_teardown' retrieved from /home/airflow/.local/lib/python3.12/site-packages/airflow/example_dags/example_setup_teardown.py
[2024-11-18T00:00:57.417+0000] {logging_mixin.py:190} INFO - [2024-11-18T00:00:57.416+0000] {dag.py:3239} INFO - Sync 1 DAGs
[2024-11-18T00:00:57.467+0000] {logging_mixin.py:190} INFO - [2024-11-18T00:00:57.466+0000] {dag.py:4180} INFO - Setting next_dagrun for example_setup_teardown to None, run_after=None
[2024-11-18T00:00:57.517+0000] {processor.py:208} INFO - Processing /home/airflow/.local/lib/python3.12/site-packages/airflow/example_dags/example_setup_teardown.py took 0.218 seconds
[2024-11-18T00:01:28.932+0000] {processor.py:186} INFO - Started process (PID=8845) to work on /home/airflow/.local/lib/python3.12/site-packages/airflow/example_dags/example_setup_teardown.py
[2024-11-18T00:01:28.945+0000] {processor.py:914} INFO - Processing file /home/airflow/.local/lib/python3.12/site-packages/airflow/example_dags/example_setup_teardown.py for tasks to queue
[2024-11-18T00:01:28.950+0000] {logging_mixin.py:190} INFO - [2024-11-18T00:01:28.948+0000] {dagbag.py:588} INFO - Filling up the DagBag from /home/airflow/.local/lib/python3.12/site-packages/airflow/example_dags/example_setup_teardown.py
[2024-11-18T00:01:28.999+0000] {processor.py:925} INFO - DAG(s) 'example_setup_teardown' retrieved from /home/airflow/.local/lib/python3.12/site-packages/airflow/example_dags/example_setup_teardown.py
[2024-11-18T00:01:29.128+0000] {logging_mixin.py:190} INFO - [2024-11-18T00:01:29.127+0000] {dag.py:3239} INFO - Sync 1 DAGs
[2024-11-18T00:01:29.225+0000] {logging_mixin.py:190} INFO - [2024-11-18T00:01:29.225+0000] {dag.py:4180} INFO - Setting next_dagrun for example_setup_teardown to None, run_after=None
[2024-11-18T00:01:29.327+0000] {processor.py:208} INFO - Processing /home/airflow/.local/lib/python3.12/site-packages/airflow/example_dags/example_setup_teardown.py took 0.448 seconds
[2024-11-18T00:02:00.370+0000] {processor.py:186} INFO - Started process (PID=8908) to work on /home/airflow/.local/lib/python3.12/site-packages/airflow/example_dags/example_setup_teardown.py
[2024-11-18T00:02:00.376+0000] {processor.py:914} INFO - Processing file /home/airflow/.local/lib/python3.12/site-packages/airflow/example_dags/example_setup_teardown.py for tasks to queue
[2024-11-18T00:02:00.380+0000] {logging_mixin.py:190} INFO - [2024-11-18T00:02:00.379+0000] {dagbag.py:588} INFO - Filling up the DagBag from /home/airflow/.local/lib/python3.12/site-packages/airflow/example_dags/example_setup_teardown.py
[2024-11-18T00:02:00.406+0000] {processor.py:925} INFO - DAG(s) 'example_setup_teardown' retrieved from /home/airflow/.local/lib/python3.12/site-packages/airflow/example_dags/example_setup_teardown.py
[2024-11-18T00:02:00.502+0000] {logging_mixin.py:190} INFO - [2024-11-18T00:02:00.501+0000] {dag.py:3239} INFO - Sync 1 DAGs
[2024-11-18T00:02:00.545+0000] {logging_mixin.py:190} INFO - [2024-11-18T00:02:00.544+0000] {dag.py:4180} INFO - Setting next_dagrun for example_setup_teardown to None, run_after=None
[2024-11-18T00:02:00.616+0000] {processor.py:208} INFO - Processing /home/airflow/.local/lib/python3.12/site-packages/airflow/example_dags/example_setup_teardown.py took 0.264 seconds
[2024-11-18T00:02:31.441+0000] {processor.py:186} INFO - Started process (PID=8971) to work on /home/airflow/.local/lib/python3.12/site-packages/airflow/example_dags/example_setup_teardown.py
[2024-11-18T00:02:31.444+0000] {processor.py:914} INFO - Processing file /home/airflow/.local/lib/python3.12/site-packages/airflow/example_dags/example_setup_teardown.py for tasks to queue
[2024-11-18T00:02:31.447+0000] {logging_mixin.py:190} INFO - [2024-11-18T00:02:31.446+0000] {dagbag.py:588} INFO - Filling up the DagBag from /home/airflow/.local/lib/python3.12/site-packages/airflow/example_dags/example_setup_teardown.py
[2024-11-18T00:02:31.467+0000] {processor.py:925} INFO - DAG(s) 'example_setup_teardown' retrieved from /home/airflow/.local/lib/python3.12/site-packages/airflow/example_dags/example_setup_teardown.py
[2024-11-18T00:02:31.524+0000] {logging_mixin.py:190} INFO - [2024-11-18T00:02:31.523+0000] {dag.py:3239} INFO - Sync 1 DAGs
[2024-11-18T00:02:31.558+0000] {logging_mixin.py:190} INFO - [2024-11-18T00:02:31.558+0000] {dag.py:4180} INFO - Setting next_dagrun for example_setup_teardown to None, run_after=None
[2024-11-18T00:02:31.604+0000] {processor.py:208} INFO - Processing /home/airflow/.local/lib/python3.12/site-packages/airflow/example_dags/example_setup_teardown.py took 0.177 seconds
[2024-11-18T00:03:01.776+0000] {processor.py:186} INFO - Started process (PID=9032) to work on /home/airflow/.local/lib/python3.12/site-packages/airflow/example_dags/example_setup_teardown.py
[2024-11-18T00:03:01.778+0000] {processor.py:914} INFO - Processing file /home/airflow/.local/lib/python3.12/site-packages/airflow/example_dags/example_setup_teardown.py for tasks to queue
[2024-11-18T00:03:01.782+0000] {logging_mixin.py:190} INFO - [2024-11-18T00:03:01.781+0000] {dagbag.py:588} INFO - Filling up the DagBag from /home/airflow/.local/lib/python3.12/site-packages/airflow/example_dags/example_setup_teardown.py
[2024-11-18T00:03:01.806+0000] {processor.py:925} INFO - DAG(s) 'example_setup_teardown' retrieved from /home/airflow/.local/lib/python3.12/site-packages/airflow/example_dags/example_setup_teardown.py
[2024-11-18T00:03:01.855+0000] {logging_mixin.py:190} INFO - [2024-11-18T00:03:01.854+0000] {dag.py:3239} INFO - Sync 1 DAGs
[2024-11-18T00:03:01.887+0000] {logging_mixin.py:190} INFO - [2024-11-18T00:03:01.887+0000] {dag.py:4180} INFO - Setting next_dagrun for example_setup_teardown to None, run_after=None
[2024-11-18T00:03:01.953+0000] {processor.py:208} INFO - Processing /home/airflow/.local/lib/python3.12/site-packages/airflow/example_dags/example_setup_teardown.py took 0.194 seconds
[2024-11-18T00:03:32.648+0000] {processor.py:186} INFO - Started process (PID=9095) to work on /home/airflow/.local/lib/python3.12/site-packages/airflow/example_dags/example_setup_teardown.py
[2024-11-18T00:03:32.677+0000] {processor.py:914} INFO - Processing file /home/airflow/.local/lib/python3.12/site-packages/airflow/example_dags/example_setup_teardown.py for tasks to queue
[2024-11-18T00:03:32.685+0000] {logging_mixin.py:190} INFO - [2024-11-18T00:03:32.684+0000] {dagbag.py:588} INFO - Filling up the DagBag from /home/airflow/.local/lib/python3.12/site-packages/airflow/example_dags/example_setup_teardown.py
[2024-11-18T00:03:32.785+0000] {processor.py:925} INFO - DAG(s) 'example_setup_teardown' retrieved from /home/airflow/.local/lib/python3.12/site-packages/airflow/example_dags/example_setup_teardown.py
[2024-11-18T00:03:32.926+0000] {logging_mixin.py:190} INFO - [2024-11-18T00:03:32.916+0000] {dag.py:3239} INFO - Sync 1 DAGs
[2024-11-18T00:03:33.077+0000] {logging_mixin.py:190} INFO - [2024-11-18T00:03:33.076+0000] {dag.py:4180} INFO - Setting next_dagrun for example_setup_teardown to None, run_after=None
[2024-11-18T00:03:33.267+0000] {processor.py:208} INFO - Processing /home/airflow/.local/lib/python3.12/site-packages/airflow/example_dags/example_setup_teardown.py took 0.655 seconds
