[2024-11-18T00:00:19.873+0000] {processor.py:186} INFO - Started process (PID=8737) to work on /home/airflow/.local/lib/python3.12/site-packages/airflow/example_dags/example_branch_labels.py
[2024-11-18T00:00:19.875+0000] {processor.py:914} INFO - Processing file /home/airflow/.local/lib/python3.12/site-packages/airflow/example_dags/example_branch_labels.py for tasks to queue
[2024-11-18T00:00:19.880+0000] {logging_mixin.py:190} INFO - [2024-11-18T00:00:19.879+0000] {dagbag.py:588} INFO - Filling up the DagBag from /home/airflow/.local/lib/python3.12/site-packages/airflow/example_dags/example_branch_labels.py
[2024-11-18T00:00:19.908+0000] {processor.py:925} INFO - DAG(s) 'example_branch_labels' retrieved from /home/airflow/.local/lib/python3.12/site-packages/airflow/example_dags/example_branch_labels.py
[2024-11-18T00:00:19.967+0000] {logging_mixin.py:190} INFO - [2024-11-18T00:00:19.967+0000] {dag.py:3239} INFO - Sync 1 DAGs
[2024-11-18T00:00:20.056+0000] {logging_mixin.py:190} INFO - [2024-11-18T00:00:20.056+0000] {dag.py:4180} INFO - Setting next_dagrun for example_branch_labels to 2024-11-17 00:00:00+00:00, run_after=2024-11-18 00:00:00+00:00
[2024-11-18T00:00:20.117+0000] {processor.py:208} INFO - Processing /home/airflow/.local/lib/python3.12/site-packages/airflow/example_dags/example_branch_labels.py took 0.261 seconds
[2024-11-18T00:00:57.083+0000] {processor.py:186} INFO - Started process (PID=8801) to work on /home/airflow/.local/lib/python3.12/site-packages/airflow/example_dags/example_branch_labels.py
[2024-11-18T00:00:57.086+0000] {processor.py:914} INFO - Processing file /home/airflow/.local/lib/python3.12/site-packages/airflow/example_dags/example_branch_labels.py for tasks to queue
[2024-11-18T00:00:57.090+0000] {logging_mixin.py:190} INFO - [2024-11-18T00:00:57.089+0000] {dagbag.py:588} INFO - Filling up the DagBag from /home/airflow/.local/lib/python3.12/site-packages/airflow/example_dags/example_branch_labels.py
[2024-11-18T00:00:57.118+0000] {processor.py:925} INFO - DAG(s) 'example_branch_labels' retrieved from /home/airflow/.local/lib/python3.12/site-packages/airflow/example_dags/example_branch_labels.py
[2024-11-18T00:00:57.176+0000] {logging_mixin.py:190} INFO - [2024-11-18T00:00:57.175+0000] {dag.py:3239} INFO - Sync 1 DAGs
[2024-11-18T00:00:57.248+0000] {logging_mixin.py:190} INFO - [2024-11-18T00:00:57.247+0000] {dag.py:4180} INFO - Setting next_dagrun for example_branch_labels to 2024-11-17 00:00:00+00:00, run_after=2024-11-18 00:00:00+00:00
[2024-11-18T00:00:57.303+0000] {processor.py:208} INFO - Processing /home/airflow/.local/lib/python3.12/site-packages/airflow/example_dags/example_branch_labels.py took 0.238 seconds
[2024-11-18T00:01:33.090+0000] {processor.py:186} INFO - Started process (PID=8857) to work on /home/airflow/.local/lib/python3.12/site-packages/airflow/example_dags/example_branch_labels.py
[2024-11-18T00:01:33.092+0000] {processor.py:914} INFO - Processing file /home/airflow/.local/lib/python3.12/site-packages/airflow/example_dags/example_branch_labels.py for tasks to queue
[2024-11-18T00:01:33.097+0000] {logging_mixin.py:190} INFO - [2024-11-18T00:01:33.096+0000] {dagbag.py:588} INFO - Filling up the DagBag from /home/airflow/.local/lib/python3.12/site-packages/airflow/example_dags/example_branch_labels.py
[2024-11-18T00:01:33.132+0000] {processor.py:925} INFO - DAG(s) 'example_branch_labels' retrieved from /home/airflow/.local/lib/python3.12/site-packages/airflow/example_dags/example_branch_labels.py
[2024-11-18T00:01:33.192+0000] {logging_mixin.py:190} INFO - [2024-11-18T00:01:33.192+0000] {dag.py:3239} INFO - Sync 1 DAGs
[2024-11-18T00:01:33.301+0000] {logging_mixin.py:190} INFO - [2024-11-18T00:01:33.299+0000] {dag.py:4180} INFO - Setting next_dagrun for example_branch_labels to 2024-11-17 00:00:00+00:00, run_after=2024-11-18 00:00:00+00:00
[2024-11-18T00:01:33.385+0000] {processor.py:208} INFO - Processing /home/airflow/.local/lib/python3.12/site-packages/airflow/example_dags/example_branch_labels.py took 0.324 seconds
