[2024-11-18T00:00:18.555+0000] {processor.py:186} INFO - Started process (PID=8733) to work on /home/airflow/.local/lib/python3.12/site-packages/airflow/example_dags/example_time_delta_sensor_async.py
[2024-11-18T00:00:18.557+0000] {processor.py:914} INFO - Processing file /home/airflow/.local/lib/python3.12/site-packages/airflow/example_dags/example_time_delta_sensor_async.py for tasks to queue
[2024-11-18T00:00:18.560+0000] {logging_mixin.py:190} INFO - [2024-11-18T00:00:18.559+0000] {dagbag.py:588} INFO - Filling up the DagBag from /home/airflow/.local/lib/python3.12/site-packages/airflow/example_dags/example_time_delta_sensor_async.py
[2024-11-18T00:00:18.579+0000] {processor.py:925} INFO - DAG(s) 'example_time_delta_sensor_async' retrieved from /home/airflow/.local/lib/python3.12/site-packages/airflow/example_dags/example_time_delta_sensor_async.py
[2024-11-18T00:00:18.655+0000] {logging_mixin.py:190} INFO - [2024-11-18T00:00:18.654+0000] {dag.py:3239} INFO - Sync 1 DAGs
[2024-11-18T00:00:18.835+0000] {logging_mixin.py:190} INFO - [2024-11-18T00:00:18.835+0000] {dag.py:4180} INFO - Setting next_dagrun for example_time_delta_sensor_async to None, run_after=None
[2024-11-18T00:00:18.964+0000] {processor.py:208} INFO - Processing /home/airflow/.local/lib/python3.12/site-packages/airflow/example_dags/example_time_delta_sensor_async.py took 0.423 seconds
[2024-11-18T00:00:56.267+0000] {processor.py:186} INFO - Started process (PID=8797) to work on /home/airflow/.local/lib/python3.12/site-packages/airflow/example_dags/example_time_delta_sensor_async.py
[2024-11-18T00:00:56.301+0000] {processor.py:914} INFO - Processing file /home/airflow/.local/lib/python3.12/site-packages/airflow/example_dags/example_time_delta_sensor_async.py for tasks to queue
[2024-11-18T00:00:56.356+0000] {logging_mixin.py:190} INFO - [2024-11-18T00:00:56.355+0000] {dagbag.py:588} INFO - Filling up the DagBag from /home/airflow/.local/lib/python3.12/site-packages/airflow/example_dags/example_time_delta_sensor_async.py
[2024-11-18T00:00:56.442+0000] {processor.py:925} INFO - DAG(s) 'example_time_delta_sensor_async' retrieved from /home/airflow/.local/lib/python3.12/site-packages/airflow/example_dags/example_time_delta_sensor_async.py
[2024-11-18T00:00:56.555+0000] {logging_mixin.py:190} INFO - [2024-11-18T00:00:56.554+0000] {dag.py:3239} INFO - Sync 1 DAGs
[2024-11-18T00:00:56.655+0000] {logging_mixin.py:190} INFO - [2024-11-18T00:00:56.654+0000] {dag.py:4180} INFO - Setting next_dagrun for example_time_delta_sensor_async to None, run_after=None
[2024-11-18T00:00:56.726+0000] {processor.py:208} INFO - Processing /home/airflow/.local/lib/python3.12/site-packages/airflow/example_dags/example_time_delta_sensor_async.py took 0.509 seconds
[2024-11-18T00:01:31.517+0000] {processor.py:186} INFO - Started process (PID=8853) to work on /home/airflow/.local/lib/python3.12/site-packages/airflow/example_dags/example_time_delta_sensor_async.py
[2024-11-18T00:01:31.524+0000] {processor.py:914} INFO - Processing file /home/airflow/.local/lib/python3.12/site-packages/airflow/example_dags/example_time_delta_sensor_async.py for tasks to queue
[2024-11-18T00:01:31.531+0000] {logging_mixin.py:190} INFO - [2024-11-18T00:01:31.530+0000] {dagbag.py:588} INFO - Filling up the DagBag from /home/airflow/.local/lib/python3.12/site-packages/airflow/example_dags/example_time_delta_sensor_async.py
[2024-11-18T00:01:31.563+0000] {processor.py:925} INFO - DAG(s) 'example_time_delta_sensor_async' retrieved from /home/airflow/.local/lib/python3.12/site-packages/airflow/example_dags/example_time_delta_sensor_async.py
[2024-11-18T00:01:31.658+0000] {logging_mixin.py:190} INFO - [2024-11-18T00:01:31.657+0000] {dag.py:3239} INFO - Sync 1 DAGs
[2024-11-18T00:01:31.742+0000] {logging_mixin.py:190} INFO - [2024-11-18T00:01:31.742+0000] {dag.py:4180} INFO - Setting next_dagrun for example_time_delta_sensor_async to None, run_after=None
[2024-11-18T00:01:31.802+0000] {processor.py:208} INFO - Processing /home/airflow/.local/lib/python3.12/site-packages/airflow/example_dags/example_time_delta_sensor_async.py took 0.320 seconds
