[2024-11-18T00:00:37.521+0000] {processor.py:186} INFO - Started process (PID=8746) to work on /home/airflow/.local/lib/python3.12/site-packages/airflow/example_dags/example_skip_dag.py
[2024-11-18T00:00:37.524+0000] {processor.py:914} INFO - Processing file /home/airflow/.local/lib/python3.12/site-packages/airflow/example_dags/example_skip_dag.py for tasks to queue
[2024-11-18T00:00:37.540+0000] {logging_mixin.py:190} INFO - [2024-11-18T00:00:37.539+0000] {dagbag.py:588} INFO - Filling up the DagBag from /home/airflow/.local/lib/python3.12/site-packages/airflow/example_dags/example_skip_dag.py
[2024-11-18T00:00:37.632+0000] {processor.py:925} INFO - DAG(s) 'example_skip_dag' retrieved from /home/airflow/.local/lib/python3.12/site-packages/airflow/example_dags/example_skip_dag.py
[2024-11-18T00:00:37.844+0000] {logging_mixin.py:190} INFO - [2024-11-18T00:00:37.843+0000] {dag.py:3239} INFO - Sync 1 DAGs
[2024-11-18T00:00:38.073+0000] {logging_mixin.py:190} INFO - [2024-11-18T00:00:38.072+0000] {dag.py:4180} INFO - Setting next_dagrun for example_skip_dag to 2024-11-17 00:00:00+00:00, run_after=2024-11-18 00:00:00+00:00
[2024-11-18T00:00:41.232+0000] {processor.py:208} INFO - Processing /home/airflow/.local/lib/python3.12/site-packages/airflow/example_dags/example_skip_dag.py took 3.760 seconds
[2024-11-18T00:01:12.156+0000] {processor.py:186} INFO - Started process (PID=8811) to work on /home/airflow/.local/lib/python3.12/site-packages/airflow/example_dags/example_skip_dag.py
[2024-11-18T00:01:12.159+0000] {processor.py:914} INFO - Processing file /home/airflow/.local/lib/python3.12/site-packages/airflow/example_dags/example_skip_dag.py for tasks to queue
[2024-11-18T00:01:12.169+0000] {logging_mixin.py:190} INFO - [2024-11-18T00:01:12.168+0000] {dagbag.py:588} INFO - Filling up the DagBag from /home/airflow/.local/lib/python3.12/site-packages/airflow/example_dags/example_skip_dag.py
[2024-11-18T00:01:12.211+0000] {processor.py:925} INFO - DAG(s) 'example_skip_dag' retrieved from /home/airflow/.local/lib/python3.12/site-packages/airflow/example_dags/example_skip_dag.py
[2024-11-18T00:01:12.287+0000] {logging_mixin.py:190} INFO - [2024-11-18T00:01:12.286+0000] {dag.py:3239} INFO - Sync 1 DAGs
[2024-11-18T00:01:12.377+0000] {logging_mixin.py:190} INFO - [2024-11-18T00:01:12.377+0000] {dag.py:4180} INFO - Setting next_dagrun for example_skip_dag to 2024-11-17 00:00:00+00:00, run_after=2024-11-18 00:00:00+00:00
[2024-11-18T00:01:12.476+0000] {processor.py:208} INFO - Processing /home/airflow/.local/lib/python3.12/site-packages/airflow/example_dags/example_skip_dag.py took 0.372 seconds
[2024-11-18T00:01:43.596+0000] {processor.py:186} INFO - Started process (PID=8874) to work on /home/airflow/.local/lib/python3.12/site-packages/airflow/example_dags/example_skip_dag.py
[2024-11-18T00:01:43.604+0000] {processor.py:914} INFO - Processing file /home/airflow/.local/lib/python3.12/site-packages/airflow/example_dags/example_skip_dag.py for tasks to queue
[2024-11-18T00:01:43.613+0000] {logging_mixin.py:190} INFO - [2024-11-18T00:01:43.612+0000] {dagbag.py:588} INFO - Filling up the DagBag from /home/airflow/.local/lib/python3.12/site-packages/airflow/example_dags/example_skip_dag.py
[2024-11-18T00:01:43.656+0000] {processor.py:925} INFO - DAG(s) 'example_skip_dag' retrieved from /home/airflow/.local/lib/python3.12/site-packages/airflow/example_dags/example_skip_dag.py
[2024-11-18T00:01:43.755+0000] {logging_mixin.py:190} INFO - [2024-11-18T00:01:43.754+0000] {dag.py:3239} INFO - Sync 1 DAGs
[2024-11-18T00:01:43.823+0000] {logging_mixin.py:190} INFO - [2024-11-18T00:01:43.822+0000] {dag.py:4180} INFO - Setting next_dagrun for example_skip_dag to 2024-11-17 00:00:00+00:00, run_after=2024-11-18 00:00:00+00:00
[2024-11-18T00:01:43.902+0000] {processor.py:208} INFO - Processing /home/airflow/.local/lib/python3.12/site-packages/airflow/example_dags/example_skip_dag.py took 0.324 seconds
