[2024-11-18T00:00:16.415+0000] {processor.py:186} INFO - Started process (PID=8715) to work on /home/airflow/.local/lib/python3.12/site-packages/airflow/example_dags/example_branch_python_dop_operator_3.py
[2024-11-18T00:00:16.419+0000] {processor.py:914} INFO - Processing file /home/airflow/.local/lib/python3.12/site-packages/airflow/example_dags/example_branch_python_dop_operator_3.py for tasks to queue
[2024-11-18T00:00:16.423+0000] {logging_mixin.py:190} INFO - [2024-11-18T00:00:16.422+0000] {dagbag.py:588} INFO - Filling up the DagBag from /home/airflow/.local/lib/python3.12/site-packages/airflow/example_dags/example_branch_python_dop_operator_3.py
[2024-11-18T00:00:16.457+0000] {processor.py:925} INFO - DAG(s) 'example_branch_dop_operator_v3' retrieved from /home/airflow/.local/lib/python3.12/site-packages/airflow/example_dags/example_branch_python_dop_operator_3.py
[2024-11-18T00:00:16.524+0000] {logging_mixin.py:190} INFO - [2024-11-18T00:00:16.524+0000] {dag.py:3239} INFO - Sync 1 DAGs
[2024-11-18T00:00:16.587+0000] {logging_mixin.py:190} INFO - [2024-11-18T00:00:16.586+0000] {dag.py:4180} INFO - Setting next_dagrun for example_branch_dop_operator_v3 to 2024-11-17 23:59:00+00:00, run_after=2024-11-18 00:00:00+00:00
[2024-11-18T00:00:16.626+0000] {processor.py:208} INFO - Processing /home/airflow/.local/lib/python3.12/site-packages/airflow/example_dags/example_branch_python_dop_operator_3.py took 0.255 seconds
[2024-11-18T00:00:49.673+0000] {processor.py:186} INFO - Started process (PID=8772) to work on /home/airflow/.local/lib/python3.12/site-packages/airflow/example_dags/example_branch_python_dop_operator_3.py
[2024-11-18T00:00:49.683+0000] {processor.py:914} INFO - Processing file /home/airflow/.local/lib/python3.12/site-packages/airflow/example_dags/example_branch_python_dop_operator_3.py for tasks to queue
[2024-11-18T00:00:49.687+0000] {logging_mixin.py:190} INFO - [2024-11-18T00:00:49.686+0000] {dagbag.py:588} INFO - Filling up the DagBag from /home/airflow/.local/lib/python3.12/site-packages/airflow/example_dags/example_branch_python_dop_operator_3.py
[2024-11-18T00:00:49.744+0000] {processor.py:925} INFO - DAG(s) 'example_branch_dop_operator_v3' retrieved from /home/airflow/.local/lib/python3.12/site-packages/airflow/example_dags/example_branch_python_dop_operator_3.py
[2024-11-18T00:00:49.808+0000] {logging_mixin.py:190} INFO - [2024-11-18T00:00:49.807+0000] {dag.py:3239} INFO - Sync 1 DAGs
[2024-11-18T00:00:49.926+0000] {logging_mixin.py:190} INFO - [2024-11-18T00:00:49.925+0000] {dag.py:4180} INFO - Setting next_dagrun for example_branch_dop_operator_v3 to 2024-11-17 23:59:00+00:00, run_after=2024-11-18 00:00:00+00:00
[2024-11-18T00:00:50.003+0000] {processor.py:208} INFO - Processing /home/airflow/.local/lib/python3.12/site-packages/airflow/example_dags/example_branch_python_dop_operator_3.py took 0.355 seconds
[2024-11-18T00:01:25.562+0000] {processor.py:186} INFO - Started process (PID=8835) to work on /home/airflow/.local/lib/python3.12/site-packages/airflow/example_dags/example_branch_python_dop_operator_3.py
[2024-11-18T00:01:25.579+0000] {processor.py:914} INFO - Processing file /home/airflow/.local/lib/python3.12/site-packages/airflow/example_dags/example_branch_python_dop_operator_3.py for tasks to queue
[2024-11-18T00:01:25.583+0000] {logging_mixin.py:190} INFO - [2024-11-18T00:01:25.582+0000] {dagbag.py:588} INFO - Filling up the DagBag from /home/airflow/.local/lib/python3.12/site-packages/airflow/example_dags/example_branch_python_dop_operator_3.py
[2024-11-18T00:01:25.670+0000] {processor.py:925} INFO - DAG(s) 'example_branch_dop_operator_v3' retrieved from /home/airflow/.local/lib/python3.12/site-packages/airflow/example_dags/example_branch_python_dop_operator_3.py
[2024-11-18T00:01:25.808+0000] {logging_mixin.py:190} INFO - [2024-11-18T00:01:25.807+0000] {dag.py:3239} INFO - Sync 1 DAGs
[2024-11-18T00:01:26.039+0000] {logging_mixin.py:190} INFO - [2024-11-18T00:01:26.028+0000] {dag.py:4180} INFO - Setting next_dagrun for example_branch_dop_operator_v3 to 2024-11-18 00:00:00+00:00, run_after=2024-11-18 00:01:00+00:00
[2024-11-18T00:01:26.247+0000] {processor.py:208} INFO - Processing /home/airflow/.local/lib/python3.12/site-packages/airflow/example_dags/example_branch_python_dop_operator_3.py took 0.765 seconds
[2024-11-18T00:01:57.209+0000] {processor.py:186} INFO - Started process (PID=8898) to work on /home/airflow/.local/lib/python3.12/site-packages/airflow/example_dags/example_branch_python_dop_operator_3.py
[2024-11-18T00:01:57.211+0000] {processor.py:914} INFO - Processing file /home/airflow/.local/lib/python3.12/site-packages/airflow/example_dags/example_branch_python_dop_operator_3.py for tasks to queue
[2024-11-18T00:01:57.222+0000] {logging_mixin.py:190} INFO - [2024-11-18T00:01:57.217+0000] {dagbag.py:588} INFO - Filling up the DagBag from /home/airflow/.local/lib/python3.12/site-packages/airflow/example_dags/example_branch_python_dop_operator_3.py
[2024-11-18T00:01:57.282+0000] {processor.py:925} INFO - DAG(s) 'example_branch_dop_operator_v3' retrieved from /home/airflow/.local/lib/python3.12/site-packages/airflow/example_dags/example_branch_python_dop_operator_3.py
[2024-11-18T00:01:57.339+0000] {logging_mixin.py:190} INFO - [2024-11-18T00:01:57.338+0000] {dag.py:3239} INFO - Sync 1 DAGs
[2024-11-18T00:01:57.444+0000] {logging_mixin.py:190} INFO - [2024-11-18T00:01:57.443+0000] {dag.py:4180} INFO - Setting next_dagrun for example_branch_dop_operator_v3 to 2024-11-18 00:00:00+00:00, run_after=2024-11-18 00:01:00+00:00
[2024-11-18T00:01:57.516+0000] {processor.py:208} INFO - Processing /home/airflow/.local/lib/python3.12/site-packages/airflow/example_dags/example_branch_python_dop_operator_3.py took 0.327 seconds
[2024-11-18T00:02:27.673+0000] {processor.py:186} INFO - Started process (PID=8961) to work on /home/airflow/.local/lib/python3.12/site-packages/airflow/example_dags/example_branch_python_dop_operator_3.py
[2024-11-18T00:02:27.675+0000] {processor.py:914} INFO - Processing file /home/airflow/.local/lib/python3.12/site-packages/airflow/example_dags/example_branch_python_dop_operator_3.py for tasks to queue
[2024-11-18T00:02:27.678+0000] {logging_mixin.py:190} INFO - [2024-11-18T00:02:27.677+0000] {dagbag.py:588} INFO - Filling up the DagBag from /home/airflow/.local/lib/python3.12/site-packages/airflow/example_dags/example_branch_python_dop_operator_3.py
[2024-11-18T00:02:27.706+0000] {processor.py:925} INFO - DAG(s) 'example_branch_dop_operator_v3' retrieved from /home/airflow/.local/lib/python3.12/site-packages/airflow/example_dags/example_branch_python_dop_operator_3.py
[2024-11-18T00:02:27.790+0000] {logging_mixin.py:190} INFO - [2024-11-18T00:02:27.789+0000] {dag.py:3239} INFO - Sync 1 DAGs
[2024-11-18T00:02:27.881+0000] {logging_mixin.py:190} INFO - [2024-11-18T00:02:27.881+0000] {dag.py:4180} INFO - Setting next_dagrun for example_branch_dop_operator_v3 to 2024-11-18 00:01:00+00:00, run_after=2024-11-18 00:02:00+00:00
[2024-11-18T00:02:27.948+0000] {processor.py:208} INFO - Processing /home/airflow/.local/lib/python3.12/site-packages/airflow/example_dags/example_branch_python_dop_operator_3.py took 0.289 seconds
[2024-11-18T00:02:58.181+0000] {processor.py:186} INFO - Started process (PID=9026) to work on /home/airflow/.local/lib/python3.12/site-packages/airflow/example_dags/example_branch_python_dop_operator_3.py
[2024-11-18T00:02:58.184+0000] {processor.py:914} INFO - Processing file /home/airflow/.local/lib/python3.12/site-packages/airflow/example_dags/example_branch_python_dop_operator_3.py for tasks to queue
[2024-11-18T00:02:58.188+0000] {logging_mixin.py:190} INFO - [2024-11-18T00:02:58.187+0000] {dagbag.py:588} INFO - Filling up the DagBag from /home/airflow/.local/lib/python3.12/site-packages/airflow/example_dags/example_branch_python_dop_operator_3.py
[2024-11-18T00:02:58.254+0000] {processor.py:925} INFO - DAG(s) 'example_branch_dop_operator_v3' retrieved from /home/airflow/.local/lib/python3.12/site-packages/airflow/example_dags/example_branch_python_dop_operator_3.py
[2024-11-18T00:02:58.368+0000] {logging_mixin.py:190} INFO - [2024-11-18T00:02:58.368+0000] {dag.py:3239} INFO - Sync 1 DAGs
[2024-11-18T00:02:58.490+0000] {logging_mixin.py:190} INFO - [2024-11-18T00:02:58.490+0000] {dag.py:4180} INFO - Setting next_dagrun for example_branch_dop_operator_v3 to 2024-11-18 00:01:00+00:00, run_after=2024-11-18 00:02:00+00:00
[2024-11-18T00:02:58.647+0000] {processor.py:208} INFO - Processing /home/airflow/.local/lib/python3.12/site-packages/airflow/example_dags/example_branch_python_dop_operator_3.py took 0.499 seconds
[2024-11-18T00:03:28.948+0000] {processor.py:186} INFO - Started process (PID=9091) to work on /home/airflow/.local/lib/python3.12/site-packages/airflow/example_dags/example_branch_python_dop_operator_3.py
[2024-11-18T00:03:28.951+0000] {processor.py:914} INFO - Processing file /home/airflow/.local/lib/python3.12/site-packages/airflow/example_dags/example_branch_python_dop_operator_3.py for tasks to queue
[2024-11-18T00:03:28.956+0000] {logging_mixin.py:190} INFO - [2024-11-18T00:03:28.955+0000] {dagbag.py:588} INFO - Filling up the DagBag from /home/airflow/.local/lib/python3.12/site-packages/airflow/example_dags/example_branch_python_dop_operator_3.py
[2024-11-18T00:03:29.055+0000] {processor.py:925} INFO - DAG(s) 'example_branch_dop_operator_v3' retrieved from /home/airflow/.local/lib/python3.12/site-packages/airflow/example_dags/example_branch_python_dop_operator_3.py
[2024-11-18T00:03:29.124+0000] {logging_mixin.py:190} INFO - [2024-11-18T00:03:29.123+0000] {dag.py:3239} INFO - Sync 1 DAGs
[2024-11-18T00:03:29.232+0000] {logging_mixin.py:190} INFO - [2024-11-18T00:03:29.231+0000] {dag.py:4180} INFO - Setting next_dagrun for example_branch_dop_operator_v3 to 2024-11-18 00:02:00+00:00, run_after=2024-11-18 00:03:00+00:00
[2024-11-18T00:03:29.279+0000] {processor.py:208} INFO - Processing /home/airflow/.local/lib/python3.12/site-packages/airflow/example_dags/example_branch_python_dop_operator_3.py took 0.382 seconds
