[2024-11-18T00:00:02.496+0000] {processor.py:186} INFO - Started process (PID=8689) to work on /home/airflow/.local/lib/python3.12/site-packages/airflow/example_dags/example_datasets.py
[2024-11-18T00:00:02.499+0000] {processor.py:914} INFO - Processing file /home/airflow/.local/lib/python3.12/site-packages/airflow/example_dags/example_datasets.py for tasks to queue
[2024-11-18T00:00:02.503+0000] {logging_mixin.py:190} INFO - [2024-11-18T00:00:02.503+0000] {dagbag.py:588} INFO - Filling up the DagBag from /home/airflow/.local/lib/python3.12/site-packages/airflow/example_dags/example_datasets.py
[2024-11-18T00:00:04.202+0000] {processor.py:925} INFO - DAG(s) 'dataset_produces_2', 'consume_1_and_2_with_dataset_expressions', 'dataset_produces_1', 'consume_1_or_2_with_dataset_expressions', 'dataset_consumes_1', 'dataset_consumes_unknown_never_scheduled', 'consume_1_or_both_2_and_3_with_dataset_expressions', 'dataset_consumes_1_and_2', 'conditional_dataset_and_time_based_timetable', 'dataset_consumes_1_never_scheduled' retrieved from /home/airflow/.local/lib/python3.12/site-packages/airflow/example_dags/example_datasets.py
[2024-11-18T00:00:04.347+0000] {logging_mixin.py:190} INFO - [2024-11-18T00:00:04.346+0000] {dag.py:3239} INFO - Sync 10 DAGs
[2024-11-18T00:00:04.419+0000] {logging_mixin.py:190} INFO - [2024-11-18T00:00:04.419+0000] {dag.py:4180} INFO - Setting next_dagrun for conditional_dataset_and_time_based_timetable to 2024-11-13 01:00:00+00:00, run_after=2024-11-13 01:00:00+00:00
[2024-11-18T00:00:04.431+0000] {logging_mixin.py:190} INFO - [2024-11-18T00:00:04.431+0000] {dag.py:4180} INFO - Setting next_dagrun for consume_1_and_2_with_dataset_expressions to None, run_after=None
[2024-11-18T00:00:04.439+0000] {logging_mixin.py:190} INFO - [2024-11-18T00:00:04.439+0000] {dag.py:4180} INFO - Setting next_dagrun for consume_1_or_2_with_dataset_expressions to None, run_after=None
[2024-11-18T00:00:04.443+0000] {logging_mixin.py:190} INFO - [2024-11-18T00:00:04.443+0000] {dag.py:4180} INFO - Setting next_dagrun for consume_1_or_both_2_and_3_with_dataset_expressions to None, run_after=None
[2024-11-18T00:00:04.451+0000] {logging_mixin.py:190} INFO - [2024-11-18T00:00:04.451+0000] {dag.py:4180} INFO - Setting next_dagrun for dataset_consumes_1 to None, run_after=None
[2024-11-18T00:00:04.456+0000] {logging_mixin.py:190} INFO - [2024-11-18T00:00:04.455+0000] {dag.py:4180} INFO - Setting next_dagrun for dataset_consumes_1_and_2 to None, run_after=None
[2024-11-18T00:00:04.461+0000] {logging_mixin.py:190} INFO - [2024-11-18T00:00:04.460+0000] {dag.py:4180} INFO - Setting next_dagrun for dataset_consumes_1_never_scheduled to None, run_after=None
[2024-11-18T00:00:04.466+0000] {logging_mixin.py:190} INFO - [2024-11-18T00:00:04.466+0000] {dag.py:4180} INFO - Setting next_dagrun for dataset_consumes_unknown_never_scheduled to None, run_after=None
[2024-11-18T00:00:04.476+0000] {logging_mixin.py:190} INFO - [2024-11-18T00:00:04.475+0000] {dag.py:4180} INFO - Setting next_dagrun for dataset_produces_1 to 2024-11-17 00:00:00+00:00, run_after=2024-11-18 00:00:00+00:00
[2024-11-18T00:00:04.480+0000] {logging_mixin.py:190} INFO - [2024-11-18T00:00:04.480+0000] {dag.py:4180} INFO - Setting next_dagrun for dataset_produces_2 to None, run_after=None
[2024-11-18T00:00:04.587+0000] {processor.py:208} INFO - Processing /home/airflow/.local/lib/python3.12/site-packages/airflow/example_dags/example_datasets.py took 2.112 seconds
[2024-11-18T00:00:45.221+0000] {processor.py:186} INFO - Started process (PID=8761) to work on /home/airflow/.local/lib/python3.12/site-packages/airflow/example_dags/example_datasets.py
[2024-11-18T00:00:45.226+0000] {processor.py:914} INFO - Processing file /home/airflow/.local/lib/python3.12/site-packages/airflow/example_dags/example_datasets.py for tasks to queue
[2024-11-18T00:00:45.231+0000] {logging_mixin.py:190} INFO - [2024-11-18T00:00:45.230+0000] {dagbag.py:588} INFO - Filling up the DagBag from /home/airflow/.local/lib/python3.12/site-packages/airflow/example_dags/example_datasets.py
[2024-11-18T00:00:48.445+0000] {processor.py:925} INFO - DAG(s) 'consume_1_or_2_with_dataset_expressions', 'dataset_consumes_1_and_2', 'dataset_consumes_1_never_scheduled', 'dataset_consumes_unknown_never_scheduled', 'conditional_dataset_and_time_based_timetable', 'dataset_produces_1', 'consume_1_or_both_2_and_3_with_dataset_expressions', 'consume_1_and_2_with_dataset_expressions', 'dataset_produces_2', 'dataset_consumes_1' retrieved from /home/airflow/.local/lib/python3.12/site-packages/airflow/example_dags/example_datasets.py
[2024-11-18T00:00:48.628+0000] {logging_mixin.py:190} INFO - [2024-11-18T00:00:48.627+0000] {dag.py:3239} INFO - Sync 10 DAGs
[2024-11-18T00:00:48.725+0000] {logging_mixin.py:190} INFO - [2024-11-18T00:00:48.725+0000] {dag.py:4180} INFO - Setting next_dagrun for conditional_dataset_and_time_based_timetable to 2024-11-13 01:00:00+00:00, run_after=2024-11-13 01:00:00+00:00
[2024-11-18T00:00:48.744+0000] {logging_mixin.py:190} INFO - [2024-11-18T00:00:48.743+0000] {dag.py:4180} INFO - Setting next_dagrun for consume_1_and_2_with_dataset_expressions to None, run_after=None
[2024-11-18T00:00:48.748+0000] {logging_mixin.py:190} INFO - [2024-11-18T00:00:48.747+0000] {dag.py:4180} INFO - Setting next_dagrun for consume_1_or_2_with_dataset_expressions to None, run_after=None
[2024-11-18T00:00:48.767+0000] {logging_mixin.py:190} INFO - [2024-11-18T00:00:48.766+0000] {dag.py:4180} INFO - Setting next_dagrun for consume_1_or_both_2_and_3_with_dataset_expressions to None, run_after=None
[2024-11-18T00:00:48.772+0000] {logging_mixin.py:190} INFO - [2024-11-18T00:00:48.771+0000] {dag.py:4180} INFO - Setting next_dagrun for dataset_consumes_1 to None, run_after=None
[2024-11-18T00:00:48.782+0000] {logging_mixin.py:190} INFO - [2024-11-18T00:00:48.782+0000] {dag.py:4180} INFO - Setting next_dagrun for dataset_consumes_1_and_2 to None, run_after=None
[2024-11-18T00:00:48.786+0000] {logging_mixin.py:190} INFO - [2024-11-18T00:00:48.786+0000] {dag.py:4180} INFO - Setting next_dagrun for dataset_consumes_1_never_scheduled to None, run_after=None
[2024-11-18T00:00:48.791+0000] {logging_mixin.py:190} INFO - [2024-11-18T00:00:48.791+0000] {dag.py:4180} INFO - Setting next_dagrun for dataset_consumes_unknown_never_scheduled to None, run_after=None
[2024-11-18T00:00:48.808+0000] {logging_mixin.py:190} INFO - [2024-11-18T00:00:48.807+0000] {dag.py:4180} INFO - Setting next_dagrun for dataset_produces_1 to 2024-11-17 00:00:00+00:00, run_after=2024-11-18 00:00:00+00:00
[2024-11-18T00:00:48.820+0000] {logging_mixin.py:190} INFO - [2024-11-18T00:00:48.819+0000] {dag.py:4180} INFO - Setting next_dagrun for dataset_produces_2 to None, run_after=None
[2024-11-18T00:00:48.932+0000] {processor.py:208} INFO - Processing /home/airflow/.local/lib/python3.12/site-packages/airflow/example_dags/example_datasets.py took 3.788 seconds
[2024-11-18T00:01:23.253+0000] {processor.py:186} INFO - Started process (PID=8834) to work on /home/airflow/.local/lib/python3.12/site-packages/airflow/example_dags/example_datasets.py
[2024-11-18T00:01:23.267+0000] {processor.py:914} INFO - Processing file /home/airflow/.local/lib/python3.12/site-packages/airflow/example_dags/example_datasets.py for tasks to queue
[2024-11-18T00:01:23.320+0000] {logging_mixin.py:190} INFO - [2024-11-18T00:01:23.318+0000] {dagbag.py:588} INFO - Filling up the DagBag from /home/airflow/.local/lib/python3.12/site-packages/airflow/example_dags/example_datasets.py
[2024-11-18T00:01:27.470+0000] {processor.py:925} INFO - DAG(s) 'consume_1_or_both_2_and_3_with_dataset_expressions', 'dataset_consumes_1', 'dataset_produces_2', 'conditional_dataset_and_time_based_timetable', 'dataset_consumes_1_never_scheduled', 'consume_1_or_2_with_dataset_expressions', 'dataset_consumes_unknown_never_scheduled', 'consume_1_and_2_with_dataset_expressions', 'dataset_consumes_1_and_2', 'dataset_produces_1' retrieved from /home/airflow/.local/lib/python3.12/site-packages/airflow/example_dags/example_datasets.py
[2024-11-18T00:01:27.670+0000] {logging_mixin.py:190} INFO - [2024-11-18T00:01:27.669+0000] {dag.py:3239} INFO - Sync 10 DAGs
[2024-11-18T00:01:27.792+0000] {logging_mixin.py:190} INFO - [2024-11-18T00:01:27.791+0000] {dag.py:4180} INFO - Setting next_dagrun for conditional_dataset_and_time_based_timetable to 2024-11-13 01:00:00+00:00, run_after=2024-11-13 01:00:00+00:00
[2024-11-18T00:01:27.806+0000] {logging_mixin.py:190} INFO - [2024-11-18T00:01:27.806+0000] {dag.py:4180} INFO - Setting next_dagrun for consume_1_and_2_with_dataset_expressions to None, run_after=None
[2024-11-18T00:01:27.813+0000] {logging_mixin.py:190} INFO - [2024-11-18T00:01:27.812+0000] {dag.py:4180} INFO - Setting next_dagrun for consume_1_or_2_with_dataset_expressions to None, run_after=None
[2024-11-18T00:01:27.822+0000] {logging_mixin.py:190} INFO - [2024-11-18T00:01:27.822+0000] {dag.py:4180} INFO - Setting next_dagrun for consume_1_or_both_2_and_3_with_dataset_expressions to None, run_after=None
[2024-11-18T00:01:27.826+0000] {logging_mixin.py:190} INFO - [2024-11-18T00:01:27.826+0000] {dag.py:4180} INFO - Setting next_dagrun for dataset_consumes_1 to None, run_after=None
[2024-11-18T00:01:27.838+0000] {logging_mixin.py:190} INFO - [2024-11-18T00:01:27.837+0000] {dag.py:4180} INFO - Setting next_dagrun for dataset_consumes_1_and_2 to None, run_after=None
[2024-11-18T00:01:27.844+0000] {logging_mixin.py:190} INFO - [2024-11-18T00:01:27.843+0000] {dag.py:4180} INFO - Setting next_dagrun for dataset_consumes_1_never_scheduled to None, run_after=None
[2024-11-18T00:01:27.849+0000] {logging_mixin.py:190} INFO - [2024-11-18T00:01:27.849+0000] {dag.py:4180} INFO - Setting next_dagrun for dataset_consumes_unknown_never_scheduled to None, run_after=None
[2024-11-18T00:01:27.858+0000] {logging_mixin.py:190} INFO - [2024-11-18T00:01:27.857+0000] {dag.py:4180} INFO - Setting next_dagrun for dataset_produces_1 to 2024-11-17 00:00:00+00:00, run_after=2024-11-18 00:00:00+00:00
[2024-11-18T00:01:27.862+0000] {logging_mixin.py:190} INFO - [2024-11-18T00:01:27.862+0000] {dag.py:4180} INFO - Setting next_dagrun for dataset_produces_2 to None, run_after=None
[2024-11-18T00:01:27.998+0000] {processor.py:208} INFO - Processing /home/airflow/.local/lib/python3.12/site-packages/airflow/example_dags/example_datasets.py took 4.799 seconds
