[2024-11-18T00:00:17.691+0000] {processor.py:186} INFO - Started process (PID=8728) to work on /home/airflow/.local/lib/python3.12/site-packages/airflow/example_dags/example_display_name.py
[2024-11-18T00:00:17.693+0000] {processor.py:914} INFO - Processing file /home/airflow/.local/lib/python3.12/site-packages/airflow/example_dags/example_display_name.py for tasks to queue
[2024-11-18T00:00:17.696+0000] {logging_mixin.py:190} INFO - [2024-11-18T00:00:17.695+0000] {dagbag.py:588} INFO - Filling up the DagBag from /home/airflow/.local/lib/python3.12/site-packages/airflow/example_dags/example_display_name.py
[2024-11-18T00:00:17.712+0000] {processor.py:925} INFO - DAG(s) 'example_display_name' retrieved from /home/airflow/.local/lib/python3.12/site-packages/airflow/example_dags/example_display_name.py
[2024-11-18T00:00:17.787+0000] {logging_mixin.py:190} INFO - [2024-11-18T00:00:17.787+0000] {dag.py:3239} INFO - Sync 1 DAGs
[2024-11-18T00:00:17.832+0000] {logging_mixin.py:190} INFO - [2024-11-18T00:00:17.832+0000] {dag.py:4180} INFO - Setting next_dagrun for example_display_name to None, run_after=None
[2024-11-18T00:00:17.881+0000] {processor.py:208} INFO - Processing /home/airflow/.local/lib/python3.12/site-packages/airflow/example_dags/example_display_name.py took 0.201 seconds
[2024-11-18T00:00:51.129+0000] {processor.py:186} INFO - Started process (PID=8779) to work on /home/airflow/.local/lib/python3.12/site-packages/airflow/example_dags/example_display_name.py
[2024-11-18T00:00:51.137+0000] {processor.py:914} INFO - Processing file /home/airflow/.local/lib/python3.12/site-packages/airflow/example_dags/example_display_name.py for tasks to queue
[2024-11-18T00:00:51.143+0000] {logging_mixin.py:190} INFO - [2024-11-18T00:00:51.140+0000] {dagbag.py:588} INFO - Filling up the DagBag from /home/airflow/.local/lib/python3.12/site-packages/airflow/example_dags/example_display_name.py
[2024-11-18T00:00:51.167+0000] {processor.py:925} INFO - DAG(s) 'example_display_name' retrieved from /home/airflow/.local/lib/python3.12/site-packages/airflow/example_dags/example_display_name.py
[2024-11-18T00:00:51.227+0000] {logging_mixin.py:190} INFO - [2024-11-18T00:00:51.226+0000] {dag.py:3239} INFO - Sync 1 DAGs
[2024-11-18T00:00:51.283+0000] {logging_mixin.py:190} INFO - [2024-11-18T00:00:51.282+0000] {dag.py:4180} INFO - Setting next_dagrun for example_display_name to None, run_after=None
[2024-11-18T00:00:51.340+0000] {processor.py:208} INFO - Processing /home/airflow/.local/lib/python3.12/site-packages/airflow/example_dags/example_display_name.py took 0.228 seconds
[2024-11-18T00:01:28.424+0000] {processor.py:186} INFO - Started process (PID=8842) to work on /home/airflow/.local/lib/python3.12/site-packages/airflow/example_dags/example_display_name.py
[2024-11-18T00:01:28.426+0000] {processor.py:914} INFO - Processing file /home/airflow/.local/lib/python3.12/site-packages/airflow/example_dags/example_display_name.py for tasks to queue
[2024-11-18T00:01:28.430+0000] {logging_mixin.py:190} INFO - [2024-11-18T00:01:28.429+0000] {dagbag.py:588} INFO - Filling up the DagBag from /home/airflow/.local/lib/python3.12/site-packages/airflow/example_dags/example_display_name.py
[2024-11-18T00:01:28.450+0000] {processor.py:925} INFO - DAG(s) 'example_display_name' retrieved from /home/airflow/.local/lib/python3.12/site-packages/airflow/example_dags/example_display_name.py
[2024-11-18T00:01:28.499+0000] {logging_mixin.py:190} INFO - [2024-11-18T00:01:28.498+0000] {dag.py:3239} INFO - Sync 1 DAGs
[2024-11-18T00:01:28.543+0000] {logging_mixin.py:190} INFO - [2024-11-18T00:01:28.542+0000] {dag.py:4180} INFO - Setting next_dagrun for example_display_name to None, run_after=None
[2024-11-18T00:01:28.587+0000] {processor.py:208} INFO - Processing /home/airflow/.local/lib/python3.12/site-packages/airflow/example_dags/example_display_name.py took 0.181 seconds
