[2024-11-18T00:00:12.428+0000] {processor.py:186} INFO - Started process (PID=8706) to work on /home/airflow/.local/lib/python3.12/site-packages/airflow/example_dags/tutorial.py
[2024-11-18T00:00:12.430+0000] {processor.py:914} INFO - Processing file /home/airflow/.local/lib/python3.12/site-packages/airflow/example_dags/tutorial.py for tasks to queue
[2024-11-18T00:00:12.434+0000] {logging_mixin.py:190} INFO - [2024-11-18T00:00:12.433+0000] {dagbag.py:588} INFO - Filling up the DagBag from /home/airflow/.local/lib/python3.12/site-packages/airflow/example_dags/tutorial.py
[2024-11-18T00:00:12.452+0000] {processor.py:925} INFO - DAG(s) 'tutorial' retrieved from /home/airflow/.local/lib/python3.12/site-packages/airflow/example_dags/tutorial.py
[2024-11-18T00:00:12.489+0000] {logging_mixin.py:190} INFO - [2024-11-18T00:00:12.489+0000] {dag.py:3239} INFO - Sync 1 DAGs
[2024-11-18T00:00:12.534+0000] {logging_mixin.py:190} INFO - [2024-11-18T00:00:12.533+0000] {dag.py:4180} INFO - Setting next_dagrun for tutorial to 2024-11-17 00:00:00+00:00, run_after=2024-11-18 00:00:00+00:00
[2024-11-18T00:00:12.571+0000] {processor.py:208} INFO - Processing /home/airflow/.local/lib/python3.12/site-packages/airflow/example_dags/tutorial.py took 0.155 seconds
[2024-11-18T00:00:54.433+0000] {processor.py:186} INFO - Started process (PID=8790) to work on /home/airflow/.local/lib/python3.12/site-packages/airflow/example_dags/tutorial.py
[2024-11-18T00:00:54.435+0000] {processor.py:914} INFO - Processing file /home/airflow/.local/lib/python3.12/site-packages/airflow/example_dags/tutorial.py for tasks to queue
[2024-11-18T00:00:54.439+0000] {logging_mixin.py:190} INFO - [2024-11-18T00:00:54.438+0000] {dagbag.py:588} INFO - Filling up the DagBag from /home/airflow/.local/lib/python3.12/site-packages/airflow/example_dags/tutorial.py
[2024-11-18T00:00:54.464+0000] {processor.py:925} INFO - DAG(s) 'tutorial' retrieved from /home/airflow/.local/lib/python3.12/site-packages/airflow/example_dags/tutorial.py
[2024-11-18T00:00:54.518+0000] {logging_mixin.py:190} INFO - [2024-11-18T00:00:54.517+0000] {dag.py:3239} INFO - Sync 1 DAGs
[2024-11-18T00:00:54.581+0000] {logging_mixin.py:190} INFO - [2024-11-18T00:00:54.581+0000] {dag.py:4180} INFO - Setting next_dagrun for tutorial to 2024-11-17 00:00:00+00:00, run_after=2024-11-18 00:00:00+00:00
[2024-11-18T00:00:54.617+0000] {processor.py:208} INFO - Processing /home/airflow/.local/lib/python3.12/site-packages/airflow/example_dags/tutorial.py took 0.200 seconds
[2024-11-18T00:01:34.330+0000] {processor.py:186} INFO - Started process (PID=8862) to work on /home/airflow/.local/lib/python3.12/site-packages/airflow/example_dags/tutorial.py
[2024-11-18T00:01:34.333+0000] {processor.py:914} INFO - Processing file /home/airflow/.local/lib/python3.12/site-packages/airflow/example_dags/tutorial.py for tasks to queue
[2024-11-18T00:01:34.336+0000] {logging_mixin.py:190} INFO - [2024-11-18T00:01:34.335+0000] {dagbag.py:588} INFO - Filling up the DagBag from /home/airflow/.local/lib/python3.12/site-packages/airflow/example_dags/tutorial.py
[2024-11-18T00:01:34.358+0000] {processor.py:925} INFO - DAG(s) 'tutorial' retrieved from /home/airflow/.local/lib/python3.12/site-packages/airflow/example_dags/tutorial.py
[2024-11-18T00:01:34.422+0000] {logging_mixin.py:190} INFO - [2024-11-18T00:01:34.422+0000] {dag.py:3239} INFO - Sync 1 DAGs
[2024-11-18T00:01:34.477+0000] {logging_mixin.py:190} INFO - [2024-11-18T00:01:34.476+0000] {dag.py:4180} INFO - Setting next_dagrun for tutorial to 2024-11-17 00:00:00+00:00, run_after=2024-11-18 00:00:00+00:00
[2024-11-18T00:01:34.521+0000] {processor.py:208} INFO - Processing /home/airflow/.local/lib/python3.12/site-packages/airflow/example_dags/tutorial.py took 0.204 seconds
[2024-11-18T00:02:13.834+0000] {processor.py:186} INFO - Started process (PID=8930) to work on /home/airflow/.local/lib/python3.12/site-packages/airflow/example_dags/tutorial.py
[2024-11-18T00:02:13.836+0000] {processor.py:914} INFO - Processing file /home/airflow/.local/lib/python3.12/site-packages/airflow/example_dags/tutorial.py for tasks to queue
[2024-11-18T00:02:13.840+0000] {logging_mixin.py:190} INFO - [2024-11-18T00:02:13.839+0000] {dagbag.py:588} INFO - Filling up the DagBag from /home/airflow/.local/lib/python3.12/site-packages/airflow/example_dags/tutorial.py
[2024-11-18T00:02:13.865+0000] {processor.py:925} INFO - DAG(s) 'tutorial' retrieved from /home/airflow/.local/lib/python3.12/site-packages/airflow/example_dags/tutorial.py
[2024-11-18T00:02:13.914+0000] {logging_mixin.py:190} INFO - [2024-11-18T00:02:13.913+0000] {dag.py:3239} INFO - Sync 1 DAGs
[2024-11-18T00:02:13.970+0000] {logging_mixin.py:190} INFO - [2024-11-18T00:02:13.970+0000] {dag.py:4180} INFO - Setting next_dagrun for tutorial to 2024-11-17 00:00:00+00:00, run_after=2024-11-18 00:00:00+00:00
[2024-11-18T00:02:14.024+0000] {processor.py:208} INFO - Processing /home/airflow/.local/lib/python3.12/site-packages/airflow/example_dags/tutorial.py took 0.214 seconds
[2024-11-18T00:02:46.408+0000] {processor.py:186} INFO - Started process (PID=8994) to work on /home/airflow/.local/lib/python3.12/site-packages/airflow/example_dags/tutorial.py
[2024-11-18T00:02:46.410+0000] {processor.py:914} INFO - Processing file /home/airflow/.local/lib/python3.12/site-packages/airflow/example_dags/tutorial.py for tasks to queue
[2024-11-18T00:02:46.412+0000] {logging_mixin.py:190} INFO - [2024-11-18T00:02:46.412+0000] {dagbag.py:588} INFO - Filling up the DagBag from /home/airflow/.local/lib/python3.12/site-packages/airflow/example_dags/tutorial.py
[2024-11-18T00:02:46.431+0000] {processor.py:925} INFO - DAG(s) 'tutorial' retrieved from /home/airflow/.local/lib/python3.12/site-packages/airflow/example_dags/tutorial.py
[2024-11-18T00:02:46.475+0000] {logging_mixin.py:190} INFO - [2024-11-18T00:02:46.474+0000] {dag.py:3239} INFO - Sync 1 DAGs
[2024-11-18T00:02:46.540+0000] {logging_mixin.py:190} INFO - [2024-11-18T00:02:46.539+0000] {dag.py:4180} INFO - Setting next_dagrun for tutorial to 2024-11-17 00:00:00+00:00, run_after=2024-11-18 00:00:00+00:00
[2024-11-18T00:02:46.580+0000] {processor.py:208} INFO - Processing /home/airflow/.local/lib/python3.12/site-packages/airflow/example_dags/tutorial.py took 0.188 seconds
[2024-11-18T00:03:17.492+0000] {processor.py:186} INFO - Started process (PID=9059) to work on /home/airflow/.local/lib/python3.12/site-packages/airflow/example_dags/tutorial.py
[2024-11-18T00:03:17.494+0000] {processor.py:914} INFO - Processing file /home/airflow/.local/lib/python3.12/site-packages/airflow/example_dags/tutorial.py for tasks to queue
[2024-11-18T00:03:17.498+0000] {logging_mixin.py:190} INFO - [2024-11-18T00:03:17.496+0000] {dagbag.py:588} INFO - Filling up the DagBag from /home/airflow/.local/lib/python3.12/site-packages/airflow/example_dags/tutorial.py
[2024-11-18T00:03:17.520+0000] {processor.py:925} INFO - DAG(s) 'tutorial' retrieved from /home/airflow/.local/lib/python3.12/site-packages/airflow/example_dags/tutorial.py
[2024-11-18T00:03:17.580+0000] {logging_mixin.py:190} INFO - [2024-11-18T00:03:17.579+0000] {dag.py:3239} INFO - Sync 1 DAGs
[2024-11-18T00:03:17.660+0000] {logging_mixin.py:190} INFO - [2024-11-18T00:03:17.659+0000] {dag.py:4180} INFO - Setting next_dagrun for tutorial to 2024-11-17 00:00:00+00:00, run_after=2024-11-18 00:00:00+00:00
[2024-11-18T00:03:17.720+0000] {processor.py:208} INFO - Processing /home/airflow/.local/lib/python3.12/site-packages/airflow/example_dags/tutorial.py took 0.243 seconds
[2024-11-18T00:03:55.714+0000] {processor.py:186} INFO - Started process (PID=9129) to work on /home/airflow/.local/lib/python3.12/site-packages/airflow/example_dags/tutorial.py
[2024-11-18T00:03:55.746+0000] {processor.py:914} INFO - Processing file /home/airflow/.local/lib/python3.12/site-packages/airflow/example_dags/tutorial.py for tasks to queue
[2024-11-18T00:03:55.751+0000] {logging_mixin.py:190} INFO - [2024-11-18T00:03:55.750+0000] {dagbag.py:588} INFO - Filling up the DagBag from /home/airflow/.local/lib/python3.12/site-packages/airflow/example_dags/tutorial.py
[2024-11-18T00:03:55.797+0000] {processor.py:925} INFO - DAG(s) 'tutorial' retrieved from /home/airflow/.local/lib/python3.12/site-packages/airflow/example_dags/tutorial.py
[2024-11-18T00:03:55.856+0000] {logging_mixin.py:190} INFO - [2024-11-18T00:03:55.856+0000] {dag.py:3239} INFO - Sync 1 DAGs
[2024-11-18T00:03:55.950+0000] {logging_mixin.py:190} INFO - [2024-11-18T00:03:55.950+0000] {dag.py:4180} INFO - Setting next_dagrun for tutorial to 2024-11-17 00:00:00+00:00, run_after=2024-11-18 00:00:00+00:00
[2024-11-18T00:03:55.996+0000] {processor.py:208} INFO - Processing /home/airflow/.local/lib/python3.12/site-packages/airflow/example_dags/tutorial.py took 0.330 seconds
