[2024-11-18T00:00:18.293+0000] {processor.py:186} INFO - Started process (PID=8730) to work on /home/airflow/.local/lib/python3.12/site-packages/airflow/example_dags/tutorial_dag.py
[2024-11-18T00:00:18.295+0000] {processor.py:914} INFO - Processing file /home/airflow/.local/lib/python3.12/site-packages/airflow/example_dags/tutorial_dag.py for tasks to queue
[2024-11-18T00:00:18.299+0000] {logging_mixin.py:190} INFO - [2024-11-18T00:00:18.298+0000] {dagbag.py:588} INFO - Filling up the DagBag from /home/airflow/.local/lib/python3.12/site-packages/airflow/example_dags/tutorial_dag.py
[2024-11-18T00:00:18.321+0000] {processor.py:925} INFO - DAG(s) 'tutorial_dag' retrieved from /home/airflow/.local/lib/python3.12/site-packages/airflow/example_dags/tutorial_dag.py
[2024-11-18T00:00:18.369+0000] {logging_mixin.py:190} INFO - [2024-11-18T00:00:18.368+0000] {dag.py:3239} INFO - Sync 1 DAGs
[2024-11-18T00:00:18.403+0000] {logging_mixin.py:190} INFO - [2024-11-18T00:00:18.402+0000] {dag.py:4180} INFO - Setting next_dagrun for tutorial_dag to None, run_after=None
[2024-11-18T00:00:18.441+0000] {processor.py:208} INFO - Processing /home/airflow/.local/lib/python3.12/site-packages/airflow/example_dags/tutorial_dag.py took 0.165 seconds
[2024-11-18T00:00:51.478+0000] {processor.py:186} INFO - Started process (PID=8780) to work on /home/airflow/.local/lib/python3.12/site-packages/airflow/example_dags/tutorial_dag.py
[2024-11-18T00:00:51.480+0000] {processor.py:914} INFO - Processing file /home/airflow/.local/lib/python3.12/site-packages/airflow/example_dags/tutorial_dag.py for tasks to queue
[2024-11-18T00:00:51.483+0000] {logging_mixin.py:190} INFO - [2024-11-18T00:00:51.482+0000] {dagbag.py:588} INFO - Filling up the DagBag from /home/airflow/.local/lib/python3.12/site-packages/airflow/example_dags/tutorial_dag.py
[2024-11-18T00:00:51.506+0000] {processor.py:925} INFO - DAG(s) 'tutorial_dag' retrieved from /home/airflow/.local/lib/python3.12/site-packages/airflow/example_dags/tutorial_dag.py
[2024-11-18T00:00:51.669+0000] {logging_mixin.py:190} INFO - [2024-11-18T00:00:51.666+0000] {dag.py:3239} INFO - Sync 1 DAGs
[2024-11-18T00:00:51.763+0000] {logging_mixin.py:190} INFO - [2024-11-18T00:00:51.762+0000] {dag.py:4180} INFO - Setting next_dagrun for tutorial_dag to None, run_after=None
[2024-11-18T00:00:51.922+0000] {processor.py:208} INFO - Processing /home/airflow/.local/lib/python3.12/site-packages/airflow/example_dags/tutorial_dag.py took 0.462 seconds
[2024-11-18T00:01:28.587+0000] {processor.py:186} INFO - Started process (PID=8843) to work on /home/airflow/.local/lib/python3.12/site-packages/airflow/example_dags/tutorial_dag.py
[2024-11-18T00:01:28.590+0000] {processor.py:914} INFO - Processing file /home/airflow/.local/lib/python3.12/site-packages/airflow/example_dags/tutorial_dag.py for tasks to queue
[2024-11-18T00:01:28.600+0000] {logging_mixin.py:190} INFO - [2024-11-18T00:01:28.599+0000] {dagbag.py:588} INFO - Filling up the DagBag from /home/airflow/.local/lib/python3.12/site-packages/airflow/example_dags/tutorial_dag.py
[2024-11-18T00:01:28.624+0000] {processor.py:925} INFO - DAG(s) 'tutorial_dag' retrieved from /home/airflow/.local/lib/python3.12/site-packages/airflow/example_dags/tutorial_dag.py
[2024-11-18T00:01:28.669+0000] {logging_mixin.py:190} INFO - [2024-11-18T00:01:28.669+0000] {dag.py:3239} INFO - Sync 1 DAGs
[2024-11-18T00:01:28.709+0000] {logging_mixin.py:190} INFO - [2024-11-18T00:01:28.708+0000] {dag.py:4180} INFO - Setting next_dagrun for tutorial_dag to None, run_after=None
[2024-11-18T00:01:28.762+0000] {processor.py:208} INFO - Processing /home/airflow/.local/lib/python3.12/site-packages/airflow/example_dags/tutorial_dag.py took 0.188 seconds
[2024-11-18T00:02:00.011+0000] {processor.py:186} INFO - Started process (PID=8906) to work on /home/airflow/.local/lib/python3.12/site-packages/airflow/example_dags/tutorial_dag.py
[2024-11-18T00:02:00.021+0000] {processor.py:914} INFO - Processing file /home/airflow/.local/lib/python3.12/site-packages/airflow/example_dags/tutorial_dag.py for tasks to queue
[2024-11-18T00:02:00.025+0000] {logging_mixin.py:190} INFO - [2024-11-18T00:02:00.023+0000] {dagbag.py:588} INFO - Filling up the DagBag from /home/airflow/.local/lib/python3.12/site-packages/airflow/example_dags/tutorial_dag.py
[2024-11-18T00:02:00.060+0000] {processor.py:925} INFO - DAG(s) 'tutorial_dag' retrieved from /home/airflow/.local/lib/python3.12/site-packages/airflow/example_dags/tutorial_dag.py
[2024-11-18T00:02:00.155+0000] {logging_mixin.py:190} INFO - [2024-11-18T00:02:00.155+0000] {dag.py:3239} INFO - Sync 1 DAGs
[2024-11-18T00:02:00.203+0000] {logging_mixin.py:190} INFO - [2024-11-18T00:02:00.202+0000] {dag.py:4180} INFO - Setting next_dagrun for tutorial_dag to None, run_after=None
[2024-11-18T00:02:00.270+0000] {processor.py:208} INFO - Processing /home/airflow/.local/lib/python3.12/site-packages/airflow/example_dags/tutorial_dag.py took 0.283 seconds
[2024-11-18T00:02:31.372+0000] {processor.py:186} INFO - Started process (PID=8970) to work on /home/airflow/.local/lib/python3.12/site-packages/airflow/example_dags/tutorial_dag.py
[2024-11-18T00:02:31.374+0000] {processor.py:914} INFO - Processing file /home/airflow/.local/lib/python3.12/site-packages/airflow/example_dags/tutorial_dag.py for tasks to queue
[2024-11-18T00:02:31.378+0000] {logging_mixin.py:190} INFO - [2024-11-18T00:02:31.377+0000] {dagbag.py:588} INFO - Filling up the DagBag from /home/airflow/.local/lib/python3.12/site-packages/airflow/example_dags/tutorial_dag.py
[2024-11-18T00:02:31.397+0000] {processor.py:925} INFO - DAG(s) 'tutorial_dag' retrieved from /home/airflow/.local/lib/python3.12/site-packages/airflow/example_dags/tutorial_dag.py
[2024-11-18T00:02:31.449+0000] {logging_mixin.py:190} INFO - [2024-11-18T00:02:31.449+0000] {dag.py:3239} INFO - Sync 1 DAGs
[2024-11-18T00:02:31.486+0000] {logging_mixin.py:190} INFO - [2024-11-18T00:02:31.485+0000] {dag.py:4180} INFO - Setting next_dagrun for tutorial_dag to None, run_after=None
[2024-11-18T00:02:31.528+0000] {processor.py:208} INFO - Processing /home/airflow/.local/lib/python3.12/site-packages/airflow/example_dags/tutorial_dag.py took 0.171 seconds
[2024-11-18T00:03:02.498+0000] {processor.py:186} INFO - Started process (PID=9036) to work on /home/airflow/.local/lib/python3.12/site-packages/airflow/example_dags/tutorial_dag.py
[2024-11-18T00:03:02.512+0000] {processor.py:914} INFO - Processing file /home/airflow/.local/lib/python3.12/site-packages/airflow/example_dags/tutorial_dag.py for tasks to queue
[2024-11-18T00:03:02.519+0000] {logging_mixin.py:190} INFO - [2024-11-18T00:03:02.518+0000] {dagbag.py:588} INFO - Filling up the DagBag from /home/airflow/.local/lib/python3.12/site-packages/airflow/example_dags/tutorial_dag.py
[2024-11-18T00:03:02.543+0000] {processor.py:925} INFO - DAG(s) 'tutorial_dag' retrieved from /home/airflow/.local/lib/python3.12/site-packages/airflow/example_dags/tutorial_dag.py
[2024-11-18T00:03:02.624+0000] {logging_mixin.py:190} INFO - [2024-11-18T00:03:02.623+0000] {dag.py:3239} INFO - Sync 1 DAGs
[2024-11-18T00:03:02.695+0000] {logging_mixin.py:190} INFO - [2024-11-18T00:03:02.693+0000] {dag.py:4180} INFO - Setting next_dagrun for tutorial_dag to None, run_after=None
[2024-11-18T00:03:02.768+0000] {processor.py:208} INFO - Processing /home/airflow/.local/lib/python3.12/site-packages/airflow/example_dags/tutorial_dag.py took 0.290 seconds
[2024-11-18T00:03:36.646+0000] {processor.py:186} INFO - Started process (PID=9102) to work on /home/airflow/.local/lib/python3.12/site-packages/airflow/example_dags/tutorial_dag.py
[2024-11-18T00:03:36.649+0000] {processor.py:914} INFO - Processing file /home/airflow/.local/lib/python3.12/site-packages/airflow/example_dags/tutorial_dag.py for tasks to queue
[2024-11-18T00:03:36.660+0000] {logging_mixin.py:190} INFO - [2024-11-18T00:03:36.653+0000] {dagbag.py:588} INFO - Filling up the DagBag from /home/airflow/.local/lib/python3.12/site-packages/airflow/example_dags/tutorial_dag.py
[2024-11-18T00:03:36.700+0000] {processor.py:925} INFO - DAG(s) 'tutorial_dag' retrieved from /home/airflow/.local/lib/python3.12/site-packages/airflow/example_dags/tutorial_dag.py
[2024-11-18T00:03:36.750+0000] {logging_mixin.py:190} INFO - [2024-11-18T00:03:36.750+0000] {dag.py:3239} INFO - Sync 1 DAGs
[2024-11-18T00:03:36.797+0000] {logging_mixin.py:190} INFO - [2024-11-18T00:03:36.796+0000] {dag.py:4180} INFO - Setting next_dagrun for tutorial_dag to None, run_after=None
[2024-11-18T00:03:36.851+0000] {processor.py:208} INFO - Processing /home/airflow/.local/lib/python3.12/site-packages/airflow/example_dags/tutorial_dag.py took 0.238 seconds
